############################################################# 
 [Tue 03/28/2017]                                                     
 [ 5:22:44.54] Beginning of the StartPolicy_ImgEnh.CMD                              
############################################################# 
OSSkuFlag=5
This is Stardand platform, set start policy to Desktop. 
Load C:\Windows\System32\config\SOFTWARE hive file 
The operation completed successfully.
Query "HKLM\TempHive\Microsoft\Windows\CurrentVersion\Explorer\DesktopOptimization" 

HKEY_LOCAL_MACHINE\TempHive\Microsoft\Windows\CurrentVersion\Explorer\DesktopOptimization
    GoToDesktopOnSignIn    REG_DWORD    0x1

Set "HKLM\TempHive\Microsoft\Windows\CurrentVersion\Explorer\DesktopOptimization" of DesktopOptimization=1 
The operation completed successfully.

HKEY_LOCAL_MACHINE\TempHive\Microsoft\Windows\CurrentVersion\Explorer\DesktopOptimization
    GoToDesktopOnSignIn    REG_DWORD    0x1

Unload HKLM\TempHive 
The operation completed successfully.
Load C:\Users\Default\NTUSER.DAT hive file 
The operation completed successfully.
Query "HKLM\TempHive\Software\Microsoft\Windows\CurrentVersion\Explorer\StartPage" 

HKEY_LOCAL_MACHINE\TempHive\Software\Microsoft\Windows\CurrentVersion\Explorer\StartPage
    OpenAtLogon    REG_DWORD    0x0

Set "HKLM\TempHive\Software\Microsoft\Windows\CurrentVersion\Explorer\StartPage" 
The operation completed successfully.

HKEY_LOCAL_MACHINE\TempHive\Software\Microsoft\Windows\CurrentVersion\Explorer\StartPage
    OpenAtLogon    REG_DWORD    0x0

Unload HKLM\TempHive 
The operation completed successfully.
[ 5:22:46.61] Result of the Windows 10 HP Image Enhancements - CPS - Start Policy Setting 
RESULT=PASSED 
