[C:\System.sav\Logs\BB\CPUFlag.LOG]
Result=PASSED

[C:\System.sav\Logs\BB\ImageDiag_EarlyStage.LOG]
Result=PASSED

[C:\System.sav\Logs\BB\Ngen.LOG]
Result=PASSED

[C:\System.sav\Logs\BB\P00EDUB2.LOG]
Result=PASSED

[C:\System.sav\Logs\BB\P00GXSB2.LOG]
Result=PASSED

[C:\System.sav\Logs\BB\P00H08B2.LOG]
Result=PASSED

[C:\System.sav\Logs\BB\P00HV0B2.LOG]
Result=PASSED

[C:\System.sav\Logs\BB\P00LEXB2.LOG]
Result=PASSED

[C:\System.sav\Logs\BB\P00LUTB2.LOG]
Result=PASSED

[C:\System.sav\Logs\BB\P00N89B2.LOG]
Result=PASSED

[C:\System.sav\Logs\BB\P00NBCB2.LOG]
Result=PASSED

[C:\System.sav\Logs\BB\P00NC3B2.LOG]
Result=PASSED

[C:\System.sav\Logs\BB\P00P5S00.LOG]
Result=PASSED

[C:\System.sav\Logs\BB\P00P62B2.LOG]
Result=PASSED

[C:\System.sav\Logs\BB\P00PABB2.LOG]
Result=PASSED

[C:\System.sav\Logs\BB\P00PL3B2.LOG]
Result=PASSED

[C:\System.sav\Logs\BB\P00PUTB2.LOG]
Result=PASSED

[C:\System.sav\Logs\BB\P00PZGB2.LOG]
Result=PASSED

[C:\System.sav\Logs\BB\WinPE_DRV.LOG]
Result=PASSED

[C:\System.sav\Logs\BB\Win_Offline.LOG]
Result=PASSED

[LogFiles]
NumOfLogs=20.
[C:\System.sav\Logs\BB\CPUFlag.LOG]
Result=PASSED

[C:\System.sav\Logs\BB\ImageDiag_EarlyStage.LOG]
Result=PASSED

[C:\System.sav\Logs\BB\Ngen.LOG]
Result=PASSED

[C:\System.sav\Logs\BB\P00EDUB2.LOG]
Result=PASSED

[C:\System.sav\Logs\BB\P00GXSB2.LOG]
Result=PASSED

[C:\System.sav\Logs\BB\P00H08B2.LOG]
Result=PASSED

[C:\System.sav\Logs\BB\P00HV0B2.LOG]
Result=PASSED

[C:\System.sav\Logs\BB\P00LEXB2.LOG]
Result=PASSED

[C:\System.sav\Logs\BB\P00LUTB2.LOG]
Result=PASSED

[C:\System.sav\Logs\BB\P00N89B2.LOG]
Result=PASSED

[C:\System.sav\Logs\BB\P00NBCB2.LOG]
Result=PASSED

[C:\System.sav\Logs\BB\P00NC3B2.LOG]
Result=PASSED

[C:\System.sav\Logs\BB\P00P5S00.LOG]
Result=PASSED

[C:\System.sav\Logs\BB\P00P62B2.LOG]
Result=PASSED

[C:\System.sav\Logs\BB\P00PABB2.LOG]
Result=PASSED

[C:\System.sav\Logs\BB\P00PL3B2.LOG]
Result=PASSED

[C:\System.sav\Logs\BB\P00PUTB2.LOG]
Result=PASSED

[C:\System.sav\Logs\BB\P00PZGB2.LOG]
Result=PASSED

[C:\System.sav\Logs\BB\WinPE_DRV.LOG]
Result=PASSED

[C:\System.sav\Logs\BB\Win_Offline.LOG]
Result=PASSED

[LogFiles]
NumOfLogs=20.
[C:\System.sav\Logs\BB\CPUFlag.LOG]
Result=PASSED

[C:\System.sav\Logs\BB\CUST_WAV.LOG]
Result=PASSED

[C:\System.sav\Logs\BB\DisableService.LOG]
Result=PASSED

[C:\System.sav\Logs\BB\ImageDiag_EarlyStage.LOG]
Result=PASSED

[C:\System.sav\Logs\BB\MSAppsOrder.LOG]
Result=PASSED

[C:\System.sav\Logs\BB\Ngen.LOG]
Result=PASSED

[C:\System.sav\Logs\BB\P00EDUB2.LOG]
Result=PASSED

[C:\System.sav\Logs\BB\P00GXSB2.LOG]
Result=PASSED

[C:\System.sav\Logs\BB\P00H08B2.LOG]
Result=PASSED

[C:\System.sav\Logs\BB\P00HV0B2.LOG]
Result=PASSED

[C:\System.sav\Logs\BB\P00KTXB2.LOG]
Result=PASSED

[C:\System.sav\Logs\BB\P00LDMB2.LOG]
Result=PASSED

[C:\System.sav\Logs\BB\P00LEXB2.LOG]
Result=PASSED

[C:\System.sav\Logs\BB\P00LMKB2.LOG]
Result=PASSED

[C:\System.sav\Logs\BB\P00LUTB2.LOG]
Result=PASSED

[C:\System.sav\Logs\BB\P00N3DB2.LOG]
Result=PASSED

[C:\System.sav\Logs\BB\P00N3EB2.LOG]
Result=PASSED

[C:\System.sav\Logs\BB\P00N4KB2.LOG]
Result=PASSED

[C:\System.sav\Logs\BB\P00N89B2.LOG]
Result=PASSED

[C:\System.sav\Logs\BB\P00NBCB2.LOG]
Result=PASSED

[C:\System.sav\Logs\BB\P00NC3B2.LOG]
Result=PASSED

[C:\System.sav\Logs\BB\P00P5S00.LOG]
Result=PASSED

[C:\System.sav\Logs\BB\P00P62B2.LOG]
Result=PASSED

[C:\System.sav\Logs\BB\P00PABB2.LOG]
Result=PASSED

[C:\System.sav\Logs\BB\P00PF9B2.LOG]
Result=PASSED

[C:\System.sav\Logs\BB\P00PL3B2.LOG]
Result=PASSED

[C:\System.sav\Logs\BB\P00PSCB2.LOG]
Result=PASSED

[C:\System.sav\Logs\BB\P00PUTB2.LOG]
Result=PASSED

[C:\System.sav\Logs\BB\P00PWMB2.LOG]
Result=PASSED

[C:\System.sav\Logs\BB\P00PZGB2.LOG]
Result=PASSED

[C:\System.sav\Logs\BB\P00Q5XB2.LOG]
Result=PASSED

[C:\System.sav\Logs\BB\WinPE_DRV.LOG]
Result=PASSED

[C:\System.sav\Logs\BB\Win_Offline.LOG]
Result=PASSED

[LogFiles]
NumOfLogs=33.
[C:\System.sav\Logs\BB\CPUFlag.LOG]
Result=PASSED

[C:\System.sav\Logs\BB\CUST_TouchPointCfg.LOG]
Result=PASSED

[C:\System.sav\Logs\BB\CUST_WAV.LOG]
Result=PASSED

[C:\System.sav\Logs\BB\DisableDefender.LOG]
Result=PASSED

[C:\System.sav\Logs\BB\DisableService.LOG]
Result=PASSED

[C:\System.sav\Logs\BB\DTICON.LOG]
Result=PASSED

[C:\System.sav\Logs\BB\ImageDiag.LOG]
Result=PASSED

[C:\System.sav\Logs\BB\ImageDiag_EarlyStage.LOG]
Result=PASSED

[C:\System.sav\Logs\BB\MSAppsOrder.LOG]
Result=PASSED

[C:\System.sav\Logs\BB\Ngen.LOG]
Result=PASSED

[C:\System.sav\Logs\BB\OCAMark.log]
Result=PASSED

[C:\System.sav\Logs\BB\P006MAB2.LOG]
Result=PASSED

[C:\System.sav\Logs\BB\P009C2B2.LOG]
Result=PASSED

[C:\System.sav\Logs\BB\P00EDUB2.LOG]
Result=PASSED

[C:\System.sav\Logs\BB\P00F6BB2.LOG]
Result=PASSED

[C:\System.sav\Logs\BB\P00GXSB2.LOG]
Result=PASSED

[C:\System.sav\Logs\BB\P00H08B2.LOG]
Result=PASSED

[C:\System.sav\Logs\BB\P00HUYB2.LOG]
Result=PASSED

[C:\System.sav\Logs\BB\P00HV0B2.LOG]
Result=PASSED

[C:\System.sav\Logs\BB\P00KTXB2.LOG]
Result=PASSED

[C:\System.sav\Logs\BB\P00L6EB2.LOG]
Result=PASSED

[C:\System.sav\Logs\BB\P00LDMB2.LOG]
Result=PASSED

[C:\System.sav\Logs\BB\P00LEXB2.LOG]
Result=PASSED

[C:\System.sav\Logs\BB\P00LMKB2.LOG]
Result=PASSED

[C:\System.sav\Logs\BB\P00LUTB2.LOG]
Result=PASSED

[C:\System.sav\Logs\BB\P00MGEB2.LOG]
Result=PASSED

[C:\System.sav\Logs\BB\P00N20B2.LOG]
Result=PASSED

[C:\System.sav\Logs\BB\P00N24B2.LOG]
Result=PASSED

[C:\System.sav\Logs\BB\P00N3DB2.LOG]
Result=PASSED

[C:\System.sav\Logs\BB\P00N3EB2.LOG]
Result=PASSED

[C:\System.sav\Logs\BB\P00N4KB2.LOG]
Result=PASSED

[C:\System.sav\Logs\BB\P00N89B2.LOG]
Result=PASSED

[C:\System.sav\Logs\BB\P00NBCB2.LOG]
Result=PASSED

[C:\System.sav\Logs\BB\P00NC3B2.LOG]
Result=PASSED

[C:\System.sav\Logs\BB\P00NZ8B2.LOG]
Result=PASSED

[C:\System.sav\Logs\BB\P00P5S00.LOG]
Result=PASSED

[C:\System.sav\Logs\BB\P00P62B2.LOG]
Result=PASSED

[C:\System.sav\Logs\BB\P00PABB2.LOG]
Result=PASSED

[C:\System.sav\Logs\BB\P00PF9B2.LOG]
Result=PASSED

[C:\System.sav\Logs\BB\P00PK5B2.LOG]
Result=PASSED

[C:\System.sav\Logs\BB\P00PL3B2.LOG]
Result=PASSED

[C:\System.sav\Logs\BB\P00PSCB2.LOG]
Result=PASSED

[C:\System.sav\Logs\BB\P00PUTB2.LOG]
Result=PASSED

[C:\System.sav\Logs\BB\P00PWMB2.LOG]
Result=PASSED

[C:\System.sav\Logs\BB\P00PZGB2.LOG]
Result=PASSED

[C:\System.sav\Logs\BB\P00Q5XB2.LOG]
Result=PASSED

[C:\System.sav\Logs\BB\SetOSVar.log]
Result=PASSED

[C:\System.sav\Logs\BB\WallpaperOk.log]
Result=PASSED

[C:\System.sav\Logs\BB\WinPE_DRV.LOG]
Result=PASSED

[C:\System.sav\Logs\BB\Win_Offline.LOG]
Result=PASSED

[C:\System.sav\Logs\BB\WriteCache.LOG]
Result=PASSED

[LogFiles]
NumOfLogs=51.
[C:\System.sav\Logs\BB\ClnDhcpDomain_ImgEnh.LOG]
Result=PASSED

[C:\System.sav\Logs\BB\ClnDhcpDomain_ImgEnh_Online.LOG]
Result=PASSED

[C:\System.sav\Logs\BB\CPUFlag.LOG]
Result=PASSED

[C:\System.sav\Logs\BB\CUST_AddIntoPpkgExList.LOG]
Result=PASSED

[C:\System.sav\Logs\BB\CUST_TouchPointCfg.LOG]
Result=PASSED

[C:\System.sav\Logs\BB\CUST_WAV.LOG]
Result=PASSED

[C:\System.sav\Logs\BB\DELETE_LAST.LOG]
Result=PASSED

[C:\System.sav\Logs\BB\DisableDefender.LOG]
Result=PASSED

[C:\System.sav\Logs\BB\DisableService.LOG]
Result=PASSED

[C:\System.sav\Logs\BB\DTICON.LOG]
Result=PASSED

[C:\System.sav\Logs\BB\ImageDiag.LOG]
Result=PASSED

[C:\System.sav\Logs\BB\ImageDiag_EarlyStage.LOG]
Result=PASSED

[C:\System.sav\Logs\BB\MSAppsOrder.LOG]
Result=PASSED

[C:\System.sav\Logs\BB\Ngen.LOG]
Result=PASSED

[C:\System.sav\Logs\BB\OCAMark.log]
Result=PASSED

[C:\System.sav\Logs\BB\OfflineDisableDefender.LOG]
Result=PASSED

[C:\System.sav\Logs\BB\P006MAB2.LOG]
Result=PASSED

[C:\System.sav\Logs\BB\P009C2B2.LOG]
Result=PASSED

[C:\System.sav\Logs\BB\P00EDUB2.LOG]
Result=PASSED

[C:\System.sav\Logs\BB\P00F6BB2.LOG]
Result=PASSED

[C:\System.sav\Logs\BB\P00GXSB2.LOG]
Result=PASSED

[C:\System.sav\Logs\BB\P00H08B2.LOG]
Result=PASSED

[C:\System.sav\Logs\BB\P00HUYB2.LOG]
Result=PASSED

[C:\System.sav\Logs\BB\P00HV0B2.LOG]
Result=PASSED

[C:\System.sav\Logs\BB\P00KTXB2.LOG]
Result=PASSED

[C:\System.sav\Logs\BB\P00L6EB2.LOG]
Result=PASSED

[C:\System.sav\Logs\BB\P00LDMB2.LOG]
Result=PASSED

[C:\System.sav\Logs\BB\P00LEXB2.LOG]
Result=PASSED

[C:\System.sav\Logs\BB\P00LMKB2.LOG]
Result=PASSED

[C:\System.sav\Logs\BB\P00LUTB2.LOG]
Result=PASSED

[C:\System.sav\Logs\BB\P00MGEB2.LOG]
Result=PASSED

[C:\System.sav\Logs\BB\P00N20B2.LOG]
Result=PASSED

[C:\System.sav\Logs\BB\P00N24B2.LOG]
Result=PASSED

[C:\System.sav\Logs\BB\P00N3DB2.LOG]
Result=PASSED

[C:\System.sav\Logs\BB\P00N3EB2.LOG]
Result=PASSED

[C:\System.sav\Logs\BB\P00N4KB2.LOG]
Result=PASSED

[C:\System.sav\Logs\BB\P00N89B2.LOG]
Result=PASSED

[C:\System.sav\Logs\BB\P00NBCB2.LOG]
Result=PASSED

[C:\System.sav\Logs\BB\P00NC3B2.LOG]
Result=PASSED

[C:\System.sav\Logs\BB\P00NZ8B2.LOG]
Result=PASSED

[C:\System.sav\Logs\BB\P00P5S00.LOG]
Result=PASSED

[C:\System.sav\Logs\BB\P00P62B2.LOG]
Result=PASSED

[C:\System.sav\Logs\BB\P00PABB2.LOG]
Result=PASSED

[C:\System.sav\Logs\BB\P00PF9B2.LOG]
Result=PASSED

[C:\System.sav\Logs\BB\P00PK5B2.LOG]
Result=PASSED

[C:\System.sav\Logs\BB\P00PL3B2.LOG]
Result=PASSED

[C:\System.sav\Logs\BB\P00PSCB2.LOG]
Result=PASSED

[C:\System.sav\Logs\BB\P00PUTB2.LOG]
Result=PASSED

[C:\System.sav\Logs\BB\P00PWMB2.LOG]
Result=PASSED

[C:\System.sav\Logs\BB\P00PZGB2.LOG]
Result=PASSED

[C:\System.sav\Logs\BB\P00Q5XB2.LOG]
Result=PASSED

[C:\System.sav\Logs\BB\Scaling_ImgEnh_Online.LOG]
Result=PASSED

[C:\System.sav\Logs\BB\SetOSVar.log]
Result=PASSED

[C:\System.sav\Logs\BB\StartPolicy_ImgEnh_Online.LOG]
Result=PASSED

[C:\System.sav\Logs\BB\WallpaperOk.log]
Result=PASSED

[C:\System.sav\Logs\BB\WinPE_DRV.LOG]
Result=PASSED

[C:\System.sav\Logs\BB\Win_Offline.LOG]
Result=PASSED

[C:\System.sav\Logs\BB\WriteCache.LOG]
Result=PASSED

[LogFiles]
NumOfLogs=58.
[C:\System.sav\Logs\BB\BiosReadback_BBV3.log]
Result=PASSED

[C:\System.sav\Logs\BB\ClnDhcpDomain_ImgEnh.LOG]
Result=PASSED

[C:\System.sav\Logs\BB\ClnDhcpDomain_ImgEnh_Online.LOG]
Result=PASSED

[C:\System.sav\Logs\BB\CPUFlag.LOG]
Result=PASSED

[C:\System.sav\Logs\BB\CUST_AddIntoPpkgExList.LOG]
Result=PASSED

[C:\System.sav\Logs\BB\CUST_TouchPointCfg.LOG]
Result=PASSED

[C:\System.sav\Logs\BB\CUST_WAV.LOG]
Result=PASSED

[C:\System.sav\Logs\BB\DELETE_LAST.LOG]
Result=PASSED

[C:\System.sav\Logs\BB\DisableDefender.LOG]
Result=PASSED

[C:\System.sav\Logs\BB\DisableService.LOG]
Result=PASSED

[C:\System.sav\Logs\BB\DTICON.LOG]
Result=PASSED

[C:\System.sav\Logs\BB\EnableService.LOG]
Result=PASSED

[C:\System.sav\Logs\BB\ImageDiag.LOG]
Result=PASSED

[C:\System.sav\Logs\BB\ImageDiag_EarlyStage.LOG]
Result=PASSED

[C:\System.sav\Logs\BB\MSAppsOrder.LOG]
Result=PASSED

[C:\System.sav\Logs\BB\Ngen.LOG]
Result=PASSED

[C:\System.sav\Logs\BB\OCAMark.log]
Result=PASSED

[C:\System.sav\Logs\BB\OfflineDisableDefender.LOG]
Result=PASSED

[C:\System.sav\Logs\BB\P006MAB2.LOG]
Result=PASSED

[C:\System.sav\Logs\BB\P009C2B2.LOG]
Result=PASSED

[C:\System.sav\Logs\BB\P00EDUB2.LOG]
Result=PASSED

[C:\System.sav\Logs\BB\P00F6BB2.LOG]
Result=PASSED

[C:\System.sav\Logs\BB\P00GXSB2.LOG]
Result=PASSED

[C:\System.sav\Logs\BB\P00H08B2.LOG]
Result=PASSED

[C:\System.sav\Logs\BB\P00HUYB2.LOG]
Result=PASSED

[C:\System.sav\Logs\BB\P00HV0B2.LOG]
Result=PASSED

[C:\System.sav\Logs\BB\P00KTXB2.LOG]
Result=PASSED

[C:\System.sav\Logs\BB\P00L6EB2.LOG]
Result=PASSED

[C:\System.sav\Logs\BB\P00LDMB2.LOG]
Result=PASSED

[C:\System.sav\Logs\BB\P00LEXB2.LOG]
Result=PASSED

[C:\System.sav\Logs\BB\P00LMKB2.LOG]
Result=PASSED

[C:\System.sav\Logs\BB\P00LUTB2.LOG]
Result=PASSED

[C:\System.sav\Logs\BB\P00MGEB2.LOG]
Result=PASSED

[C:\System.sav\Logs\BB\P00N20B2.LOG]
Result=PASSED

[C:\System.sav\Logs\BB\P00N24B2.LOG]
Result=PASSED

[C:\System.sav\Logs\BB\P00N3DB2.LOG]
Result=PASSED

[C:\System.sav\Logs\BB\P00N3EB2.LOG]
Result=PASSED

[C:\System.sav\Logs\BB\P00N4KB2.LOG]
Result=PASSED

[C:\System.sav\Logs\BB\P00N89B2.LOG]
Result=PASSED

[C:\System.sav\Logs\BB\P00NBCB2.LOG]
Result=PASSED

[C:\System.sav\Logs\BB\P00NC3B2.LOG]
Result=PASSED

[C:\System.sav\Logs\BB\P00NZ8B2.LOG]
Result=PASSED

[C:\System.sav\Logs\BB\P00P5S00.LOG]
Result=PASSED

[C:\System.sav\Logs\BB\P00P62B2.LOG]
Result=PASSED

[C:\System.sav\Logs\BB\P00PABB2.LOG]
Result=PASSED

[C:\System.sav\Logs\BB\P00PF9B2.LOG]
Result=PASSED

[C:\System.sav\Logs\BB\P00PK5B2.LOG]
Result=PASSED

[C:\System.sav\Logs\BB\P00PL3B2.LOG]
Result=PASSED

[C:\System.sav\Logs\BB\P00PSCB2.LOG]
Result=PASSED

[C:\System.sav\Logs\BB\P00PUTB2.LOG]
Result=PASSED

[C:\System.sav\Logs\BB\P00PWMB2.LOG]
Result=PASSED

[C:\System.sav\Logs\BB\P00PZGB2.LOG]
Result=PASSED

[C:\System.sav\Logs\BB\P00Q5XB2.LOG]
Result=PASSED

[C:\System.sav\Logs\BB\Scaling_ImgEnh_Online.LOG]
Result=PASSED

[C:\System.sav\Logs\BB\SetOSVar.log]
Result=PASSED

[C:\System.sav\Logs\BB\StartPolicy_ImgEnh.LOG]
Result=PASSED

[C:\System.sav\Logs\BB\StartPolicy_ImgEnh_Online.LOG]
Result=PASSED

[C:\System.sav\Logs\BB\WallpaperOk.log]
Result=PASSED

[C:\System.sav\Logs\BB\WinPE_DRV.LOG]
Result=PASSED

[C:\System.sav\Logs\BB\Win_Offline.LOG]
Result=PASSED

[C:\System.sav\Logs\BB\WriteCache.LOG]
Result=PASSED

[LogFiles]
NumOfLogs=61.
