[13:57:59.92] ************************************************** 
[13:57:59.93]  [CheckFailureFlags.cmd] has started... 
[13:57:59.96] -------------------------------------------------- 
[13:57:59.98]  Check FAILURE.flg at [PASS1Cln] 
[13:57:59.99] -------------------------------------------------- 
[13:58:02.67]   
[13:58:02.68]  No FAILURE.flg was found in C:\SwSetup folder 
[13:58:02.70]   
 Volume in drive C has no label.
 Volume Serial Number is 7235-63EE

 Directory of c:\system.sav

03/27/2017  12:57 PM    <DIR>          2ndCap
03/27/2017  12:28 PM    <DIR>          bbv
10/21/2016  06:24 PM            80,477 CNB16WW3FPT601.ini
03/27/2017  01:06 PM    <DIR>          CONFIG
03/27/2017  04:08 AM             5,443 cpqdl.ini
03/27/2017  04:07 AM             2,774 CTO.TXT
03/27/2017  04:08 AM               173 CTOHW.TXT
03/27/2017  04:05 AM             8,051 D235641159F9_DPS
03/27/2017  02:39 AM               188 D235641159F9_DPS.hw
03/27/2017  02:39 AM               464 ELCOT245G5
03/27/2017  12:58 PM    <DIR>          EXCLUDE
03/27/2017  01:23 PM    <DIR>          ExitProc
03/27/2017  01:07 PM    <DIR>          FactoryUpdate
03/27/2017  01:07 PM    <DIR>          fbi
03/27/2017  12:37 PM    <DIR>          Flags
03/27/2017  12:55 PM             5,466 Info.bom
03/27/2017  12:53 PM    <DIR>          logs
03/27/2017  04:22 AM    <DIR>          P2PP
01/30/2006  11:07 PM               555 PREINCHK.log
05/27/1997  02:42 AM                46 REBOOT.ME
03/27/2017  12:28 PM               150 Result.ini
03/27/2017  12:57 PM    <DIR>          scripts
03/27/2017  12:37 PM    <DIR>          support
03/27/2017  12:57 PM    <DIR>          tweaks
03/27/2017  12:54 PM    <DIR>          WDT
03/27/2017  01:00 PM    <DIR>          WSDVTDC
              11 File(s)        103,787 bytes
              15 Dir(s)  60,546,801,664 bytes free
[13:58:02.74] -------------------------------------------------- 
[13:58:02.76]  [CheckFailureFlags.cmd] has completed... 
[13:58:02.78] ************************************************** 
