[ 4:31:41.02] ************************************************** 
[ 4:31:41.04]  [C:\SYSTEM.SAV\bbv\PreBBV2.cmd] has started... 
[ 4:31:41.05] -------------------------------------------------- 
[ 4:31:41.07]   
[ 4:31:41.10]  Create ["C:\system.sav\PreBBV2.cmd.FAILURE.flg"]... 
[ 4:31:41.13]   
[ 4:31:41.15]   
[ 4:31:41.16]  Set UIA Error Code to 954. 
[ 4:31:42.18]   
[ 4:31:42.21] -------------------------------------------------- 
[ 4:31:42.22]   
[ 4:31:42.24]  Check Error for PININST_BBV.... 
[ 4:31:49.55]   
[ 4:31:49.58]   
[ 4:31:49.60] -------------------------------------------------- 
[ 4:31:49.63]  Disable Hibernation... 
[ 4:31:49.65] -------------------------------------------------- 
[ 4:31:49.66]   
[ 4:31:49.76]   
[ 4:31:49.77] -------------------------------------------------- 
[ 4:31:49.79]   
[ 4:31:49.80] -------------------------------------------------- 
[ 4:31:49.82]  Drive Space at BBV2. 
[ 4:31:49.83] -------------------------------------------------- 
[ 4:31:51.51] -------------------------------------------------- 
[ 4:31:51.52]  Create RStone_BBV2.INI at BBV2. 
[ 4:31:51.54] -------------------------------------------------- 
[ 4:31:54.38] FeatureByteBrandName from RStone.ini is HPB. 
[ 4:31:54.41]   
[ 4:31:54.43]  Delete ["C:\system.sav\PreBBV2.cmd.FAILURE.flg"] because no error detected... 
[ 4:31:54.46] -------------------------------------------------- 
[ 4:31:54.48]  [PreBBV2.cmd] has completed... 
[ 4:31:54.49] ************************************************** 
