[C:\SWSETUP\APP\Applications\DropBox\DropBox_PPUTB2\3.1.12.0] : doesn't have .cva file... DELETE this folder.
 Check if [C:\SWSETUP\APP\Applications\DropBox\DropBox_PPUTB2] folder is empty...
 EMPTY. DELETE this folder...
 Check if [C:\SWSETUP\APP\Applications\DropBox] folder is empty...
 EMPTY. DELETE this folder...
[C:\SWSETUP\APP\Applications\HP\BingSearc_EEDUB2\163] : doesn't have .cva file... DELETE this folder.
 Check if [C:\SWSETUP\APP\Applications\HP\BingSearc_EEDUB2] folder is empty...
 EMPTY. DELETE this folder...
[C:\SWSETUP\APP\Applications\HP\DiscoverH_HHV0B2\1.0.18.1] : doesn't have .cva file... DELETE this folder.
 Check if [C:\SWSETUP\APP\Applications\HP\DiscoverH_HHV0B2] folder is empty...
 EMPTY. DELETE this folder...
[C:\SWSETUP\APP\Applications\HP\HPAudioSw_PPL3B2\1.0.138.0] : has .cva file... KEEP this folder.
 Check if [C:\SWSETUP\APP\Applications\HP\HPAudioSw_PPL3B2] folder is empty...
  found a subfolder in [C:\SWSETUP\APP\Applications\HP\HPAudioSw_PPL3B2\1.0.138.0]...
 NOT EMPTY. KEEP this folder...
[C:\SWSETUP\APP\Applications\HP\HPePrint_NN89B2\5.2.20454] : doesn't have .cva file... DELETE this folder.
 Check if [C:\SWSETUP\APP\Applications\HP\HPePrint_NN89B2] folder is empty...
 EMPTY. DELETE this folder...
[C:\SWSETUP\APP\Applications\HP\HPOrbit_PPABB2\1.0.0.191] : has .cva file... KEEP this folder.
 Check if [C:\SWSETUP\APP\Applications\HP\HPOrbit_PPABB2] folder is empty...
  found a subfolder in [C:\SWSETUP\APP\Applications\HP\HPOrbit_PPABB2\1.0.0.191]...
 NOT EMPTY. KEEP this folder...
[C:\SWSETUP\APP\Applications\HP\HPSureCon_LLUTB2\1.0.0.29] : has .cva file... KEEP this folder.
 Check if [C:\SWSETUP\APP\Applications\HP\HPSureCon_LLUTB2] folder is empty...
  found a subfolder in [C:\SWSETUP\APP\Applications\HP\HPSureCon_LLUTB2\1.0.0.29]...
 NOT EMPTY. KEEP this folder...
[C:\SWSETUP\APP\Applications\HP\HPSystemE_NNBCB2\1.40] : has .cva file... KEEP this folder.
 Check if [C:\SWSETUP\APP\Applications\HP\HPSystemE_NNBCB2] folder is empty...
  found a subfolder in [C:\SWSETUP\APP\Applications\HP\HPSystemE_NNBCB2\1.40]...
 NOT EMPTY. KEEP this folder...
[C:\SWSETUP\APP\Applications\HP\IEHome_HH08B2\163] : doesn't have .cva file... DELETE this folder.
 Check if [C:\SWSETUP\APP\Applications\HP\IEHome_HH08B2] folder is empty...
 EMPTY. DELETE this folder...
[C:\SWSETUP\APP\Applications\HP\RetailDem_LLEXB2\1.2] : doesn't have .cva file... DELETE this folder.
 Check if [C:\SWSETUP\APP\Applications\HP\RetailDem_LLEXB2] folder is empty...
 EMPTY. DELETE this folder...
 Check if [C:\SWSETUP\APP\Applications\HP] folder is empty...
  found a subfolder in [C:\SWSETUP\APP\Applications\HP\HPAudioSw_PPL3B2]...
 NOT EMPTY. KEEP this folder...
[C:\SWSETUP\APP\Applications\Microsoft\Microsoft_PP5S00\OPK16.2.100] : doesn't have .cva file... DELETE this folder.
 Check if [C:\SWSETUP\APP\Applications\Microsoft\Microsoft_PP5S00] folder is empty...
 EMPTY. DELETE this folder...
[C:\SWSETUP\APP\Applications\Microsoft\Microsoft_PP62B2\OPK16.2.1] : doesn't have .cva file... DELETE this folder.
 Check if [C:\SWSETUP\APP\Applications\Microsoft\Microsoft_PP62B2] folder is empty...
 EMPTY. DELETE this folder...
 Check if [C:\SWSETUP\APP\Applications\Microsoft] folder is empty...
 EMPTY. DELETE this folder...
 Check if [C:\SWSETUP\APP\Applications] folder is empty...
  found a subfolder in [C:\SWSETUP\APP\Applications\HP]...
 NOT EMPTY. KEEP this folder...
[C:\SWSETUP\APP\Documentation\HP\HPDocumen_NNC3B2\1.01] : has .cva file... KEEP this folder.
 Check if [C:\SWSETUP\APP\Documentation\HP\HPDocumen_NNC3B2] folder is empty...
  found a subfolder in [C:\SWSETUP\APP\Documentation\HP\HPDocumen_NNC3B2\1.01]...
 NOT EMPTY. KEEP this folder...
 Check if [C:\SWSETUP\APP\Documentation\HP] folder is empty...
  found a subfolder in [C:\SWSETUP\APP\Documentation\HP\HPDocumen_NNC3B2]...
 NOT EMPTY. KEEP this folder...
 Check if [C:\SWSETUP\APP\Documentation] folder is empty...
  found a subfolder in [C:\SWSETUP\APP\Documentation\HP]...
 NOT EMPTY. KEEP this folder...
[C:\SWSETUP\APP\PreReq1\HP\HPSupport_GGXSB2\8.3.32.23] : has .cva file... KEEP this folder.
 Check if [C:\SWSETUP\APP\PreReq1\HP\HPSupport_GGXSB2] folder is empty...
  found a subfolder in [C:\SWSETUP\APP\PreReq1\HP\HPSupport_GGXSB2\8.3.32.23]...
 NOT EMPTY. KEEP this folder...
[C:\SWSETUP\APP\PreReq1\HP\WWBTBHost_PPZGB2\3.16] : doesn't have .cva file... DELETE this folder.
 Check if [C:\SWSETUP\APP\PreReq1\HP\WWBTBHost_PPZGB2] folder is empty...
 EMPTY. DELETE this folder...
 Check if [C:\SWSETUP\APP\PreReq1\HP] folder is empty...
  found a subfolder in [C:\SWSETUP\APP\PreReq1\HP\HPSupport_GGXSB2]...
 NOT EMPTY. KEEP this folder...
 Check if [C:\SWSETUP\APP\PreReq1] folder is empty...
  found a subfolder in [C:\SWSETUP\APP\PreReq1\HP]...
 NOT EMPTY. KEEP this folder...
 Check if [C:\SWSetup\APP] folder is empty...
  found a subfolder in [C:\SWSETUP\APP\Applications]...
 NOT EMPTY. KEEP this folder...
[C:\SWSETUP\DRV\Audio\REALTEK\FP1.xReal_PPWMB2\6.0.1.7922] : has .cva file... KEEP this folder.
 Check if [C:\SWSETUP\DRV\Audio\REALTEK\FP1.xReal_PPWMB2] folder is empty...
  found a subfolder in [C:\SWSETUP\DRV\Audio\REALTEK\FP1.xReal_PPWMB2\6.0.1.7922]...
 NOT EMPTY. KEEP this folder...
 Check if [C:\SWSETUP\DRV\Audio\REALTEK] folder is empty...
  found a subfolder in [C:\SWSETUP\DRV\Audio\REALTEK\FP1.xReal_PPWMB2]...
 NOT EMPTY. KEEP this folder...
 Check if [C:\SWSETUP\DRV\Audio] folder is empty...
  found a subfolder in [C:\SWSETUP\DRV\Audio\REALTEK]...
 NOT EMPTY. KEEP this folder...
[C:\SWSETUP\DRV\DriverOther\Elan\FP1.xElan_NN4KB2\15.2.14.1] : has .cva file... KEEP this folder.
 Check if [C:\SWSETUP\DRV\DriverOther\Elan\FP1.xElan_NN4KB2] folder is empty...
  found a subfolder in [C:\SWSETUP\DRV\DriverOther\Elan\FP1.xElan_NN4KB2\15.2.14.1]...
 NOT EMPTY. KEEP this folder...
 Check if [C:\SWSETUP\DRV\DriverOther\Elan] folder is empty...
  found a subfolder in [C:\SWSETUP\DRV\DriverOther\Elan\FP1.xElan_NN4KB2]...
 NOT EMPTY. KEEP this folder...
 Check if [C:\SWSETUP\DRV\DriverOther] folder is empty...
  found a subfolder in [C:\SWSETUP\DRV\DriverOther\Elan]...
 NOT EMPTY. KEEP this folder...
[C:\SWSETUP\DRV\Graphics\AMD\FP1.xAMDH_QQ5XB2\21.19.144.257] : has .cva file... KEEP this folder.
 Check if [C:\SWSETUP\DRV\Graphics\AMD\FP1.xAMDH_QQ5XB2] folder is empty...
  found a subfolder in [C:\SWSETUP\DRV\Graphics\AMD\FP1.xAMDH_QQ5XB2\21.19.144.257]...
 NOT EMPTY. KEEP this folder...
 Check if [C:\SWSETUP\DRV\Graphics\AMD] folder is empty...
  found a subfolder in [C:\SWSETUP\DRV\Graphics\AMD\FP1.xAMDH_QQ5XB2]...
 NOT EMPTY. KEEP this folder...
 Check if [C:\SWSETUP\DRV\Graphics] folder is empty...
  found a subfolder in [C:\SWSETUP\DRV\Graphics\AMD]...
 NOT EMPTY. KEEP this folder...
[C:\SWSETUP\DRV\Network\REALTEK\FP1.xReal_NN3EB2\10.10.714.2016] : has .cva file... KEEP this folder.
 Check if [C:\SWSETUP\DRV\Network\REALTEK\FP1.xReal_NN3EB2] folder is empty...
  found a subfolder in [C:\SWSETUP\DRV\Network\REALTEK\FP1.xReal_NN3EB2\10.10.714.2016]...
 NOT EMPTY. KEEP this folder...
[C:\SWSETUP\DRV\Network\REALTEK\RealtekRT_PPF9B2\2023.40.801.2016] : has .cva file... KEEP this folder.
 Check if [C:\SWSETUP\DRV\Network\REALTEK\RealtekRT_PPF9B2] folder is empty...
  found a subfolder in [C:\SWSETUP\DRV\Network\REALTEK\RealtekRT_PPF9B2\2023.40.801.2016]...
 NOT EMPTY. KEEP this folder...
 Check if [C:\SWSETUP\DRV\Network\REALTEK] folder is empty...
  found a subfolder in [C:\SWSETUP\DRV\Network\REALTEK\FP1.xReal_NN3EB2]...
 NOT EMPTY. KEEP this folder...
 Check if [C:\SWSETUP\DRV\Network] folder is empty...
  found a subfolder in [C:\SWSETUP\DRV\Network\REALTEK]...
 NOT EMPTY. KEEP this folder...
[C:\SWSETUP\DRV\Storage\REALTEK\FP1.xReal_NN3DB2\10.0.14393.31228] : has .cva file... KEEP this folder.
 Check if [C:\SWSETUP\DRV\Storage\REALTEK\FP1.xReal_NN3DB2] folder is empty...
  found a subfolder in [C:\SWSETUP\DRV\Storage\REALTEK\FP1.xReal_NN3DB2\10.0.14393.31228]...
 NOT EMPTY. KEEP this folder...
 Check if [C:\SWSETUP\DRV\Storage\REALTEK] folder is empty...
  found a subfolder in [C:\SWSETUP\DRV\Storage\REALTEK\FP1.xReal_NN3DB2]...
 NOT EMPTY. KEEP this folder...
 Check if [C:\SWSETUP\DRV\Storage] folder is empty...
  found a subfolder in [C:\SWSETUP\DRV\Storage\REALTEK]...
 NOT EMPTY. KEEP this folder...
 Check if [C:\SWSetup\DRV] folder is empty...
  found a subfolder in [C:\SWSETUP\DRV\Audio]...
 NOT EMPTY. KEEP this folder...
[C:\SWSETUP\APP\Applications\CyberLink\Cyberlink_PPK5B2\14.0.2.3309] : has .cva file... KEEP this folder.
 Check if [C:\SWSETUP\APP\Applications\CyberLink\Cyberlink_PPK5B2] folder is empty...
  found a subfolder in [C:\SWSETUP\APP\Applications\CyberLink\Cyberlink_PPK5B2\14.0.2.3309]...
 NOT EMPTY. KEEP this folder...
[C:\SWSETUP\APP\Applications\CyberLink\PowerMedi_MMGEB2\14.0.5.6909] : has .cva file... KEEP this folder.
 Check if [C:\SWSETUP\APP\Applications\CyberLink\PowerMedi_MMGEB2] folder is empty...
  found a subfolder in [C:\SWSETUP\APP\Applications\CyberLink\PowerMedi_MMGEB2\14.0.5.6909]...
 NOT EMPTY. KEEP this folder...
 Check if [C:\SWSETUP\APP\Applications\CyberLink] folder is empty...
  found a subfolder in [C:\SWSETUP\APP\Applications\CyberLink\Cyberlink_PPK5B2]...
 NOT EMPTY. KEEP this folder...
[C:\SWSETUP\APP\Applications\HP\DiscoverH_HHUYB2\1.0.13.1] : doesn't have .cva file... DELETE this folder.
 Check if [C:\SWSETUP\APP\Applications\HP\DiscoverH_HHUYB2] folder is empty...
 EMPTY. DELETE this folder...
[C:\SWSETUP\APP\Applications\HP\EnergySta_66MAB2\1.10] : has .cva file... KEEP this folder.
 Check if [C:\SWSETUP\APP\Applications\HP\EnergySta_66MAB2] folder is empty...
  found a subfolder in [C:\SWSETUP\APP\Applications\HP\EnergySta_66MAB2\1.10]...
 NOT EMPTY. KEEP this folder...
[C:\SWSETUP\APP\Applications\HP\HPAudioSw_PPL3B2\1.0.138.0] : has .cva file... KEEP this folder.
 Check if [C:\SWSETUP\APP\Applications\HP\HPAudioSw_PPL3B2] folder is empty...
  found a subfolder in [C:\SWSETUP\APP\Applications\HP\HPAudioSw_PPL3B2\1.0.138.0]...
 NOT EMPTY. KEEP this folder...
[C:\SWSETUP\APP\Applications\HP\HPJumpSta_PPSCB2\1.1.165.0] : doesn't have .cva file... DELETE this folder.
 Check if [C:\SWSETUP\APP\Applications\HP\HPJumpSta_PPSCB2] folder is empty...
 EMPTY. DELETE this folder...
[C:\SWSETUP\APP\Applications\HP\HPOrbit_PPABB2\1.0.0.191] : has .cva file... KEEP this folder.
 Check if [C:\SWSETUP\APP\Applications\HP\HPOrbit_PPABB2] folder is empty...
  found a subfolder in [C:\SWSETUP\APP\Applications\HP\HPOrbit_PPABB2\1.0.0.191]...
 NOT EMPTY. KEEP this folder...
[C:\SWSETUP\APP\Applications\HP\HPPCHardw_LL6EB2\6.2.0.0] : has .cva file... KEEP this folder.
 Check if [C:\SWSETUP\APP\Applications\HP\HPPCHardw_LL6EB2] folder is empty...
  found a subfolder in [C:\SWSETUP\APP\Applications\HP\HPPCHardw_LL6EB2\6.2.0.0]...
 NOT EMPTY. KEEP this folder...
[C:\SWSETUP\APP\Applications\HP\HPSureCon_LLUTB2\1.0.0.29] : has .cva file... KEEP this folder.
 Check if [C:\SWSETUP\APP\Applications\HP\HPSureCon_LLUTB2] folder is empty...
  found a subfolder in [C:\SWSETUP\APP\Applications\HP\HPSureCon_LLUTB2\1.0.0.29]...
 NOT EMPTY. KEEP this folder...
[C:\SWSETUP\APP\Applications\HP\HPSystemE_NNBCB2\1.40] : has .cva file... KEEP this folder.
 Check if [C:\SWSETUP\APP\Applications\HP\HPSystemE_NNBCB2] folder is empty...
  found a subfolder in [C:\SWSETUP\APP\Applications\HP\HPSystemE_NNBCB2\1.40]...
 NOT EMPTY. KEEP this folder...
[C:\SWSETUP\APP\Applications\HP\HPWireles_99C2B2\1.1.18.1] : has .cva file... KEEP this folder.
 Check if [C:\SWSETUP\APP\Applications\HP\HPWireles_99C2B2] folder is empty...
  found a subfolder in [C:\SWSETUP\APP\Applications\HP\HPWireles_99C2B2\1.1.18.1]...
 NOT EMPTY. KEEP this folder...
[C:\SWSETUP\APP\Applications\HP\Priceline_NN24B2\163] : doesn't have .cva file... DELETE this folder.
 Check if [C:\SWSETUP\APP\Applications\HP\Priceline_NN24B2] folder is empty...
 EMPTY. DELETE this folder...
[C:\SWSETUP\APP\Applications\HP\TFSOCAMar_FF6BB2\1.00] : doesn't have .cva file... DELETE this folder.
 Check if [C:\SWSETUP\APP\Applications\HP\TFSOCAMar_FF6BB2] folder is empty...
 EMPTY. DELETE this folder...
[C:\SWSETUP\APP\Applications\HP\Windows10_NNZ8B2\16.30] : doesn't have .cva file... DELETE this folder.
 Check if [C:\SWSETUP\APP\Applications\HP\Windows10_NNZ8B2] folder is empty...
 EMPTY. DELETE this folder...
 Check if [C:\SWSETUP\APP\Applications\HP] folder is empty...
  found a subfolder in [C:\SWSETUP\APP\Applications\HP\EnergySta_66MAB2]...
 NOT EMPTY. KEEP this folder...
 Check if [C:\SWSETUP\APP\Applications\McAfee\src] folder is empty...
 EMPTY. DELETE this folder...
 Check if [C:\SWSETUP\APP\Applications\McAfee] folder is empty...
 EMPTY. DELETE this folder...
[C:\SWSETUP\APP\Applications\Netflix\NetflixMe_NN20B2\6.11.33.0] : doesn't have .cva file... DELETE this folder.
 Check if [C:\SWSETUP\APP\Applications\Netflix\NetflixMe_NN20B2] folder is empty...
 EMPTY. DELETE this folder...
 Check if [C:\SWSETUP\APP\Applications\Netflix] folder is empty...
 EMPTY. DELETE this folder...
 Check if [C:\SWSETUP\APP\Applications] folder is empty...
  found a subfolder in [C:\SWSETUP\APP\Applications\CyberLink]...
 NOT EMPTY. KEEP this folder...
[C:\SWSETUP\APP\Documentation\HP\HPDocumen_NNC3B2\1.01] : has .cva file... KEEP this folder.
 Check if [C:\SWSETUP\APP\Documentation\HP\HPDocumen_NNC3B2] folder is empty...
  found a subfolder in [C:\SWSETUP\APP\Documentation\HP\HPDocumen_NNC3B2\1.01]...
 NOT EMPTY. KEEP this folder...
 Check if [C:\SWSETUP\APP\Documentation\HP] folder is empty...
  found a subfolder in [C:\SWSETUP\APP\Documentation\HP\HPDocumen_NNC3B2]...
 NOT EMPTY. KEEP this folder...
 Check if [C:\SWSETUP\APP\Documentation] folder is empty...
  found a subfolder in [C:\SWSETUP\APP\Documentation\HP]...
 NOT EMPTY. KEEP this folder...
[C:\SWSETUP\APP\PreReq1\HP\HPSupport_GGXSB2\8.3.32.23] : has .cva file... KEEP this folder.
 Check if [C:\SWSETUP\APP\PreReq1\HP\HPSupport_GGXSB2] folder is empty...
  found a subfolder in [C:\SWSETUP\APP\PreReq1\HP\HPSupport_GGXSB2\8.3.32.23]...
 NOT EMPTY. KEEP this folder...
 Check if [C:\SWSETUP\APP\PreReq1\HP] folder is empty...
  found a subfolder in [C:\SWSETUP\APP\PreReq1\HP\HPSupport_GGXSB2]...
 NOT EMPTY. KEEP this folder...
[C:\SWSETUP\APP\PreReq1\McAfee\McAfeeChe_LLDMB2\1.0] : doesn't have .cva file... DELETE this folder.
 Check if [C:\SWSETUP\APP\PreReq1\McAfee\McAfeeChe_LLDMB2] folder is empty...
 EMPTY. DELETE this folder...
 Check if [C:\SWSETUP\APP\PreReq1\McAfee] folder is empty...
 EMPTY. DELETE this folder...
 Check if [C:\SWSETUP\APP\PreReq1] folder is empty...
  found a subfolder in [C:\SWSETUP\APP\PreReq1\HP]...
 NOT EMPTY. KEEP this folder...
[C:\SWSETUP\APP\PreReq2\HP\HPSetupIn_LLMKB2\1.2.8357.5639] : doesn't have .cva file... DELETE this folder.
 Check if [C:\SWSETUP\APP\PreReq2\HP\HPSetupIn_LLMKB2] folder is empty...
 EMPTY. DELETE this folder...
 Check if [C:\SWSETUP\APP\PreReq2\HP] folder is empty...
 EMPTY. DELETE this folder...
[C:\SWSETUP\APP\PreReq2\McAfee\McAfeeLiv_KKTXB2\2.0] : doesn't have .cva file... DELETE this folder.
 Check if [C:\SWSETUP\APP\PreReq2\McAfee\McAfeeLiv_KKTXB2] folder is empty...
 EMPTY. DELETE this folder...
 Check if [C:\SWSETUP\APP\PreReq2\McAfee] folder is empty...
 EMPTY. DELETE this folder...
 Check if [C:\SWSETUP\APP\PreReq2] folder is empty...
 EMPTY. DELETE this folder...
 Check if [C:\SWSetup\APP] folder is empty...
  found a subfolder in [C:\SWSETUP\APP\Applications]...
 NOT EMPTY. KEEP this folder...
