
Folder: \
TaskName                                 Next Run Time          Status         
======================================== ====================== ===============
DropboxOEM                               N/A                    Queued         
DropboxUpdateTaskMachineCore             3/28/2017 12:45:00 PM  Queued         
DropboxUpdateTaskMachineUA               3/27/2017 2:45:00 PM   Ready          
HPAudioSwitch                            N/A                    Queued         
HPEA3JOBS                                N/A                    Queued         

Folder: \Hewlett-Packard
TaskName                                 Next Run Time          Status         
======================================== ====================== ===============
INFO: There are no scheduled tasks presently available at your access level.

Folder: \Hewlett-Packard\HP Support Assistant
TaskName                                 Next Run Time          Status         
======================================== ====================== ===============
First Boot                               N/A                    Ready          
HP Support Assistant Quick Start         N/A                    Queued         
HP Support Solutions Framework Updater   3/28/2017 12:44:41 PM  Ready          
Opt-in For HP Support Assistant Quick St N/A                    Ready          

Folder: \Microsoft
TaskName                                 Next Run Time          Status         
======================================== ====================== ===============
INFO: There are no scheduled tasks presently available at your access level.

Folder: \Microsoft\Office
TaskName                                 Next Run Time          Status         
======================================== ====================== ===============
Office Automatic Updates                 3/28/2017 3:54:09 AM   Ready          
Office ClickToRun Service Monitor        3/28/2017 5:15:40 AM   Ready          

Folder: \Microsoft\Windows
TaskName                                 Next Run Time          Status         
======================================== ====================== ===============
INFO: There are no scheduled tasks presently available at your access level.

Folder: \Microsoft\Windows\.NET Framework
TaskName                                 Next Run Time          Status         
======================================== ====================== ===============
.NET Framework NGEN v4.0.30319           N/A                    Queued         
.NET Framework NGEN v4.0.30319 64        N/A                    Queued         
.NET Framework NGEN v4.0.30319 64 Critic N/A                    Ready          
.NET Framework NGEN v4.0.30319 Critical  N/A                    Ready          

Folder: \Microsoft\Windows\Active Directory Rights Management Services Client
TaskName                                 Next Run Time          Status         
======================================== ====================== ===============
AD RMS Rights Policy Template Management N/A                    Disabled       
AD RMS Rights Policy Template Management N/A                    Ready          

Folder: \Microsoft\Windows\AppID
TaskName                                 Next Run Time          Status         
======================================== ====================== ===============
EDP Policy Manager                       N/A                    Ready          
PolicyConverter                          N/A                    Disabled       
SmartScreenSpecific                      N/A                    Ready          
VerifiedPublisherCertStoreCheck          N/A                    Disabled       

Folder: \Microsoft\Windows\Application Experience
TaskName                                 Next Run Time          Status         
======================================== ====================== ===============
Microsoft Compatibility Appraiser        3/28/2017 3:44:31 AM   Ready          
ProgramDataUpdater                       N/A                    Ready          
StartupAppTask                           N/A                    Ready          

Folder: \Microsoft\Windows\ApplicationData
TaskName                                 Next Run Time          Status         
======================================== ====================== ===============
appuriverifierdaily                      3/28/2017 3:00:00 AM   Ready          
appuriverifierinstall                    4/1/2017 3:00:00 AM    Ready          
CleanupTemporaryState                    N/A                    Ready          
DsSvcCleanup                             N/A                    Ready          

Folder: \Microsoft\Windows\AppxDeploymentClient
TaskName                                 Next Run Time          Status         
======================================== ====================== ===============
Pre-staged app cleanup                   N/A                    Ready          

Folder: \Microsoft\Windows\Autochk
TaskName                                 Next Run Time          Status         
======================================== ====================== ===============
Proxy                                    N/A                    Ready          

Folder: \Microsoft\Windows\Bluetooth
TaskName                                 Next Run Time          Status         
======================================== ====================== ===============
UninstallDeviceTask                      N/A                    Ready          

Folder: \Microsoft\Windows\CertificateServicesClient
TaskName                                 Next Run Time          Status         
======================================== ====================== ===============
AikCertEnrollTask                        N/A                    Ready          
CryptoPolicyTask                         N/A                    Ready          
KeyPreGenTask                            N/A                    Queued         
SystemTask                               N/A                    Queued         
UserTask                                 N/A                    Queued         
UserTask-Roam                            N/A                    Ready          

Folder: \Microsoft\Windows\Chkdsk
TaskName                                 Next Run Time          Status         
======================================== ====================== ===============
ProactiveScan                            N/A                    Ready          

Folder: \Microsoft\Windows\Clip
TaskName                                 Next Run Time          Status         
======================================== ====================== ===============
License Validation                       N/A                    Disabled       

Folder: \Microsoft\Windows\CloudExperienceHost
TaskName                                 Next Run Time          Status         
======================================== ====================== ===============
CreateObjectTask                         N/A                    Ready          

Folder: \Microsoft\Windows\Customer Experience Improvement Program
TaskName                                 Next Run Time          Status         
======================================== ====================== ===============
Consolidator                             3/27/2017 6:00:00 PM   Ready          
KernelCeipTask                           N/A                    Ready          
UsbCeip                                  N/A                    Ready          

Folder: \Microsoft\Windows\Data Integrity Scan
TaskName                                 Next Run Time          Status         
======================================== ====================== ===============
Data Integrity Scan                      4/18/2017 10:10:30 AM  Ready          
Data Integrity Scan for Crash Recovery   N/A                    Ready          

Folder: \Microsoft\Windows\Defrag
TaskName                                 Next Run Time          Status         
======================================== ====================== ===============
ScheduledDefrag                          N/A                    Ready          

Folder: \Microsoft\Windows\Device Information
TaskName                                 Next Run Time          Status         
======================================== ====================== ===============
Device                                   3/28/2017 4:45:24 AM   Ready          

Folder: \Microsoft\Windows\Device Setup
TaskName                                 Next Run Time          Status         
======================================== ====================== ===============
Metadata Refresh                         N/A                    Ready          

Folder: \Microsoft\Windows\DeviceDirectoryClient
TaskName                                 Next Run Time          Status         
======================================== ====================== ===============
HandleCommand                            N/A                    Ready          
HandleWnsCommand                         N/A                    Ready          
IntegrityCheck                           3/30/2017 12:00:00 PM  Ready          
LocateCommandUserSession                 N/A                    Ready          
RegisterDeviceAccountChange              N/A                    Ready          
RegisterDeviceConnectedToNetwork         N/A                    Ready          
RegisterDeviceLocationRightsChange       N/A                    Ready          
RegisterDevicePeriodic1                  3/27/2017 2:58:24 PM   Queued         
RegisterDevicePeriodic24                 3/28/2017 9:22:26 AM   Ready          
RegisterDevicePeriodic6                  3/27/2017 6:57:24 PM   Queued         
RegisterDevicePolicyChange               N/A                    Ready          
RegisterDeviceScreenOnOff                N/A                    Ready          
RegisterDeviceSettingChange              N/A                    Ready          
RegisterUserDevice                       N/A                    Ready          

Folder: \Microsoft\Windows\Diagnosis
TaskName                                 Next Run Time          Status         
======================================== ====================== ===============
Scheduled                                N/A                    Ready          

Folder: \Microsoft\Windows\DiskCleanup
TaskName                                 Next Run Time          Status         
======================================== ====================== ===============
SilentCleanup                            N/A                    Ready          

Folder: \Microsoft\Windows\DiskDiagnostic
TaskName                                 Next Run Time          Status         
======================================== ====================== ===============
Microsoft-Windows-DiskDiagnosticDataColl N/A                    Ready          
Microsoft-Windows-DiskDiagnosticResolver N/A                    Disabled       

Folder: \Microsoft\Windows\DiskFootprint
TaskName                                 Next Run Time          Status         
======================================== ====================== ===============
Diagnostics                              N/A                    Ready          
StorageSense                             N/A                    Ready          

Folder: \Microsoft\Windows\DUSM
TaskName                                 Next Run Time          Status         
======================================== ====================== ===============
dusmtask                                 N/A                    Ready          

Folder: \Microsoft\Windows\EDP
TaskName                                 Next Run Time          Status         
======================================== ====================== ===============
EDP App Launch Task                      N/A                    Ready          
EDP Auth Task                            N/A                    Ready          

Folder: \Microsoft\Windows\EnterpriseMgmt
TaskName                                 Next Run Time          Status         
======================================== ====================== ===============
MDMMaintenenceTask                       N/A                    Queued         

Folder: \Microsoft\Windows\ErrorDetails
TaskName                                 Next Run Time          Status         
======================================== ====================== ===============
EnableErrorDetailsUpdate                 N/A                    Ready          
ErrorDetailsUpdate                       N/A                    Disabled       

Folder: \Microsoft\Windows\Feedback
TaskName                                 Next Run Time          Status         
======================================== ====================== ===============
INFO: There are no scheduled tasks presently available at your access level.

Folder: \Microsoft\Windows\Feedback\Siuf
TaskName                                 Next Run Time          Status         
======================================== ====================== ===============
DmClient                                 N/A                    Ready          
DmClientOnScenarioDownload               N/A                    Ready          

Folder: \Microsoft\Windows\FileHistory
TaskName                                 Next Run Time          Status         
======================================== ====================== ===============
File History (maintenance mode)          N/A                    Ready          

Folder: \Microsoft\Windows\LanguageComponentsInstaller
TaskName                                 Next Run Time          Status         
======================================== ====================== ===============
Installation                             N/A                    Ready          
Uninstallation                           N/A                    Ready          

Folder: \Microsoft\Windows\License Manager
TaskName                                 Next Run Time          Status         
======================================== ====================== ===============
TempSignedLicenseExchange                N/A                    Ready          

Folder: \Microsoft\Windows\Live
TaskName                                 Next Run Time          Status         
======================================== ====================== ===============
INFO: There are no scheduled tasks presently available at your access level.

Folder: \Microsoft\Windows\Location
TaskName                                 Next Run Time          Status         
======================================== ====================== ===============
Notifications                            N/A                    Ready          
WindowsActionDialog                      N/A                    Ready          

Folder: \Microsoft\Windows\Maintenance
TaskName                                 Next Run Time          Status         
======================================== ====================== ===============
WinSAT                                   N/A                    Ready          

Folder: \Microsoft\Windows\Management
TaskName                                 Next Run Time          Status         
======================================== ====================== ===============
INFO: There are no scheduled tasks presently available at your access level.

Folder: \Microsoft\Windows\Management\Provisioning
TaskName                                 Next Run Time          Status         
======================================== ====================== ===============
Logon                                    N/A                    Ready          

Folder: \Microsoft\Windows\Maps
TaskName                                 Next Run Time          Status         
======================================== ====================== ===============
MapsToastTask                            N/A                    Ready          
MapsUpdateTask                           N/A                    Disabled       

Folder: \Microsoft\Windows\MemoryDiagnostic
TaskName                                 Next Run Time          Status         
======================================== ====================== ===============
ProcessMemoryDiagnosticEvents            N/A                    Ready          
RunFullMemoryDiagnostic                  N/A                    Ready          

Folder: \Microsoft\Windows\Mobile Broadband Accounts
TaskName                                 Next Run Time          Status         
======================================== ====================== ===============
MNO Metadata Parser                      N/A                    Ready          

Folder: \Microsoft\Windows\MUI
TaskName                                 Next Run Time          Status         
======================================== ====================== ===============
LPRemove                                 N/A                    Ready          

Folder: \Microsoft\Windows\Multimedia
TaskName                                 Next Run Time          Status         
======================================== ====================== ===============
SystemSoundsService                      N/A                    Queued         

Folder: \Microsoft\Windows\NetTrace
TaskName                                 Next Run Time          Status         
======================================== ====================== ===============
GatherNetworkInfo                        N/A                    Ready          

Folder: \Microsoft\Windows\NlaSvc
TaskName                                 Next Run Time          Status         
======================================== ====================== ===============
WiFiTask                                 N/A                    Ready          

Folder: \Microsoft\Windows\PI
TaskName                                 Next Run Time          Status         
======================================== ====================== ===============
Secure-Boot-Update                       N/A                    Queued         
Sqm-Tasks                                N/A                    Ready          

Folder: \Microsoft\Windows\PLA
TaskName                                 Next Run Time          Status         
======================================== ====================== ===============
INFO: There are no scheduled tasks presently available at your access level.

Folder: \Microsoft\Windows\Plug and Play
TaskName                                 Next Run Time          Status         
======================================== ====================== ===============
Device Install Group Policy              N/A                    Ready          
Device Install Reboot Required           N/A                    Ready          
Plug and Play Cleanup                    N/A                    Ready          
Sysprep Generalize Drivers               N/A                    Ready          

Folder: \Microsoft\Windows\Power Efficiency Diagnostics
TaskName                                 Next Run Time          Status         
======================================== ====================== ===============
AnalyzeSystem                            N/A                    Ready          

Folder: \Microsoft\Windows\Ras
TaskName                                 Next Run Time          Status         
======================================== ====================== ===============
MobilityManager                          N/A                    Ready          

Folder: \Microsoft\Windows\RecoveryEnvironment
TaskName                                 Next Run Time          Status         
======================================== ====================== ===============
VerifyWinRE                              N/A                    Ready          

Folder: \Microsoft\Windows\Registry
TaskName                                 Next Run Time          Status         
======================================== ====================== ===============
RegIdleBackup                            N/A                    Ready          

Folder: \Microsoft\Windows\RemoteAssistance
TaskName                                 Next Run Time          Status         
======================================== ====================== ===============
RemoteAssistanceTask                     N/A                    Ready          

Folder: \Microsoft\Windows\Servicing
TaskName                                 Next Run Time          Status         
======================================== ====================== ===============
StartComponentCleanup                    N/A                    Ready          

Folder: \Microsoft\Windows\SettingSync
TaskName                                 Next Run Time          Status         
======================================== ====================== ===============
BackgroundUploadTask                     N/A                    Ready          
BackupTask                               N/A                    Ready          
NetworkStateChangeTask                   N/A                    Ready          

Folder: \Microsoft\Windows\Setup
TaskName                                 Next Run Time          Status         
======================================== ====================== ===============
SetupCleanupTask                         3/29/2017 6:00:00 AM   Ready          

Folder: \Microsoft\Windows\SharedPC
TaskName                                 Next Run Time          Status         
======================================== ====================== ===============
Account Cleanup                          N/A                    Disabled       

Folder: \Microsoft\Windows\Shell
TaskName                                 Next Run Time          Status         
======================================== ====================== ===============
CreateObjectTask                         N/A                    Queued         
FamilySafetyMonitor                      N/A                    Ready          
FamilySafetyMonitorToastTask             N/A                    Disabled       
FamilySafetyRefreshTask                  N/A                    Ready          
IndexerAutomaticMaintenance              N/A                    Ready          

Folder: \Microsoft\Windows\SoftwareProtectionPlatform
TaskName                                 Next Run Time          Status         
======================================== ====================== ===============
SvcRestartTask                           N/A                    Disabled       
SvcRestartTaskLogon                      N/A                    Queued         
SvcRestartTaskNetwork                    N/A                    Disabled       

Folder: \Microsoft\Windows\SpacePort
TaskName                                 Next Run Time          Status         
======================================== ====================== ===============
SpaceAgentTask                           N/A                    Ready          
SpaceManagerTask                         N/A                    Ready          

Folder: \Microsoft\Windows\Speech
TaskName                                 Next Run Time          Status         
======================================== ====================== ===============
SpeechModelDownloadTask                  3/28/2017 12:00:00 AM  Ready          

Folder: \Microsoft\Windows\Storage Tiers Management
TaskName                                 Next Run Time          Status         
======================================== ====================== ===============
Storage Tiers Management Initialization  N/A                    Ready          
Storage Tiers Optimization               N/A                    Disabled       

Folder: \Microsoft\Windows\Sysmain
TaskName                                 Next Run Time          Status         
======================================== ====================== ===============
HybridDriveCachePrepopulate              N/A                    Disabled       
HybridDriveCacheRebalance                N/A                    Disabled       
ResPriStaticDbSync                       N/A                    Ready          
WsSwapAssessmentTask                     N/A                    Ready          

Folder: \Microsoft\Windows\SystemRestore
TaskName                                 Next Run Time          Status         
======================================== ====================== ===============
SR                                       N/A                    Ready          

Folder: \Microsoft\Windows\Task Manager
TaskName                                 Next Run Time          Status         
======================================== ====================== ===============
Interactive                              N/A                    Ready          

Folder: \Microsoft\Windows\TextServicesFramework
TaskName                                 Next Run Time          Status         
======================================== ====================== ===============
MsCtfMonitor                             N/A                    Running        

Folder: \Microsoft\Windows\Time Synchronization
TaskName                                 Next Run Time          Status         
======================================== ====================== ===============
ForceSynchronizeTime                     N/A                    Ready          
SynchronizeTime                          N/A                    Ready          

Folder: \Microsoft\Windows\Time Zone
TaskName                                 Next Run Time          Status         
======================================== ====================== ===============
SynchronizeTimeZone                      N/A                    Ready          

Folder: \Microsoft\Windows\TPM
TaskName                                 Next Run Time          Status         
======================================== ====================== ===============
Tpm-HASCertRetr                          N/A                    Ready          
Tpm-Maintenance                          N/A                    Ready          

Folder: \Microsoft\Windows\UpdateOrchestrator
TaskName                                 Next Run Time          Status         
======================================== ====================== ===============
Maintenance Install                      N/A                    Disabled       
Policy Install                           N/A                    Disabled       
Reboot                                   N/A                    Ready          
Refresh Settings                         3/27/2017 7:06:07 PM   Ready          
Resume On Boot                           N/A                    Disabled       
Schedule Scan                            3/27/2017 7:40:30 PM   Ready          
USO_UxBroker_Display                     N/A                    Ready          
USO_UxBroker_ReadyToReboot               N/A                    Ready          

Folder: \Microsoft\Windows\UPnP
TaskName                                 Next Run Time          Status         
======================================== ====================== ===============
UPnPHostConfig                           N/A                    Ready          

Folder: \Microsoft\Windows\User Profile Service
TaskName                                 Next Run Time          Status         
======================================== ====================== ===============
HiveUploadTask                           N/A                    Disabled       

Folder: \Microsoft\Windows\WCM
TaskName                                 Next Run Time          Status         
======================================== ====================== ===============
WiFiTask                                 N/A                    Ready          

Folder: \Microsoft\Windows\WDI
TaskName                                 Next Run Time          Status         
======================================== ====================== ===============
ResolutionHost                           N/A                    Ready          

Folder: \Microsoft\Windows\Windows Defender
TaskName                                 Next Run Time          Status         
======================================== ====================== ===============
Windows Defender Cache Maintenance       N/A                    Ready          
Windows Defender Cleanup                 N/A                    Ready          
Windows Defender Scheduled Scan          N/A                    Ready          
Windows Defender Verification            N/A                    Ready          

Folder: \Microsoft\Windows\Windows Error Reporting
TaskName                                 Next Run Time          Status         
======================================== ====================== ===============
QueueReporting                           3/27/2017 5:27:27 PM   Queued         

Folder: \Microsoft\Windows\Windows Filtering Platform
TaskName                                 Next Run Time          Status         
======================================== ====================== ===============
BfeOnServiceStartTypeChange              N/A                    Ready          

Folder: \Microsoft\Windows\Windows Media Sharing
TaskName                                 Next Run Time          Status         
======================================== ====================== ===============
UpdateLibrary                            N/A                    Ready          

Folder: \Microsoft\Windows\WindowsColorSystem
TaskName                                 Next Run Time          Status         
======================================== ====================== ===============
Calibration Loader                       N/A                    Queued         

Folder: \Microsoft\Windows\WindowsUpdate
TaskName                                 Next Run Time          Status         
======================================== ====================== ===============
Automatic App Update                     3/27/2017 7:01:40 PM   Queued         
Scheduled Start                          N/A                    Ready          
sih                                      3/28/2017 6:08:04 AM   Ready          
sihboot                                  N/A                    Ready          

Folder: \Microsoft\Windows\Wininet
TaskName                                 Next Run Time          Status         
======================================== ====================== ===============
CacheTask                                N/A                    Queued         

Folder: \Microsoft\Windows\WOF
TaskName                                 Next Run Time          Status         
======================================== ====================== ===============
WIM-Hash-Management                      N/A                    Ready          
WIM-Hash-Validation                      N/A                    Ready          

Folder: \Microsoft\Windows\Work Folders
TaskName                                 Next Run Time          Status         
======================================== ====================== ===============
Work Folders Logon Synchronization       N/A                    Queued         
Work Folders Maintenance Work            N/A                    Ready          

Folder: \Microsoft\Windows\Workplace Join
TaskName                                 Next Run Time          Status         
======================================== ====================== ===============
Automatic-Device-Join                    N/A                    Disabled       

Folder: \Microsoft\XblGameSave
TaskName                                 Next Run Time          Status         
======================================== ====================== ===============
XblGameSaveTask                          N/A                    Ready          
XblGameSaveTaskLogon                     N/A                    Ready          
