2017-03-27 12:33:51, Info                  DISM   PID=364 TID=4176 Scratch directory set to 'C:\Users\ADMINI~1\AppData\Local\Temp\'. - CDISMManager::put_ScratchDir
2017-03-27 12:33:51, Info                  DISM   PID=364 TID=4176 DismCore.dll version: 10.0.14393.0 - CDISMManager::FinalConstruct
2017-03-27 12:33:51, Info                  DISM   Try to initialize Panther logging 1 times, last error: 0x0
2017-03-27 12:33:51, Info                  DISM   PID=364 TID=4176 Successfully loaded the ImageSession at "C:\windows\System32\Dism" - CDISMManager::LoadLocalImageSession
2017-03-27 12:33:51, Info                  DISM   Try to initialize Panther logging 1 times, last error: 0x0
2017-03-27 12:33:51, Info                  DISM   DISM Provider Store: PID=364 TID=4176 Found and Initialized the DISM Logger. - CDISMProviderStore::Internal_InitializeLogger
2017-03-27 12:33:51, Info                  DISM   DISM Provider Store: PID=364 TID=4176 Failed to get and initialize the PE Provider.  Continuing by assuming that it is not a WinPE image. - CDISMProviderStore::Final_OnConnect
2017-03-27 12:33:51, Info                  DISM   DISM Provider Store: PID=364 TID=4176 Finished initializing the Provider Map. - CDISMProviderStore::Final_OnConnect
2017-03-27 12:33:51, Info                  DISM   DISM Provider Store: PID=364 TID=4176 Getting Provider DISMLogger - CDISMProviderStore::GetProvider
2017-03-27 12:33:51, Info                  DISM   DISM Provider Store: PID=364 TID=4176 Provider has previously been initialized.  Returning the existing instance. - CDISMProviderStore::Internal_GetProvider
2017-03-27 12:33:51, Info                  DISM   Try to initialize Panther logging 1 times, last error: 0x0
2017-03-27 12:33:51, Info                  DISM   DISM Provider Store: PID=364 TID=4176 Getting Provider DISMLogger - CDISMProviderStore::GetProvider
2017-03-27 12:33:51, Info                  DISM   DISM Provider Store: PID=364 TID=4176 Provider has previously been initialized.  Returning the existing instance. - CDISMProviderStore::Internal_GetProvider
2017-03-27 12:33:51, Info                  DISM   DISM Manager: PID=364 TID=4176 Successfully created the local image session and provider store. - CDISMManager::CreateLocalImageSession
2017-03-27 12:33:51, Info                  DISM   DISM Provider Store: PID=364 TID=4176 Getting Provider DISMLogger - CDISMProviderStore::GetProvider
2017-03-27 12:33:51, Info                  DISM   DISM Provider Store: PID=364 TID=4176 Provider has previously been initialized.  Returning the existing instance. - CDISMProviderStore::Internal_GetProvider
2017-03-27 12:33:51, Info                  DISM   DISM.EXE: 
2017-03-27 12:33:51, Info                  DISM   DISM.EXE: <----- Starting Dism.exe session ----->
2017-03-27 12:33:51, Info                  DISM   DISM.EXE: 
2017-03-27 12:33:51, Info                  DISM   DISM.EXE: Host machine information: OS Version=10.0.14393, Running architecture=amd64, Number of processors=4
2017-03-27 12:33:51, Info                  DISM   DISM.EXE: Dism.exe version: 10.0.14393.0
2017-03-27 12:33:51, Info                  DISM   DISM.EXE: Executing command line: DISM.exe  /online /get-provisionedappxpackages /logpath:C:\System.sav\Logs\QFEOff\MS_StartAPP_Resource_DSIMGetProv.log 
2017-03-27 12:33:51, Info                  DISM   DISM Provider Store: PID=364 TID=4176 Getting Provider FolderManager - CDISMProviderStore::GetProvider
2017-03-27 12:33:51, Info                  DISM   DISM Provider Store: PID=364 TID=4176 Provider has not previously been encountered.  Attempting to initialize the provider. - CDISMProviderStore::Internal_GetProvider
2017-03-27 12:33:51, Info                  DISM   DISM Provider Store: PID=364 TID=4176 Loading Provider from location C:\windows\System32\Dism\FolderProvider.dll - CDISMProviderStore::Internal_GetProvider
2017-03-27 12:33:51, Info                  DISM   DISM Provider Store: PID=364 TID=4176 Connecting to the provider located at C:\windows\System32\Dism\FolderProvider.dll. - CDISMProviderStore::Internal_LoadProvider
2017-03-27 12:33:51, Info                  DISM   DISM Manager: PID=364 TID=4176 physical location path: C:\ - CDISMManager::CreateImageSession
2017-03-27 12:33:51, Info                  DISM   DISM Manager: PID=364 TID=4176 Event name for current DISM session is Global\{E8A4D95B-1ECF-40E4-808B-F71D7DC8D67A} - CDISMManager::CheckSessionAndLock
2017-03-27 12:33:51, Info                  DISM   DISM Manager: PID=364 TID=4176 Create session event 0x170 for current DISM session and event name is Global\{E8A4D95B-1ECF-40E4-808B-F71D7DC8D67A}  - CDISMManager::CheckSessionAndLock
2017-03-27 12:33:51, Info                  DISM   DISM Manager: PID=364 TID=4176 Copying DISM from "C:\windows\System32\Dism" - CDISMManager::CreateImageSessionFromLocation
2017-03-27 12:33:52, Info                  DISM   DISM Manager: PID=364 TID=4176 Successfully loaded the ImageSession at "C:\Users\ADMINI~1\AppData\Local\Temp\32BA7D62-0814-48CD-967F-D1D1A58424BB" - CDISMManager::LoadRemoteImageSession
2017-03-27 12:33:52, Info                  DISM   DISM Image Session: PID=3892 TID=2196 Instantiating the Provider Store. - CDISMImageSession::get_ProviderStore
2017-03-27 12:33:52, Info                  DISM   DISM Provider Store: PID=3892 TID=2196 Initializing a provider store for the IMAGE session type. - CDISMProviderStore::Final_OnConnect
2017-03-27 12:33:52, Info                  DISM   DISM Provider Store: PID=3892 TID=2196 Provider has not previously been encountered.  Attempting to initialize the provider. - CDISMProviderStore::Internal_GetProvider
2017-03-27 12:33:52, Info                  DISM   DISM Provider Store: PID=3892 TID=2196 Loading Provider from location C:\Users\ADMINI~1\AppData\Local\Temp\32BA7D62-0814-48CD-967F-D1D1A58424BB\OSProvider.dll - CDISMProviderStore::Internal_GetProvider
2017-03-27 12:33:52, Info                  DISM   DISM Provider Store: PID=3892 TID=2196 Connecting to the provider located at C:\Users\ADMINI~1\AppData\Local\Temp\32BA7D62-0814-48CD-967F-D1D1A58424BB\OSProvider.dll. - CDISMProviderStore::Internal_LoadProvider
2017-03-27 12:33:52, Info                  DISM   DISM OS Provider: PID=3892 TID=2196 Defaulting SystemPath to C:\ - CDISMOSServiceManager::Final_OnConnect
2017-03-27 12:33:52, Info                  DISM   DISM OS Provider: PID=3892 TID=2196 Defaulting Windows folder to C:\Windows - CDISMOSServiceManager::Final_OnConnect
2017-03-27 12:33:52, Info                  DISM   DISM OS Provider: PID=3892 TID=2196 Host OS verion is 10.0 - CDISMOSServiceManager::SetDllSearchPath
2017-03-27 12:33:52, Warning               DISM   DISM OS Provider: PID=3892 TID=2196 Unable to set the DLL search path to the servicing stack folder. C:\Windows may not point to a valid Windows folder. - CDISMOSServiceManager::Final_OnConnect
2017-03-27 12:33:52, Info                  DISM   DISM Provider Store: PID=3892 TID=2196 Attempting to initialize the logger from the Image Session. - CDISMProviderStore::Final_OnConnect
2017-03-27 12:33:52, Info                  DISM   DISM Provider Store: PID=3892 TID=2196 Provider has not previously been encountered.  Attempting to initialize the provider. - CDISMProviderStore::Internal_GetProvider
2017-03-27 12:33:52, Info                  DISM   DISM Provider Store: PID=3892 TID=2196 Loading Provider from location C:\Users\ADMINI~1\AppData\Local\Temp\32BA7D62-0814-48CD-967F-D1D1A58424BB\LogProvider.dll - CDISMProviderStore::Internal_GetProvider
2017-03-27 12:33:52, Info                  DISM   DISM Provider Store: PID=3892 TID=2196 Connecting to the provider located at C:\Users\ADMINI~1\AppData\Local\Temp\32BA7D62-0814-48CD-967F-D1D1A58424BB\LogProvider.dll. - CDISMProviderStore::Internal_LoadProvider
2017-03-27 12:33:52, Info                  DISM   Try to initialize Panther logging 1 times, last error: 0x0
2017-03-27 12:33:52, Info                  DISM   DISM Provider Store: PID=3892 TID=2196 Found and Initialized the DISM Logger. - CDISMProviderStore::Internal_InitializeLogger
2017-03-27 12:33:52, Info                  DISM   DISM Provider Store: PID=3892 TID=2196 Provider has not previously been encountered.  Attempting to initialize the provider. - CDISMProviderStore::Internal_GetProvider
2017-03-27 12:33:52, Info                  DISM   DISM Provider Store: PID=3892 TID=2196 Loading Provider from location C:\Users\ADMINI~1\AppData\Local\Temp\32BA7D62-0814-48CD-967F-D1D1A58424BB\PEProvider.dll - CDISMProviderStore::Internal_GetProvider
2017-03-27 12:33:52, Warning               DISM   DISM Provider Store: PID=3892 TID=2196 Failed to Load the provider: C:\Users\ADMINI~1\AppData\Local\Temp\32BA7D62-0814-48CD-967F-D1D1A58424BB\PEProvider.dll. - CDISMProviderStore::Internal_GetProvider(hr:0x8007007e)
2017-03-27 12:33:52, Info                  DISM   DISM Provider Store: PID=3892 TID=2196 Failed to get and initialize the PE Provider.  Continuing by assuming that it is not a WinPE image. - CDISMProviderStore::Final_OnConnect
2017-03-27 12:33:52, Info                  DISM   DISM Provider Store: PID=3892 TID=2196 Finished initializing the Provider Map. - CDISMProviderStore::Final_OnConnect
2017-03-27 12:33:52, Info                  DISM   DISM Provider Store: PID=3892 TID=2196 Getting Provider DISMLogger - CDISMProviderStore::GetProvider
2017-03-27 12:33:52, Info                  DISM   DISM Provider Store: PID=3892 TID=2196 Provider has previously been initialized.  Returning the existing instance. - CDISMProviderStore::Internal_GetProvider
2017-03-27 12:33:52, Info                  DISM   Try to initialize Panther logging 1 times, last error: 0x0
2017-03-27 12:33:52, Info                  DISM   Try to initialize Panther logging 1 times, last error: 0x0
2017-03-27 12:33:52, Info                  DISM   DISM Manager: PID=364 TID=4176 Image session successfully loaded from the temporary location: C:\Users\ADMINI~1\AppData\Local\Temp\32BA7D62-0814-48CD-967F-D1D1A58424BB - CDISMManager::CreateImageSession
2017-03-27 12:33:52, Info                  DISM   DISM Provider Store: PID=3892 TID=2196 Getting Provider OSServices - CDISMProviderStore::GetProvider
2017-03-27 12:33:52, Info                  DISM   DISM Provider Store: PID=3892 TID=2196 Provider has previously been initialized.  Returning the existing instance. - CDISMProviderStore::Internal_GetProvider
2017-03-27 12:33:52, Info                  DISM   DISM.EXE: Target image information: OS Version=10.0.14393.0, Image architecture=amd64
2017-03-27 12:33:52, Info                  DISM   DISM Provider Store: PID=3892 TID=2196 Getting the collection of providers from an image provider store type. - CDISMProviderStore::GetProviderCollection
2017-03-27 12:33:52, Info                  DISM   DISM Provider Store: PID=3892 TID=2196 Provider has not previously been encountered.  Attempting to initialize the provider. - CDISMProviderStore::Internal_GetProvider
2017-03-27 12:33:52, Info                  DISM   DISM Provider Store: PID=3892 TID=2196 Loading Provider from location C:\Users\ADMINI~1\AppData\Local\Temp\32BA7D62-0814-48CD-967F-D1D1A58424BB\CbsProvider.dll - CDISMProviderStore::Internal_GetProvider
2017-03-27 12:33:52, Info                  DISM   DISM Provider Store: PID=3892 TID=2196 Connecting to the provider located at C:\Users\ADMINI~1\AppData\Local\Temp\32BA7D62-0814-48CD-967F-D1D1A58424BB\CbsProvider.dll. - CDISMProviderStore::Internal_LoadProvider
2017-03-27 12:33:52, Info                  DISM   DISM Provider Store: PID=3892 TID=2196 Encountered a servicing provider, performing additional servicing initializations. - CDISMProviderStore::Internal_LoadProvider
2017-03-27 12:33:52, Info                  DISM   DISM Package Manager: PID=3892 TID=2196 Finished initializing the CbsConUI Handler. - CCbsConUIHandler::Initialize
2017-03-27 12:33:52, Info                  DISM   DISM Package Manager: PID=3892 TID=2196 CBS is being initialized for online use. More information about CBS actions can be located at: %windir%\logs\cbs\cbs.log - CDISMPackageManager::Initialize
2017-03-27 12:33:52, Info                  DISM   DISM Package Manager: PID=3892 TID=2196 Loaded servicing stack for online use only. - CDISMPackageManager::RefreshInstanceAndLock
2017-03-27 12:33:52, Info                  DISM   DISM Provider Store: PID=3892 TID=2196 Provider has not previously been encountered.  Attempting to initialize the provider. - CDISMProviderStore::Internal_GetProvider
2017-03-27 12:33:52, Info                  DISM   DISM Provider Store: PID=3892 TID=2196 Loading Provider from location C:\Users\ADMINI~1\AppData\Local\Temp\32BA7D62-0814-48CD-967F-D1D1A58424BB\MsiProvider.dll - CDISMProviderStore::Internal_GetProvider
2017-03-27 12:33:52, Info                  DISM   DISM Provider Store: PID=3892 TID=2196 Connecting to the provider located at C:\Users\ADMINI~1\AppData\Local\Temp\32BA7D62-0814-48CD-967F-D1D1A58424BB\MsiProvider.dll. - CDISMProviderStore::Internal_LoadProvider
2017-03-27 12:33:52, Info                  DISM   DISM Provider Store: PID=3892 TID=2196 Encountered a servicing provider, performing additional servicing initializations. - CDISMProviderStore::Internal_LoadProvider
2017-03-27 12:33:52, Info                  DISM   DISM Provider Store: PID=3892 TID=2196 Provider has not previously been encountered.  Attempting to initialize the provider. - CDISMProviderStore::Internal_GetProvider
2017-03-27 12:33:52, Info                  DISM   DISM Provider Store: PID=3892 TID=2196 Loading Provider from location C:\Users\ADMINI~1\AppData\Local\Temp\32BA7D62-0814-48CD-967F-D1D1A58424BB\IntlProvider.dll - CDISMProviderStore::Internal_GetProvider
2017-03-27 12:33:52, Info                  DISM   DISM Provider Store: PID=3892 TID=2196 Connecting to the provider located at C:\Users\ADMINI~1\AppData\Local\Temp\32BA7D62-0814-48CD-967F-D1D1A58424BB\IntlProvider.dll. - CDISMProviderStore::Internal_LoadProvider
2017-03-27 12:33:52, Info                  DISM   DISM Provider Store: PID=3892 TID=2196 Encountered a servicing provider, performing additional servicing initializations. - CDISMProviderStore::Internal_LoadProvider
2017-03-27 12:33:52, Info                  DISM   DISM Provider Store: PID=3892 TID=2196 Provider has not previously been encountered.  Attempting to initialize the provider. - CDISMProviderStore::Internal_GetProvider
2017-03-27 12:33:52, Info                  DISM   DISM Provider Store: PID=3892 TID=2196 Loading Provider from location C:\Users\ADMINI~1\AppData\Local\Temp\32BA7D62-0814-48CD-967F-D1D1A58424BB\IBSProvider.dll - CDISMProviderStore::Internal_GetProvider
2017-03-27 12:33:52, Info                  DISM   DISM Provider Store: PID=3892 TID=2196 Connecting to the provider located at C:\Users\ADMINI~1\AppData\Local\Temp\32BA7D62-0814-48CD-967F-D1D1A58424BB\IBSProvider.dll. - CDISMProviderStore::Internal_LoadProvider
2017-03-27 12:33:52, Info                  DISM   DISM Provider Store: PID=3892 TID=2196 Encountered a servicing provider, performing additional servicing initializations. - CDISMProviderStore::Internal_LoadProvider
2017-03-27 12:33:52, Info                  DISM   DISM Provider Store: PID=3892 TID=2196 Provider has not previously been encountered.  Attempting to initialize the provider. - CDISMProviderStore::Internal_GetProvider
2017-03-27 12:33:52, Info                  DISM   DISM Provider Store: PID=3892 TID=2196 Loading Provider from location C:\Users\ADMINI~1\AppData\Local\Temp\32BA7D62-0814-48CD-967F-D1D1A58424BB\DmiProvider.dll - CDISMProviderStore::Internal_GetProvider
2017-03-27 12:33:52, Info                  DISM   DISM Provider Store: PID=3892 TID=2196 Connecting to the provider located at C:\Users\ADMINI~1\AppData\Local\Temp\32BA7D62-0814-48CD-967F-D1D1A58424BB\DmiProvider.dll. - CDISMProviderStore::Internal_LoadProvider
2017-03-27 12:33:52, Info                  DISM   DISM Provider Store: PID=3892 TID=2196 Encountered a servicing provider, performing additional servicing initializations. - CDISMProviderStore::Internal_LoadProvider
2017-03-27 12:33:52, Info                  DISM   DISM OS Provider: PID=3892 TID=2196 Successfully loaded the hive. - CDISMOSServiceManager::DetermineBootDrive
2017-03-27 12:33:52, Info                  DISM   DISM Driver Manager: PID=3892 TID=2196 Further logs for driver related operations can be found in the target operating system at %WINDIR%\inf\setupapi.offline.log - CDriverManager::Initialize
2017-03-27 12:33:52, Info                  DISM   DISM Provider Store: PID=3892 TID=2196 Provider has not previously been encountered.  Attempting to initialize the provider. - CDISMProviderStore::Internal_GetProvider
2017-03-27 12:33:52, Info                  DISM   DISM Provider Store: PID=3892 TID=2196 Loading Provider from location C:\Users\ADMINI~1\AppData\Local\Temp\32BA7D62-0814-48CD-967F-D1D1A58424BB\UnattendProvider.dll - CDISMProviderStore::Internal_GetProvider
2017-03-27 12:33:52, Info                  DISM   DISM Provider Store: PID=3892 TID=2196 Connecting to the provider located at C:\Users\ADMINI~1\AppData\Local\Temp\32BA7D62-0814-48CD-967F-D1D1A58424BB\UnattendProvider.dll. - CDISMProviderStore::Internal_LoadProvider
2017-03-27 12:33:52, Info                  DISM   DISM Provider Store: PID=3892 TID=2196 Encountered a servicing provider, performing additional servicing initializations. - CDISMProviderStore::Internal_LoadProvider
2017-03-27 12:33:52, Info                  DISM   DISM Provider Store: PID=3892 TID=2196 Provider has not previously been encountered.  Attempting to initialize the provider. - CDISMProviderStore::Internal_GetProvider
2017-03-27 12:33:52, Info                  DISM   DISM Provider Store: PID=3892 TID=2196 Loading Provider from location C:\Users\ADMINI~1\AppData\Local\Temp\32BA7D62-0814-48CD-967F-D1D1A58424BB\SmiProvider.dll - CDISMProviderStore::Internal_GetProvider
2017-03-27 12:33:52, Info                  DISM   DISM Provider Store: PID=3892 TID=2196 Connecting to the provider located at C:\Users\ADMINI~1\AppData\Local\Temp\32BA7D62-0814-48CD-967F-D1D1A58424BB\SmiProvider.dll. - CDISMProviderStore::Internal_LoadProvider
2017-03-27 12:33:52, Info                  DISM   DISM Provider Store: PID=3892 TID=2196 Encountered a servicing provider, performing additional servicing initializations. - CDISMProviderStore::Internal_LoadProvider
2017-03-27 12:33:52, Info                  DISM   DISM Provider Store: PID=3892 TID=2196 Provider has not previously been encountered.  Attempting to initialize the provider. - CDISMProviderStore::Internal_GetProvider
2017-03-27 12:33:52, Info                  DISM   DISM Provider Store: PID=3892 TID=2196 Loading Provider from location C:\Users\ADMINI~1\AppData\Local\Temp\32BA7D62-0814-48CD-967F-D1D1A58424BB\EmbeddedProvider.dll - CDISMProviderStore::Internal_GetProvider
2017-03-27 12:33:52, Warning               DISM   DISM Provider Store: PID=3892 TID=2196 Failed to Load the provider: C:\Users\ADMINI~1\AppData\Local\Temp\32BA7D62-0814-48CD-967F-D1D1A58424BB\EmbeddedProvider.dll. - CDISMProviderStore::Internal_GetProvider(hr:0x8007007e)
2017-03-27 12:33:52, Info                  DISM   DISM Provider Store: PID=3892 TID=2196 Provider has not previously been encountered.  Attempting to initialize the provider. - CDISMProviderStore::Internal_GetProvider
2017-03-27 12:33:52, Info                  DISM   DISM Provider Store: PID=3892 TID=2196 Loading Provider from location C:\Users\ADMINI~1\AppData\Local\Temp\32BA7D62-0814-48CD-967F-D1D1A58424BB\AppxProvider.dll - CDISMProviderStore::Internal_GetProvider
2017-03-27 12:33:52, Info                  DISM   DISM Provider Store: PID=3892 TID=2196 Connecting to the provider located at C:\Users\ADMINI~1\AppData\Local\Temp\32BA7D62-0814-48CD-967F-D1D1A58424BB\AppxProvider.dll. - CDISMProviderStore::Internal_LoadProvider
2017-03-27 12:33:52, Info                  DISM   DISM Provider Store: PID=3892 TID=2196 Encountered a servicing provider, performing additional servicing initializations. - CDISMProviderStore::Internal_LoadProvider
2017-03-27 12:33:52, Info                  DISM   DISM Provider Store: PID=3892 TID=2196 Provider has not previously been encountered.  Attempting to initialize the provider. - CDISMProviderStore::Internal_GetProvider
2017-03-27 12:33:52, Info                  DISM   DISM Provider Store: PID=3892 TID=2196 Loading Provider from location C:\Users\ADMINI~1\AppData\Local\Temp\32BA7D62-0814-48CD-967F-D1D1A58424BB\ProvProvider.dll - CDISMProviderStore::Internal_GetProvider
2017-03-27 12:33:52, Info                  DISM   DISM Provider Store: PID=3892 TID=2196 Connecting to the provider located at C:\Users\ADMINI~1\AppData\Local\Temp\32BA7D62-0814-48CD-967F-D1D1A58424BB\ProvProvider.dll. - CDISMProviderStore::Internal_LoadProvider
2017-03-27 12:33:52, Info                  DISM   DISM Provider Store: PID=3892 TID=2196 Encountered a servicing provider, performing additional servicing initializations. - CDISMProviderStore::Internal_LoadProvider
2017-03-27 12:33:52, Info                  DISM   DISM Provider Store: PID=3892 TID=2196 Provider has not previously been encountered.  Attempting to initialize the provider. - CDISMProviderStore::Internal_GetProvider
2017-03-27 12:33:52, Info                  DISM   DISM Provider Store: PID=3892 TID=2196 Loading Provider from location C:\Users\ADMINI~1\AppData\Local\Temp\32BA7D62-0814-48CD-967F-D1D1A58424BB\AssocProvider.dll - CDISMProviderStore::Internal_GetProvider
2017-03-27 12:33:52, Info                  DISM   DISM Provider Store: PID=3892 TID=2196 Connecting to the provider located at C:\Users\ADMINI~1\AppData\Local\Temp\32BA7D62-0814-48CD-967F-D1D1A58424BB\AssocProvider.dll. - CDISMProviderStore::Internal_LoadProvider
2017-03-27 12:33:52, Info                  DISM   DISM Provider Store: PID=3892 TID=2196 Encountered a servicing provider, performing additional servicing initializations. - CDISMProviderStore::Internal_LoadProvider
2017-03-27 12:33:52, Info                  DISM   DISM Provider Store: PID=3892 TID=2196 Provider has not previously been encountered.  Attempting to initialize the provider. - CDISMProviderStore::Internal_GetProvider
2017-03-27 12:33:52, Info                  DISM   DISM Provider Store: PID=3892 TID=2196 Loading Provider from location C:\Users\ADMINI~1\AppData\Local\Temp\32BA7D62-0814-48CD-967F-D1D1A58424BB\GenericProvider.dll - CDISMProviderStore::Internal_GetProvider
2017-03-27 12:33:52, Info                  DISM   DISM Provider Store: PID=3892 TID=2196 Connecting to the provider located at C:\Users\ADMINI~1\AppData\Local\Temp\32BA7D62-0814-48CD-967F-D1D1A58424BB\GenericProvider.dll. - CDISMProviderStore::Internal_LoadProvider
2017-03-27 12:33:52, Info                  DISM   DISM Provider Store: PID=3892 TID=2196 Encountered a servicing provider, performing additional servicing initializations. - CDISMProviderStore::Internal_LoadProvider
2017-03-27 12:33:52, Info                  DISM   DISM Provider Store: PID=3892 TID=2196 Provider has not previously been encountered.  Attempting to initialize the provider. - CDISMProviderStore::Internal_GetProvider
2017-03-27 12:33:52, Info                  DISM   DISM Provider Store: PID=3892 TID=2196 Loading Provider from location C:\Users\ADMINI~1\AppData\Local\Temp\32BA7D62-0814-48CD-967F-D1D1A58424BB\OfflineSetupProvider.dll - CDISMProviderStore::Internal_GetProvider
2017-03-27 12:33:52, Info                  DISM   DISM Provider Store: PID=3892 TID=2196 Connecting to the provider located at C:\Users\ADMINI~1\AppData\Local\Temp\32BA7D62-0814-48CD-967F-D1D1A58424BB\OfflineSetupProvider.dll. - CDISMProviderStore::Internal_LoadProvider
2017-03-27 12:33:52, Info                  DISM   DISM Provider Store: PID=3892 TID=2196 Encountered a servicing provider, performing additional servicing initializations. - CDISMProviderStore::Internal_LoadProvider
2017-03-27 12:33:52, Info                  DISM   DISM Provider Store: PID=3892 TID=2196 Provider has not previously been encountered.  Attempting to initialize the provider. - CDISMProviderStore::Internal_GetProvider
2017-03-27 12:33:52, Info                  DISM   DISM Provider Store: PID=3892 TID=2196 Loading Provider from location C:\Users\ADMINI~1\AppData\Local\Temp\32BA7D62-0814-48CD-967F-D1D1A58424BB\TransmogProvider.dll - CDISMProviderStore::Internal_GetProvider
2017-03-27 12:33:52, Info                  DISM   DISM Provider Store: PID=3892 TID=2196 Connecting to the provider located at C:\Users\ADMINI~1\AppData\Local\Temp\32BA7D62-0814-48CD-967F-D1D1A58424BB\TransmogProvider.dll. - CDISMProviderStore::Internal_LoadProvider
2017-03-27 12:33:52, Info                  DISM   DISM Provider Store: PID=3892 TID=2196 Encountered a servicing provider, performing additional servicing initializations. - CDISMProviderStore::Internal_LoadProvider
2017-03-27 12:33:52, Info                  DISM   DISM Transmog Provider: PID=3892 TID=2196 Current image session is [ONLINE] - CTransmogManager::GetMode
2017-03-27 12:33:52, Info                  DISM   DISM Transmog Provider: PID=3892 TID=2196 Audit Mode: [Yes] - CTransmogManager::Initialize
2017-03-27 12:33:52, Info                  DISM   DISM Transmog Provider: PID=3892 TID=2196 GetProductType: ProductType = [WinNT] - CTransmogManager::GetProductType
2017-03-27 12:33:52, Info                  DISM   DISM Transmog Provider: PID=3892 TID=2196 Product Type: [WinNT] - CTransmogManager::Initialize
2017-03-27 12:33:52, Info                  DISM   DISM Transmog Provider: PID=3892 TID=2196 Product Type ServerNT : [No] - CTransmogManager::Initialize
2017-03-27 12:33:52, Info                  DISM   DISM.EXE: Got the collection of providers. Now enumerating them to build the command table.
2017-03-27 12:33:52, Info                  DISM   DISM.EXE: Attempting to add the commands from provider: DISM Log Provider
2017-03-27 12:33:52, Info                  DISM   DISM.EXE: Attempting to add the commands from provider: OSServices
2017-03-27 12:33:52, Info                  DISM   DISM.EXE: Attempting to add the commands from provider: DISM Package Manager
2017-03-27 12:33:52, Info                  DISM   DISM.EXE: Succesfully registered commands for the provider: DISM Package Manager.
2017-03-27 12:33:52, Info                  DISM   DISM.EXE: Attempting to add the commands from provider: MsiManager
2017-03-27 12:33:52, Info                  DISM   DISM.EXE: Succesfully registered commands for the provider: MsiManager.
2017-03-27 12:33:52, Info                  DISM   DISM.EXE: Attempting to add the commands from provider: IntlManager
2017-03-27 12:33:52, Info                  DISM   DISM.EXE: Succesfully registered commands for the provider: IntlManager.
2017-03-27 12:33:52, Info                  DISM   DISM.EXE: Attempting to add the commands from provider: IBSManager
2017-03-27 12:33:52, Info                  DISM   DISM.EXE: Attempting to add the commands from provider: DriverManager
2017-03-27 12:33:52, Info                  DISM   DISM.EXE: Succesfully registered commands for the provider: DriverManager.
2017-03-27 12:33:52, Info                  DISM   DISM.EXE: Attempting to add the commands from provider: DISM Unattend Manager
2017-03-27 12:33:52, Info                  DISM   DISM.EXE: Succesfully registered commands for the provider: DISM Unattend Manager.
2017-03-27 12:33:52, Info                  DISM   DISM.EXE: Attempting to add the commands from provider: SmiManager
2017-03-27 12:33:52, Info                  DISM   DISM.EXE: Attempting to add the commands from provider: AppxManager
2017-03-27 12:33:52, Info                  DISM   DISM.EXE: Succesfully registered commands for the provider: AppxManager.
2017-03-27 12:33:52, Info                  DISM   DISM.EXE: Attempting to add the commands from provider: ProvManager
2017-03-27 12:33:52, Info                  DISM   DISM.EXE: Succesfully registered commands for the provider: ProvManager.
2017-03-27 12:33:52, Info                  DISM   DISM.EXE: Attempting to add the commands from provider: AssocManager
2017-03-27 12:33:52, Info                  DISM   DISM.EXE: Succesfully registered commands for the provider: AssocManager.
2017-03-27 12:33:52, Info                  DISM   DISM.EXE: Attempting to add the commands from provider: GenericManager
2017-03-27 12:33:52, Info                  DISM   DISM.EXE: Succesfully registered commands for the provider: GenericManager.
2017-03-27 12:33:52, Info                  DISM   DISM.EXE: Attempting to add the commands from provider: OfflineSetupManager
2017-03-27 12:33:52, Info                  DISM   DISM.EXE: Succesfully registered commands for the provider: OfflineSetupManager.
2017-03-27 12:33:52, Info                  DISM   DISM.EXE: Attempting to add the commands from provider: Edition Manager
2017-03-27 12:33:52, Info                  DISM   DISM.EXE: Succesfully registered commands for the provider: Edition Manager.
2017-03-27 12:33:52, Info                  DISM   DISM Provider Store: PID=3892 TID=2196 Getting Provider AppxManager - CDISMProviderStore::GetProvider
2017-03-27 12:33:52, Info                  DISM   DISM Provider Store: PID=3892 TID=2196 Provider has previously been initialized.  Returning the existing instance. - CDISMProviderStore::Internal_GetProvider
2017-03-27 12:33:52, Info                  DISM   DISM Provider Store: PID=3892 TID=2196 Found the OSServices.  Waiting to finalize it until all other providers are unloaded. - CDISMProviderStore::Final_OnDisconnect
2017-03-27 12:33:52, Info                  DISM   DISM Provider Store: PID=3892 TID=2196 Found the OSServices.  Waiting to finalize it until all other providers are unloaded. - CDISMProviderStore::Final_OnDisconnect
2017-03-27 12:33:52, Info                  DISM   DISM Provider Store: PID=3892 TID=2196 Found the PE Provider.  Waiting to finalize it until all other providers are unloaded. - CDISMProviderStore::Final_OnDisconnect
2017-03-27 12:33:52, Info                  DISM   DISM Provider Store: PID=3892 TID=2196 Finalizing the servicing provider(DISM Package Manager) - CDISMProviderStore::Internal_DisconnectProvider
2017-03-27 12:33:52, Info                  DISM   DISM Package Manager: PID=3892 TID=2196 Finalizing CBS core. - CDISMPackageManager::Finalize
2017-03-27 12:33:52, Info                  DISM   DISM Provider Store: PID=3892 TID=2196 Disconnecting Provider: DISM Package Manager - CDISMProviderStore::Internal_DisconnectProvider
2017-03-27 12:33:52, Info                  DISM   DISM Provider Store: PID=3892 TID=2196 Finalizing the servicing provider(MsiManager) - CDISMProviderStore::Internal_DisconnectProvider
2017-03-27 12:33:52, Info                  DISM   DISM Provider Store: PID=3892 TID=2196 Disconnecting Provider: MsiManager - CDISMProviderStore::Internal_DisconnectProvider
2017-03-27 12:33:52, Info                  DISM   DISM Provider Store: PID=3892 TID=2196 Finalizing the servicing provider(IntlManager) - CDISMProviderStore::Internal_DisconnectProvider
2017-03-27 12:33:52, Info                  DISM   DISM Provider Store: PID=3892 TID=2196 Disconnecting Provider: IntlManager - CDISMProviderStore::Internal_DisconnectProvider
2017-03-27 12:33:52, Info                  DISM   DISM Provider Store: PID=3892 TID=2196 Finalizing the servicing provider(IBSManager) - CDISMProviderStore::Internal_DisconnectProvider
2017-03-27 12:33:52, Info                  DISM   DISM Provider Store: PID=3892 TID=2196 Disconnecting Provider: IBSManager - CDISMProviderStore::Internal_DisconnectProvider
2017-03-27 12:33:52, Info                  DISM   DISM Provider Store: PID=3892 TID=2196 Finalizing the servicing provider(DriverManager) - CDISMProviderStore::Internal_DisconnectProvider
2017-03-27 12:33:52, Info                  DISM   DISM Provider Store: PID=3892 TID=2196 Disconnecting Provider: DriverManager - CDISMProviderStore::Internal_DisconnectProvider
2017-03-27 12:33:52, Info                  DISM   DISM Provider Store: PID=3892 TID=2196 Finalizing the servicing provider(DISM Unattend Manager) - CDISMProviderStore::Internal_DisconnectProvider
2017-03-27 12:33:52, Info                  DISM   DISM Provider Store: PID=3892 TID=2196 Disconnecting Provider: DISM Unattend Manager - CDISMProviderStore::Internal_DisconnectProvider
2017-03-27 12:33:52, Info                  DISM   DISM Provider Store: PID=3892 TID=2196 Finalizing the servicing provider(SmiManager) - CDISMProviderStore::Internal_DisconnectProvider
2017-03-27 12:33:52, Info                  DISM   DISM Provider Store: PID=3892 TID=2196 Disconnecting Provider: SmiManager - CDISMProviderStore::Internal_DisconnectProvider
2017-03-27 12:33:52, Info                  DISM   DISM Provider Store: PID=3892 TID=2196 Finalizing the servicing provider(AppxManager) - CDISMProviderStore::Internal_DisconnectProvider
2017-03-27 12:33:52, Info                  DISM   DISM Provider Store: PID=3892 TID=2196 Disconnecting Provider: AppxManager - CDISMProviderStore::Internal_DisconnectProvider
2017-03-27 12:33:52, Info                  DISM   DISM Provider Store: PID=3892 TID=2196 Finalizing the servicing provider(ProvManager) - CDISMProviderStore::Internal_DisconnectProvider
2017-03-27 12:33:52, Info                  DISM   DISM Provider Store: PID=3892 TID=2196 Disconnecting Provider: ProvManager - CDISMProviderStore::Internal_DisconnectProvider
2017-03-27 12:33:52, Info                  DISM   DISM Provider Store: PID=3892 TID=2196 Finalizing the servicing provider(AssocManager) - CDISMProviderStore::Internal_DisconnectProvider
2017-03-27 12:33:52, Info                  DISM   DISM Provider Store: PID=3892 TID=2196 Disconnecting Provider: AssocManager - CDISMProviderStore::Internal_DisconnectProvider
2017-03-27 12:33:52, Info                  DISM   DISM Provider Store: PID=3892 TID=2196 Finalizing the servicing provider(GenericManager) - CDISMProviderStore::Internal_DisconnectProvider
2017-03-27 12:33:52, Info                  DISM   DISM Provider Store: PID=3892 TID=2196 Disconnecting Provider: GenericManager - CDISMProviderStore::Internal_DisconnectProvider
2017-03-27 12:33:52, Info                  DISM   DISM Provider Store: PID=3892 TID=2196 Finalizing the servicing provider(OfflineSetupManager) - CDISMProviderStore::Internal_DisconnectProvider
2017-03-27 12:33:52, Info                  DISM   DISM Provider Store: PID=3892 TID=2196 Disconnecting Provider: OfflineSetupManager - CDISMProviderStore::Internal_DisconnectProvider
2017-03-27 12:33:52, Info                  DISM   DISM Provider Store: PID=3892 TID=2196 Finalizing the servicing provider(Edition Manager) - CDISMProviderStore::Internal_DisconnectProvider
2017-03-27 12:33:52, Info                  DISM   DISM Provider Store: PID=3892 TID=2196 Disconnecting Provider: Edition Manager - CDISMProviderStore::Internal_DisconnectProvider
2017-03-27 12:33:52, Info                  DISM   DISM Provider Store: PID=3892 TID=2196 Releasing the local reference to OSServices. - CDISMProviderStore::Internal_DisconnectProvider
2017-03-27 12:33:52, Info                  DISM   DISM Provider Store: PID=3892 TID=2196 Disconnecting Provider: OSServices - CDISMProviderStore::Internal_DisconnectProvider
2017-03-27 12:33:52, Info                  DISM   DISM Provider Store: PID=3892 TID=2196 Releasing the local reference to DISMLogger.  Stop logging. - CDISMProviderStore::Internal_DisconnectProvider
2017-03-27 12:33:52, Info                  DISM   DISM Manager: PID=364 TID=4176 Closing session event handle 0x170 - CDISMManager::CloseImageSession
2017-03-27 12:33:52, Info                  DISM   DISM.EXE: Image session has been closed. Reboot required=no.
2017-03-27 12:33:52, Info                  DISM   DISM.EXE: 
2017-03-27 12:33:52, Info                  DISM   DISM.EXE: <----- Ending Dism.exe session ----->
2017-03-27 12:33:52, Info                  DISM   DISM.EXE: 
2017-03-27 12:33:52, Info                  DISM   DISM Provider Store: PID=364 TID=4176 Found the OSServices.  Waiting to finalize it until all other providers are unloaded. - CDISMProviderStore::Final_OnDisconnect
2017-03-27 12:33:52, Info                  DISM   DISM Provider Store: PID=364 TID=4176 Disconnecting Provider: FolderManager - CDISMProviderStore::Internal_DisconnectProvider
2017-03-27 12:33:52, Info                  DISM   DISM Provider Store: PID=364 TID=4176 Releasing the local reference to DISMLogger.  Stop logging. - CDISMProviderStore::Internal_DisconnectProvider
