2017-03-27 12:31:18, Info                  DISM   PID=4780 TID=4768 Scratch directory set to 'C:\Users\ADMINI~1\AppData\Local\Temp\'. - CDISMManager::put_ScratchDir
2017-03-27 12:31:18, Info                  DISM   PID=4780 TID=4768 DismCore.dll version: 10.0.14393.0 - CDISMManager::FinalConstruct
2017-03-27 12:31:18, Info                  DISM   PID=4780 TID=4768 Scratch directory set to 'C:\Sandbox'. - CDISMManager::put_ScratchDir
2017-03-27 12:31:18, Info                  DISM   Try to initialize Panther logging 1 times, last error: 0x0
2017-03-27 12:31:18, Info                  DISM   PID=4780 TID=4768 Successfully loaded the ImageSession at "C:\windows\System32\Dism" - CDISMManager::LoadLocalImageSession
2017-03-27 12:31:18, Info                  DISM   Try to initialize Panther logging 1 times, last error: 0x0
2017-03-27 12:31:18, Info                  DISM   DISM Provider Store: PID=4780 TID=4768 Found and Initialized the DISM Logger. - CDISMProviderStore::Internal_InitializeLogger
2017-03-27 12:31:18, Info                  DISM   DISM Provider Store: PID=4780 TID=4768 Failed to get and initialize the PE Provider.  Continuing by assuming that it is not a WinPE image. - CDISMProviderStore::Final_OnConnect
2017-03-27 12:31:18, Info                  DISM   DISM Provider Store: PID=4780 TID=4768 Finished initializing the Provider Map. - CDISMProviderStore::Final_OnConnect
2017-03-27 12:31:18, Info                  DISM   DISM Provider Store: PID=4780 TID=4768 Getting Provider DISMLogger - CDISMProviderStore::GetProvider
2017-03-27 12:31:18, Info                  DISM   DISM Provider Store: PID=4780 TID=4768 Provider has previously been initialized.  Returning the existing instance. - CDISMProviderStore::Internal_GetProvider
2017-03-27 12:31:18, Info                  DISM   Try to initialize Panther logging 1 times, last error: 0x0
2017-03-27 12:31:18, Info                  DISM   DISM Provider Store: PID=4780 TID=4768 Getting Provider DISMLogger - CDISMProviderStore::GetProvider
2017-03-27 12:31:18, Info                  DISM   DISM Provider Store: PID=4780 TID=4768 Provider has previously been initialized.  Returning the existing instance. - CDISMProviderStore::Internal_GetProvider
2017-03-27 12:31:18, Info                  DISM   DISM Manager: PID=4780 TID=4768 Successfully created the local image session and provider store. - CDISMManager::CreateLocalImageSession
2017-03-27 12:31:18, Info                  DISM   DISM Provider Store: PID=4780 TID=4768 Getting Provider DISMLogger - CDISMProviderStore::GetProvider
2017-03-27 12:31:18, Info                  DISM   DISM Provider Store: PID=4780 TID=4768 Provider has previously been initialized.  Returning the existing instance. - CDISMProviderStore::Internal_GetProvider
2017-03-27 12:31:18, Info                  DISM   DISM.EXE: 
2017-03-27 12:31:18, Info                  DISM   DISM.EXE: <----- Starting Dism.exe session ----->
2017-03-27 12:31:18, Info                  DISM   DISM.EXE: 
2017-03-27 12:31:18, Info                  DISM   DISM.EXE: Host machine information: OS Version=10.0.14393, Running architecture=amd64, Number of processors=4
2017-03-27 12:31:18, Info                  DISM   DISM.EXE: Dism.exe version: 10.0.14393.0
2017-03-27 12:31:18, Info                  DISM   DISM.EXE: Executing command line: DISM.exe  /ONLINE /Add-ProvisionedAppxPackage /ScratchDir:"C:\Sandbox" /PackagePath:Microsoft.MicrosoftOfficeHub_8wekyb3d8bbwe.appxbundle /DependencyPackagePath:Microsoft.VCLibs.x86.14.00.appx /DependencyPackagePath:Microsoft.VCLibs.x64.14.00.appx /licensepath:Microsoft.MicrosoftOfficeHub_8wekyb3d8bbwe.xml /logpath:C:\System.sav\Logs\QFEOff\officehubim.log
2017-03-27 12:31:18, Info                  DISM   DISM Provider Store: PID=4780 TID=4768 Getting Provider FolderManager - CDISMProviderStore::GetProvider
2017-03-27 12:31:18, Info                  DISM   DISM Provider Store: PID=4780 TID=4768 Provider has not previously been encountered.  Attempting to initialize the provider. - CDISMProviderStore::Internal_GetProvider
2017-03-27 12:31:18, Info                  DISM   DISM Provider Store: PID=4780 TID=4768 Loading Provider from location C:\windows\System32\Dism\FolderProvider.dll - CDISMProviderStore::Internal_GetProvider
2017-03-27 12:31:18, Info                  DISM   DISM Provider Store: PID=4780 TID=4768 Connecting to the provider located at C:\windows\System32\Dism\FolderProvider.dll. - CDISMProviderStore::Internal_LoadProvider
2017-03-27 12:31:18, Info                  DISM   DISM Manager: PID=4780 TID=4768 physical location path: C:\ - CDISMManager::CreateImageSession
2017-03-27 12:31:18, Info                  DISM   DISM Manager: PID=4780 TID=4768 Event name for current DISM session is Global\{EAC58124-70EE-4FE3-8030-E11DAA417539} - CDISMManager::CheckSessionAndLock
2017-03-27 12:31:18, Info                  DISM   DISM Manager: PID=4780 TID=4768 Create session event 0x174 for current DISM session and event name is Global\{EAC58124-70EE-4FE3-8030-E11DAA417539}  - CDISMManager::CheckSessionAndLock
2017-03-27 12:31:18, Info                  DISM   DISM Manager: PID=4780 TID=4768 Copying DISM from "C:\windows\System32\Dism" - CDISMManager::CreateImageSessionFromLocation
2017-03-27 12:31:18, Info                  DISM   DISM Manager: PID=4780 TID=4768 Successfully loaded the ImageSession at "C:\Sandbox\A8150DA0-8E68-4CB9-8066-713AFDCE31E8" - CDISMManager::LoadRemoteImageSession
2017-03-27 12:31:18, Info                  DISM   DISM Image Session: PID=4184 TID=548 Instantiating the Provider Store. - CDISMImageSession::get_ProviderStore
2017-03-27 12:31:18, Info                  DISM   DISM Provider Store: PID=4184 TID=548 Initializing a provider store for the IMAGE session type. - CDISMProviderStore::Final_OnConnect
2017-03-27 12:31:18, Info                  DISM   DISM Provider Store: PID=4184 TID=548 Provider has not previously been encountered.  Attempting to initialize the provider. - CDISMProviderStore::Internal_GetProvider
2017-03-27 12:31:18, Info                  DISM   DISM Provider Store: PID=4184 TID=548 Loading Provider from location C:\Sandbox\A8150DA0-8E68-4CB9-8066-713AFDCE31E8\OSProvider.dll - CDISMProviderStore::Internal_GetProvider
2017-03-27 12:31:18, Info                  DISM   DISM Provider Store: PID=4184 TID=548 Connecting to the provider located at C:\Sandbox\A8150DA0-8E68-4CB9-8066-713AFDCE31E8\OSProvider.dll. - CDISMProviderStore::Internal_LoadProvider
2017-03-27 12:31:18, Info                  DISM   DISM OS Provider: PID=4184 TID=548 Defaulting SystemPath to C:\ - CDISMOSServiceManager::Final_OnConnect
2017-03-27 12:31:18, Info                  DISM   DISM OS Provider: PID=4184 TID=548 Defaulting Windows folder to C:\Windows - CDISMOSServiceManager::Final_OnConnect
2017-03-27 12:31:18, Info                  DISM   DISM OS Provider: PID=4184 TID=548 Host OS verion is 10.0 - CDISMOSServiceManager::SetDllSearchPath
2017-03-27 12:31:18, Warning               DISM   DISM OS Provider: PID=4184 TID=548 Unable to set the DLL search path to the servicing stack folder. C:\Windows may not point to a valid Windows folder. - CDISMOSServiceManager::Final_OnConnect
2017-03-27 12:31:18, Info                  DISM   DISM Provider Store: PID=4184 TID=548 Attempting to initialize the logger from the Image Session. - CDISMProviderStore::Final_OnConnect
2017-03-27 12:31:18, Info                  DISM   DISM Provider Store: PID=4184 TID=548 Provider has not previously been encountered.  Attempting to initialize the provider. - CDISMProviderStore::Internal_GetProvider
2017-03-27 12:31:18, Info                  DISM   DISM Provider Store: PID=4184 TID=548 Loading Provider from location C:\Sandbox\A8150DA0-8E68-4CB9-8066-713AFDCE31E8\LogProvider.dll - CDISMProviderStore::Internal_GetProvider
2017-03-27 12:31:18, Info                  DISM   DISM Provider Store: PID=4184 TID=548 Connecting to the provider located at C:\Sandbox\A8150DA0-8E68-4CB9-8066-713AFDCE31E8\LogProvider.dll. - CDISMProviderStore::Internal_LoadProvider
2017-03-27 12:31:18, Info                  DISM   Try to initialize Panther logging 1 times, last error: 0x0
2017-03-27 12:31:18, Info                  DISM   DISM Provider Store: PID=4184 TID=548 Found and Initialized the DISM Logger. - CDISMProviderStore::Internal_InitializeLogger
2017-03-27 12:31:18, Info                  DISM   DISM Provider Store: PID=4184 TID=548 Provider has not previously been encountered.  Attempting to initialize the provider. - CDISMProviderStore::Internal_GetProvider
2017-03-27 12:31:18, Info                  DISM   DISM Provider Store: PID=4184 TID=548 Loading Provider from location C:\Sandbox\A8150DA0-8E68-4CB9-8066-713AFDCE31E8\PEProvider.dll - CDISMProviderStore::Internal_GetProvider
2017-03-27 12:31:18, Warning               DISM   DISM Provider Store: PID=4184 TID=548 Failed to Load the provider: C:\Sandbox\A8150DA0-8E68-4CB9-8066-713AFDCE31E8\PEProvider.dll. - CDISMProviderStore::Internal_GetProvider(hr:0x8007007e)
2017-03-27 12:31:18, Info                  DISM   DISM Provider Store: PID=4184 TID=548 Failed to get and initialize the PE Provider.  Continuing by assuming that it is not a WinPE image. - CDISMProviderStore::Final_OnConnect
2017-03-27 12:31:18, Info                  DISM   DISM Provider Store: PID=4184 TID=548 Finished initializing the Provider Map. - CDISMProviderStore::Final_OnConnect
2017-03-27 12:31:18, Info                  DISM   DISM Provider Store: PID=4184 TID=548 Getting Provider DISMLogger - CDISMProviderStore::GetProvider
2017-03-27 12:31:18, Info                  DISM   DISM Provider Store: PID=4184 TID=548 Provider has previously been initialized.  Returning the existing instance. - CDISMProviderStore::Internal_GetProvider
2017-03-27 12:31:18, Info                  DISM   Try to initialize Panther logging 1 times, last error: 0x0
2017-03-27 12:31:18, Info                  DISM   Try to initialize Panther logging 1 times, last error: 0x0
2017-03-27 12:31:18, Info                  DISM   DISM Manager: PID=4780 TID=4768 Image session successfully loaded from the temporary location: C:\Sandbox\A8150DA0-8E68-4CB9-8066-713AFDCE31E8 - CDISMManager::CreateImageSession
2017-03-27 12:31:18, Info                  DISM   DISM Provider Store: PID=4184 TID=548 Getting Provider OSServices - CDISMProviderStore::GetProvider
2017-03-27 12:31:18, Info                  DISM   DISM Provider Store: PID=4184 TID=548 Provider has previously been initialized.  Returning the existing instance. - CDISMProviderStore::Internal_GetProvider
2017-03-27 12:31:18, Info                  DISM   DISM.EXE: Target image information: OS Version=10.0.14393.0, Image architecture=amd64
2017-03-27 12:31:18, Info                  DISM   DISM Provider Store: PID=4184 TID=548 Getting the collection of providers from an image provider store type. - CDISMProviderStore::GetProviderCollection
2017-03-27 12:31:18, Info                  DISM   DISM Provider Store: PID=4184 TID=548 Provider has not previously been encountered.  Attempting to initialize the provider. - CDISMProviderStore::Internal_GetProvider
2017-03-27 12:31:18, Info                  DISM   DISM Provider Store: PID=4184 TID=548 Loading Provider from location C:\Sandbox\A8150DA0-8E68-4CB9-8066-713AFDCE31E8\CbsProvider.dll - CDISMProviderStore::Internal_GetProvider
2017-03-27 12:31:18, Info                  DISM   DISM Provider Store: PID=4184 TID=548 Connecting to the provider located at C:\Sandbox\A8150DA0-8E68-4CB9-8066-713AFDCE31E8\CbsProvider.dll. - CDISMProviderStore::Internal_LoadProvider
2017-03-27 12:31:18, Info                  DISM   DISM Provider Store: PID=4184 TID=548 Encountered a servicing provider, performing additional servicing initializations. - CDISMProviderStore::Internal_LoadProvider
2017-03-27 12:31:18, Info                  DISM   DISM Package Manager: PID=4184 TID=548 Finished initializing the CbsConUI Handler. - CCbsConUIHandler::Initialize
2017-03-27 12:31:18, Info                  DISM   DISM Package Manager: PID=4184 TID=548 CBS is being initialized for online use. More information about CBS actions can be located at: %windir%\logs\cbs\cbs.log - CDISMPackageManager::Initialize
2017-03-27 12:31:18, Info                  DISM   DISM Package Manager: PID=4184 TID=548 Loaded servicing stack for online use only. - CDISMPackageManager::RefreshInstanceAndLock
2017-03-27 12:31:18, Info                  DISM   DISM Provider Store: PID=4184 TID=548 Provider has not previously been encountered.  Attempting to initialize the provider. - CDISMProviderStore::Internal_GetProvider
2017-03-27 12:31:18, Info                  DISM   DISM Provider Store: PID=4184 TID=548 Loading Provider from location C:\Sandbox\A8150DA0-8E68-4CB9-8066-713AFDCE31E8\MsiProvider.dll - CDISMProviderStore::Internal_GetProvider
2017-03-27 12:31:18, Info                  DISM   DISM Provider Store: PID=4184 TID=548 Connecting to the provider located at C:\Sandbox\A8150DA0-8E68-4CB9-8066-713AFDCE31E8\MsiProvider.dll. - CDISMProviderStore::Internal_LoadProvider
2017-03-27 12:31:18, Info                  DISM   DISM Provider Store: PID=4184 TID=548 Encountered a servicing provider, performing additional servicing initializations. - CDISMProviderStore::Internal_LoadProvider
2017-03-27 12:31:18, Info                  DISM   DISM Provider Store: PID=4184 TID=548 Provider has not previously been encountered.  Attempting to initialize the provider. - CDISMProviderStore::Internal_GetProvider
2017-03-27 12:31:18, Info                  DISM   DISM Provider Store: PID=4184 TID=548 Loading Provider from location C:\Sandbox\A8150DA0-8E68-4CB9-8066-713AFDCE31E8\IntlProvider.dll - CDISMProviderStore::Internal_GetProvider
2017-03-27 12:31:18, Info                  DISM   DISM Provider Store: PID=4184 TID=548 Connecting to the provider located at C:\Sandbox\A8150DA0-8E68-4CB9-8066-713AFDCE31E8\IntlProvider.dll. - CDISMProviderStore::Internal_LoadProvider
2017-03-27 12:31:18, Info                  DISM   DISM Provider Store: PID=4184 TID=548 Encountered a servicing provider, performing additional servicing initializations. - CDISMProviderStore::Internal_LoadProvider
2017-03-27 12:31:18, Info                  DISM   DISM Provider Store: PID=4184 TID=548 Provider has not previously been encountered.  Attempting to initialize the provider. - CDISMProviderStore::Internal_GetProvider
2017-03-27 12:31:18, Info                  DISM   DISM Provider Store: PID=4184 TID=548 Loading Provider from location C:\Sandbox\A8150DA0-8E68-4CB9-8066-713AFDCE31E8\IBSProvider.dll - CDISMProviderStore::Internal_GetProvider
2017-03-27 12:31:18, Info                  DISM   DISM Provider Store: PID=4184 TID=548 Connecting to the provider located at C:\Sandbox\A8150DA0-8E68-4CB9-8066-713AFDCE31E8\IBSProvider.dll. - CDISMProviderStore::Internal_LoadProvider
2017-03-27 12:31:18, Info                  DISM   DISM Provider Store: PID=4184 TID=548 Encountered a servicing provider, performing additional servicing initializations. - CDISMProviderStore::Internal_LoadProvider
2017-03-27 12:31:18, Info                  DISM   DISM Provider Store: PID=4184 TID=548 Provider has not previously been encountered.  Attempting to initialize the provider. - CDISMProviderStore::Internal_GetProvider
2017-03-27 12:31:18, Info                  DISM   DISM Provider Store: PID=4184 TID=548 Loading Provider from location C:\Sandbox\A8150DA0-8E68-4CB9-8066-713AFDCE31E8\DmiProvider.dll - CDISMProviderStore::Internal_GetProvider
2017-03-27 12:31:18, Info                  DISM   DISM Provider Store: PID=4184 TID=548 Connecting to the provider located at C:\Sandbox\A8150DA0-8E68-4CB9-8066-713AFDCE31E8\DmiProvider.dll. - CDISMProviderStore::Internal_LoadProvider
2017-03-27 12:31:18, Info                  DISM   DISM Provider Store: PID=4184 TID=548 Encountered a servicing provider, performing additional servicing initializations. - CDISMProviderStore::Internal_LoadProvider
2017-03-27 12:31:19, Info                  DISM   DISM OS Provider: PID=4184 TID=548 Successfully loaded the hive. - CDISMOSServiceManager::DetermineBootDrive
2017-03-27 12:31:19, Info                  DISM   DISM Driver Manager: PID=4184 TID=548 Further logs for driver related operations can be found in the target operating system at %WINDIR%\inf\setupapi.offline.log - CDriverManager::Initialize
2017-03-27 12:31:19, Info                  DISM   DISM Provider Store: PID=4184 TID=548 Provider has not previously been encountered.  Attempting to initialize the provider. - CDISMProviderStore::Internal_GetProvider
2017-03-27 12:31:19, Info                  DISM   DISM Provider Store: PID=4184 TID=548 Loading Provider from location C:\Sandbox\A8150DA0-8E68-4CB9-8066-713AFDCE31E8\UnattendProvider.dll - CDISMProviderStore::Internal_GetProvider
2017-03-27 12:31:19, Info                  DISM   DISM Provider Store: PID=4184 TID=548 Connecting to the provider located at C:\Sandbox\A8150DA0-8E68-4CB9-8066-713AFDCE31E8\UnattendProvider.dll. - CDISMProviderStore::Internal_LoadProvider
2017-03-27 12:31:19, Info                  DISM   DISM Provider Store: PID=4184 TID=548 Encountered a servicing provider, performing additional servicing initializations. - CDISMProviderStore::Internal_LoadProvider
2017-03-27 12:31:19, Info                  DISM   DISM Provider Store: PID=4184 TID=548 Provider has not previously been encountered.  Attempting to initialize the provider. - CDISMProviderStore::Internal_GetProvider
2017-03-27 12:31:19, Info                  DISM   DISM Provider Store: PID=4184 TID=548 Loading Provider from location C:\Sandbox\A8150DA0-8E68-4CB9-8066-713AFDCE31E8\SmiProvider.dll - CDISMProviderStore::Internal_GetProvider
2017-03-27 12:31:19, Info                  DISM   DISM Provider Store: PID=4184 TID=548 Connecting to the provider located at C:\Sandbox\A8150DA0-8E68-4CB9-8066-713AFDCE31E8\SmiProvider.dll. - CDISMProviderStore::Internal_LoadProvider
2017-03-27 12:31:19, Info                  DISM   DISM Provider Store: PID=4184 TID=548 Encountered a servicing provider, performing additional servicing initializations. - CDISMProviderStore::Internal_LoadProvider
2017-03-27 12:31:19, Info                  DISM   DISM Provider Store: PID=4184 TID=548 Provider has not previously been encountered.  Attempting to initialize the provider. - CDISMProviderStore::Internal_GetProvider
2017-03-27 12:31:19, Info                  DISM   DISM Provider Store: PID=4184 TID=548 Loading Provider from location C:\Sandbox\A8150DA0-8E68-4CB9-8066-713AFDCE31E8\EmbeddedProvider.dll - CDISMProviderStore::Internal_GetProvider
2017-03-27 12:31:19, Warning               DISM   DISM Provider Store: PID=4184 TID=548 Failed to Load the provider: C:\Sandbox\A8150DA0-8E68-4CB9-8066-713AFDCE31E8\EmbeddedProvider.dll. - CDISMProviderStore::Internal_GetProvider(hr:0x8007007e)
2017-03-27 12:31:19, Info                  DISM   DISM Provider Store: PID=4184 TID=548 Provider has not previously been encountered.  Attempting to initialize the provider. - CDISMProviderStore::Internal_GetProvider
2017-03-27 12:31:19, Info                  DISM   DISM Provider Store: PID=4184 TID=548 Loading Provider from location C:\Sandbox\A8150DA0-8E68-4CB9-8066-713AFDCE31E8\AppxProvider.dll - CDISMProviderStore::Internal_GetProvider
2017-03-27 12:31:19, Info                  DISM   DISM Provider Store: PID=4184 TID=548 Connecting to the provider located at C:\Sandbox\A8150DA0-8E68-4CB9-8066-713AFDCE31E8\AppxProvider.dll. - CDISMProviderStore::Internal_LoadProvider
2017-03-27 12:31:19, Info                  DISM   DISM Provider Store: PID=4184 TID=548 Encountered a servicing provider, performing additional servicing initializations. - CDISMProviderStore::Internal_LoadProvider
2017-03-27 12:31:19, Info                  DISM   DISM Provider Store: PID=4184 TID=548 Provider has not previously been encountered.  Attempting to initialize the provider. - CDISMProviderStore::Internal_GetProvider
2017-03-27 12:31:19, Info                  DISM   DISM Provider Store: PID=4184 TID=548 Loading Provider from location C:\Sandbox\A8150DA0-8E68-4CB9-8066-713AFDCE31E8\ProvProvider.dll - CDISMProviderStore::Internal_GetProvider
2017-03-27 12:31:19, Info                  DISM   DISM Provider Store: PID=4184 TID=548 Connecting to the provider located at C:\Sandbox\A8150DA0-8E68-4CB9-8066-713AFDCE31E8\ProvProvider.dll. - CDISMProviderStore::Internal_LoadProvider
2017-03-27 12:31:19, Info                  DISM   DISM Provider Store: PID=4184 TID=548 Encountered a servicing provider, performing additional servicing initializations. - CDISMProviderStore::Internal_LoadProvider
2017-03-27 12:31:19, Info                  DISM   DISM Provider Store: PID=4184 TID=548 Provider has not previously been encountered.  Attempting to initialize the provider. - CDISMProviderStore::Internal_GetProvider
2017-03-27 12:31:19, Info                  DISM   DISM Provider Store: PID=4184 TID=548 Loading Provider from location C:\Sandbox\A8150DA0-8E68-4CB9-8066-713AFDCE31E8\AssocProvider.dll - CDISMProviderStore::Internal_GetProvider
2017-03-27 12:31:19, Info                  DISM   DISM Provider Store: PID=4184 TID=548 Connecting to the provider located at C:\Sandbox\A8150DA0-8E68-4CB9-8066-713AFDCE31E8\AssocProvider.dll. - CDISMProviderStore::Internal_LoadProvider
2017-03-27 12:31:19, Info                  DISM   DISM Provider Store: PID=4184 TID=548 Encountered a servicing provider, performing additional servicing initializations. - CDISMProviderStore::Internal_LoadProvider
2017-03-27 12:31:19, Info                  DISM   DISM Provider Store: PID=4184 TID=548 Provider has not previously been encountered.  Attempting to initialize the provider. - CDISMProviderStore::Internal_GetProvider
2017-03-27 12:31:19, Info                  DISM   DISM Provider Store: PID=4184 TID=548 Loading Provider from location C:\Sandbox\A8150DA0-8E68-4CB9-8066-713AFDCE31E8\GenericProvider.dll - CDISMProviderStore::Internal_GetProvider
2017-03-27 12:31:19, Info                  DISM   DISM Provider Store: PID=4184 TID=548 Connecting to the provider located at C:\Sandbox\A8150DA0-8E68-4CB9-8066-713AFDCE31E8\GenericProvider.dll. - CDISMProviderStore::Internal_LoadProvider
2017-03-27 12:31:19, Info                  DISM   DISM Provider Store: PID=4184 TID=548 Encountered a servicing provider, performing additional servicing initializations. - CDISMProviderStore::Internal_LoadProvider
2017-03-27 12:31:19, Info                  DISM   DISM Provider Store: PID=4184 TID=548 Provider has not previously been encountered.  Attempting to initialize the provider. - CDISMProviderStore::Internal_GetProvider
2017-03-27 12:31:19, Info                  DISM   DISM Provider Store: PID=4184 TID=548 Loading Provider from location C:\Sandbox\A8150DA0-8E68-4CB9-8066-713AFDCE31E8\OfflineSetupProvider.dll - CDISMProviderStore::Internal_GetProvider
2017-03-27 12:31:19, Info                  DISM   DISM Provider Store: PID=4184 TID=548 Connecting to the provider located at C:\Sandbox\A8150DA0-8E68-4CB9-8066-713AFDCE31E8\OfflineSetupProvider.dll. - CDISMProviderStore::Internal_LoadProvider
2017-03-27 12:31:19, Info                  DISM   DISM Provider Store: PID=4184 TID=548 Encountered a servicing provider, performing additional servicing initializations. - CDISMProviderStore::Internal_LoadProvider
2017-03-27 12:31:19, Info                  DISM   DISM Provider Store: PID=4184 TID=548 Provider has not previously been encountered.  Attempting to initialize the provider. - CDISMProviderStore::Internal_GetProvider
2017-03-27 12:31:19, Info                  DISM   DISM Provider Store: PID=4184 TID=548 Loading Provider from location C:\Sandbox\A8150DA0-8E68-4CB9-8066-713AFDCE31E8\TransmogProvider.dll - CDISMProviderStore::Internal_GetProvider
2017-03-27 12:31:19, Info                  DISM   DISM Provider Store: PID=4184 TID=548 Connecting to the provider located at C:\Sandbox\A8150DA0-8E68-4CB9-8066-713AFDCE31E8\TransmogProvider.dll. - CDISMProviderStore::Internal_LoadProvider
2017-03-27 12:31:19, Info                  DISM   DISM Provider Store: PID=4184 TID=548 Encountered a servicing provider, performing additional servicing initializations. - CDISMProviderStore::Internal_LoadProvider
2017-03-27 12:31:19, Info                  DISM   DISM Transmog Provider: PID=4184 TID=548 Current image session is [ONLINE] - CTransmogManager::GetMode
2017-03-27 12:31:19, Info                  DISM   DISM Transmog Provider: PID=4184 TID=548 Audit Mode: [Yes] - CTransmogManager::Initialize
2017-03-27 12:31:19, Info                  DISM   DISM Transmog Provider: PID=4184 TID=548 GetProductType: ProductType = [WinNT] - CTransmogManager::GetProductType
2017-03-27 12:31:19, Info                  DISM   DISM Transmog Provider: PID=4184 TID=548 Product Type: [WinNT] - CTransmogManager::Initialize
2017-03-27 12:31:19, Info                  DISM   DISM Transmog Provider: PID=4184 TID=548 Product Type ServerNT : [No] - CTransmogManager::Initialize
2017-03-27 12:31:19, Info                  DISM   DISM.EXE: Got the collection of providers. Now enumerating them to build the command table.
2017-03-27 12:31:19, Info                  DISM   DISM.EXE: Attempting to add the commands from provider: DISM Log Provider
2017-03-27 12:31:19, Info                  DISM   DISM.EXE: Attempting to add the commands from provider: OSServices
2017-03-27 12:31:19, Info                  DISM   DISM.EXE: Attempting to add the commands from provider: DISM Package Manager
2017-03-27 12:31:19, Info                  DISM   DISM.EXE: Succesfully registered commands for the provider: DISM Package Manager.
2017-03-27 12:31:19, Info                  DISM   DISM.EXE: Attempting to add the commands from provider: MsiManager
2017-03-27 12:31:19, Info                  DISM   DISM.EXE: Succesfully registered commands for the provider: MsiManager.
2017-03-27 12:31:19, Info                  DISM   DISM.EXE: Attempting to add the commands from provider: IntlManager
2017-03-27 12:31:19, Info                  DISM   DISM.EXE: Succesfully registered commands for the provider: IntlManager.
2017-03-27 12:31:19, Info                  DISM   DISM.EXE: Attempting to add the commands from provider: IBSManager
2017-03-27 12:31:19, Info                  DISM   DISM.EXE: Attempting to add the commands from provider: DriverManager
2017-03-27 12:31:19, Info                  DISM   DISM.EXE: Succesfully registered commands for the provider: DriverManager.
2017-03-27 12:31:19, Info                  DISM   DISM.EXE: Attempting to add the commands from provider: DISM Unattend Manager
2017-03-27 12:31:19, Info                  DISM   DISM.EXE: Succesfully registered commands for the provider: DISM Unattend Manager.
2017-03-27 12:31:19, Info                  DISM   DISM.EXE: Attempting to add the commands from provider: SmiManager
2017-03-27 12:31:19, Info                  DISM   DISM.EXE: Attempting to add the commands from provider: AppxManager
2017-03-27 12:31:19, Info                  DISM   DISM.EXE: Succesfully registered commands for the provider: AppxManager.
2017-03-27 12:31:19, Info                  DISM   DISM.EXE: Attempting to add the commands from provider: ProvManager
2017-03-27 12:31:19, Info                  DISM   DISM.EXE: Succesfully registered commands for the provider: ProvManager.
2017-03-27 12:31:19, Info                  DISM   DISM.EXE: Attempting to add the commands from provider: AssocManager
2017-03-27 12:31:19, Info                  DISM   DISM.EXE: Succesfully registered commands for the provider: AssocManager.
2017-03-27 12:31:19, Info                  DISM   DISM.EXE: Attempting to add the commands from provider: GenericManager
2017-03-27 12:31:19, Info                  DISM   DISM.EXE: Succesfully registered commands for the provider: GenericManager.
2017-03-27 12:31:19, Info                  DISM   DISM.EXE: Attempting to add the commands from provider: OfflineSetupManager
2017-03-27 12:31:19, Info                  DISM   DISM.EXE: Succesfully registered commands for the provider: OfflineSetupManager.
2017-03-27 12:31:19, Info                  DISM   DISM.EXE: Attempting to add the commands from provider: Edition Manager
2017-03-27 12:31:19, Info                  DISM   DISM.EXE: Succesfully registered commands for the provider: Edition Manager.
2017-03-27 12:31:19, Info                  DISM   DISM Provider Store: PID=4184 TID=548 Getting Provider AppxManager - CDISMProviderStore::GetProvider
2017-03-27 12:31:19, Info                  DISM   DISM Provider Store: PID=4184 TID=548 Provider has previously been initialized.  Returning the existing instance. - CDISMProviderStore::Internal_GetProvider
2017-03-27 12:31:19, Info                  DISM   DISM Appx Provider: PID=4184 TID=548 Creating provisioning request. - CAppxManager::AddAllUserAppxPackage
2017-03-27 12:31:19, Info                  DISM   DISM Appx Provider: PID=4184 TID=548 Adding main package to provisioning request. - CAppxManager::AddAllUserAppxPackage
2017-03-27 12:31:19, Info                  DISM   DISM Appx Provider: PID=4184 TID=548 File could not be read as an .Appx package, trying to read file as an .AppxBundle... - CPackageAdapter::CreateFromPath
2017-03-27 12:31:19, Info                  DISM   DISM Appx Provider: PID=4184 TID=548 Found a main package: Microsoft.MicrosoftOfficeHub_2015.6801.23751.0_neutral_~_8wekyb3d8bbwe - CDismRequest::GetMainPackage
2017-03-27 12:31:19, Info                  DISM   DISM Appx Provider: PID=4184 TID=548 Adding: en-US as applicable language. - CDismContext::AvailableOSLangPacks
2017-03-27 12:31:20, Info                  DISM   DISM Appx Provider: PID=4184 TID=548 Found a main package: Microsoft.MicrosoftOfficeHub_17.6801.23751.0_x86__8wekyb3d8bbwe - CDismRequest::GetMainPackage
2017-03-27 12:31:20, Info                  DISM   DISM Appx Provider: PID=4184 TID=548 Found a main package: Microsoft.MicrosoftOfficeHub_17.6801.23751.0_x64__8wekyb3d8bbwe - CDismRequest::GetMainPackage
2017-03-27 12:31:20, Info                  DISM   DISM Appx Provider: PID=4184 TID=548 Package 'Microsoft.MicrosoftOfficeHub_17.6801.23751.0_neutral_af-za_8wekyb3d8bbwe' excluded as not applicable. - PackageSource::IsPackageApplicable
2017-03-27 12:31:20, Info                  DISM   DISM Appx Provider: PID=4184 TID=548 Package 'Microsoft.MicrosoftOfficeHub_17.6801.23751.0_neutral_am-et_8wekyb3d8bbwe' excluded as not applicable. - PackageSource::IsPackageApplicable
2017-03-27 12:31:20, Info                  DISM   DISM Appx Provider: PID=4184 TID=548 Package 'Microsoft.MicrosoftOfficeHub_17.6801.23751.0_neutral_ar-sa_8wekyb3d8bbwe' excluded as not applicable. - PackageSource::IsPackageApplicable
2017-03-27 12:31:20, Info                  DISM   DISM Appx Provider: PID=4184 TID=548 Package 'Microsoft.MicrosoftOfficeHub_17.6801.23751.0_neutral_az-latn-az_8wekyb3d8bbwe' excluded as not applicable. - PackageSource::IsPackageApplicable
2017-03-27 12:31:20, Info                  DISM   DISM Appx Provider: PID=4184 TID=548 Package 'Microsoft.MicrosoftOfficeHub_17.6801.23751.0_neutral_be-by_8wekyb3d8bbwe' excluded as not applicable. - PackageSource::IsPackageApplicable
2017-03-27 12:31:20, Info                  DISM   DISM Appx Provider: PID=4184 TID=548 Package 'Microsoft.MicrosoftOfficeHub_17.6801.23751.0_neutral_bg-bg_8wekyb3d8bbwe' excluded as not applicable. - PackageSource::IsPackageApplicable
2017-03-27 12:31:20, Info                  DISM   DISM Appx Provider: PID=4184 TID=548 Package 'Microsoft.MicrosoftOfficeHub_17.6801.23751.0_neutral_bn-bd_8wekyb3d8bbwe' excluded as not applicable. - PackageSource::IsPackageApplicable
2017-03-27 12:31:20, Info                  DISM   DISM Appx Provider: PID=4184 TID=548 Package 'Microsoft.MicrosoftOfficeHub_17.6801.23751.0_neutral_ca-es_8wekyb3d8bbwe' excluded as not applicable. - PackageSource::IsPackageApplicable
2017-03-27 12:31:20, Info                  DISM   DISM Appx Provider: PID=4184 TID=548 Package 'Microsoft.MicrosoftOfficeHub_17.6801.23751.0_neutral_cs-cz_8wekyb3d8bbwe' excluded as not applicable. - PackageSource::IsPackageApplicable
2017-03-27 12:31:20, Info                  DISM   DISM Appx Provider: PID=4184 TID=548 Package 'Microsoft.MicrosoftOfficeHub_17.6801.23751.0_neutral_da-dk_8wekyb3d8bbwe' excluded as not applicable. - PackageSource::IsPackageApplicable
2017-03-27 12:31:20, Info                  DISM   DISM Appx Provider: PID=4184 TID=548 Package 'Microsoft.MicrosoftOfficeHub_17.6801.23751.0_neutral_de-de_8wekyb3d8bbwe' excluded as not applicable. - PackageSource::IsPackageApplicable
2017-03-27 12:31:20, Info                  DISM   DISM Appx Provider: PID=4184 TID=548 Package 'Microsoft.MicrosoftOfficeHub_17.6801.23751.0_neutral_el-gr_8wekyb3d8bbwe' excluded as not applicable. - PackageSource::IsPackageApplicable
2017-03-27 12:31:20, Info                  DISM   DISM Appx Provider: PID=4184 TID=548 Package 'Microsoft.MicrosoftOfficeHub_17.6801.23751.0_neutral_es-es_8wekyb3d8bbwe' excluded as not applicable. - PackageSource::IsPackageApplicable
2017-03-27 12:31:20, Info                  DISM   DISM Appx Provider: PID=4184 TID=548 Package 'Microsoft.MicrosoftOfficeHub_17.6801.23751.0_neutral_es-mx_8wekyb3d8bbwe' excluded as not applicable. - PackageSource::IsPackageApplicable
2017-03-27 12:31:20, Info                  DISM   DISM Appx Provider: PID=4184 TID=548 Package 'Microsoft.MicrosoftOfficeHub_17.6801.23751.0_neutral_et-ee_8wekyb3d8bbwe' excluded as not applicable. - PackageSource::IsPackageApplicable
2017-03-27 12:31:20, Info                  DISM   DISM Appx Provider: PID=4184 TID=548 Package 'Microsoft.MicrosoftOfficeHub_17.6801.23751.0_neutral_eu-es_8wekyb3d8bbwe' excluded as not applicable. - PackageSource::IsPackageApplicable
2017-03-27 12:31:20, Info                  DISM   DISM Appx Provider: PID=4184 TID=548 Package 'Microsoft.MicrosoftOfficeHub_17.6801.23751.0_neutral_fa-ir_8wekyb3d8bbwe' excluded as not applicable. - PackageSource::IsPackageApplicable
2017-03-27 12:31:20, Info                  DISM   DISM Appx Provider: PID=4184 TID=548 Package 'Microsoft.MicrosoftOfficeHub_17.6801.23751.0_neutral_fi-fi_8wekyb3d8bbwe' excluded as not applicable. - PackageSource::IsPackageApplicable
2017-03-27 12:31:20, Info                  DISM   DISM Appx Provider: PID=4184 TID=548 Package 'Microsoft.MicrosoftOfficeHub_17.6801.23751.0_neutral_fil-ph_8wekyb3d8bbwe' excluded as not applicable. - PackageSource::IsPackageApplicable
2017-03-27 12:31:20, Info                  DISM   DISM Appx Provider: PID=4184 TID=548 Package 'Microsoft.MicrosoftOfficeHub_17.6801.23751.0_neutral_fr-ca_8wekyb3d8bbwe' excluded as not applicable. - PackageSource::IsPackageApplicable
2017-03-27 12:31:20, Info                  DISM   DISM Appx Provider: PID=4184 TID=548 Package 'Microsoft.MicrosoftOfficeHub_17.6801.23751.0_neutral_fr-fr_8wekyb3d8bbwe' excluded as not applicable. - PackageSource::IsPackageApplicable
2017-03-27 12:31:20, Info                  DISM   DISM Appx Provider: PID=4184 TID=548 Package 'Microsoft.MicrosoftOfficeHub_17.6801.23751.0_neutral_gl-es_8wekyb3d8bbwe' excluded as not applicable. - PackageSource::IsPackageApplicable
2017-03-27 12:31:20, Info                  DISM   DISM Appx Provider: PID=4184 TID=548 Package 'Microsoft.MicrosoftOfficeHub_17.6801.23751.0_neutral_ha-latn-ng_8wekyb3d8bbwe' excluded as not applicable. - PackageSource::IsPackageApplicable
2017-03-27 12:31:20, Info                  DISM   DISM Appx Provider: PID=4184 TID=548 Package 'Microsoft.MicrosoftOfficeHub_17.6801.23751.0_neutral_he-il_8wekyb3d8bbwe' excluded as not applicable. - PackageSource::IsPackageApplicable
2017-03-27 12:31:20, Info                  DISM   DISM Appx Provider: PID=4184 TID=548 Package 'Microsoft.MicrosoftOfficeHub_17.6801.23751.0_neutral_hi-in_8wekyb3d8bbwe' excluded as not applicable. - PackageSource::IsPackageApplicable
2017-03-27 12:31:20, Info                  DISM   DISM Appx Provider: PID=4184 TID=548 Package 'Microsoft.MicrosoftOfficeHub_17.6801.23751.0_neutral_hr-hr_8wekyb3d8bbwe' excluded as not applicable. - PackageSource::IsPackageApplicable
2017-03-27 12:31:20, Info                  DISM   DISM Appx Provider: PID=4184 TID=548 Package 'Microsoft.MicrosoftOfficeHub_17.6801.23751.0_neutral_hu-hu_8wekyb3d8bbwe' excluded as not applicable. - PackageSource::IsPackageApplicable
2017-03-27 12:31:20, Info                  DISM   DISM Appx Provider: PID=4184 TID=548 Package 'Microsoft.MicrosoftOfficeHub_17.6801.23751.0_neutral_id-id_8wekyb3d8bbwe' excluded as not applicable. - PackageSource::IsPackageApplicable
2017-03-27 12:31:20, Info                  DISM   DISM Appx Provider: PID=4184 TID=548 Package 'Microsoft.MicrosoftOfficeHub_17.6801.23751.0_neutral_is-is_8wekyb3d8bbwe' excluded as not applicable. - PackageSource::IsPackageApplicable
2017-03-27 12:31:20, Info                  DISM   DISM Appx Provider: PID=4184 TID=548 Package 'Microsoft.MicrosoftOfficeHub_17.6801.23751.0_neutral_it-it_8wekyb3d8bbwe' excluded as not applicable. - PackageSource::IsPackageApplicable
2017-03-27 12:31:20, Info                  DISM   DISM Appx Provider: PID=4184 TID=548 Package 'Microsoft.MicrosoftOfficeHub_17.6801.23751.0_neutral_ja-jp_8wekyb3d8bbwe' excluded as not applicable. - PackageSource::IsPackageApplicable
2017-03-27 12:31:20, Info                  DISM   DISM Appx Provider: PID=4184 TID=548 Package 'Microsoft.MicrosoftOfficeHub_17.6801.23751.0_neutral_kk-kz_8wekyb3d8bbwe' excluded as not applicable. - PackageSource::IsPackageApplicable
2017-03-27 12:31:20, Info                  DISM   DISM Appx Provider: PID=4184 TID=548 Package 'Microsoft.MicrosoftOfficeHub_17.6801.23751.0_neutral_km-kh_8wekyb3d8bbwe' excluded as not applicable. - PackageSource::IsPackageApplicable
2017-03-27 12:31:20, Info                  DISM   DISM Appx Provider: PID=4184 TID=548 Package 'Microsoft.MicrosoftOfficeHub_17.6801.23751.0_neutral_kn-in_8wekyb3d8bbwe' excluded as not applicable. - PackageSource::IsPackageApplicable
2017-03-27 12:31:20, Info                  DISM   DISM Appx Provider: PID=4184 TID=548 Package 'Microsoft.MicrosoftOfficeHub_17.6801.23751.0_neutral_ko-kr_8wekyb3d8bbwe' excluded as not applicable. - PackageSource::IsPackageApplicable
2017-03-27 12:31:20, Info                  DISM   DISM Appx Provider: PID=4184 TID=548 Package 'Microsoft.MicrosoftOfficeHub_17.6801.23751.0_neutral_lo-la_8wekyb3d8bbwe' excluded as not applicable. - PackageSource::IsPackageApplicable
2017-03-27 12:31:20, Info                  DISM   DISM Appx Provider: PID=4184 TID=548 Package 'Microsoft.MicrosoftOfficeHub_17.6801.23751.0_neutral_lt-lt_8wekyb3d8bbwe' excluded as not applicable. - PackageSource::IsPackageApplicable
2017-03-27 12:31:20, Info                  DISM   DISM Appx Provider: PID=4184 TID=548 Package 'Microsoft.MicrosoftOfficeHub_17.6801.23751.0_neutral_lv-lv_8wekyb3d8bbwe' excluded as not applicable. - PackageSource::IsPackageApplicable
2017-03-27 12:31:20, Info                  DISM   DISM Appx Provider: PID=4184 TID=548 Package 'Microsoft.MicrosoftOfficeHub_17.6801.23751.0_neutral_mk-mk_8wekyb3d8bbwe' excluded as not applicable. - PackageSource::IsPackageApplicable
2017-03-27 12:31:20, Info                  DISM   DISM Appx Provider: PID=4184 TID=548 Package 'Microsoft.MicrosoftOfficeHub_17.6801.23751.0_neutral_ml-in_8wekyb3d8bbwe' excluded as not applicable. - PackageSource::IsPackageApplicable
2017-03-27 12:31:20, Info                  DISM   DISM Appx Provider: PID=4184 TID=548 Package 'Microsoft.MicrosoftOfficeHub_17.6801.23751.0_neutral_ms-my_8wekyb3d8bbwe' excluded as not applicable. - PackageSource::IsPackageApplicable
2017-03-27 12:31:20, Info                  DISM   DISM Appx Provider: PID=4184 TID=548 Package 'Microsoft.MicrosoftOfficeHub_17.6801.23751.0_neutral_nb-no_8wekyb3d8bbwe' excluded as not applicable. - PackageSource::IsPackageApplicable
2017-03-27 12:31:20, Info                  DISM   DISM Appx Provider: PID=4184 TID=548 Package 'Microsoft.MicrosoftOfficeHub_17.6801.23751.0_neutral_nl-nl_8wekyb3d8bbwe' excluded as not applicable. - PackageSource::IsPackageApplicable
2017-03-27 12:31:20, Info                  DISM   DISM Appx Provider: PID=4184 TID=548 Package 'Microsoft.MicrosoftOfficeHub_17.6801.23751.0_neutral_pl-pl_8wekyb3d8bbwe' excluded as not applicable. - PackageSource::IsPackageApplicable
2017-03-27 12:31:20, Info                  DISM   DISM Appx Provider: PID=4184 TID=548 Package 'Microsoft.MicrosoftOfficeHub_17.6801.23751.0_neutral_pt-br_8wekyb3d8bbwe' excluded as not applicable. - PackageSource::IsPackageApplicable
2017-03-27 12:31:20, Info                  DISM   DISM Appx Provider: PID=4184 TID=548 Package 'Microsoft.MicrosoftOfficeHub_17.6801.23751.0_neutral_pt-pt_8wekyb3d8bbwe' excluded as not applicable. - PackageSource::IsPackageApplicable
2017-03-27 12:31:20, Info                  DISM   DISM Appx Provider: PID=4184 TID=548 Package 'Microsoft.MicrosoftOfficeHub_17.6801.23751.0_neutral_ro-ro_8wekyb3d8bbwe' excluded as not applicable. - PackageSource::IsPackageApplicable
2017-03-27 12:31:20, Info                  DISM   DISM Appx Provider: PID=4184 TID=548 Package 'Microsoft.MicrosoftOfficeHub_17.6801.23751.0_neutral_ru-ru_8wekyb3d8bbwe' excluded as not applicable. - PackageSource::IsPackageApplicable
2017-03-27 12:31:20, Info                  DISM   DISM Appx Provider: PID=4184 TID=548 Package 'Microsoft.MicrosoftOfficeHub_17.6801.23751.0_neutral_sk-sk_8wekyb3d8bbwe' excluded as not applicable. - PackageSource::IsPackageApplicable
2017-03-27 12:31:20, Info                  DISM   DISM Appx Provider: PID=4184 TID=548 Package 'Microsoft.MicrosoftOfficeHub_17.6801.23751.0_neutral_sl-si_8wekyb3d8bbwe' excluded as not applicable. - PackageSource::IsPackageApplicable
2017-03-27 12:31:20, Info                  DISM   DISM Appx Provider: PID=4184 TID=548 Package 'Microsoft.MicrosoftOfficeHub_17.6801.23751.0_neutral_sq-al_8wekyb3d8bbwe' excluded as not applicable. - PackageSource::IsPackageApplicable
2017-03-27 12:31:20, Info                  DISM   DISM Appx Provider: PID=4184 TID=548 Package 'Microsoft.MicrosoftOfficeHub_17.6801.23751.0_neutral_sr-latn-rs_8wekyb3d8bbwe' excluded as not applicable. - PackageSource::IsPackageApplicable
2017-03-27 12:31:20, Info                  DISM   DISM Appx Provider: PID=4184 TID=548 Package 'Microsoft.MicrosoftOfficeHub_17.6801.23751.0_neutral_sv-se_8wekyb3d8bbwe' excluded as not applicable. - PackageSource::IsPackageApplicable
2017-03-27 12:31:20, Info                  DISM   DISM Appx Provider: PID=4184 TID=548 Package 'Microsoft.MicrosoftOfficeHub_17.6801.23751.0_neutral_sw-ke_8wekyb3d8bbwe' excluded as not applicable. - PackageSource::IsPackageApplicable
2017-03-27 12:31:20, Info                  DISM   DISM Appx Provider: PID=4184 TID=548 Package 'Microsoft.MicrosoftOfficeHub_17.6801.23751.0_neutral_ta-in_8wekyb3d8bbwe' excluded as not applicable. - PackageSource::IsPackageApplicable
2017-03-27 12:31:20, Info                  DISM   DISM Appx Provider: PID=4184 TID=548 Package 'Microsoft.MicrosoftOfficeHub_17.6801.23751.0_neutral_te-in_8wekyb3d8bbwe' excluded as not applicable. - PackageSource::IsPackageApplicable
2017-03-27 12:31:20, Info                  DISM   DISM Appx Provider: PID=4184 TID=548 Package 'Microsoft.MicrosoftOfficeHub_17.6801.23751.0_neutral_th-th_8wekyb3d8bbwe' excluded as not applicable. - PackageSource::IsPackageApplicable
2017-03-27 12:31:20, Info                  DISM   DISM Appx Provider: PID=4184 TID=548 Package 'Microsoft.MicrosoftOfficeHub_17.6801.23751.0_neutral_tr-tr_8wekyb3d8bbwe' excluded as not applicable. - PackageSource::IsPackageApplicable
2017-03-27 12:31:20, Info                  DISM   DISM Appx Provider: PID=4184 TID=548 Package 'Microsoft.MicrosoftOfficeHub_17.6801.23751.0_neutral_uk-ua_8wekyb3d8bbwe' excluded as not applicable. - PackageSource::IsPackageApplicable
2017-03-27 12:31:20, Info                  DISM   DISM Appx Provider: PID=4184 TID=548 Package 'Microsoft.MicrosoftOfficeHub_17.6801.23751.0_neutral_uz-latn-uz_8wekyb3d8bbwe' excluded as not applicable. - PackageSource::IsPackageApplicable
2017-03-27 12:31:20, Info                  DISM   DISM Appx Provider: PID=4184 TID=548 Package 'Microsoft.MicrosoftOfficeHub_17.6801.23751.0_neutral_vi-vn_8wekyb3d8bbwe' excluded as not applicable. - PackageSource::IsPackageApplicable
2017-03-27 12:31:20, Info                  DISM   DISM Appx Provider: PID=4184 TID=548 Package 'Microsoft.MicrosoftOfficeHub_17.6801.23751.0_neutral_zh-cn_8wekyb3d8bbwe' excluded as not applicable. - PackageSource::IsPackageApplicable
2017-03-27 12:31:20, Info                  DISM   DISM Appx Provider: PID=4184 TID=548 Package 'Microsoft.MicrosoftOfficeHub_17.6801.23751.0_neutral_zh-tw_8wekyb3d8bbwe' excluded as not applicable. - PackageSource::IsPackageApplicable
2017-03-27 12:31:20, Info                  DISM   DISM Appx Provider: PID=4184 TID=548 Adding dependencies to provisioning request. - CAppxManager::AddAllUserAppxPackage
2017-03-27 12:31:20, Info                  DISM   DISM Appx Provider: PID=4184 TID=548 Package moniker 'Microsoft.VCLibs.140.00_14.0.23816.0_x86__8wekyb3d8bbwe' excluded as an existing version 'Microsoft.VCLibs.140.00_14.0.23816.0_x86__8wekyb3d8bbwe' was found - CDismRequest::AddDependencyAppxPackage
2017-03-27 12:31:20, Info                  DISM   DISM Appx Provider: PID=4184 TID=548 Package moniker 'Microsoft.VCLibs.140.00_14.0.23816.0_x64__8wekyb3d8bbwe' excluded as an existing version 'Microsoft.VCLibs.140.00_14.0.23816.0_x64__8wekyb3d8bbwe' was found - CDismRequest::AddDependencyAppxPackage
2017-03-27 12:31:20, Info                  DISM   DISM Appx Provider: PID=4184 TID=548 Provisioning request. - CAppxManager::AddAllUserAppxPackage
2017-03-27 12:31:24, Info                  DISM   DISM Appx Provider: PID=4184 TID=548 Finalizing changes... - CAppxManager::AddAllUserAppxPackage
2017-03-27 12:31:24, Info                  DISM   DISM Provider Store: PID=4184 TID=548 Found the OSServices.  Waiting to finalize it until all other providers are unloaded. - CDISMProviderStore::Final_OnDisconnect
2017-03-27 12:31:24, Info                  DISM   DISM Provider Store: PID=4184 TID=548 Found the OSServices.  Waiting to finalize it until all other providers are unloaded. - CDISMProviderStore::Final_OnDisconnect
2017-03-27 12:31:24, Info                  DISM   DISM Provider Store: PID=4184 TID=548 Found the PE Provider.  Waiting to finalize it until all other providers are unloaded. - CDISMProviderStore::Final_OnDisconnect
2017-03-27 12:31:24, Info                  DISM   DISM Provider Store: PID=4184 TID=548 Finalizing the servicing provider(DISM Package Manager) - CDISMProviderStore::Internal_DisconnectProvider
2017-03-27 12:31:24, Info                  DISM   DISM Package Manager: PID=4184 TID=548 Finalizing CBS core. - CDISMPackageManager::Finalize
2017-03-27 12:31:24, Info                  DISM   DISM Provider Store: PID=4184 TID=548 Disconnecting Provider: DISM Package Manager - CDISMProviderStore::Internal_DisconnectProvider
2017-03-27 12:31:24, Info                  DISM   DISM Provider Store: PID=4184 TID=548 Finalizing the servicing provider(MsiManager) - CDISMProviderStore::Internal_DisconnectProvider
2017-03-27 12:31:24, Info                  DISM   DISM Provider Store: PID=4184 TID=548 Disconnecting Provider: MsiManager - CDISMProviderStore::Internal_DisconnectProvider
2017-03-27 12:31:24, Info                  DISM   DISM Provider Store: PID=4184 TID=548 Finalizing the servicing provider(IntlManager) - CDISMProviderStore::Internal_DisconnectProvider
2017-03-27 12:31:24, Info                  DISM   DISM Provider Store: PID=4184 TID=548 Disconnecting Provider: IntlManager - CDISMProviderStore::Internal_DisconnectProvider
2017-03-27 12:31:24, Info                  DISM   DISM Provider Store: PID=4184 TID=548 Finalizing the servicing provider(IBSManager) - CDISMProviderStore::Internal_DisconnectProvider
2017-03-27 12:31:24, Info                  DISM   DISM Provider Store: PID=4184 TID=548 Disconnecting Provider: IBSManager - CDISMProviderStore::Internal_DisconnectProvider
2017-03-27 12:31:24, Info                  DISM   DISM Provider Store: PID=4184 TID=548 Finalizing the servicing provider(DriverManager) - CDISMProviderStore::Internal_DisconnectProvider
2017-03-27 12:31:24, Info                  DISM   DISM Provider Store: PID=4184 TID=548 Disconnecting Provider: DriverManager - CDISMProviderStore::Internal_DisconnectProvider
2017-03-27 12:31:24, Info                  DISM   DISM Provider Store: PID=4184 TID=548 Finalizing the servicing provider(DISM Unattend Manager) - CDISMProviderStore::Internal_DisconnectProvider
2017-03-27 12:31:24, Info                  DISM   DISM Provider Store: PID=4184 TID=548 Disconnecting Provider: DISM Unattend Manager - CDISMProviderStore::Internal_DisconnectProvider
2017-03-27 12:31:24, Info                  DISM   DISM Provider Store: PID=4184 TID=548 Finalizing the servicing provider(SmiManager) - CDISMProviderStore::Internal_DisconnectProvider
2017-03-27 12:31:24, Info                  DISM   DISM Provider Store: PID=4184 TID=548 Disconnecting Provider: SmiManager - CDISMProviderStore::Internal_DisconnectProvider
2017-03-27 12:31:24, Info                  DISM   DISM Provider Store: PID=4184 TID=548 Finalizing the servicing provider(AppxManager) - CDISMProviderStore::Internal_DisconnectProvider
2017-03-27 12:31:24, Info                  DISM   DISM Provider Store: PID=4184 TID=548 Disconnecting Provider: AppxManager - CDISMProviderStore::Internal_DisconnectProvider
2017-03-27 12:31:24, Info                  DISM   DISM Provider Store: PID=4184 TID=548 Finalizing the servicing provider(ProvManager) - CDISMProviderStore::Internal_DisconnectProvider
2017-03-27 12:31:24, Info                  DISM   DISM Provider Store: PID=4184 TID=548 Disconnecting Provider: ProvManager - CDISMProviderStore::Internal_DisconnectProvider
2017-03-27 12:31:24, Info                  DISM   DISM Provider Store: PID=4184 TID=548 Finalizing the servicing provider(AssocManager) - CDISMProviderStore::Internal_DisconnectProvider
2017-03-27 12:31:24, Info                  DISM   DISM Provider Store: PID=4184 TID=548 Disconnecting Provider: AssocManager - CDISMProviderStore::Internal_DisconnectProvider
2017-03-27 12:31:24, Info                  DISM   DISM Provider Store: PID=4184 TID=548 Finalizing the servicing provider(GenericManager) - CDISMProviderStore::Internal_DisconnectProvider
2017-03-27 12:31:24, Info                  DISM   DISM Provider Store: PID=4184 TID=548 Disconnecting Provider: GenericManager - CDISMProviderStore::Internal_DisconnectProvider
2017-03-27 12:31:24, Info                  DISM   DISM Provider Store: PID=4184 TID=548 Finalizing the servicing provider(OfflineSetupManager) - CDISMProviderStore::Internal_DisconnectProvider
2017-03-27 12:31:24, Info                  DISM   DISM Provider Store: PID=4184 TID=548 Disconnecting Provider: OfflineSetupManager - CDISMProviderStore::Internal_DisconnectProvider
2017-03-27 12:31:24, Info                  DISM   DISM Provider Store: PID=4184 TID=548 Finalizing the servicing provider(Edition Manager) - CDISMProviderStore::Internal_DisconnectProvider
2017-03-27 12:31:24, Info                  DISM   DISM Provider Store: PID=4184 TID=548 Disconnecting Provider: Edition Manager - CDISMProviderStore::Internal_DisconnectProvider
2017-03-27 12:31:24, Info                  DISM   DISM Provider Store: PID=4184 TID=548 Releasing the local reference to OSServices. - CDISMProviderStore::Internal_DisconnectProvider
2017-03-27 12:31:24, Info                  DISM   DISM Provider Store: PID=4184 TID=548 Disconnecting Provider: OSServices - CDISMProviderStore::Internal_DisconnectProvider
2017-03-27 12:31:24, Info                  DISM   DISM Provider Store: PID=4184 TID=548 Releasing the local reference to DISMLogger.  Stop logging. - CDISMProviderStore::Internal_DisconnectProvider
2017-03-27 12:31:24, Info                  DISM   DISM Manager: PID=4780 TID=4768 Closing session event handle 0x174 - CDISMManager::CloseImageSession
2017-03-27 12:31:24, Info                  DISM   DISM.EXE: Image session has been closed. Reboot required=no.
2017-03-27 12:31:24, Info                  DISM   DISM.EXE: 
2017-03-27 12:31:24, Info                  DISM   DISM.EXE: <----- Ending Dism.exe session ----->
2017-03-27 12:31:24, Info                  DISM   DISM.EXE: 
2017-03-27 12:31:24, Info                  DISM   DISM Provider Store: PID=4780 TID=4768 Found the OSServices.  Waiting to finalize it until all other providers are unloaded. - CDISMProviderStore::Final_OnDisconnect
2017-03-27 12:31:24, Info                  DISM   DISM Provider Store: PID=4780 TID=4768 Disconnecting Provider: FolderManager - CDISMProviderStore::Internal_DisconnectProvider
2017-03-27 12:31:24, Info                  DISM   DISM Provider Store: PID=4780 TID=4768 Releasing the local reference to DISMLogger.  Stop logging. - CDISMProviderStore::Internal_DisconnectProvider
