2017-03-27 12:32:16, Info                  DISM   PID=468 TID=2740 Scratch directory set to 'C:\Users\ADMINI~1\AppData\Local\Temp\'. - CDISMManager::put_ScratchDir
2017-03-27 12:32:16, Info                  DISM   PID=468 TID=2740 DismCore.dll version: 10.0.14393.0 - CDISMManager::FinalConstruct
2017-03-27 12:32:16, Info                  DISM   PID=468 TID=2740 Scratch directory set to 'C:\Sandbox'. - CDISMManager::put_ScratchDir
2017-03-27 12:32:16, Info                  DISM   Try to initialize Panther logging 1 times, last error: 0x0
2017-03-27 12:32:16, Info                  DISM   PID=468 TID=2740 Successfully loaded the ImageSession at "C:\windows\System32\Dism" - CDISMManager::LoadLocalImageSession
2017-03-27 12:32:16, Info                  DISM   Try to initialize Panther logging 1 times, last error: 0x0
2017-03-27 12:32:16, Info                  DISM   DISM Provider Store: PID=468 TID=2740 Found and Initialized the DISM Logger. - CDISMProviderStore::Internal_InitializeLogger
2017-03-27 12:32:16, Info                  DISM   DISM Provider Store: PID=468 TID=2740 Failed to get and initialize the PE Provider.  Continuing by assuming that it is not a WinPE image. - CDISMProviderStore::Final_OnConnect
2017-03-27 12:32:16, Info                  DISM   DISM Provider Store: PID=468 TID=2740 Finished initializing the Provider Map. - CDISMProviderStore::Final_OnConnect
2017-03-27 12:32:16, Info                  DISM   DISM Provider Store: PID=468 TID=2740 Getting Provider DISMLogger - CDISMProviderStore::GetProvider
2017-03-27 12:32:16, Info                  DISM   DISM Provider Store: PID=468 TID=2740 Provider has previously been initialized.  Returning the existing instance. - CDISMProviderStore::Internal_GetProvider
2017-03-27 12:32:16, Info                  DISM   Try to initialize Panther logging 1 times, last error: 0x0
2017-03-27 12:32:16, Info                  DISM   DISM Provider Store: PID=468 TID=2740 Getting Provider DISMLogger - CDISMProviderStore::GetProvider
2017-03-27 12:32:16, Info                  DISM   DISM Provider Store: PID=468 TID=2740 Provider has previously been initialized.  Returning the existing instance. - CDISMProviderStore::Internal_GetProvider
2017-03-27 12:32:16, Info                  DISM   DISM Manager: PID=468 TID=2740 Successfully created the local image session and provider store. - CDISMManager::CreateLocalImageSession
2017-03-27 12:32:16, Info                  DISM   DISM Provider Store: PID=468 TID=2740 Getting Provider DISMLogger - CDISMProviderStore::GetProvider
2017-03-27 12:32:16, Info                  DISM   DISM Provider Store: PID=468 TID=2740 Provider has previously been initialized.  Returning the existing instance. - CDISMProviderStore::Internal_GetProvider
2017-03-27 12:32:16, Info                  DISM   DISM.EXE: 
2017-03-27 12:32:16, Info                  DISM   DISM.EXE: <----- Starting Dism.exe session ----->
2017-03-27 12:32:16, Info                  DISM   DISM.EXE: 
2017-03-27 12:32:16, Info                  DISM   DISM.EXE: Host machine information: OS Version=10.0.14393, Running architecture=amd64, Number of processors=4
2017-03-27 12:32:16, Info                  DISM   DISM.EXE: Dism.exe version: 10.0.14393.0
2017-03-27 12:32:16, Info                  DISM   DISM.EXE: Executing command line: DISM.exe  /ONLINE /Add-ProvisionedAppxPackage /ScratchDir:"C:\Sandbox" /PackagePath:Microsoft.MicrosoftSolitaireCollection_8wekyb3d8bbwe.appxbundle /DependencyPackagePath:Microsoft.VCLibs.x86.14.00.appx /DependencyPackagePath:Microsoft.NET.Native.Framework.x86.1.3.appx /DependencyPackagePath:Microsoft.NET.Native.Runtime.x86.1.3.appx /DependencyPackagePath:Microsoft.Advertising.Xaml.x86.appx /DependencyPackagePath:Microsoft.VCLibs.x64.14.00.appx /DependencyPackagePath:Microsoft.NET.Native.Framework.x64.1.3.appx /DependencyPackagePath:Microsoft.NET.Native.Runtime.x64.1.3.appx /DependencyPackagePath:Microsoft.Advertising.Xaml.x64.appx /licensepath:Microsoft.MicrosoftSolitaireCollection_8wekyb3d8bbwe.xml /logpath:C:\System.sav\Logs\QFEOff\Solitaire.log
2017-03-27 12:32:16, Info                  DISM   DISM Provider Store: PID=468 TID=2740 Getting Provider FolderManager - CDISMProviderStore::GetProvider
2017-03-27 12:32:16, Info                  DISM   DISM Provider Store: PID=468 TID=2740 Provider has not previously been encountered.  Attempting to initialize the provider. - CDISMProviderStore::Internal_GetProvider
2017-03-27 12:32:16, Info                  DISM   DISM Provider Store: PID=468 TID=2740 Loading Provider from location C:\windows\System32\Dism\FolderProvider.dll - CDISMProviderStore::Internal_GetProvider
2017-03-27 12:32:16, Info                  DISM   DISM Provider Store: PID=468 TID=2740 Connecting to the provider located at C:\windows\System32\Dism\FolderProvider.dll. - CDISMProviderStore::Internal_LoadProvider
2017-03-27 12:32:16, Info                  DISM   DISM Manager: PID=468 TID=2740 physical location path: C:\ - CDISMManager::CreateImageSession
2017-03-27 12:32:16, Info                  DISM   DISM Manager: PID=468 TID=2740 Event name for current DISM session is Global\{A8FA330A-1F0E-44C5-A0D3-496307D4AE24} - CDISMManager::CheckSessionAndLock
2017-03-27 12:32:16, Info                  DISM   DISM Manager: PID=468 TID=2740 Create session event 0x178 for current DISM session and event name is Global\{A8FA330A-1F0E-44C5-A0D3-496307D4AE24}  - CDISMManager::CheckSessionAndLock
2017-03-27 12:32:16, Info                  DISM   DISM Manager: PID=468 TID=2740 Copying DISM from "C:\windows\System32\Dism" - CDISMManager::CreateImageSessionFromLocation
2017-03-27 12:32:16, Info                  DISM   DISM Manager: PID=468 TID=2740 Successfully loaded the ImageSession at "C:\Sandbox\F415F9C8-478E-4D61-BBA3-E6888CDD02FC" - CDISMManager::LoadRemoteImageSession
2017-03-27 12:32:16, Info                  DISM   DISM Image Session: PID=4532 TID=3992 Instantiating the Provider Store. - CDISMImageSession::get_ProviderStore
2017-03-27 12:32:16, Info                  DISM   DISM Provider Store: PID=4532 TID=3992 Initializing a provider store for the IMAGE session type. - CDISMProviderStore::Final_OnConnect
2017-03-27 12:32:16, Info                  DISM   DISM Provider Store: PID=4532 TID=3992 Provider has not previously been encountered.  Attempting to initialize the provider. - CDISMProviderStore::Internal_GetProvider
2017-03-27 12:32:16, Info                  DISM   DISM Provider Store: PID=4532 TID=3992 Loading Provider from location C:\Sandbox\F415F9C8-478E-4D61-BBA3-E6888CDD02FC\OSProvider.dll - CDISMProviderStore::Internal_GetProvider
2017-03-27 12:32:16, Info                  DISM   DISM Provider Store: PID=4532 TID=3992 Connecting to the provider located at C:\Sandbox\F415F9C8-478E-4D61-BBA3-E6888CDD02FC\OSProvider.dll. - CDISMProviderStore::Internal_LoadProvider
2017-03-27 12:32:16, Info                  DISM   DISM OS Provider: PID=4532 TID=3992 Defaulting SystemPath to C:\ - CDISMOSServiceManager::Final_OnConnect
2017-03-27 12:32:16, Info                  DISM   DISM OS Provider: PID=4532 TID=3992 Defaulting Windows folder to C:\Windows - CDISMOSServiceManager::Final_OnConnect
2017-03-27 12:32:16, Info                  DISM   DISM OS Provider: PID=4532 TID=3992 Host OS verion is 10.0 - CDISMOSServiceManager::SetDllSearchPath
2017-03-27 12:32:16, Warning               DISM   DISM OS Provider: PID=4532 TID=3992 Unable to set the DLL search path to the servicing stack folder. C:\Windows may not point to a valid Windows folder. - CDISMOSServiceManager::Final_OnConnect
2017-03-27 12:32:16, Info                  DISM   DISM Provider Store: PID=4532 TID=3992 Attempting to initialize the logger from the Image Session. - CDISMProviderStore::Final_OnConnect
2017-03-27 12:32:16, Info                  DISM   DISM Provider Store: PID=4532 TID=3992 Provider has not previously been encountered.  Attempting to initialize the provider. - CDISMProviderStore::Internal_GetProvider
2017-03-27 12:32:16, Info                  DISM   DISM Provider Store: PID=4532 TID=3992 Loading Provider from location C:\Sandbox\F415F9C8-478E-4D61-BBA3-E6888CDD02FC\LogProvider.dll - CDISMProviderStore::Internal_GetProvider
2017-03-27 12:32:16, Info                  DISM   DISM Provider Store: PID=4532 TID=3992 Connecting to the provider located at C:\Sandbox\F415F9C8-478E-4D61-BBA3-E6888CDD02FC\LogProvider.dll. - CDISMProviderStore::Internal_LoadProvider
2017-03-27 12:32:16, Info                  DISM   Try to initialize Panther logging 1 times, last error: 0x0
2017-03-27 12:32:16, Info                  DISM   DISM Provider Store: PID=4532 TID=3992 Found and Initialized the DISM Logger. - CDISMProviderStore::Internal_InitializeLogger
2017-03-27 12:32:16, Info                  DISM   DISM Provider Store: PID=4532 TID=3992 Provider has not previously been encountered.  Attempting to initialize the provider. - CDISMProviderStore::Internal_GetProvider
2017-03-27 12:32:16, Info                  DISM   DISM Provider Store: PID=4532 TID=3992 Loading Provider from location C:\Sandbox\F415F9C8-478E-4D61-BBA3-E6888CDD02FC\PEProvider.dll - CDISMProviderStore::Internal_GetProvider
2017-03-27 12:32:16, Warning               DISM   DISM Provider Store: PID=4532 TID=3992 Failed to Load the provider: C:\Sandbox\F415F9C8-478E-4D61-BBA3-E6888CDD02FC\PEProvider.dll. - CDISMProviderStore::Internal_GetProvider(hr:0x8007007e)
2017-03-27 12:32:16, Info                  DISM   DISM Provider Store: PID=4532 TID=3992 Failed to get and initialize the PE Provider.  Continuing by assuming that it is not a WinPE image. - CDISMProviderStore::Final_OnConnect
2017-03-27 12:32:16, Info                  DISM   DISM Provider Store: PID=4532 TID=3992 Finished initializing the Provider Map. - CDISMProviderStore::Final_OnConnect
2017-03-27 12:32:16, Info                  DISM   DISM Provider Store: PID=4532 TID=3992 Getting Provider DISMLogger - CDISMProviderStore::GetProvider
2017-03-27 12:32:16, Info                  DISM   DISM Provider Store: PID=4532 TID=3992 Provider has previously been initialized.  Returning the existing instance. - CDISMProviderStore::Internal_GetProvider
2017-03-27 12:32:16, Info                  DISM   Try to initialize Panther logging 1 times, last error: 0x0
2017-03-27 12:32:16, Info                  DISM   Try to initialize Panther logging 1 times, last error: 0x0
2017-03-27 12:32:16, Info                  DISM   DISM Manager: PID=468 TID=2740 Image session successfully loaded from the temporary location: C:\Sandbox\F415F9C8-478E-4D61-BBA3-E6888CDD02FC - CDISMManager::CreateImageSession
2017-03-27 12:32:16, Info                  DISM   DISM Provider Store: PID=4532 TID=3992 Getting Provider OSServices - CDISMProviderStore::GetProvider
2017-03-27 12:32:16, Info                  DISM   DISM Provider Store: PID=4532 TID=3992 Provider has previously been initialized.  Returning the existing instance. - CDISMProviderStore::Internal_GetProvider
2017-03-27 12:32:16, Info                  DISM   DISM.EXE: Target image information: OS Version=10.0.14393.0, Image architecture=amd64
2017-03-27 12:32:16, Info                  DISM   DISM Provider Store: PID=4532 TID=3992 Getting the collection of providers from an image provider store type. - CDISMProviderStore::GetProviderCollection
2017-03-27 12:32:16, Info                  DISM   DISM Provider Store: PID=4532 TID=3992 Provider has not previously been encountered.  Attempting to initialize the provider. - CDISMProviderStore::Internal_GetProvider
2017-03-27 12:32:16, Info                  DISM   DISM Provider Store: PID=4532 TID=3992 Loading Provider from location C:\Sandbox\F415F9C8-478E-4D61-BBA3-E6888CDD02FC\CbsProvider.dll - CDISMProviderStore::Internal_GetProvider
2017-03-27 12:32:16, Info                  DISM   DISM Provider Store: PID=4532 TID=3992 Connecting to the provider located at C:\Sandbox\F415F9C8-478E-4D61-BBA3-E6888CDD02FC\CbsProvider.dll. - CDISMProviderStore::Internal_LoadProvider
2017-03-27 12:32:16, Info                  DISM   DISM Provider Store: PID=4532 TID=3992 Encountered a servicing provider, performing additional servicing initializations. - CDISMProviderStore::Internal_LoadProvider
2017-03-27 12:32:16, Info                  DISM   DISM Package Manager: PID=4532 TID=3992 Finished initializing the CbsConUI Handler. - CCbsConUIHandler::Initialize
2017-03-27 12:32:16, Info                  DISM   DISM Package Manager: PID=4532 TID=3992 CBS is being initialized for online use. More information about CBS actions can be located at: %windir%\logs\cbs\cbs.log - CDISMPackageManager::Initialize
2017-03-27 12:32:16, Info                  DISM   DISM Package Manager: PID=4532 TID=3992 Loaded servicing stack for online use only. - CDISMPackageManager::RefreshInstanceAndLock
2017-03-27 12:32:16, Info                  DISM   DISM Provider Store: PID=4532 TID=3992 Provider has not previously been encountered.  Attempting to initialize the provider. - CDISMProviderStore::Internal_GetProvider
2017-03-27 12:32:16, Info                  DISM   DISM Provider Store: PID=4532 TID=3992 Loading Provider from location C:\Sandbox\F415F9C8-478E-4D61-BBA3-E6888CDD02FC\MsiProvider.dll - CDISMProviderStore::Internal_GetProvider
2017-03-27 12:32:16, Info                  DISM   DISM Provider Store: PID=4532 TID=3992 Connecting to the provider located at C:\Sandbox\F415F9C8-478E-4D61-BBA3-E6888CDD02FC\MsiProvider.dll. - CDISMProviderStore::Internal_LoadProvider
2017-03-27 12:32:16, Info                  DISM   DISM Provider Store: PID=4532 TID=3992 Encountered a servicing provider, performing additional servicing initializations. - CDISMProviderStore::Internal_LoadProvider
2017-03-27 12:32:16, Info                  DISM   DISM Provider Store: PID=4532 TID=3992 Provider has not previously been encountered.  Attempting to initialize the provider. - CDISMProviderStore::Internal_GetProvider
2017-03-27 12:32:16, Info                  DISM   DISM Provider Store: PID=4532 TID=3992 Loading Provider from location C:\Sandbox\F415F9C8-478E-4D61-BBA3-E6888CDD02FC\IntlProvider.dll - CDISMProviderStore::Internal_GetProvider
2017-03-27 12:32:16, Info                  DISM   DISM Provider Store: PID=4532 TID=3992 Connecting to the provider located at C:\Sandbox\F415F9C8-478E-4D61-BBA3-E6888CDD02FC\IntlProvider.dll. - CDISMProviderStore::Internal_LoadProvider
2017-03-27 12:32:16, Info                  DISM   DISM Provider Store: PID=4532 TID=3992 Encountered a servicing provider, performing additional servicing initializations. - CDISMProviderStore::Internal_LoadProvider
2017-03-27 12:32:16, Info                  DISM   DISM Provider Store: PID=4532 TID=3992 Provider has not previously been encountered.  Attempting to initialize the provider. - CDISMProviderStore::Internal_GetProvider
2017-03-27 12:32:16, Info                  DISM   DISM Provider Store: PID=4532 TID=3992 Loading Provider from location C:\Sandbox\F415F9C8-478E-4D61-BBA3-E6888CDD02FC\IBSProvider.dll - CDISMProviderStore::Internal_GetProvider
2017-03-27 12:32:16, Info                  DISM   DISM Provider Store: PID=4532 TID=3992 Connecting to the provider located at C:\Sandbox\F415F9C8-478E-4D61-BBA3-E6888CDD02FC\IBSProvider.dll. - CDISMProviderStore::Internal_LoadProvider
2017-03-27 12:32:16, Info                  DISM   DISM Provider Store: PID=4532 TID=3992 Encountered a servicing provider, performing additional servicing initializations. - CDISMProviderStore::Internal_LoadProvider
2017-03-27 12:32:16, Info                  DISM   DISM Provider Store: PID=4532 TID=3992 Provider has not previously been encountered.  Attempting to initialize the provider. - CDISMProviderStore::Internal_GetProvider
2017-03-27 12:32:16, Info                  DISM   DISM Provider Store: PID=4532 TID=3992 Loading Provider from location C:\Sandbox\F415F9C8-478E-4D61-BBA3-E6888CDD02FC\DmiProvider.dll - CDISMProviderStore::Internal_GetProvider
2017-03-27 12:32:16, Info                  DISM   DISM Provider Store: PID=4532 TID=3992 Connecting to the provider located at C:\Sandbox\F415F9C8-478E-4D61-BBA3-E6888CDD02FC\DmiProvider.dll. - CDISMProviderStore::Internal_LoadProvider
2017-03-27 12:32:16, Info                  DISM   DISM Provider Store: PID=4532 TID=3992 Encountered a servicing provider, performing additional servicing initializations. - CDISMProviderStore::Internal_LoadProvider
2017-03-27 12:32:16, Info                  DISM   DISM OS Provider: PID=4532 TID=3992 Successfully loaded the hive. - CDISMOSServiceManager::DetermineBootDrive
2017-03-27 12:32:16, Info                  DISM   DISM Driver Manager: PID=4532 TID=3992 Further logs for driver related operations can be found in the target operating system at %WINDIR%\inf\setupapi.offline.log - CDriverManager::Initialize
2017-03-27 12:32:16, Info                  DISM   DISM Provider Store: PID=4532 TID=3992 Provider has not previously been encountered.  Attempting to initialize the provider. - CDISMProviderStore::Internal_GetProvider
2017-03-27 12:32:16, Info                  DISM   DISM Provider Store: PID=4532 TID=3992 Loading Provider from location C:\Sandbox\F415F9C8-478E-4D61-BBA3-E6888CDD02FC\UnattendProvider.dll - CDISMProviderStore::Internal_GetProvider
2017-03-27 12:32:16, Info                  DISM   DISM Provider Store: PID=4532 TID=3992 Connecting to the provider located at C:\Sandbox\F415F9C8-478E-4D61-BBA3-E6888CDD02FC\UnattendProvider.dll. - CDISMProviderStore::Internal_LoadProvider
2017-03-27 12:32:16, Info                  DISM   DISM Provider Store: PID=4532 TID=3992 Encountered a servicing provider, performing additional servicing initializations. - CDISMProviderStore::Internal_LoadProvider
2017-03-27 12:32:16, Info                  DISM   DISM Provider Store: PID=4532 TID=3992 Provider has not previously been encountered.  Attempting to initialize the provider. - CDISMProviderStore::Internal_GetProvider
2017-03-27 12:32:16, Info                  DISM   DISM Provider Store: PID=4532 TID=3992 Loading Provider from location C:\Sandbox\F415F9C8-478E-4D61-BBA3-E6888CDD02FC\SmiProvider.dll - CDISMProviderStore::Internal_GetProvider
2017-03-27 12:32:16, Info                  DISM   DISM Provider Store: PID=4532 TID=3992 Connecting to the provider located at C:\Sandbox\F415F9C8-478E-4D61-BBA3-E6888CDD02FC\SmiProvider.dll. - CDISMProviderStore::Internal_LoadProvider
2017-03-27 12:32:16, Info                  DISM   DISM Provider Store: PID=4532 TID=3992 Encountered a servicing provider, performing additional servicing initializations. - CDISMProviderStore::Internal_LoadProvider
2017-03-27 12:32:16, Info                  DISM   DISM Provider Store: PID=4532 TID=3992 Provider has not previously been encountered.  Attempting to initialize the provider. - CDISMProviderStore::Internal_GetProvider
2017-03-27 12:32:16, Info                  DISM   DISM Provider Store: PID=4532 TID=3992 Loading Provider from location C:\Sandbox\F415F9C8-478E-4D61-BBA3-E6888CDD02FC\EmbeddedProvider.dll - CDISMProviderStore::Internal_GetProvider
2017-03-27 12:32:16, Warning               DISM   DISM Provider Store: PID=4532 TID=3992 Failed to Load the provider: C:\Sandbox\F415F9C8-478E-4D61-BBA3-E6888CDD02FC\EmbeddedProvider.dll. - CDISMProviderStore::Internal_GetProvider(hr:0x8007007e)
2017-03-27 12:32:16, Info                  DISM   DISM Provider Store: PID=4532 TID=3992 Provider has not previously been encountered.  Attempting to initialize the provider. - CDISMProviderStore::Internal_GetProvider
2017-03-27 12:32:16, Info                  DISM   DISM Provider Store: PID=4532 TID=3992 Loading Provider from location C:\Sandbox\F415F9C8-478E-4D61-BBA3-E6888CDD02FC\AppxProvider.dll - CDISMProviderStore::Internal_GetProvider
2017-03-27 12:32:16, Info                  DISM   DISM Provider Store: PID=4532 TID=3992 Connecting to the provider located at C:\Sandbox\F415F9C8-478E-4D61-BBA3-E6888CDD02FC\AppxProvider.dll. - CDISMProviderStore::Internal_LoadProvider
2017-03-27 12:32:16, Info                  DISM   DISM Provider Store: PID=4532 TID=3992 Encountered a servicing provider, performing additional servicing initializations. - CDISMProviderStore::Internal_LoadProvider
2017-03-27 12:32:16, Info                  DISM   DISM Provider Store: PID=4532 TID=3992 Provider has not previously been encountered.  Attempting to initialize the provider. - CDISMProviderStore::Internal_GetProvider
2017-03-27 12:32:16, Info                  DISM   DISM Provider Store: PID=4532 TID=3992 Loading Provider from location C:\Sandbox\F415F9C8-478E-4D61-BBA3-E6888CDD02FC\ProvProvider.dll - CDISMProviderStore::Internal_GetProvider
2017-03-27 12:32:16, Info                  DISM   DISM Provider Store: PID=4532 TID=3992 Connecting to the provider located at C:\Sandbox\F415F9C8-478E-4D61-BBA3-E6888CDD02FC\ProvProvider.dll. - CDISMProviderStore::Internal_LoadProvider
2017-03-27 12:32:16, Info                  DISM   DISM Provider Store: PID=4532 TID=3992 Encountered a servicing provider, performing additional servicing initializations. - CDISMProviderStore::Internal_LoadProvider
2017-03-27 12:32:16, Info                  DISM   DISM Provider Store: PID=4532 TID=3992 Provider has not previously been encountered.  Attempting to initialize the provider. - CDISMProviderStore::Internal_GetProvider
2017-03-27 12:32:16, Info                  DISM   DISM Provider Store: PID=4532 TID=3992 Loading Provider from location C:\Sandbox\F415F9C8-478E-4D61-BBA3-E6888CDD02FC\AssocProvider.dll - CDISMProviderStore::Internal_GetProvider
2017-03-27 12:32:16, Info                  DISM   DISM Provider Store: PID=4532 TID=3992 Connecting to the provider located at C:\Sandbox\F415F9C8-478E-4D61-BBA3-E6888CDD02FC\AssocProvider.dll. - CDISMProviderStore::Internal_LoadProvider
2017-03-27 12:32:16, Info                  DISM   DISM Provider Store: PID=4532 TID=3992 Encountered a servicing provider, performing additional servicing initializations. - CDISMProviderStore::Internal_LoadProvider
2017-03-27 12:32:16, Info                  DISM   DISM Provider Store: PID=4532 TID=3992 Provider has not previously been encountered.  Attempting to initialize the provider. - CDISMProviderStore::Internal_GetProvider
2017-03-27 12:32:16, Info                  DISM   DISM Provider Store: PID=4532 TID=3992 Loading Provider from location C:\Sandbox\F415F9C8-478E-4D61-BBA3-E6888CDD02FC\GenericProvider.dll - CDISMProviderStore::Internal_GetProvider
2017-03-27 12:32:16, Info                  DISM   DISM Provider Store: PID=4532 TID=3992 Connecting to the provider located at C:\Sandbox\F415F9C8-478E-4D61-BBA3-E6888CDD02FC\GenericProvider.dll. - CDISMProviderStore::Internal_LoadProvider
2017-03-27 12:32:16, Info                  DISM   DISM Provider Store: PID=4532 TID=3992 Encountered a servicing provider, performing additional servicing initializations. - CDISMProviderStore::Internal_LoadProvider
2017-03-27 12:32:16, Info                  DISM   DISM Provider Store: PID=4532 TID=3992 Provider has not previously been encountered.  Attempting to initialize the provider. - CDISMProviderStore::Internal_GetProvider
2017-03-27 12:32:16, Info                  DISM   DISM Provider Store: PID=4532 TID=3992 Loading Provider from location C:\Sandbox\F415F9C8-478E-4D61-BBA3-E6888CDD02FC\OfflineSetupProvider.dll - CDISMProviderStore::Internal_GetProvider
2017-03-27 12:32:16, Info                  DISM   DISM Provider Store: PID=4532 TID=3992 Connecting to the provider located at C:\Sandbox\F415F9C8-478E-4D61-BBA3-E6888CDD02FC\OfflineSetupProvider.dll. - CDISMProviderStore::Internal_LoadProvider
2017-03-27 12:32:16, Info                  DISM   DISM Provider Store: PID=4532 TID=3992 Encountered a servicing provider, performing additional servicing initializations. - CDISMProviderStore::Internal_LoadProvider
2017-03-27 12:32:16, Info                  DISM   DISM Provider Store: PID=4532 TID=3992 Provider has not previously been encountered.  Attempting to initialize the provider. - CDISMProviderStore::Internal_GetProvider
2017-03-27 12:32:16, Info                  DISM   DISM Provider Store: PID=4532 TID=3992 Loading Provider from location C:\Sandbox\F415F9C8-478E-4D61-BBA3-E6888CDD02FC\TransmogProvider.dll - CDISMProviderStore::Internal_GetProvider
2017-03-27 12:32:16, Info                  DISM   DISM Provider Store: PID=4532 TID=3992 Connecting to the provider located at C:\Sandbox\F415F9C8-478E-4D61-BBA3-E6888CDD02FC\TransmogProvider.dll. - CDISMProviderStore::Internal_LoadProvider
2017-03-27 12:32:16, Info                  DISM   DISM Provider Store: PID=4532 TID=3992 Encountered a servicing provider, performing additional servicing initializations. - CDISMProviderStore::Internal_LoadProvider
2017-03-27 12:32:16, Info                  DISM   DISM Transmog Provider: PID=4532 TID=3992 Current image session is [ONLINE] - CTransmogManager::GetMode
2017-03-27 12:32:16, Info                  DISM   DISM Transmog Provider: PID=4532 TID=3992 Audit Mode: [Yes] - CTransmogManager::Initialize
2017-03-27 12:32:16, Info                  DISM   DISM Transmog Provider: PID=4532 TID=3992 GetProductType: ProductType = [WinNT] - CTransmogManager::GetProductType
2017-03-27 12:32:16, Info                  DISM   DISM Transmog Provider: PID=4532 TID=3992 Product Type: [WinNT] - CTransmogManager::Initialize
2017-03-27 12:32:16, Info                  DISM   DISM Transmog Provider: PID=4532 TID=3992 Product Type ServerNT : [No] - CTransmogManager::Initialize
2017-03-27 12:32:16, Info                  DISM   DISM.EXE: Got the collection of providers. Now enumerating them to build the command table.
2017-03-27 12:32:16, Info                  DISM   DISM.EXE: Attempting to add the commands from provider: DISM Log Provider
2017-03-27 12:32:16, Info                  DISM   DISM.EXE: Attempting to add the commands from provider: OSServices
2017-03-27 12:32:16, Info                  DISM   DISM.EXE: Attempting to add the commands from provider: DISM Package Manager
2017-03-27 12:32:16, Info                  DISM   DISM.EXE: Succesfully registered commands for the provider: DISM Package Manager.
2017-03-27 12:32:16, Info                  DISM   DISM.EXE: Attempting to add the commands from provider: MsiManager
2017-03-27 12:32:16, Info                  DISM   DISM.EXE: Succesfully registered commands for the provider: MsiManager.
2017-03-27 12:32:16, Info                  DISM   DISM.EXE: Attempting to add the commands from provider: IntlManager
2017-03-27 12:32:16, Info                  DISM   DISM.EXE: Succesfully registered commands for the provider: IntlManager.
2017-03-27 12:32:16, Info                  DISM   DISM.EXE: Attempting to add the commands from provider: IBSManager
2017-03-27 12:32:16, Info                  DISM   DISM.EXE: Attempting to add the commands from provider: DriverManager
2017-03-27 12:32:16, Info                  DISM   DISM.EXE: Succesfully registered commands for the provider: DriverManager.
2017-03-27 12:32:16, Info                  DISM   DISM.EXE: Attempting to add the commands from provider: DISM Unattend Manager
2017-03-27 12:32:16, Info                  DISM   DISM.EXE: Succesfully registered commands for the provider: DISM Unattend Manager.
2017-03-27 12:32:16, Info                  DISM   DISM.EXE: Attempting to add the commands from provider: SmiManager
2017-03-27 12:32:16, Info                  DISM   DISM.EXE: Attempting to add the commands from provider: AppxManager
2017-03-27 12:32:16, Info                  DISM   DISM.EXE: Succesfully registered commands for the provider: AppxManager.
2017-03-27 12:32:16, Info                  DISM   DISM.EXE: Attempting to add the commands from provider: ProvManager
2017-03-27 12:32:16, Info                  DISM   DISM.EXE: Succesfully registered commands for the provider: ProvManager.
2017-03-27 12:32:16, Info                  DISM   DISM.EXE: Attempting to add the commands from provider: AssocManager
2017-03-27 12:32:16, Info                  DISM   DISM.EXE: Succesfully registered commands for the provider: AssocManager.
2017-03-27 12:32:16, Info                  DISM   DISM.EXE: Attempting to add the commands from provider: GenericManager
2017-03-27 12:32:16, Info                  DISM   DISM.EXE: Succesfully registered commands for the provider: GenericManager.
2017-03-27 12:32:16, Info                  DISM   DISM.EXE: Attempting to add the commands from provider: OfflineSetupManager
2017-03-27 12:32:16, Info                  DISM   DISM.EXE: Succesfully registered commands for the provider: OfflineSetupManager.
2017-03-27 12:32:16, Info                  DISM   DISM.EXE: Attempting to add the commands from provider: Edition Manager
2017-03-27 12:32:16, Info                  DISM   DISM.EXE: Succesfully registered commands for the provider: Edition Manager.
2017-03-27 12:32:16, Info                  DISM   DISM Provider Store: PID=4532 TID=3992 Getting Provider AppxManager - CDISMProviderStore::GetProvider
2017-03-27 12:32:16, Info                  DISM   DISM Provider Store: PID=4532 TID=3992 Provider has previously been initialized.  Returning the existing instance. - CDISMProviderStore::Internal_GetProvider
2017-03-27 12:32:16, Info                  DISM   DISM Appx Provider: PID=4532 TID=3992 Creating provisioning request. - CAppxManager::AddAllUserAppxPackage
2017-03-27 12:32:16, Info                  DISM   DISM Appx Provider: PID=4532 TID=3992 Adding main package to provisioning request. - CAppxManager::AddAllUserAppxPackage
2017-03-27 12:32:16, Info                  DISM   DISM Appx Provider: PID=4532 TID=3992 File could not be read as an .Appx package, trying to read file as an .AppxBundle... - CPackageAdapter::CreateFromPath
2017-03-27 12:32:16, Info                  DISM   DISM Appx Provider: PID=4532 TID=3992 Found a main package: Microsoft.MicrosoftSolitaireCollection_3.9.5100.0_neutral_~_8wekyb3d8bbwe - CDismRequest::GetMainPackage
2017-03-27 12:32:16, Info                  DISM   DISM Appx Provider: PID=4532 TID=3992 Adding: en-US as applicable language. - CDismContext::AvailableOSLangPacks
2017-03-27 12:32:21, Info                  DISM   DISM Appx Provider: PID=4532 TID=3992 Found a main package: Microsoft.MicrosoftSolitaireCollection_3.9.5100.0_x86__8wekyb3d8bbwe - CDismRequest::GetMainPackage
2017-03-27 12:32:21, Info                  DISM   DISM Appx Provider: PID=4532 TID=3992 Found a main package: Microsoft.MicrosoftSolitaireCollection_3.9.5100.0_x64__8wekyb3d8bbwe - CDismRequest::GetMainPackage
2017-03-27 12:32:21, Info                  DISM   DISM Appx Provider: PID=4532 TID=3992 Found a main package: Microsoft.MicrosoftSolitaireCollection_3.9.5100.0_arm__8wekyb3d8bbwe - CDismRequest::GetMainPackage
2017-03-27 12:32:21, Info                  DISM   DISM Appx Provider: PID=4532 TID=3992 Package 'Microsoft.MicrosoftSolitaireCollection_3.9.5100.0_neutral_split.language-af_8wekyb3d8bbwe' excluded as not applicable. - PackageSource::IsPackageApplicable
2017-03-27 12:32:21, Info                  DISM   DISM Appx Provider: PID=4532 TID=3992 Package 'Microsoft.MicrosoftSolitaireCollection_3.9.5100.0_neutral_split.language-am_8wekyb3d8bbwe' excluded as not applicable. - PackageSource::IsPackageApplicable
2017-03-27 12:32:21, Info                  DISM   DISM Appx Provider: PID=4532 TID=3992 Package 'Microsoft.MicrosoftSolitaireCollection_3.9.5100.0_neutral_split.language-ar_8wekyb3d8bbwe' excluded as not applicable. - PackageSource::IsPackageApplicable
2017-03-27 12:32:21, Info                  DISM   DISM Appx Provider: PID=4532 TID=3992 Package 'Microsoft.MicrosoftSolitaireCollection_3.9.5100.0_neutral_split.language-az-latn_8wekyb3d8bbwe' excluded as not applicable. - PackageSource::IsPackageApplicable
2017-03-27 12:32:21, Info                  DISM   DISM Appx Provider: PID=4532 TID=3992 Package 'Microsoft.MicrosoftSolitaireCollection_3.9.5100.0_neutral_split.language-be_8wekyb3d8bbwe' excluded as not applicable. - PackageSource::IsPackageApplicable
2017-03-27 12:32:21, Info                  DISM   DISM Appx Provider: PID=4532 TID=3992 Package 'Microsoft.MicrosoftSolitaireCollection_3.9.5100.0_neutral_split.language-bg_8wekyb3d8bbwe' excluded as not applicable. - PackageSource::IsPackageApplicable
2017-03-27 12:32:21, Info                  DISM   DISM Appx Provider: PID=4532 TID=3992 Package 'Microsoft.MicrosoftSolitaireCollection_3.9.5100.0_neutral_split.language-bn_8wekyb3d8bbwe' excluded as not applicable. - PackageSource::IsPackageApplicable
2017-03-27 12:32:21, Info                  DISM   DISM Appx Provider: PID=4532 TID=3992 Package 'Microsoft.MicrosoftSolitaireCollection_3.9.5100.0_neutral_split.language-ca_8wekyb3d8bbwe' excluded as not applicable. - PackageSource::IsPackageApplicable
2017-03-27 12:32:21, Info                  DISM   DISM Appx Provider: PID=4532 TID=3992 Package 'Microsoft.MicrosoftSolitaireCollection_3.9.5100.0_neutral_split.language-cs_8wekyb3d8bbwe' excluded as not applicable. - PackageSource::IsPackageApplicable
2017-03-27 12:32:21, Info                  DISM   DISM Appx Provider: PID=4532 TID=3992 Package 'Microsoft.MicrosoftSolitaireCollection_3.9.5100.0_neutral_split.language-da_8wekyb3d8bbwe' excluded as not applicable. - PackageSource::IsPackageApplicable
2017-03-27 12:32:21, Info                  DISM   DISM Appx Provider: PID=4532 TID=3992 Package 'Microsoft.MicrosoftSolitaireCollection_3.9.5100.0_neutral_split.language-de_8wekyb3d8bbwe' excluded as not applicable. - PackageSource::IsPackageApplicable
2017-03-27 12:32:21, Info                  DISM   DISM Appx Provider: PID=4532 TID=3992 Package 'Microsoft.MicrosoftSolitaireCollection_3.9.5100.0_neutral_split.language-el_8wekyb3d8bbwe' excluded as not applicable. - PackageSource::IsPackageApplicable
2017-03-27 12:32:21, Info                  DISM   DISM Appx Provider: PID=4532 TID=3992 Package 'Microsoft.MicrosoftSolitaireCollection_3.9.5100.0_neutral_split.language-es_8wekyb3d8bbwe' excluded as not applicable. - PackageSource::IsPackageApplicable
2017-03-27 12:32:21, Info                  DISM   DISM Appx Provider: PID=4532 TID=3992 Package 'Microsoft.MicrosoftSolitaireCollection_3.9.5100.0_neutral_split.language-et_8wekyb3d8bbwe' excluded as not applicable. - PackageSource::IsPackageApplicable
2017-03-27 12:32:21, Info                  DISM   DISM Appx Provider: PID=4532 TID=3992 Package 'Microsoft.MicrosoftSolitaireCollection_3.9.5100.0_neutral_split.language-eu_8wekyb3d8bbwe' excluded as not applicable. - PackageSource::IsPackageApplicable
2017-03-27 12:32:21, Info                  DISM   DISM Appx Provider: PID=4532 TID=3992 Package 'Microsoft.MicrosoftSolitaireCollection_3.9.5100.0_neutral_split.language-fa_8wekyb3d8bbwe' excluded as not applicable. - PackageSource::IsPackageApplicable
2017-03-27 12:32:21, Info                  DISM   DISM Appx Provider: PID=4532 TID=3992 Package 'Microsoft.MicrosoftSolitaireCollection_3.9.5100.0_neutral_split.language-fi_8wekyb3d8bbwe' excluded as not applicable. - PackageSource::IsPackageApplicable
2017-03-27 12:32:21, Info                  DISM   DISM Appx Provider: PID=4532 TID=3992 Package 'Microsoft.MicrosoftSolitaireCollection_3.9.5100.0_neutral_split.language-fil-latn_8wekyb3d8bbwe' excluded as not applicable. - PackageSource::IsPackageApplicable
2017-03-27 12:32:21, Info                  DISM   DISM Appx Provider: PID=4532 TID=3992 Package 'Microsoft.MicrosoftSolitaireCollection_3.9.5100.0_neutral_split.language-fr_8wekyb3d8bbwe' excluded as not applicable. - PackageSource::IsPackageApplicable
2017-03-27 12:32:21, Info                  DISM   DISM Appx Provider: PID=4532 TID=3992 Package 'Microsoft.MicrosoftSolitaireCollection_3.9.5100.0_neutral_split.language-gl_8wekyb3d8bbwe' excluded as not applicable. - PackageSource::IsPackageApplicable
2017-03-27 12:32:21, Info                  DISM   DISM Appx Provider: PID=4532 TID=3992 Package 'Microsoft.MicrosoftSolitaireCollection_3.9.5100.0_neutral_split.language-ha-latn_8wekyb3d8bbwe' excluded as not applicable. - PackageSource::IsPackageApplicable
2017-03-27 12:32:21, Info                  DISM   DISM Appx Provider: PID=4532 TID=3992 Package 'Microsoft.MicrosoftSolitaireCollection_3.9.5100.0_neutral_split.language-he_8wekyb3d8bbwe' excluded as not applicable. - PackageSource::IsPackageApplicable
2017-03-27 12:32:21, Info                  DISM   DISM Appx Provider: PID=4532 TID=3992 Package 'Microsoft.MicrosoftSolitaireCollection_3.9.5100.0_neutral_split.language-hi_8wekyb3d8bbwe' excluded as not applicable. - PackageSource::IsPackageApplicable
2017-03-27 12:32:21, Info                  DISM   DISM Appx Provider: PID=4532 TID=3992 Package 'Microsoft.MicrosoftSolitaireCollection_3.9.5100.0_neutral_split.language-hr_8wekyb3d8bbwe' excluded as not applicable. - PackageSource::IsPackageApplicable
2017-03-27 12:32:21, Info                  DISM   DISM Appx Provider: PID=4532 TID=3992 Package 'Microsoft.MicrosoftSolitaireCollection_3.9.5100.0_neutral_split.language-hu_8wekyb3d8bbwe' excluded as not applicable. - PackageSource::IsPackageApplicable
2017-03-27 12:32:21, Info                  DISM   DISM Appx Provider: PID=4532 TID=3992 Package 'Microsoft.MicrosoftSolitaireCollection_3.9.5100.0_neutral_split.language-id_8wekyb3d8bbwe' excluded as not applicable. - PackageSource::IsPackageApplicable
2017-03-27 12:32:21, Info                  DISM   DISM Appx Provider: PID=4532 TID=3992 Package 'Microsoft.MicrosoftSolitaireCollection_3.9.5100.0_neutral_split.language-is_8wekyb3d8bbwe' excluded as not applicable. - PackageSource::IsPackageApplicable
2017-03-27 12:32:21, Info                  DISM   DISM Appx Provider: PID=4532 TID=3992 Package 'Microsoft.MicrosoftSolitaireCollection_3.9.5100.0_neutral_split.language-it_8wekyb3d8bbwe' excluded as not applicable. - PackageSource::IsPackageApplicable
2017-03-27 12:32:21, Info                  DISM   DISM Appx Provider: PID=4532 TID=3992 Package 'Microsoft.MicrosoftSolitaireCollection_3.9.5100.0_neutral_split.language-ja_8wekyb3d8bbwe' excluded as not applicable. - PackageSource::IsPackageApplicable
2017-03-27 12:32:21, Info                  DISM   DISM Appx Provider: PID=4532 TID=3992 Package 'Microsoft.MicrosoftSolitaireCollection_3.9.5100.0_neutral_split.language-kk_8wekyb3d8bbwe' excluded as not applicable. - PackageSource::IsPackageApplicable
2017-03-27 12:32:21, Info                  DISM   DISM Appx Provider: PID=4532 TID=3992 Package 'Microsoft.MicrosoftSolitaireCollection_3.9.5100.0_neutral_split.language-km_8wekyb3d8bbwe' excluded as not applicable. - PackageSource::IsPackageApplicable
2017-03-27 12:32:21, Info                  DISM   DISM Appx Provider: PID=4532 TID=3992 Package 'Microsoft.MicrosoftSolitaireCollection_3.9.5100.0_neutral_split.language-kn_8wekyb3d8bbwe' excluded as not applicable. - PackageSource::IsPackageApplicable
2017-03-27 12:32:21, Info                  DISM   DISM Appx Provider: PID=4532 TID=3992 Package 'Microsoft.MicrosoftSolitaireCollection_3.9.5100.0_neutral_split.language-ko_8wekyb3d8bbwe' excluded as not applicable. - PackageSource::IsPackageApplicable
2017-03-27 12:32:21, Info                  DISM   DISM Appx Provider: PID=4532 TID=3992 Package 'Microsoft.MicrosoftSolitaireCollection_3.9.5100.0_neutral_split.language-lt_8wekyb3d8bbwe' excluded as not applicable. - PackageSource::IsPackageApplicable
2017-03-27 12:32:21, Info                  DISM   DISM Appx Provider: PID=4532 TID=3992 Package 'Microsoft.MicrosoftSolitaireCollection_3.9.5100.0_neutral_split.language-lv_8wekyb3d8bbwe' excluded as not applicable. - PackageSource::IsPackageApplicable
2017-03-27 12:32:21, Info                  DISM   DISM Appx Provider: PID=4532 TID=3992 Package 'Microsoft.MicrosoftSolitaireCollection_3.9.5100.0_neutral_split.language-mk_8wekyb3d8bbwe' excluded as not applicable. - PackageSource::IsPackageApplicable
2017-03-27 12:32:21, Info                  DISM   DISM Appx Provider: PID=4532 TID=3992 Package 'Microsoft.MicrosoftSolitaireCollection_3.9.5100.0_neutral_split.language-ml_8wekyb3d8bbwe' excluded as not applicable. - PackageSource::IsPackageApplicable
2017-03-27 12:32:21, Info                  DISM   DISM Appx Provider: PID=4532 TID=3992 Package 'Microsoft.MicrosoftSolitaireCollection_3.9.5100.0_neutral_split.language-ms_8wekyb3d8bbwe' excluded as not applicable. - PackageSource::IsPackageApplicable
2017-03-27 12:32:21, Info                  DISM   DISM Appx Provider: PID=4532 TID=3992 Package 'Microsoft.MicrosoftSolitaireCollection_3.9.5100.0_neutral_split.language-nb_8wekyb3d8bbwe' excluded as not applicable. - PackageSource::IsPackageApplicable
2017-03-27 12:32:21, Info                  DISM   DISM Appx Provider: PID=4532 TID=3992 Package 'Microsoft.MicrosoftSolitaireCollection_3.9.5100.0_neutral_split.language-nl_8wekyb3d8bbwe' excluded as not applicable. - PackageSource::IsPackageApplicable
2017-03-27 12:32:21, Info                  DISM   DISM Appx Provider: PID=4532 TID=3992 Package 'Microsoft.MicrosoftSolitaireCollection_3.9.5100.0_neutral_split.language-pl_8wekyb3d8bbwe' excluded as not applicable. - PackageSource::IsPackageApplicable
2017-03-27 12:32:21, Info                  DISM   DISM Appx Provider: PID=4532 TID=3992 Package 'Microsoft.MicrosoftSolitaireCollection_3.9.5100.0_neutral_split.language-pt_8wekyb3d8bbwe' excluded as not applicable. - PackageSource::IsPackageApplicable
2017-03-27 12:32:21, Info                  DISM   DISM Appx Provider: PID=4532 TID=3992 Package 'Microsoft.MicrosoftSolitaireCollection_3.9.5100.0_neutral_split.language-ro_8wekyb3d8bbwe' excluded as not applicable. - PackageSource::IsPackageApplicable
2017-03-27 12:32:21, Info                  DISM   DISM Appx Provider: PID=4532 TID=3992 Package 'Microsoft.MicrosoftSolitaireCollection_3.9.5100.0_neutral_split.language-ru_8wekyb3d8bbwe' excluded as not applicable. - PackageSource::IsPackageApplicable
2017-03-27 12:32:21, Info                  DISM   DISM Appx Provider: PID=4532 TID=3992 Package 'Microsoft.MicrosoftSolitaireCollection_3.9.5100.0_neutral_split.language-sk_8wekyb3d8bbwe' excluded as not applicable. - PackageSource::IsPackageApplicable
2017-03-27 12:32:21, Info                  DISM   DISM Appx Provider: PID=4532 TID=3992 Package 'Microsoft.MicrosoftSolitaireCollection_3.9.5100.0_neutral_split.language-sl_8wekyb3d8bbwe' excluded as not applicable. - PackageSource::IsPackageApplicable
2017-03-27 12:32:21, Info                  DISM   DISM Appx Provider: PID=4532 TID=3992 Package 'Microsoft.MicrosoftSolitaireCollection_3.9.5100.0_neutral_split.language-sq_8wekyb3d8bbwe' excluded as not applicable. - PackageSource::IsPackageApplicable
2017-03-27 12:32:21, Info                  DISM   DISM Appx Provider: PID=4532 TID=3992 Package 'Microsoft.MicrosoftSolitaireCollection_3.9.5100.0_neutral_split.language-sr-latn_8wekyb3d8bbwe' excluded as not applicable. - PackageSource::IsPackageApplicable
2017-03-27 12:32:21, Info                  DISM   DISM Appx Provider: PID=4532 TID=3992 Package 'Microsoft.MicrosoftSolitaireCollection_3.9.5100.0_neutral_split.language-sv_8wekyb3d8bbwe' excluded as not applicable. - PackageSource::IsPackageApplicable
2017-03-27 12:32:21, Info                  DISM   DISM Appx Provider: PID=4532 TID=3992 Package 'Microsoft.MicrosoftSolitaireCollection_3.9.5100.0_neutral_split.language-sw_8wekyb3d8bbwe' excluded as not applicable. - PackageSource::IsPackageApplicable
2017-03-27 12:32:21, Info                  DISM   DISM Appx Provider: PID=4532 TID=3992 Package 'Microsoft.MicrosoftSolitaireCollection_3.9.5100.0_neutral_split.language-ta_8wekyb3d8bbwe' excluded as not applicable. - PackageSource::IsPackageApplicable
2017-03-27 12:32:21, Info                  DISM   DISM Appx Provider: PID=4532 TID=3992 Package 'Microsoft.MicrosoftSolitaireCollection_3.9.5100.0_neutral_split.language-te_8wekyb3d8bbwe' excluded as not applicable. - PackageSource::IsPackageApplicable
2017-03-27 12:32:21, Info                  DISM   DISM Appx Provider: PID=4532 TID=3992 Package 'Microsoft.MicrosoftSolitaireCollection_3.9.5100.0_neutral_split.language-th_8wekyb3d8bbwe' excluded as not applicable. - PackageSource::IsPackageApplicable
2017-03-27 12:32:21, Info                  DISM   DISM Appx Provider: PID=4532 TID=3992 Package 'Microsoft.MicrosoftSolitaireCollection_3.9.5100.0_neutral_split.language-tr_8wekyb3d8bbwe' excluded as not applicable. - PackageSource::IsPackageApplicable
2017-03-27 12:32:21, Info                  DISM   DISM Appx Provider: PID=4532 TID=3992 Package 'Microsoft.MicrosoftSolitaireCollection_3.9.5100.0_neutral_split.language-uk_8wekyb3d8bbwe' excluded as not applicable. - PackageSource::IsPackageApplicable
2017-03-27 12:32:21, Info                  DISM   DISM Appx Provider: PID=4532 TID=3992 Package 'Microsoft.MicrosoftSolitaireCollection_3.9.5100.0_neutral_split.language-uz-latn_8wekyb3d8bbwe' excluded as not applicable. - PackageSource::IsPackageApplicable
2017-03-27 12:32:21, Info                  DISM   DISM Appx Provider: PID=4532 TID=3992 Package 'Microsoft.MicrosoftSolitaireCollection_3.9.5100.0_neutral_split.language-vi_8wekyb3d8bbwe' excluded as not applicable. - PackageSource::IsPackageApplicable
2017-03-27 12:32:21, Info                  DISM   DISM Appx Provider: PID=4532 TID=3992 Package 'Microsoft.MicrosoftSolitaireCollection_3.9.5100.0_neutral_split.language-zh-hans_8wekyb3d8bbwe' excluded as not applicable. - PackageSource::IsPackageApplicable
2017-03-27 12:32:21, Info                  DISM   DISM Appx Provider: PID=4532 TID=3992 Package 'Microsoft.MicrosoftSolitaireCollection_3.9.5100.0_neutral_split.language-zh-hant_8wekyb3d8bbwe' excluded as not applicable. - PackageSource::IsPackageApplicable
2017-03-27 12:32:21, Info                  DISM   DISM Appx Provider: PID=4532 TID=3992 Code integrity footprint file not found for package Microsoft.MicrosoftSolitaireCollection_3.9.5100.0_neutral_split.scale-100_8wekyb3d8bbwe. - PackageMonikerToPayload::CreateForPackageReader
2017-03-27 12:32:21, Info                  DISM   DISM Appx Provider: PID=4532 TID=3992 Code integrity footprint file not found for package Microsoft.MicrosoftSolitaireCollection_3.9.5100.0_neutral_split.scale-125_8wekyb3d8bbwe. - PackageMonikerToPayload::CreateForPackageReader
2017-03-27 12:32:21, Info                  DISM   DISM Appx Provider: PID=4532 TID=3992 Package 'Microsoft.MicrosoftSolitaireCollection_3.9.5100.0_neutral_split.scale-150_8wekyb3d8bbwe' excluded as not applicable. - PackageSource::IsPackageApplicable
2017-03-27 12:32:21, Info                  DISM   DISM Appx Provider: PID=4532 TID=3992 Package 'Microsoft.MicrosoftSolitaireCollection_3.9.5100.0_neutral_split.scale-400_8wekyb3d8bbwe' excluded as not applicable. - PackageSource::IsPackageApplicable
2017-03-27 12:32:21, Info                  DISM   DISM Appx Provider: PID=4532 TID=3992 Adding dependencies to provisioning request. - CAppxManager::AddAllUserAppxPackage
2017-03-27 12:32:21, Info                  DISM   DISM Appx Provider: PID=4532 TID=3992 Package moniker 'Microsoft.VCLibs.140.00_14.0.23816.0_x86__8wekyb3d8bbwe' excluded as an existing version 'Microsoft.VCLibs.140.00_14.0.23816.0_x86__8wekyb3d8bbwe' was found - CDismRequest::AddDependencyAppxPackage
2017-03-27 12:32:21, Info                  DISM   DISM Appx Provider: PID=4532 TID=3992 Package moniker 'Microsoft.NET.Native.Framework.1.3_1.3.23901.0_x86__8wekyb3d8bbwe' excluded as an existing version 'Microsoft.NET.Native.Framework.1.3_1.3.23901.0_x86__8wekyb3d8bbwe' was found - CDismRequest::AddDependencyAppxPackage
2017-03-27 12:32:21, Info                  DISM   DISM Appx Provider: PID=4532 TID=3992 Package moniker 'Microsoft.NET.Native.Runtime.1.3_1.3.23901.0_x86__8wekyb3d8bbwe' excluded as an existing version 'Microsoft.NET.Native.Runtime.1.3_1.3.23901.0_x86__8wekyb3d8bbwe' was found - CDismRequest::AddDependencyAppxPackage
2017-03-27 12:32:21, Info                  DISM   DISM Appx Provider: PID=4532 TID=3992 Package moniker 'Microsoft.VCLibs.140.00_14.0.23816.0_x64__8wekyb3d8bbwe' excluded as an existing version 'Microsoft.VCLibs.140.00_14.0.23816.0_x64__8wekyb3d8bbwe' was found - CDismRequest::AddDependencyAppxPackage
2017-03-27 12:32:21, Info                  DISM   DISM Appx Provider: PID=4532 TID=3992 Package moniker 'Microsoft.NET.Native.Framework.1.3_1.3.23901.0_x64__8wekyb3d8bbwe' excluded as an existing version 'Microsoft.NET.Native.Framework.1.3_1.3.23901.0_x64__8wekyb3d8bbwe' was found - CDismRequest::AddDependencyAppxPackage
2017-03-27 12:32:21, Info                  DISM   DISM Appx Provider: PID=4532 TID=3992 Package moniker 'Microsoft.NET.Native.Runtime.1.3_1.3.23901.0_x64__8wekyb3d8bbwe' excluded as an existing version 'Microsoft.NET.Native.Runtime.1.3_1.3.23901.0_x64__8wekyb3d8bbwe' was found - CDismRequest::AddDependencyAppxPackage
2017-03-27 12:32:21, Info                  DISM   DISM Appx Provider: PID=4532 TID=3992 Provisioning request. - CAppxManager::AddAllUserAppxPackage
2017-03-27 12:32:30, Info                  DISM   DISM Appx Provider: PID=4532 TID=3992 Finalizing changes... - CAppxManager::AddAllUserAppxPackage
2017-03-27 12:32:30, Info                  DISM   DISM Provider Store: PID=4532 TID=3992 Found the OSServices.  Waiting to finalize it until all other providers are unloaded. - CDISMProviderStore::Final_OnDisconnect
2017-03-27 12:32:30, Info                  DISM   DISM Provider Store: PID=4532 TID=3992 Found the OSServices.  Waiting to finalize it until all other providers are unloaded. - CDISMProviderStore::Final_OnDisconnect
2017-03-27 12:32:30, Info                  DISM   DISM Provider Store: PID=4532 TID=3992 Found the PE Provider.  Waiting to finalize it until all other providers are unloaded. - CDISMProviderStore::Final_OnDisconnect
2017-03-27 12:32:30, Info                  DISM   DISM Provider Store: PID=4532 TID=3992 Finalizing the servicing provider(DISM Package Manager) - CDISMProviderStore::Internal_DisconnectProvider
2017-03-27 12:32:30, Info                  DISM   DISM Package Manager: PID=4532 TID=3992 Finalizing CBS core. - CDISMPackageManager::Finalize
2017-03-27 12:32:30, Info                  DISM   DISM Provider Store: PID=4532 TID=3992 Disconnecting Provider: DISM Package Manager - CDISMProviderStore::Internal_DisconnectProvider
2017-03-27 12:32:30, Info                  DISM   DISM Provider Store: PID=4532 TID=3992 Finalizing the servicing provider(MsiManager) - CDISMProviderStore::Internal_DisconnectProvider
2017-03-27 12:32:30, Info                  DISM   DISM Provider Store: PID=4532 TID=3992 Disconnecting Provider: MsiManager - CDISMProviderStore::Internal_DisconnectProvider
2017-03-27 12:32:30, Info                  DISM   DISM Provider Store: PID=4532 TID=3992 Finalizing the servicing provider(IntlManager) - CDISMProviderStore::Internal_DisconnectProvider
2017-03-27 12:32:30, Info                  DISM   DISM Provider Store: PID=4532 TID=3992 Disconnecting Provider: IntlManager - CDISMProviderStore::Internal_DisconnectProvider
2017-03-27 12:32:30, Info                  DISM   DISM Provider Store: PID=4532 TID=3992 Finalizing the servicing provider(IBSManager) - CDISMProviderStore::Internal_DisconnectProvider
2017-03-27 12:32:30, Info                  DISM   DISM Provider Store: PID=4532 TID=3992 Disconnecting Provider: IBSManager - CDISMProviderStore::Internal_DisconnectProvider
2017-03-27 12:32:30, Info                  DISM   DISM Provider Store: PID=4532 TID=3992 Finalizing the servicing provider(DriverManager) - CDISMProviderStore::Internal_DisconnectProvider
2017-03-27 12:32:30, Info                  DISM   DISM Provider Store: PID=4532 TID=3992 Disconnecting Provider: DriverManager - CDISMProviderStore::Internal_DisconnectProvider
2017-03-27 12:32:30, Info                  DISM   DISM Provider Store: PID=4532 TID=3992 Finalizing the servicing provider(DISM Unattend Manager) - CDISMProviderStore::Internal_DisconnectProvider
2017-03-27 12:32:30, Info                  DISM   DISM Provider Store: PID=4532 TID=3992 Disconnecting Provider: DISM Unattend Manager - CDISMProviderStore::Internal_DisconnectProvider
2017-03-27 12:32:30, Info                  DISM   DISM Provider Store: PID=4532 TID=3992 Finalizing the servicing provider(SmiManager) - CDISMProviderStore::Internal_DisconnectProvider
2017-03-27 12:32:30, Info                  DISM   DISM Provider Store: PID=4532 TID=3992 Disconnecting Provider: SmiManager - CDISMProviderStore::Internal_DisconnectProvider
2017-03-27 12:32:30, Info                  DISM   DISM Provider Store: PID=4532 TID=3992 Finalizing the servicing provider(AppxManager) - CDISMProviderStore::Internal_DisconnectProvider
2017-03-27 12:32:30, Info                  DISM   DISM Provider Store: PID=4532 TID=3992 Disconnecting Provider: AppxManager - CDISMProviderStore::Internal_DisconnectProvider
2017-03-27 12:32:30, Info                  DISM   DISM Provider Store: PID=4532 TID=3992 Finalizing the servicing provider(ProvManager) - CDISMProviderStore::Internal_DisconnectProvider
2017-03-27 12:32:30, Info                  DISM   DISM Provider Store: PID=4532 TID=3992 Disconnecting Provider: ProvManager - CDISMProviderStore::Internal_DisconnectProvider
2017-03-27 12:32:30, Info                  DISM   DISM Provider Store: PID=4532 TID=3992 Finalizing the servicing provider(AssocManager) - CDISMProviderStore::Internal_DisconnectProvider
2017-03-27 12:32:30, Info                  DISM   DISM Provider Store: PID=4532 TID=3992 Disconnecting Provider: AssocManager - CDISMProviderStore::Internal_DisconnectProvider
2017-03-27 12:32:30, Info                  DISM   DISM Provider Store: PID=4532 TID=3992 Finalizing the servicing provider(GenericManager) - CDISMProviderStore::Internal_DisconnectProvider
2017-03-27 12:32:30, Info                  DISM   DISM Provider Store: PID=4532 TID=3992 Disconnecting Provider: GenericManager - CDISMProviderStore::Internal_DisconnectProvider
2017-03-27 12:32:30, Info                  DISM   DISM Provider Store: PID=4532 TID=3992 Finalizing the servicing provider(OfflineSetupManager) - CDISMProviderStore::Internal_DisconnectProvider
2017-03-27 12:32:30, Info                  DISM   DISM Provider Store: PID=4532 TID=3992 Disconnecting Provider: OfflineSetupManager - CDISMProviderStore::Internal_DisconnectProvider
2017-03-27 12:32:30, Info                  DISM   DISM Provider Store: PID=4532 TID=3992 Finalizing the servicing provider(Edition Manager) - CDISMProviderStore::Internal_DisconnectProvider
2017-03-27 12:32:30, Info                  DISM   DISM Provider Store: PID=4532 TID=3992 Disconnecting Provider: Edition Manager - CDISMProviderStore::Internal_DisconnectProvider
2017-03-27 12:32:30, Info                  DISM   DISM Provider Store: PID=4532 TID=3992 Releasing the local reference to OSServices. - CDISMProviderStore::Internal_DisconnectProvider
2017-03-27 12:32:30, Info                  DISM   DISM Provider Store: PID=4532 TID=3992 Disconnecting Provider: OSServices - CDISMProviderStore::Internal_DisconnectProvider
2017-03-27 12:32:30, Info                  DISM   DISM Provider Store: PID=4532 TID=3992 Releasing the local reference to DISMLogger.  Stop logging. - CDISMProviderStore::Internal_DisconnectProvider
2017-03-27 12:32:30, Info                  DISM   DISM Manager: PID=468 TID=2740 Closing session event handle 0x178 - CDISMManager::CloseImageSession
2017-03-27 12:32:30, Info                  DISM   DISM.EXE: Image session has been closed. Reboot required=no.
2017-03-27 12:32:30, Info                  DISM   DISM.EXE: 
2017-03-27 12:32:30, Info                  DISM   DISM.EXE: <----- Ending Dism.exe session ----->
2017-03-27 12:32:30, Info                  DISM   DISM.EXE: 
2017-03-27 12:32:30, Info                  DISM   DISM Provider Store: PID=468 TID=2740 Found the OSServices.  Waiting to finalize it until all other providers are unloaded. - CDISMProviderStore::Final_OnDisconnect
2017-03-27 12:32:30, Info                  DISM   DISM Provider Store: PID=468 TID=2740 Disconnecting Provider: FolderManager - CDISMProviderStore::Internal_DisconnectProvider
2017-03-27 12:32:30, Info                  DISM   DISM Provider Store: PID=468 TID=2740 Releasing the local reference to DISMLogger.  Stop logging. - CDISMProviderStore::Internal_DisconnectProvider
