2017-03-27 12:32:31, Info                  DISM   PID=2508 TID=2492 Scratch directory set to 'C:\Users\ADMINI~1\AppData\Local\Temp\'. - CDISMManager::put_ScratchDir
2017-03-27 12:32:31, Info                  DISM   PID=2508 TID=2492 DismCore.dll version: 10.0.14393.0 - CDISMManager::FinalConstruct
2017-03-27 12:32:31, Info                  DISM   PID=2508 TID=2492 Scratch directory set to 'C:\Sandbox'. - CDISMManager::put_ScratchDir
2017-03-27 12:32:31, Info                  DISM   Try to initialize Panther logging 1 times, last error: 0x0
2017-03-27 12:32:31, Info                  DISM   PID=2508 TID=2492 Successfully loaded the ImageSession at "C:\windows\System32\Dism" - CDISMManager::LoadLocalImageSession
2017-03-27 12:32:31, Info                  DISM   Try to initialize Panther logging 1 times, last error: 0x0
2017-03-27 12:32:31, Info                  DISM   DISM Provider Store: PID=2508 TID=2492 Found and Initialized the DISM Logger. - CDISMProviderStore::Internal_InitializeLogger
2017-03-27 12:32:31, Info                  DISM   DISM Provider Store: PID=2508 TID=2492 Failed to get and initialize the PE Provider.  Continuing by assuming that it is not a WinPE image. - CDISMProviderStore::Final_OnConnect
2017-03-27 12:32:31, Info                  DISM   DISM Provider Store: PID=2508 TID=2492 Finished initializing the Provider Map. - CDISMProviderStore::Final_OnConnect
2017-03-27 12:32:31, Info                  DISM   DISM Provider Store: PID=2508 TID=2492 Getting Provider DISMLogger - CDISMProviderStore::GetProvider
2017-03-27 12:32:31, Info                  DISM   DISM Provider Store: PID=2508 TID=2492 Provider has previously been initialized.  Returning the existing instance. - CDISMProviderStore::Internal_GetProvider
2017-03-27 12:32:31, Info                  DISM   Try to initialize Panther logging 1 times, last error: 0x0
2017-03-27 12:32:31, Info                  DISM   DISM Provider Store: PID=2508 TID=2492 Getting Provider DISMLogger - CDISMProviderStore::GetProvider
2017-03-27 12:32:31, Info                  DISM   DISM Provider Store: PID=2508 TID=2492 Provider has previously been initialized.  Returning the existing instance. - CDISMProviderStore::Internal_GetProvider
2017-03-27 12:32:31, Info                  DISM   DISM Manager: PID=2508 TID=2492 Successfully created the local image session and provider store. - CDISMManager::CreateLocalImageSession
2017-03-27 12:32:31, Info                  DISM   DISM Provider Store: PID=2508 TID=2492 Getting Provider DISMLogger - CDISMProviderStore::GetProvider
2017-03-27 12:32:31, Info                  DISM   DISM Provider Store: PID=2508 TID=2492 Provider has previously been initialized.  Returning the existing instance. - CDISMProviderStore::Internal_GetProvider
2017-03-27 12:32:31, Info                  DISM   DISM.EXE: 
2017-03-27 12:32:31, Info                  DISM   DISM.EXE: <----- Starting Dism.exe session ----->
2017-03-27 12:32:31, Info                  DISM   DISM.EXE: 
2017-03-27 12:32:31, Info                  DISM   DISM.EXE: Host machine information: OS Version=10.0.14393, Running architecture=amd64, Number of processors=4
2017-03-27 12:32:31, Info                  DISM   DISM.EXE: Dism.exe version: 10.0.14393.0
2017-03-27 12:32:31, Info                  DISM   DISM.EXE: Executing command line: DISM.exe  /ONLINE /Add-ProvisionedAppxPackage /ScratchDir:"C:\Sandbox" /PackagePath:Microsoft.ZuneVideo_8wekyb3d8bbwe.appxbundle /DependencyPackagePath:Microsoft.VCLibs.x86.14.00.appx /DependencyPackagePath:Microsoft.VCLibs.x64.14.00.appx /licensepath:Microsoft.ZuneVideo_8wekyb3d8bbwe.xml /logpath:C:\System.sav\Logs\QFEOff\Video.log
2017-03-27 12:32:31, Info                  DISM   DISM Provider Store: PID=2508 TID=2492 Getting Provider FolderManager - CDISMProviderStore::GetProvider
2017-03-27 12:32:31, Info                  DISM   DISM Provider Store: PID=2508 TID=2492 Provider has not previously been encountered.  Attempting to initialize the provider. - CDISMProviderStore::Internal_GetProvider
2017-03-27 12:32:31, Info                  DISM   DISM Provider Store: PID=2508 TID=2492 Loading Provider from location C:\windows\System32\Dism\FolderProvider.dll - CDISMProviderStore::Internal_GetProvider
2017-03-27 12:32:31, Info                  DISM   DISM Provider Store: PID=2508 TID=2492 Connecting to the provider located at C:\windows\System32\Dism\FolderProvider.dll. - CDISMProviderStore::Internal_LoadProvider
2017-03-27 12:32:31, Info                  DISM   DISM Manager: PID=2508 TID=2492 physical location path: C:\ - CDISMManager::CreateImageSession
2017-03-27 12:32:31, Info                  DISM   DISM Manager: PID=2508 TID=2492 Event name for current DISM session is Global\{C587866F-5C86-4CFA-820E-51C40C65CB94} - CDISMManager::CheckSessionAndLock
2017-03-27 12:32:31, Info                  DISM   DISM Manager: PID=2508 TID=2492 Create session event 0x174 for current DISM session and event name is Global\{C587866F-5C86-4CFA-820E-51C40C65CB94}  - CDISMManager::CheckSessionAndLock
2017-03-27 12:32:31, Info                  DISM   DISM Manager: PID=2508 TID=2492 Copying DISM from "C:\windows\System32\Dism" - CDISMManager::CreateImageSessionFromLocation
2017-03-27 12:32:31, Info                  DISM   DISM Manager: PID=2508 TID=2492 Successfully loaded the ImageSession at "C:\Sandbox\BC8AA969-A7AC-4AD1-95D7-EA804A17FC03" - CDISMManager::LoadRemoteImageSession
2017-03-27 12:32:31, Info                  DISM   DISM Image Session: PID=1280 TID=3448 Instantiating the Provider Store. - CDISMImageSession::get_ProviderStore
2017-03-27 12:32:31, Info                  DISM   DISM Provider Store: PID=1280 TID=3448 Initializing a provider store for the IMAGE session type. - CDISMProviderStore::Final_OnConnect
2017-03-27 12:32:31, Info                  DISM   DISM Provider Store: PID=1280 TID=3448 Provider has not previously been encountered.  Attempting to initialize the provider. - CDISMProviderStore::Internal_GetProvider
2017-03-27 12:32:31, Info                  DISM   DISM Provider Store: PID=1280 TID=3448 Loading Provider from location C:\Sandbox\BC8AA969-A7AC-4AD1-95D7-EA804A17FC03\OSProvider.dll - CDISMProviderStore::Internal_GetProvider
2017-03-27 12:32:31, Info                  DISM   DISM Provider Store: PID=1280 TID=3448 Connecting to the provider located at C:\Sandbox\BC8AA969-A7AC-4AD1-95D7-EA804A17FC03\OSProvider.dll. - CDISMProviderStore::Internal_LoadProvider
2017-03-27 12:32:31, Info                  DISM   DISM OS Provider: PID=1280 TID=3448 Defaulting SystemPath to C:\ - CDISMOSServiceManager::Final_OnConnect
2017-03-27 12:32:31, Info                  DISM   DISM OS Provider: PID=1280 TID=3448 Defaulting Windows folder to C:\Windows - CDISMOSServiceManager::Final_OnConnect
2017-03-27 12:32:31, Info                  DISM   DISM OS Provider: PID=1280 TID=3448 Host OS verion is 10.0 - CDISMOSServiceManager::SetDllSearchPath
2017-03-27 12:32:31, Warning               DISM   DISM OS Provider: PID=1280 TID=3448 Unable to set the DLL search path to the servicing stack folder. C:\Windows may not point to a valid Windows folder. - CDISMOSServiceManager::Final_OnConnect
2017-03-27 12:32:31, Info                  DISM   DISM Provider Store: PID=1280 TID=3448 Attempting to initialize the logger from the Image Session. - CDISMProviderStore::Final_OnConnect
2017-03-27 12:32:31, Info                  DISM   DISM Provider Store: PID=1280 TID=3448 Provider has not previously been encountered.  Attempting to initialize the provider. - CDISMProviderStore::Internal_GetProvider
2017-03-27 12:32:31, Info                  DISM   DISM Provider Store: PID=1280 TID=3448 Loading Provider from location C:\Sandbox\BC8AA969-A7AC-4AD1-95D7-EA804A17FC03\LogProvider.dll - CDISMProviderStore::Internal_GetProvider
2017-03-27 12:32:31, Info                  DISM   DISM Provider Store: PID=1280 TID=3448 Connecting to the provider located at C:\Sandbox\BC8AA969-A7AC-4AD1-95D7-EA804A17FC03\LogProvider.dll. - CDISMProviderStore::Internal_LoadProvider
2017-03-27 12:32:31, Info                  DISM   Try to initialize Panther logging 1 times, last error: 0x0
2017-03-27 12:32:31, Info                  DISM   DISM Provider Store: PID=1280 TID=3448 Found and Initialized the DISM Logger. - CDISMProviderStore::Internal_InitializeLogger
2017-03-27 12:32:31, Info                  DISM   DISM Provider Store: PID=1280 TID=3448 Provider has not previously been encountered.  Attempting to initialize the provider. - CDISMProviderStore::Internal_GetProvider
2017-03-27 12:32:31, Info                  DISM   DISM Provider Store: PID=1280 TID=3448 Loading Provider from location C:\Sandbox\BC8AA969-A7AC-4AD1-95D7-EA804A17FC03\PEProvider.dll - CDISMProviderStore::Internal_GetProvider
2017-03-27 12:32:31, Warning               DISM   DISM Provider Store: PID=1280 TID=3448 Failed to Load the provider: C:\Sandbox\BC8AA969-A7AC-4AD1-95D7-EA804A17FC03\PEProvider.dll. - CDISMProviderStore::Internal_GetProvider(hr:0x8007007e)
2017-03-27 12:32:31, Info                  DISM   DISM Provider Store: PID=1280 TID=3448 Failed to get and initialize the PE Provider.  Continuing by assuming that it is not a WinPE image. - CDISMProviderStore::Final_OnConnect
2017-03-27 12:32:31, Info                  DISM   DISM Provider Store: PID=1280 TID=3448 Finished initializing the Provider Map. - CDISMProviderStore::Final_OnConnect
2017-03-27 12:32:31, Info                  DISM   DISM Provider Store: PID=1280 TID=3448 Getting Provider DISMLogger - CDISMProviderStore::GetProvider
2017-03-27 12:32:31, Info                  DISM   DISM Provider Store: PID=1280 TID=3448 Provider has previously been initialized.  Returning the existing instance. - CDISMProviderStore::Internal_GetProvider
2017-03-27 12:32:31, Info                  DISM   Try to initialize Panther logging 1 times, last error: 0x0
2017-03-27 12:32:31, Info                  DISM   Try to initialize Panther logging 1 times, last error: 0x0
2017-03-27 12:32:31, Info                  DISM   DISM Manager: PID=2508 TID=2492 Image session successfully loaded from the temporary location: C:\Sandbox\BC8AA969-A7AC-4AD1-95D7-EA804A17FC03 - CDISMManager::CreateImageSession
2017-03-27 12:32:31, Info                  DISM   DISM Provider Store: PID=1280 TID=3448 Getting Provider OSServices - CDISMProviderStore::GetProvider
2017-03-27 12:32:31, Info                  DISM   DISM Provider Store: PID=1280 TID=3448 Provider has previously been initialized.  Returning the existing instance. - CDISMProviderStore::Internal_GetProvider
2017-03-27 12:32:31, Info                  DISM   DISM.EXE: Target image information: OS Version=10.0.14393.0, Image architecture=amd64
2017-03-27 12:32:31, Info                  DISM   DISM Provider Store: PID=1280 TID=3448 Getting the collection of providers from an image provider store type. - CDISMProviderStore::GetProviderCollection
2017-03-27 12:32:31, Info                  DISM   DISM Provider Store: PID=1280 TID=3448 Provider has not previously been encountered.  Attempting to initialize the provider. - CDISMProviderStore::Internal_GetProvider
2017-03-27 12:32:31, Info                  DISM   DISM Provider Store: PID=1280 TID=3448 Loading Provider from location C:\Sandbox\BC8AA969-A7AC-4AD1-95D7-EA804A17FC03\CbsProvider.dll - CDISMProviderStore::Internal_GetProvider
2017-03-27 12:32:31, Info                  DISM   DISM Provider Store: PID=1280 TID=3448 Connecting to the provider located at C:\Sandbox\BC8AA969-A7AC-4AD1-95D7-EA804A17FC03\CbsProvider.dll. - CDISMProviderStore::Internal_LoadProvider
2017-03-27 12:32:31, Info                  DISM   DISM Provider Store: PID=1280 TID=3448 Encountered a servicing provider, performing additional servicing initializations. - CDISMProviderStore::Internal_LoadProvider
2017-03-27 12:32:31, Info                  DISM   DISM Package Manager: PID=1280 TID=3448 Finished initializing the CbsConUI Handler. - CCbsConUIHandler::Initialize
2017-03-27 12:32:31, Info                  DISM   DISM Package Manager: PID=1280 TID=3448 CBS is being initialized for online use. More information about CBS actions can be located at: %windir%\logs\cbs\cbs.log - CDISMPackageManager::Initialize
2017-03-27 12:32:31, Info                  DISM   DISM Package Manager: PID=1280 TID=3448 Loaded servicing stack for online use only. - CDISMPackageManager::RefreshInstanceAndLock
2017-03-27 12:32:31, Info                  DISM   DISM Provider Store: PID=1280 TID=3448 Provider has not previously been encountered.  Attempting to initialize the provider. - CDISMProviderStore::Internal_GetProvider
2017-03-27 12:32:31, Info                  DISM   DISM Provider Store: PID=1280 TID=3448 Loading Provider from location C:\Sandbox\BC8AA969-A7AC-4AD1-95D7-EA804A17FC03\MsiProvider.dll - CDISMProviderStore::Internal_GetProvider
2017-03-27 12:32:31, Info                  DISM   DISM Provider Store: PID=1280 TID=3448 Connecting to the provider located at C:\Sandbox\BC8AA969-A7AC-4AD1-95D7-EA804A17FC03\MsiProvider.dll. - CDISMProviderStore::Internal_LoadProvider
2017-03-27 12:32:31, Info                  DISM   DISM Provider Store: PID=1280 TID=3448 Encountered a servicing provider, performing additional servicing initializations. - CDISMProviderStore::Internal_LoadProvider
2017-03-27 12:32:31, Info                  DISM   DISM Provider Store: PID=1280 TID=3448 Provider has not previously been encountered.  Attempting to initialize the provider. - CDISMProviderStore::Internal_GetProvider
2017-03-27 12:32:31, Info                  DISM   DISM Provider Store: PID=1280 TID=3448 Loading Provider from location C:\Sandbox\BC8AA969-A7AC-4AD1-95D7-EA804A17FC03\IntlProvider.dll - CDISMProviderStore::Internal_GetProvider
2017-03-27 12:32:31, Info                  DISM   DISM Provider Store: PID=1280 TID=3448 Connecting to the provider located at C:\Sandbox\BC8AA969-A7AC-4AD1-95D7-EA804A17FC03\IntlProvider.dll. - CDISMProviderStore::Internal_LoadProvider
2017-03-27 12:32:31, Info                  DISM   DISM Provider Store: PID=1280 TID=3448 Encountered a servicing provider, performing additional servicing initializations. - CDISMProviderStore::Internal_LoadProvider
2017-03-27 12:32:31, Info                  DISM   DISM Provider Store: PID=1280 TID=3448 Provider has not previously been encountered.  Attempting to initialize the provider. - CDISMProviderStore::Internal_GetProvider
2017-03-27 12:32:31, Info                  DISM   DISM Provider Store: PID=1280 TID=3448 Loading Provider from location C:\Sandbox\BC8AA969-A7AC-4AD1-95D7-EA804A17FC03\IBSProvider.dll - CDISMProviderStore::Internal_GetProvider
2017-03-27 12:32:31, Info                  DISM   DISM Provider Store: PID=1280 TID=3448 Connecting to the provider located at C:\Sandbox\BC8AA969-A7AC-4AD1-95D7-EA804A17FC03\IBSProvider.dll. - CDISMProviderStore::Internal_LoadProvider
2017-03-27 12:32:31, Info                  DISM   DISM Provider Store: PID=1280 TID=3448 Encountered a servicing provider, performing additional servicing initializations. - CDISMProviderStore::Internal_LoadProvider
2017-03-27 12:32:31, Info                  DISM   DISM Provider Store: PID=1280 TID=3448 Provider has not previously been encountered.  Attempting to initialize the provider. - CDISMProviderStore::Internal_GetProvider
2017-03-27 12:32:31, Info                  DISM   DISM Provider Store: PID=1280 TID=3448 Loading Provider from location C:\Sandbox\BC8AA969-A7AC-4AD1-95D7-EA804A17FC03\DmiProvider.dll - CDISMProviderStore::Internal_GetProvider
2017-03-27 12:32:31, Info                  DISM   DISM Provider Store: PID=1280 TID=3448 Connecting to the provider located at C:\Sandbox\BC8AA969-A7AC-4AD1-95D7-EA804A17FC03\DmiProvider.dll. - CDISMProviderStore::Internal_LoadProvider
2017-03-27 12:32:31, Info                  DISM   DISM Provider Store: PID=1280 TID=3448 Encountered a servicing provider, performing additional servicing initializations. - CDISMProviderStore::Internal_LoadProvider
2017-03-27 12:32:31, Info                  DISM   DISM OS Provider: PID=1280 TID=3448 Successfully loaded the hive. - CDISMOSServiceManager::DetermineBootDrive
2017-03-27 12:32:31, Info                  DISM   DISM Driver Manager: PID=1280 TID=3448 Further logs for driver related operations can be found in the target operating system at %WINDIR%\inf\setupapi.offline.log - CDriverManager::Initialize
2017-03-27 12:32:31, Info                  DISM   DISM Provider Store: PID=1280 TID=3448 Provider has not previously been encountered.  Attempting to initialize the provider. - CDISMProviderStore::Internal_GetProvider
2017-03-27 12:32:31, Info                  DISM   DISM Provider Store: PID=1280 TID=3448 Loading Provider from location C:\Sandbox\BC8AA969-A7AC-4AD1-95D7-EA804A17FC03\UnattendProvider.dll - CDISMProviderStore::Internal_GetProvider
2017-03-27 12:32:31, Info                  DISM   DISM Provider Store: PID=1280 TID=3448 Connecting to the provider located at C:\Sandbox\BC8AA969-A7AC-4AD1-95D7-EA804A17FC03\UnattendProvider.dll. - CDISMProviderStore::Internal_LoadProvider
2017-03-27 12:32:31, Info                  DISM   DISM Provider Store: PID=1280 TID=3448 Encountered a servicing provider, performing additional servicing initializations. - CDISMProviderStore::Internal_LoadProvider
2017-03-27 12:32:31, Info                  DISM   DISM Provider Store: PID=1280 TID=3448 Provider has not previously been encountered.  Attempting to initialize the provider. - CDISMProviderStore::Internal_GetProvider
2017-03-27 12:32:31, Info                  DISM   DISM Provider Store: PID=1280 TID=3448 Loading Provider from location C:\Sandbox\BC8AA969-A7AC-4AD1-95D7-EA804A17FC03\SmiProvider.dll - CDISMProviderStore::Internal_GetProvider
2017-03-27 12:32:31, Info                  DISM   DISM Provider Store: PID=1280 TID=3448 Connecting to the provider located at C:\Sandbox\BC8AA969-A7AC-4AD1-95D7-EA804A17FC03\SmiProvider.dll. - CDISMProviderStore::Internal_LoadProvider
2017-03-27 12:32:31, Info                  DISM   DISM Provider Store: PID=1280 TID=3448 Encountered a servicing provider, performing additional servicing initializations. - CDISMProviderStore::Internal_LoadProvider
2017-03-27 12:32:31, Info                  DISM   DISM Provider Store: PID=1280 TID=3448 Provider has not previously been encountered.  Attempting to initialize the provider. - CDISMProviderStore::Internal_GetProvider
2017-03-27 12:32:31, Info                  DISM   DISM Provider Store: PID=1280 TID=3448 Loading Provider from location C:\Sandbox\BC8AA969-A7AC-4AD1-95D7-EA804A17FC03\EmbeddedProvider.dll - CDISMProviderStore::Internal_GetProvider
2017-03-27 12:32:31, Warning               DISM   DISM Provider Store: PID=1280 TID=3448 Failed to Load the provider: C:\Sandbox\BC8AA969-A7AC-4AD1-95D7-EA804A17FC03\EmbeddedProvider.dll. - CDISMProviderStore::Internal_GetProvider(hr:0x8007007e)
2017-03-27 12:32:31, Info                  DISM   DISM Provider Store: PID=1280 TID=3448 Provider has not previously been encountered.  Attempting to initialize the provider. - CDISMProviderStore::Internal_GetProvider
2017-03-27 12:32:31, Info                  DISM   DISM Provider Store: PID=1280 TID=3448 Loading Provider from location C:\Sandbox\BC8AA969-A7AC-4AD1-95D7-EA804A17FC03\AppxProvider.dll - CDISMProviderStore::Internal_GetProvider
2017-03-27 12:32:31, Info                  DISM   DISM Provider Store: PID=1280 TID=3448 Connecting to the provider located at C:\Sandbox\BC8AA969-A7AC-4AD1-95D7-EA804A17FC03\AppxProvider.dll. - CDISMProviderStore::Internal_LoadProvider
2017-03-27 12:32:31, Info                  DISM   DISM Provider Store: PID=1280 TID=3448 Encountered a servicing provider, performing additional servicing initializations. - CDISMProviderStore::Internal_LoadProvider
2017-03-27 12:32:31, Info                  DISM   DISM Provider Store: PID=1280 TID=3448 Provider has not previously been encountered.  Attempting to initialize the provider. - CDISMProviderStore::Internal_GetProvider
2017-03-27 12:32:31, Info                  DISM   DISM Provider Store: PID=1280 TID=3448 Loading Provider from location C:\Sandbox\BC8AA969-A7AC-4AD1-95D7-EA804A17FC03\ProvProvider.dll - CDISMProviderStore::Internal_GetProvider
2017-03-27 12:32:31, Info                  DISM   DISM Provider Store: PID=1280 TID=3448 Connecting to the provider located at C:\Sandbox\BC8AA969-A7AC-4AD1-95D7-EA804A17FC03\ProvProvider.dll. - CDISMProviderStore::Internal_LoadProvider
2017-03-27 12:32:31, Info                  DISM   DISM Provider Store: PID=1280 TID=3448 Encountered a servicing provider, performing additional servicing initializations. - CDISMProviderStore::Internal_LoadProvider
2017-03-27 12:32:31, Info                  DISM   DISM Provider Store: PID=1280 TID=3448 Provider has not previously been encountered.  Attempting to initialize the provider. - CDISMProviderStore::Internal_GetProvider
2017-03-27 12:32:31, Info                  DISM   DISM Provider Store: PID=1280 TID=3448 Loading Provider from location C:\Sandbox\BC8AA969-A7AC-4AD1-95D7-EA804A17FC03\AssocProvider.dll - CDISMProviderStore::Internal_GetProvider
2017-03-27 12:32:31, Info                  DISM   DISM Provider Store: PID=1280 TID=3448 Connecting to the provider located at C:\Sandbox\BC8AA969-A7AC-4AD1-95D7-EA804A17FC03\AssocProvider.dll. - CDISMProviderStore::Internal_LoadProvider
2017-03-27 12:32:31, Info                  DISM   DISM Provider Store: PID=1280 TID=3448 Encountered a servicing provider, performing additional servicing initializations. - CDISMProviderStore::Internal_LoadProvider
2017-03-27 12:32:31, Info                  DISM   DISM Provider Store: PID=1280 TID=3448 Provider has not previously been encountered.  Attempting to initialize the provider. - CDISMProviderStore::Internal_GetProvider
2017-03-27 12:32:31, Info                  DISM   DISM Provider Store: PID=1280 TID=3448 Loading Provider from location C:\Sandbox\BC8AA969-A7AC-4AD1-95D7-EA804A17FC03\GenericProvider.dll - CDISMProviderStore::Internal_GetProvider
2017-03-27 12:32:31, Info                  DISM   DISM Provider Store: PID=1280 TID=3448 Connecting to the provider located at C:\Sandbox\BC8AA969-A7AC-4AD1-95D7-EA804A17FC03\GenericProvider.dll. - CDISMProviderStore::Internal_LoadProvider
2017-03-27 12:32:31, Info                  DISM   DISM Provider Store: PID=1280 TID=3448 Encountered a servicing provider, performing additional servicing initializations. - CDISMProviderStore::Internal_LoadProvider
2017-03-27 12:32:31, Info                  DISM   DISM Provider Store: PID=1280 TID=3448 Provider has not previously been encountered.  Attempting to initialize the provider. - CDISMProviderStore::Internal_GetProvider
2017-03-27 12:32:31, Info                  DISM   DISM Provider Store: PID=1280 TID=3448 Loading Provider from location C:\Sandbox\BC8AA969-A7AC-4AD1-95D7-EA804A17FC03\OfflineSetupProvider.dll - CDISMProviderStore::Internal_GetProvider
2017-03-27 12:32:31, Info                  DISM   DISM Provider Store: PID=1280 TID=3448 Connecting to the provider located at C:\Sandbox\BC8AA969-A7AC-4AD1-95D7-EA804A17FC03\OfflineSetupProvider.dll. - CDISMProviderStore::Internal_LoadProvider
2017-03-27 12:32:31, Info                  DISM   DISM Provider Store: PID=1280 TID=3448 Encountered a servicing provider, performing additional servicing initializations. - CDISMProviderStore::Internal_LoadProvider
2017-03-27 12:32:31, Info                  DISM   DISM Provider Store: PID=1280 TID=3448 Provider has not previously been encountered.  Attempting to initialize the provider. - CDISMProviderStore::Internal_GetProvider
2017-03-27 12:32:31, Info                  DISM   DISM Provider Store: PID=1280 TID=3448 Loading Provider from location C:\Sandbox\BC8AA969-A7AC-4AD1-95D7-EA804A17FC03\TransmogProvider.dll - CDISMProviderStore::Internal_GetProvider
2017-03-27 12:32:31, Info                  DISM   DISM Provider Store: PID=1280 TID=3448 Connecting to the provider located at C:\Sandbox\BC8AA969-A7AC-4AD1-95D7-EA804A17FC03\TransmogProvider.dll. - CDISMProviderStore::Internal_LoadProvider
2017-03-27 12:32:31, Info                  DISM   DISM Provider Store: PID=1280 TID=3448 Encountered a servicing provider, performing additional servicing initializations. - CDISMProviderStore::Internal_LoadProvider
2017-03-27 12:32:31, Info                  DISM   DISM Transmog Provider: PID=1280 TID=3448 Current image session is [ONLINE] - CTransmogManager::GetMode
2017-03-27 12:32:31, Info                  DISM   DISM Transmog Provider: PID=1280 TID=3448 Audit Mode: [Yes] - CTransmogManager::Initialize
2017-03-27 12:32:31, Info                  DISM   DISM Transmog Provider: PID=1280 TID=3448 GetProductType: ProductType = [WinNT] - CTransmogManager::GetProductType
2017-03-27 12:32:31, Info                  DISM   DISM Transmog Provider: PID=1280 TID=3448 Product Type: [WinNT] - CTransmogManager::Initialize
2017-03-27 12:32:31, Info                  DISM   DISM Transmog Provider: PID=1280 TID=3448 Product Type ServerNT : [No] - CTransmogManager::Initialize
2017-03-27 12:32:31, Info                  DISM   DISM.EXE: Got the collection of providers. Now enumerating them to build the command table.
2017-03-27 12:32:31, Info                  DISM   DISM.EXE: Attempting to add the commands from provider: DISM Log Provider
2017-03-27 12:32:31, Info                  DISM   DISM.EXE: Attempting to add the commands from provider: OSServices
2017-03-27 12:32:31, Info                  DISM   DISM.EXE: Attempting to add the commands from provider: DISM Package Manager
2017-03-27 12:32:31, Info                  DISM   DISM.EXE: Succesfully registered commands for the provider: DISM Package Manager.
2017-03-27 12:32:31, Info                  DISM   DISM.EXE: Attempting to add the commands from provider: MsiManager
2017-03-27 12:32:31, Info                  DISM   DISM.EXE: Succesfully registered commands for the provider: MsiManager.
2017-03-27 12:32:31, Info                  DISM   DISM.EXE: Attempting to add the commands from provider: IntlManager
2017-03-27 12:32:31, Info                  DISM   DISM.EXE: Succesfully registered commands for the provider: IntlManager.
2017-03-27 12:32:31, Info                  DISM   DISM.EXE: Attempting to add the commands from provider: IBSManager
2017-03-27 12:32:31, Info                  DISM   DISM.EXE: Attempting to add the commands from provider: DriverManager
2017-03-27 12:32:31, Info                  DISM   DISM.EXE: Succesfully registered commands for the provider: DriverManager.
2017-03-27 12:32:31, Info                  DISM   DISM.EXE: Attempting to add the commands from provider: DISM Unattend Manager
2017-03-27 12:32:31, Info                  DISM   DISM.EXE: Succesfully registered commands for the provider: DISM Unattend Manager.
2017-03-27 12:32:31, Info                  DISM   DISM.EXE: Attempting to add the commands from provider: SmiManager
2017-03-27 12:32:31, Info                  DISM   DISM.EXE: Attempting to add the commands from provider: AppxManager
2017-03-27 12:32:31, Info                  DISM   DISM.EXE: Succesfully registered commands for the provider: AppxManager.
2017-03-27 12:32:31, Info                  DISM   DISM.EXE: Attempting to add the commands from provider: ProvManager
2017-03-27 12:32:31, Info                  DISM   DISM.EXE: Succesfully registered commands for the provider: ProvManager.
2017-03-27 12:32:31, Info                  DISM   DISM.EXE: Attempting to add the commands from provider: AssocManager
2017-03-27 12:32:31, Info                  DISM   DISM.EXE: Succesfully registered commands for the provider: AssocManager.
2017-03-27 12:32:31, Info                  DISM   DISM.EXE: Attempting to add the commands from provider: GenericManager
2017-03-27 12:32:31, Info                  DISM   DISM.EXE: Succesfully registered commands for the provider: GenericManager.
2017-03-27 12:32:31, Info                  DISM   DISM.EXE: Attempting to add the commands from provider: OfflineSetupManager
2017-03-27 12:32:31, Info                  DISM   DISM.EXE: Succesfully registered commands for the provider: OfflineSetupManager.
2017-03-27 12:32:31, Info                  DISM   DISM.EXE: Attempting to add the commands from provider: Edition Manager
2017-03-27 12:32:31, Info                  DISM   DISM.EXE: Succesfully registered commands for the provider: Edition Manager.
2017-03-27 12:32:31, Info                  DISM   DISM Provider Store: PID=1280 TID=3448 Getting Provider AppxManager - CDISMProviderStore::GetProvider
2017-03-27 12:32:31, Info                  DISM   DISM Provider Store: PID=1280 TID=3448 Provider has previously been initialized.  Returning the existing instance. - CDISMProviderStore::Internal_GetProvider
2017-03-27 12:32:31, Info                  DISM   DISM Appx Provider: PID=1280 TID=3448 Creating provisioning request. - CAppxManager::AddAllUserAppxPackage
2017-03-27 12:32:31, Info                  DISM   DISM Appx Provider: PID=1280 TID=3448 Adding main package to provisioning request. - CAppxManager::AddAllUserAppxPackage
2017-03-27 12:32:31, Info                  DISM   DISM Appx Provider: PID=1280 TID=3448 File could not be read as an .Appx package, trying to read file as an .AppxBundle... - CPackageAdapter::CreateFromPath
2017-03-27 12:32:32, Info                  DISM   DISM Appx Provider: PID=1280 TID=3448 Found a main package: Microsoft.ZuneVideo_2019.6.19281.0_neutral_~_8wekyb3d8bbwe - CDismRequest::GetMainPackage
2017-03-27 12:32:32, Info                  DISM   DISM Appx Provider: PID=1280 TID=3448 Adding: en-US as applicable language. - CDismContext::AvailableOSLangPacks
2017-03-27 12:32:32, Info                  DISM   DISM Appx Provider: PID=1280 TID=3448 Found a main package: Microsoft.ZuneVideo_3.6.19281.0_x86__8wekyb3d8bbwe - CDismRequest::GetMainPackage
2017-03-27 12:32:32, Info                  DISM   DISM Appx Provider: PID=1280 TID=3448 Found a main package: Microsoft.ZuneVideo_3.6.19281.0_x64__8wekyb3d8bbwe - CDismRequest::GetMainPackage
2017-03-27 12:32:32, Info                  DISM   DISM Appx Provider: PID=1280 TID=3448 Package 'Microsoft.ZuneVideo_3.6.19281.0_neutral_resources.language-af_8wekyb3d8bbwe' excluded as not applicable. - PackageSource::IsPackageApplicable
2017-03-27 12:32:32, Info                  DISM   DISM Appx Provider: PID=1280 TID=3448 Package 'Microsoft.ZuneVideo_3.6.19281.0_neutral_resources.language-am_8wekyb3d8bbwe' excluded as not applicable. - PackageSource::IsPackageApplicable
2017-03-27 12:32:32, Info                  DISM   DISM Appx Provider: PID=1280 TID=3448 Package 'Microsoft.ZuneVideo_3.6.19281.0_neutral_resources.language-ar_8wekyb3d8bbwe' excluded as not applicable. - PackageSource::IsPackageApplicable
2017-03-27 12:32:32, Info                  DISM   DISM Appx Provider: PID=1280 TID=3448 Package 'Microsoft.ZuneVideo_3.6.19281.0_neutral_resources.language-as_8wekyb3d8bbwe' excluded as not applicable. - PackageSource::IsPackageApplicable
2017-03-27 12:32:32, Info                  DISM   DISM Appx Provider: PID=1280 TID=3448 Package 'Microsoft.ZuneVideo_3.6.19281.0_neutral_resources.language-az-latn_8wekyb3d8bbwe' excluded as not applicable. - PackageSource::IsPackageApplicable
2017-03-27 12:32:32, Info                  DISM   DISM Appx Provider: PID=1280 TID=3448 Package 'Microsoft.ZuneVideo_3.6.19281.0_neutral_resources.language-be_8wekyb3d8bbwe' excluded as not applicable. - PackageSource::IsPackageApplicable
2017-03-27 12:32:32, Info                  DISM   DISM Appx Provider: PID=1280 TID=3448 Package 'Microsoft.ZuneVideo_3.6.19281.0_neutral_resources.language-bg_8wekyb3d8bbwe' excluded as not applicable. - PackageSource::IsPackageApplicable
2017-03-27 12:32:32, Info                  DISM   DISM Appx Provider: PID=1280 TID=3448 Package 'Microsoft.ZuneVideo_3.6.19281.0_neutral_resources.language-bn_8wekyb3d8bbwe' excluded as not applicable. - PackageSource::IsPackageApplicable
2017-03-27 12:32:32, Info                  DISM   DISM Appx Provider: PID=1280 TID=3448 Package 'Microsoft.ZuneVideo_3.6.19281.0_neutral_resources.language-bs_8wekyb3d8bbwe' excluded as not applicable. - PackageSource::IsPackageApplicable
2017-03-27 12:32:32, Info                  DISM   DISM Appx Provider: PID=1280 TID=3448 Package 'Microsoft.ZuneVideo_3.6.19281.0_neutral_resources.language-ca_8wekyb3d8bbwe' excluded as not applicable. - PackageSource::IsPackageApplicable
2017-03-27 12:32:32, Info                  DISM   DISM Appx Provider: PID=1280 TID=3448 Package 'Microsoft.ZuneVideo_3.6.19281.0_neutral_resources.language-cs_8wekyb3d8bbwe' excluded as not applicable. - PackageSource::IsPackageApplicable
2017-03-27 12:32:32, Info                  DISM   DISM Appx Provider: PID=1280 TID=3448 Package 'Microsoft.ZuneVideo_3.6.19281.0_neutral_resources.language-cy_8wekyb3d8bbwe' excluded as not applicable. - PackageSource::IsPackageApplicable
2017-03-27 12:32:32, Info                  DISM   DISM Appx Provider: PID=1280 TID=3448 Package 'Microsoft.ZuneVideo_3.6.19281.0_neutral_resources.language-da_8wekyb3d8bbwe' excluded as not applicable. - PackageSource::IsPackageApplicable
2017-03-27 12:32:32, Info                  DISM   DISM Appx Provider: PID=1280 TID=3448 Package 'Microsoft.ZuneVideo_3.6.19281.0_neutral_resources.language-de_8wekyb3d8bbwe' excluded as not applicable. - PackageSource::IsPackageApplicable
2017-03-27 12:32:32, Info                  DISM   DISM Appx Provider: PID=1280 TID=3448 Package 'Microsoft.ZuneVideo_3.6.19281.0_neutral_resources.language-el_8wekyb3d8bbwe' excluded as not applicable. - PackageSource::IsPackageApplicable
2017-03-27 12:32:32, Info                  DISM   DISM Appx Provider: PID=1280 TID=3448 Package 'Microsoft.ZuneVideo_3.6.19281.0_neutral_resources.language-es_8wekyb3d8bbwe' excluded as not applicable. - PackageSource::IsPackageApplicable
2017-03-27 12:32:32, Info                  DISM   DISM Appx Provider: PID=1280 TID=3448 Package 'Microsoft.ZuneVideo_3.6.19281.0_neutral_resources.language-et_8wekyb3d8bbwe' excluded as not applicable. - PackageSource::IsPackageApplicable
2017-03-27 12:32:32, Info                  DISM   DISM Appx Provider: PID=1280 TID=3448 Package 'Microsoft.ZuneVideo_3.6.19281.0_neutral_resources.language-eu_8wekyb3d8bbwe' excluded as not applicable. - PackageSource::IsPackageApplicable
2017-03-27 12:32:32, Info                  DISM   DISM Appx Provider: PID=1280 TID=3448 Package 'Microsoft.ZuneVideo_3.6.19281.0_neutral_resources.language-fa_8wekyb3d8bbwe' excluded as not applicable. - PackageSource::IsPackageApplicable
2017-03-27 12:32:32, Info                  DISM   DISM Appx Provider: PID=1280 TID=3448 Package 'Microsoft.ZuneVideo_3.6.19281.0_neutral_resources.language-fi_8wekyb3d8bbwe' excluded as not applicable. - PackageSource::IsPackageApplicable
2017-03-27 12:32:32, Info                  DISM   DISM Appx Provider: PID=1280 TID=3448 Package 'Microsoft.ZuneVideo_3.6.19281.0_neutral_resources.language-fil-latn_8wekyb3d8bbwe' excluded as not applicable. - PackageSource::IsPackageApplicable
2017-03-27 12:32:32, Info                  DISM   DISM Appx Provider: PID=1280 TID=3448 Package 'Microsoft.ZuneVideo_3.6.19281.0_neutral_resources.language-fr_8wekyb3d8bbwe' excluded as not applicable. - PackageSource::IsPackageApplicable
2017-03-27 12:32:32, Info                  DISM   DISM Appx Provider: PID=1280 TID=3448 Package 'Microsoft.ZuneVideo_3.6.19281.0_neutral_resources.language-ga_8wekyb3d8bbwe' excluded as not applicable. - PackageSource::IsPackageApplicable
2017-03-27 12:32:32, Info                  DISM   DISM Appx Provider: PID=1280 TID=3448 Package 'Microsoft.ZuneVideo_3.6.19281.0_neutral_resources.language-gd-latn_8wekyb3d8bbwe' excluded as not applicable. - PackageSource::IsPackageApplicable
2017-03-27 12:32:32, Info                  DISM   DISM Appx Provider: PID=1280 TID=3448 Package 'Microsoft.ZuneVideo_3.6.19281.0_neutral_resources.language-gl_8wekyb3d8bbwe' excluded as not applicable. - PackageSource::IsPackageApplicable
2017-03-27 12:32:32, Info                  DISM   DISM Appx Provider: PID=1280 TID=3448 Package 'Microsoft.ZuneVideo_3.6.19281.0_neutral_resources.language-gu_8wekyb3d8bbwe' excluded as not applicable. - PackageSource::IsPackageApplicable
2017-03-27 12:32:32, Info                  DISM   DISM Appx Provider: PID=1280 TID=3448 Package 'Microsoft.ZuneVideo_3.6.19281.0_neutral_resources.language-ha-latn_8wekyb3d8bbwe' excluded as not applicable. - PackageSource::IsPackageApplicable
2017-03-27 12:32:32, Info                  DISM   DISM Appx Provider: PID=1280 TID=3448 Package 'Microsoft.ZuneVideo_3.6.19281.0_neutral_resources.language-he_8wekyb3d8bbwe' excluded as not applicable. - PackageSource::IsPackageApplicable
2017-03-27 12:32:32, Info                  DISM   DISM Appx Provider: PID=1280 TID=3448 Package 'Microsoft.ZuneVideo_3.6.19281.0_neutral_resources.language-hi_8wekyb3d8bbwe' excluded as not applicable. - PackageSource::IsPackageApplicable
2017-03-27 12:32:32, Info                  DISM   DISM Appx Provider: PID=1280 TID=3448 Package 'Microsoft.ZuneVideo_3.6.19281.0_neutral_resources.language-hr_8wekyb3d8bbwe' excluded as not applicable. - PackageSource::IsPackageApplicable
2017-03-27 12:32:32, Info                  DISM   DISM Appx Provider: PID=1280 TID=3448 Package 'Microsoft.ZuneVideo_3.6.19281.0_neutral_resources.language-hu_8wekyb3d8bbwe' excluded as not applicable. - PackageSource::IsPackageApplicable
2017-03-27 12:32:32, Info                  DISM   DISM Appx Provider: PID=1280 TID=3448 Package 'Microsoft.ZuneVideo_3.6.19281.0_neutral_resources.language-hy_8wekyb3d8bbwe' excluded as not applicable. - PackageSource::IsPackageApplicable
2017-03-27 12:32:32, Info                  DISM   DISM Appx Provider: PID=1280 TID=3448 Package 'Microsoft.ZuneVideo_3.6.19281.0_neutral_resources.language-id_8wekyb3d8bbwe' excluded as not applicable. - PackageSource::IsPackageApplicable
2017-03-27 12:32:32, Info                  DISM   DISM Appx Provider: PID=1280 TID=3448 Package 'Microsoft.ZuneVideo_3.6.19281.0_neutral_resources.language-ig-latn_8wekyb3d8bbwe' excluded as not applicable. - PackageSource::IsPackageApplicable
2017-03-27 12:32:32, Info                  DISM   DISM Appx Provider: PID=1280 TID=3448 Package 'Microsoft.ZuneVideo_3.6.19281.0_neutral_resources.language-is_8wekyb3d8bbwe' excluded as not applicable. - PackageSource::IsPackageApplicable
2017-03-27 12:32:32, Info                  DISM   DISM Appx Provider: PID=1280 TID=3448 Package 'Microsoft.ZuneVideo_3.6.19281.0_neutral_resources.language-it_8wekyb3d8bbwe' excluded as not applicable. - PackageSource::IsPackageApplicable
2017-03-27 12:32:32, Info                  DISM   DISM Appx Provider: PID=1280 TID=3448 Package 'Microsoft.ZuneVideo_3.6.19281.0_neutral_resources.language-ja_8wekyb3d8bbwe' excluded as not applicable. - PackageSource::IsPackageApplicable
2017-03-27 12:32:32, Info                  DISM   DISM Appx Provider: PID=1280 TID=3448 Package 'Microsoft.ZuneVideo_3.6.19281.0_neutral_resources.language-ka_8wekyb3d8bbwe' excluded as not applicable. - PackageSource::IsPackageApplicable
2017-03-27 12:32:32, Info                  DISM   DISM Appx Provider: PID=1280 TID=3448 Package 'Microsoft.ZuneVideo_3.6.19281.0_neutral_resources.language-kk_8wekyb3d8bbwe' excluded as not applicable. - PackageSource::IsPackageApplicable
2017-03-27 12:32:32, Info                  DISM   DISM Appx Provider: PID=1280 TID=3448 Package 'Microsoft.ZuneVideo_3.6.19281.0_neutral_resources.language-km_8wekyb3d8bbwe' excluded as not applicable. - PackageSource::IsPackageApplicable
2017-03-27 12:32:32, Info                  DISM   DISM Appx Provider: PID=1280 TID=3448 Package 'Microsoft.ZuneVideo_3.6.19281.0_neutral_resources.language-kn_8wekyb3d8bbwe' excluded as not applicable. - PackageSource::IsPackageApplicable
2017-03-27 12:32:32, Info                  DISM   DISM Appx Provider: PID=1280 TID=3448 Package 'Microsoft.ZuneVideo_3.6.19281.0_neutral_resources.language-ko_8wekyb3d8bbwe' excluded as not applicable. - PackageSource::IsPackageApplicable
2017-03-27 12:32:32, Info                  DISM   DISM Appx Provider: PID=1280 TID=3448 Package 'Microsoft.ZuneVideo_3.6.19281.0_neutral_resources.language-kok_8wekyb3d8bbwe' excluded as not applicable. - PackageSource::IsPackageApplicable
2017-03-27 12:32:32, Info                  DISM   DISM Appx Provider: PID=1280 TID=3448 Package 'Microsoft.ZuneVideo_3.6.19281.0_neutral_resources.language-ku-arab_8wekyb3d8bbwe' excluded as not applicable. - PackageSource::IsPackageApplicable
2017-03-27 12:32:32, Info                  DISM   DISM Appx Provider: PID=1280 TID=3448 Package 'Microsoft.ZuneVideo_3.6.19281.0_neutral_resources.language-ky-cyrl_8wekyb3d8bbwe' excluded as not applicable. - PackageSource::IsPackageApplicable
2017-03-27 12:32:32, Info                  DISM   DISM Appx Provider: PID=1280 TID=3448 Package 'Microsoft.ZuneVideo_3.6.19281.0_neutral_resources.language-lb_8wekyb3d8bbwe' excluded as not applicable. - PackageSource::IsPackageApplicable
2017-03-27 12:32:32, Info                  DISM   DISM Appx Provider: PID=1280 TID=3448 Package 'Microsoft.ZuneVideo_3.6.19281.0_neutral_resources.language-lo_8wekyb3d8bbwe' excluded as not applicable. - PackageSource::IsPackageApplicable
2017-03-27 12:32:32, Info                  DISM   DISM Appx Provider: PID=1280 TID=3448 Package 'Microsoft.ZuneVideo_3.6.19281.0_neutral_resources.language-lt_8wekyb3d8bbwe' excluded as not applicable. - PackageSource::IsPackageApplicable
2017-03-27 12:32:32, Info                  DISM   DISM Appx Provider: PID=1280 TID=3448 Package 'Microsoft.ZuneVideo_3.6.19281.0_neutral_resources.language-lv_8wekyb3d8bbwe' excluded as not applicable. - PackageSource::IsPackageApplicable
2017-03-27 12:32:32, Info                  DISM   DISM Appx Provider: PID=1280 TID=3448 Package 'Microsoft.ZuneVideo_3.6.19281.0_neutral_resources.language-mi-latn_8wekyb3d8bbwe' excluded as not applicable. - PackageSource::IsPackageApplicable
2017-03-27 12:32:32, Info                  DISM   DISM Appx Provider: PID=1280 TID=3448 Package 'Microsoft.ZuneVideo_3.6.19281.0_neutral_resources.language-mk_8wekyb3d8bbwe' excluded as not applicable. - PackageSource::IsPackageApplicable
2017-03-27 12:32:32, Info                  DISM   DISM Appx Provider: PID=1280 TID=3448 Package 'Microsoft.ZuneVideo_3.6.19281.0_neutral_resources.language-ml_8wekyb3d8bbwe' excluded as not applicable. - PackageSource::IsPackageApplicable
2017-03-27 12:32:32, Info                  DISM   DISM Appx Provider: PID=1280 TID=3448 Package 'Microsoft.ZuneVideo_3.6.19281.0_neutral_resources.language-mn-cyrl_8wekyb3d8bbwe' excluded as not applicable. - PackageSource::IsPackageApplicable
2017-03-27 12:32:32, Info                  DISM   DISM Appx Provider: PID=1280 TID=3448 Package 'Microsoft.ZuneVideo_3.6.19281.0_neutral_resources.language-mr_8wekyb3d8bbwe' excluded as not applicable. - PackageSource::IsPackageApplicable
2017-03-27 12:32:32, Info                  DISM   DISM Appx Provider: PID=1280 TID=3448 Package 'Microsoft.ZuneVideo_3.6.19281.0_neutral_resources.language-ms_8wekyb3d8bbwe' excluded as not applicable. - PackageSource::IsPackageApplicable
2017-03-27 12:32:32, Info                  DISM   DISM Appx Provider: PID=1280 TID=3448 Package 'Microsoft.ZuneVideo_3.6.19281.0_neutral_resources.language-mt_8wekyb3d8bbwe' excluded as not applicable. - PackageSource::IsPackageApplicable
2017-03-27 12:32:32, Info                  DISM   DISM Appx Provider: PID=1280 TID=3448 Package 'Microsoft.ZuneVideo_3.6.19281.0_neutral_resources.language-nb_8wekyb3d8bbwe' excluded as not applicable. - PackageSource::IsPackageApplicable
2017-03-27 12:32:32, Info                  DISM   DISM Appx Provider: PID=1280 TID=3448 Package 'Microsoft.ZuneVideo_3.6.19281.0_neutral_resources.language-ne_8wekyb3d8bbwe' excluded as not applicable. - PackageSource::IsPackageApplicable
2017-03-27 12:32:32, Info                  DISM   DISM Appx Provider: PID=1280 TID=3448 Package 'Microsoft.ZuneVideo_3.6.19281.0_neutral_resources.language-nl_8wekyb3d8bbwe' excluded as not applicable. - PackageSource::IsPackageApplicable
2017-03-27 12:32:32, Info                  DISM   DISM Appx Provider: PID=1280 TID=3448 Package 'Microsoft.ZuneVideo_3.6.19281.0_neutral_resources.language-nn_8wekyb3d8bbwe' excluded as not applicable. - PackageSource::IsPackageApplicable
2017-03-27 12:32:32, Info                  DISM   DISM Appx Provider: PID=1280 TID=3448 Package 'Microsoft.ZuneVideo_3.6.19281.0_neutral_resources.language-nso_8wekyb3d8bbwe' excluded as not applicable. - PackageSource::IsPackageApplicable
2017-03-27 12:32:32, Info                  DISM   DISM Appx Provider: PID=1280 TID=3448 Package 'Microsoft.ZuneVideo_3.6.19281.0_neutral_resources.language-or_8wekyb3d8bbwe' excluded as not applicable. - PackageSource::IsPackageApplicable
2017-03-27 12:32:32, Info                  DISM   DISM Appx Provider: PID=1280 TID=3448 Package 'Microsoft.ZuneVideo_3.6.19281.0_neutral_resources.language-pa_8wekyb3d8bbwe' excluded as not applicable. - PackageSource::IsPackageApplicable
2017-03-27 12:32:32, Info                  DISM   DISM Appx Provider: PID=1280 TID=3448 Package 'Microsoft.ZuneVideo_3.6.19281.0_neutral_resources.language-pa-arab_8wekyb3d8bbwe' excluded as not applicable. - PackageSource::IsPackageApplicable
2017-03-27 12:32:32, Info                  DISM   DISM Appx Provider: PID=1280 TID=3448 Package 'Microsoft.ZuneVideo_3.6.19281.0_neutral_resources.language-pl_8wekyb3d8bbwe' excluded as not applicable. - PackageSource::IsPackageApplicable
2017-03-27 12:32:32, Info                  DISM   DISM Appx Provider: PID=1280 TID=3448 Package 'Microsoft.ZuneVideo_3.6.19281.0_neutral_resources.language-prs-arab_8wekyb3d8bbwe' excluded as not applicable. - PackageSource::IsPackageApplicable
2017-03-27 12:32:32, Info                  DISM   DISM Appx Provider: PID=1280 TID=3448 Package 'Microsoft.ZuneVideo_3.6.19281.0_neutral_resources.language-pt_8wekyb3d8bbwe' excluded as not applicable. - PackageSource::IsPackageApplicable
2017-03-27 12:32:32, Info                  DISM   DISM Appx Provider: PID=1280 TID=3448 Package 'Microsoft.ZuneVideo_3.6.19281.0_neutral_resources.language-quc-latn_8wekyb3d8bbwe' excluded as not applicable. - PackageSource::IsPackageApplicable
2017-03-27 12:32:32, Info                  DISM   DISM Appx Provider: PID=1280 TID=3448 Package 'Microsoft.ZuneVideo_3.6.19281.0_neutral_resources.language-quz-latn_8wekyb3d8bbwe' excluded as not applicable. - PackageSource::IsPackageApplicable
2017-03-27 12:32:32, Info                  DISM   DISM Appx Provider: PID=1280 TID=3448 Package 'Microsoft.ZuneVideo_3.6.19281.0_neutral_resources.language-ro_8wekyb3d8bbwe' excluded as not applicable. - PackageSource::IsPackageApplicable
2017-03-27 12:32:32, Info                  DISM   DISM Appx Provider: PID=1280 TID=3448 Package 'Microsoft.ZuneVideo_3.6.19281.0_neutral_resources.language-ru_8wekyb3d8bbwe' excluded as not applicable. - PackageSource::IsPackageApplicable
2017-03-27 12:32:32, Info                  DISM   DISM Appx Provider: PID=1280 TID=3448 Package 'Microsoft.ZuneVideo_3.6.19281.0_neutral_resources.language-rw_8wekyb3d8bbwe' excluded as not applicable. - PackageSource::IsPackageApplicable
2017-03-27 12:32:32, Info                  DISM   DISM Appx Provider: PID=1280 TID=3448 Package 'Microsoft.ZuneVideo_3.6.19281.0_neutral_resources.language-sd-arab_8wekyb3d8bbwe' excluded as not applicable. - PackageSource::IsPackageApplicable
2017-03-27 12:32:32, Info                  DISM   DISM Appx Provider: PID=1280 TID=3448 Package 'Microsoft.ZuneVideo_3.6.19281.0_neutral_resources.language-si_8wekyb3d8bbwe' excluded as not applicable. - PackageSource::IsPackageApplicable
2017-03-27 12:32:32, Info                  DISM   DISM Appx Provider: PID=1280 TID=3448 Package 'Microsoft.ZuneVideo_3.6.19281.0_neutral_resources.language-sk_8wekyb3d8bbwe' excluded as not applicable. - PackageSource::IsPackageApplicable
2017-03-27 12:32:32, Info                  DISM   DISM Appx Provider: PID=1280 TID=3448 Package 'Microsoft.ZuneVideo_3.6.19281.0_neutral_resources.language-sl_8wekyb3d8bbwe' excluded as not applicable. - PackageSource::IsPackageApplicable
2017-03-27 12:32:32, Info                  DISM   DISM Appx Provider: PID=1280 TID=3448 Package 'Microsoft.ZuneVideo_3.6.19281.0_neutral_resources.language-sq_8wekyb3d8bbwe' excluded as not applicable. - PackageSource::IsPackageApplicable
2017-03-27 12:32:32, Info                  DISM   DISM Appx Provider: PID=1280 TID=3448 Package 'Microsoft.ZuneVideo_3.6.19281.0_neutral_resources.language-sr-cyrl_8wekyb3d8bbwe' excluded as not applicable. - PackageSource::IsPackageApplicable
2017-03-27 12:32:32, Info                  DISM   DISM Appx Provider: PID=1280 TID=3448 Package 'Microsoft.ZuneVideo_3.6.19281.0_neutral_resources.language-sr-latn_8wekyb3d8bbwe' excluded as not applicable. - PackageSource::IsPackageApplicable
2017-03-27 12:32:32, Info                  DISM   DISM Appx Provider: PID=1280 TID=3448 Package 'Microsoft.ZuneVideo_3.6.19281.0_neutral_resources.language-sv_8wekyb3d8bbwe' excluded as not applicable. - PackageSource::IsPackageApplicable
2017-03-27 12:32:32, Info                  DISM   DISM Appx Provider: PID=1280 TID=3448 Package 'Microsoft.ZuneVideo_3.6.19281.0_neutral_resources.language-sw_8wekyb3d8bbwe' excluded as not applicable. - PackageSource::IsPackageApplicable
2017-03-27 12:32:32, Info                  DISM   DISM Appx Provider: PID=1280 TID=3448 Package 'Microsoft.ZuneVideo_3.6.19281.0_neutral_resources.language-ta_8wekyb3d8bbwe' excluded as not applicable. - PackageSource::IsPackageApplicable
2017-03-27 12:32:32, Info                  DISM   DISM Appx Provider: PID=1280 TID=3448 Package 'Microsoft.ZuneVideo_3.6.19281.0_neutral_resources.language-te_8wekyb3d8bbwe' excluded as not applicable. - PackageSource::IsPackageApplicable
2017-03-27 12:32:32, Info                  DISM   DISM Appx Provider: PID=1280 TID=3448 Package 'Microsoft.ZuneVideo_3.6.19281.0_neutral_resources.language-tg-cyrl_8wekyb3d8bbwe' excluded as not applicable. - PackageSource::IsPackageApplicable
2017-03-27 12:32:32, Info                  DISM   DISM Appx Provider: PID=1280 TID=3448 Package 'Microsoft.ZuneVideo_3.6.19281.0_neutral_resources.language-th_8wekyb3d8bbwe' excluded as not applicable. - PackageSource::IsPackageApplicable
2017-03-27 12:32:32, Info                  DISM   DISM Appx Provider: PID=1280 TID=3448 Package 'Microsoft.ZuneVideo_3.6.19281.0_neutral_resources.language-ti_8wekyb3d8bbwe' excluded as not applicable. - PackageSource::IsPackageApplicable
2017-03-27 12:32:32, Info                  DISM   DISM Appx Provider: PID=1280 TID=3448 Package 'Microsoft.ZuneVideo_3.6.19281.0_neutral_resources.language-tk-latn_8wekyb3d8bbwe' excluded as not applicable. - PackageSource::IsPackageApplicable
2017-03-27 12:32:32, Info                  DISM   DISM Appx Provider: PID=1280 TID=3448 Package 'Microsoft.ZuneVideo_3.6.19281.0_neutral_resources.language-tn_8wekyb3d8bbwe' excluded as not applicable. - PackageSource::IsPackageApplicable
2017-03-27 12:32:32, Info                  DISM   DISM Appx Provider: PID=1280 TID=3448 Package 'Microsoft.ZuneVideo_3.6.19281.0_neutral_resources.language-tr_8wekyb3d8bbwe' excluded as not applicable. - PackageSource::IsPackageApplicable
2017-03-27 12:32:32, Info                  DISM   DISM Appx Provider: PID=1280 TID=3448 Package 'Microsoft.ZuneVideo_3.6.19281.0_neutral_resources.language-tt-cyrl_8wekyb3d8bbwe' excluded as not applicable. - PackageSource::IsPackageApplicable
2017-03-27 12:32:32, Info                  DISM   DISM Appx Provider: PID=1280 TID=3448 Package 'Microsoft.ZuneVideo_3.6.19281.0_neutral_resources.language-ug-arab_8wekyb3d8bbwe' excluded as not applicable. - PackageSource::IsPackageApplicable
2017-03-27 12:32:32, Info                  DISM   DISM Appx Provider: PID=1280 TID=3448 Package 'Microsoft.ZuneVideo_3.6.19281.0_neutral_resources.language-uk_8wekyb3d8bbwe' excluded as not applicable. - PackageSource::IsPackageApplicable
2017-03-27 12:32:32, Info                  DISM   DISM Appx Provider: PID=1280 TID=3448 Package 'Microsoft.ZuneVideo_3.6.19281.0_neutral_resources.language-ur_8wekyb3d8bbwe' excluded as not applicable. - PackageSource::IsPackageApplicable
2017-03-27 12:32:32, Info                  DISM   DISM Appx Provider: PID=1280 TID=3448 Package 'Microsoft.ZuneVideo_3.6.19281.0_neutral_resources.language-uz-latn_8wekyb3d8bbwe' excluded as not applicable. - PackageSource::IsPackageApplicable
2017-03-27 12:32:32, Info                  DISM   DISM Appx Provider: PID=1280 TID=3448 Package 'Microsoft.ZuneVideo_3.6.19281.0_neutral_resources.language-vi_8wekyb3d8bbwe' excluded as not applicable. - PackageSource::IsPackageApplicable
2017-03-27 12:32:32, Info                  DISM   DISM Appx Provider: PID=1280 TID=3448 Package 'Microsoft.ZuneVideo_3.6.19281.0_neutral_resources.language-wo-latn_8wekyb3d8bbwe' excluded as not applicable. - PackageSource::IsPackageApplicable
2017-03-27 12:32:32, Info                  DISM   DISM Appx Provider: PID=1280 TID=3448 Package 'Microsoft.ZuneVideo_3.6.19281.0_neutral_resources.language-xh_8wekyb3d8bbwe' excluded as not applicable. - PackageSource::IsPackageApplicable
2017-03-27 12:32:32, Info                  DISM   DISM Appx Provider: PID=1280 TID=3448 Package 'Microsoft.ZuneVideo_3.6.19281.0_neutral_resources.language-yo-latn_8wekyb3d8bbwe' excluded as not applicable. - PackageSource::IsPackageApplicable
2017-03-27 12:32:32, Info                  DISM   DISM Appx Provider: PID=1280 TID=3448 Package 'Microsoft.ZuneVideo_3.6.19281.0_neutral_resources.language-zh-hans_8wekyb3d8bbwe' excluded as not applicable. - PackageSource::IsPackageApplicable
2017-03-27 12:32:32, Info                  DISM   DISM Appx Provider: PID=1280 TID=3448 Package 'Microsoft.ZuneVideo_3.6.19281.0_neutral_resources.language-zh-hant_8wekyb3d8bbwe' excluded as not applicable. - PackageSource::IsPackageApplicable
2017-03-27 12:32:32, Info                  DISM   DISM Appx Provider: PID=1280 TID=3448 Package 'Microsoft.ZuneVideo_3.6.19281.0_neutral_resources.language-zu_8wekyb3d8bbwe' excluded as not applicable. - PackageSource::IsPackageApplicable
2017-03-27 12:32:33, Info                  DISM   DISM Appx Provider: PID=1280 TID=3448 Code integrity footprint file not found for package Microsoft.ZuneVideo_3.6.19281.0_neutral_resources.scale-125_8wekyb3d8bbwe. - PackageMonikerToPayload::CreateForPackageReader
2017-03-27 12:32:33, Info                  DISM   DISM Appx Provider: PID=1280 TID=3448 Code integrity footprint file not found for package Microsoft.ZuneVideo_3.6.19281.0_neutral_resources.scale-150_8wekyb3d8bbwe. - PackageMonikerToPayload::CreateForPackageReader
2017-03-27 12:32:33, Info                  DISM   DISM Appx Provider: PID=1280 TID=3448 Code integrity footprint file not found for package Microsoft.ZuneVideo_3.6.19281.0_neutral_resources.scale-200_8wekyb3d8bbwe. - PackageMonikerToPayload::CreateForPackageReader
2017-03-27 12:32:33, Info                  DISM   DISM Appx Provider: PID=1280 TID=3448 Package 'Microsoft.ZuneVideo_3.6.19281.0_neutral_resources.scale-400_8wekyb3d8bbwe' excluded as not applicable. - PackageSource::IsPackageApplicable
2017-03-27 12:32:33, Info                  DISM   DISM Appx Provider: PID=1280 TID=3448 Adding dependencies to provisioning request. - CAppxManager::AddAllUserAppxPackage
2017-03-27 12:32:33, Info                  DISM   DISM Appx Provider: PID=1280 TID=3448 Package moniker 'Microsoft.VCLibs.140.00_14.0.23816.0_x86__8wekyb3d8bbwe' excluded as an existing version 'Microsoft.VCLibs.140.00_14.0.23816.0_x86__8wekyb3d8bbwe' was found - CDismRequest::AddDependencyAppxPackage
2017-03-27 12:32:33, Info                  DISM   DISM Appx Provider: PID=1280 TID=3448 Package moniker 'Microsoft.VCLibs.140.00_14.0.23816.0_x64__8wekyb3d8bbwe' excluded as an existing version 'Microsoft.VCLibs.140.00_14.0.23816.0_x64__8wekyb3d8bbwe' was found - CDismRequest::AddDependencyAppxPackage
2017-03-27 12:32:33, Info                  DISM   DISM Appx Provider: PID=1280 TID=3448 Provisioning request. - CAppxManager::AddAllUserAppxPackage
2017-03-27 12:32:37, Info                  DISM   DISM Appx Provider: PID=1280 TID=3448 Finalizing changes... - CAppxManager::AddAllUserAppxPackage
2017-03-27 12:32:37, Info                  DISM   DISM Provider Store: PID=1280 TID=3448 Found the OSServices.  Waiting to finalize it until all other providers are unloaded. - CDISMProviderStore::Final_OnDisconnect
2017-03-27 12:32:37, Info                  DISM   DISM Provider Store: PID=1280 TID=3448 Found the OSServices.  Waiting to finalize it until all other providers are unloaded. - CDISMProviderStore::Final_OnDisconnect
2017-03-27 12:32:37, Info                  DISM   DISM Provider Store: PID=1280 TID=3448 Found the PE Provider.  Waiting to finalize it until all other providers are unloaded. - CDISMProviderStore::Final_OnDisconnect
2017-03-27 12:32:37, Info                  DISM   DISM Provider Store: PID=1280 TID=3448 Finalizing the servicing provider(DISM Package Manager) - CDISMProviderStore::Internal_DisconnectProvider
2017-03-27 12:32:37, Info                  DISM   DISM Package Manager: PID=1280 TID=3448 Finalizing CBS core. - CDISMPackageManager::Finalize
2017-03-27 12:32:37, Info                  DISM   DISM Provider Store: PID=1280 TID=3448 Disconnecting Provider: DISM Package Manager - CDISMProviderStore::Internal_DisconnectProvider
2017-03-27 12:32:37, Info                  DISM   DISM Provider Store: PID=1280 TID=3448 Finalizing the servicing provider(MsiManager) - CDISMProviderStore::Internal_DisconnectProvider
2017-03-27 12:32:37, Info                  DISM   DISM Provider Store: PID=1280 TID=3448 Disconnecting Provider: MsiManager - CDISMProviderStore::Internal_DisconnectProvider
2017-03-27 12:32:37, Info                  DISM   DISM Provider Store: PID=1280 TID=3448 Finalizing the servicing provider(IntlManager) - CDISMProviderStore::Internal_DisconnectProvider
2017-03-27 12:32:37, Info                  DISM   DISM Provider Store: PID=1280 TID=3448 Disconnecting Provider: IntlManager - CDISMProviderStore::Internal_DisconnectProvider
2017-03-27 12:32:37, Info                  DISM   DISM Provider Store: PID=1280 TID=3448 Finalizing the servicing provider(IBSManager) - CDISMProviderStore::Internal_DisconnectProvider
2017-03-27 12:32:37, Info                  DISM   DISM Provider Store: PID=1280 TID=3448 Disconnecting Provider: IBSManager - CDISMProviderStore::Internal_DisconnectProvider
2017-03-27 12:32:37, Info                  DISM   DISM Provider Store: PID=1280 TID=3448 Finalizing the servicing provider(DriverManager) - CDISMProviderStore::Internal_DisconnectProvider
2017-03-27 12:32:37, Info                  DISM   DISM Provider Store: PID=1280 TID=3448 Disconnecting Provider: DriverManager - CDISMProviderStore::Internal_DisconnectProvider
2017-03-27 12:32:37, Info                  DISM   DISM Provider Store: PID=1280 TID=3448 Finalizing the servicing provider(DISM Unattend Manager) - CDISMProviderStore::Internal_DisconnectProvider
2017-03-27 12:32:37, Info                  DISM   DISM Provider Store: PID=1280 TID=3448 Disconnecting Provider: DISM Unattend Manager - CDISMProviderStore::Internal_DisconnectProvider
2017-03-27 12:32:37, Info                  DISM   DISM Provider Store: PID=1280 TID=3448 Finalizing the servicing provider(SmiManager) - CDISMProviderStore::Internal_DisconnectProvider
2017-03-27 12:32:37, Info                  DISM   DISM Provider Store: PID=1280 TID=3448 Disconnecting Provider: SmiManager - CDISMProviderStore::Internal_DisconnectProvider
2017-03-27 12:32:37, Info                  DISM   DISM Provider Store: PID=1280 TID=3448 Finalizing the servicing provider(AppxManager) - CDISMProviderStore::Internal_DisconnectProvider
2017-03-27 12:32:37, Info                  DISM   DISM Provider Store: PID=1280 TID=3448 Disconnecting Provider: AppxManager - CDISMProviderStore::Internal_DisconnectProvider
2017-03-27 12:32:37, Info                  DISM   DISM Provider Store: PID=1280 TID=3448 Finalizing the servicing provider(ProvManager) - CDISMProviderStore::Internal_DisconnectProvider
2017-03-27 12:32:37, Info                  DISM   DISM Provider Store: PID=1280 TID=3448 Disconnecting Provider: ProvManager - CDISMProviderStore::Internal_DisconnectProvider
2017-03-27 12:32:37, Info                  DISM   DISM Provider Store: PID=1280 TID=3448 Finalizing the servicing provider(AssocManager) - CDISMProviderStore::Internal_DisconnectProvider
2017-03-27 12:32:37, Info                  DISM   DISM Provider Store: PID=1280 TID=3448 Disconnecting Provider: AssocManager - CDISMProviderStore::Internal_DisconnectProvider
2017-03-27 12:32:37, Info                  DISM   DISM Provider Store: PID=1280 TID=3448 Finalizing the servicing provider(GenericManager) - CDISMProviderStore::Internal_DisconnectProvider
2017-03-27 12:32:37, Info                  DISM   DISM Provider Store: PID=1280 TID=3448 Disconnecting Provider: GenericManager - CDISMProviderStore::Internal_DisconnectProvider
2017-03-27 12:32:37, Info                  DISM   DISM Provider Store: PID=1280 TID=3448 Finalizing the servicing provider(OfflineSetupManager) - CDISMProviderStore::Internal_DisconnectProvider
2017-03-27 12:32:37, Info                  DISM   DISM Provider Store: PID=1280 TID=3448 Disconnecting Provider: OfflineSetupManager - CDISMProviderStore::Internal_DisconnectProvider
2017-03-27 12:32:37, Info                  DISM   DISM Provider Store: PID=1280 TID=3448 Finalizing the servicing provider(Edition Manager) - CDISMProviderStore::Internal_DisconnectProvider
2017-03-27 12:32:37, Info                  DISM   DISM Provider Store: PID=1280 TID=3448 Disconnecting Provider: Edition Manager - CDISMProviderStore::Internal_DisconnectProvider
2017-03-27 12:32:37, Info                  DISM   DISM Provider Store: PID=1280 TID=3448 Releasing the local reference to OSServices. - CDISMProviderStore::Internal_DisconnectProvider
2017-03-27 12:32:37, Info                  DISM   DISM Provider Store: PID=1280 TID=3448 Disconnecting Provider: OSServices - CDISMProviderStore::Internal_DisconnectProvider
2017-03-27 12:32:37, Info                  DISM   DISM Provider Store: PID=1280 TID=3448 Releasing the local reference to DISMLogger.  Stop logging. - CDISMProviderStore::Internal_DisconnectProvider
2017-03-27 12:32:37, Info                  DISM   DISM Manager: PID=2508 TID=2492 Closing session event handle 0x174 - CDISMManager::CloseImageSession
2017-03-27 12:32:37, Info                  DISM   DISM.EXE: Image session has been closed. Reboot required=no.
2017-03-27 12:32:37, Info                  DISM   DISM.EXE: 
2017-03-27 12:32:37, Info                  DISM   DISM.EXE: <----- Ending Dism.exe session ----->
2017-03-27 12:32:37, Info                  DISM   DISM.EXE: 
2017-03-27 12:32:37, Info                  DISM   DISM Provider Store: PID=2508 TID=2492 Found the OSServices.  Waiting to finalize it until all other providers are unloaded. - CDISMProviderStore::Final_OnDisconnect
2017-03-27 12:32:37, Info                  DISM   DISM Provider Store: PID=2508 TID=2492 Disconnecting Provider: FolderManager - CDISMProviderStore::Internal_DisconnectProvider
2017-03-27 12:32:37, Info                  DISM   DISM Provider Store: PID=2508 TID=2492 Releasing the local reference to DISMLogger.  Stop logging. - CDISMProviderStore::Internal_DisconnectProvider
