==========================================
[[[3/27/2017 11:58:18 AM]]]
------------------------------------------
Battery Information [PASS1_FIXUP]
------------------------------------------
   Status: AC Mode
   Power : 100 %
==========================================
==========================================
[[[3/27/2017 12:01:16 PM]]]
------------------------------------------
Battery Information [PASS1_FIXUP]
------------------------------------------
   Status: AC Mode
   Power : 100 %
==========================================
==========================================
[[[3/27/2017 12:02:38 PM]]]
------------------------------------------
Battery Information [PASS1_INIT]
------------------------------------------
   Status: AC Mode
   Power : 100 %
==========================================
==========================================
[[[3/27/2017 12:06:08 PM]]]
------------------------------------------
Battery Information [PASS1_AFTER_BASEOS_IMAGE]
------------------------------------------
   Status: AC Mode
   Power : 100 %
==========================================
==========================================
[[[3/27/2017 12:22:52 PM]]]
------------------------------------------
Battery Information [PASS1_PREOS_EUE]
------------------------------------------
   Status: AC Mode
   Power : 100 %
==========================================
==========================================
[[[3/27/2017 12:28:25 PM]]]
------------------------------------------
Battery Information [PASS1_OSUPDATE_PI]
------------------------------------------
   Status: AC Mode
   Power : 100 %
==========================================
==========================================
[[[3/27/2017 12:33:55 PM]]]
------------------------------------------
Battery Information [PASS1_OSUPDATE_EUE]
------------------------------------------
   Status: AC Mode
   Power : 100 %
==========================================
==========================================
[[[3/27/2017 12:37:39 PM]]]
------------------------------------------
Battery Information [PASS1_INSTALL]
------------------------------------------
   Status: AC Mode
   Power : 100 %
==========================================
==========================================
[[[3/27/2017 12:53:53 PM]]]
------------------------------------------
Battery Information [PASS1_INSTALL_EUE]
------------------------------------------
   Status: AC Mode
   Power : 100 %
==========================================
==========================================
[[[3/27/2017 12:53:55 PM]]]
------------------------------------------
Battery Information [PASS1_INSTALL2_EUE]
------------------------------------------
   Status: AC Mode
   Power : 100 %
==========================================
==========================================
[[[3/27/2017 1:47:29 PM]]]
------------------------------------------
Battery Information [PASS1_PRECLEAN_EUE]
------------------------------------------
   Status: AC Mode
   Power : 100 %
==========================================
==========================================
[[[3/27/2017 1:59:14 PM]]]
------------------------------------------
Battery Information [PASS1_CLEANUP_EUE]
------------------------------------------
   Status: AC Mode
   Power : 100 %
==========================================
==========================================
[[[3/27/2017 2:01:31 PM]]]
------------------------------------------
Battery Information [PASS1_TO_1ST_GS]
------------------------------------------
   Status: AC Mode
   Power : 100 %
==========================================
==========================================
[[[3/27/2017 2:12:15 PM]]]
------------------------------------------
Battery Information [PASS1_AT_FBI_SUICIDE]
------------------------------------------
   Status: AC Mode
   Power : 100 %
==========================================
==========================================
[[[3/27/2017 2:28:42 PM]]]
------------------------------------------
Battery Information [PASS2_FUPDATE_EUE]
------------------------------------------
   Status: AC Mode
   Power : 100 %
==========================================
==========================================
[[[3/28/2017 4:20:02 AM]]]
------------------------------------------
Battery Information [PASS2_BBV1]
------------------------------------------
   Status: Discharging
   Power : 100 %
==========================================
==========================================
[[[3/28/2017 4:30:04 AM]]]
------------------------------------------
Battery Information [PASS2_BBV1]
------------------------------------------
   Status: AC Mode
   Power : 100 %
==========================================
==========================================
[[[3/28/2017 4:37:35 AM]]]
------------------------------------------
Battery Information [PASS2_BBV2]
------------------------------------------
   Status: AC Mode
   Power : 100 %
==========================================
==========================================
[[[3/28/2017 4:37:50 AM]]]
------------------------------------------
Battery Information [PASS2_BBV2]
------------------------------------------
   Status: AC Mode
   Power : 100 %
==========================================
==========================================
[[[3/28/2017 4:45:58 AM]]]
------------------------------------------
Battery Information [PASS2_BBV2POST]
------------------------------------------
   Status: AC Mode
   Power : 100 %
==========================================
==========================================
[[[3/28/2017 4:52:58 AM]]]
------------------------------------------
Battery Information [PASS2_BBV_LAST]
------------------------------------------
   Status: AC Mode
   Power : 100 %
==========================================
==========================================
[[[3/28/2017 5:20:59 AM]]]
------------------------------------------
Battery Information [PASS2_2ND_CAP]
------------------------------------------
   Status: AC Mode
   Power : 100 %
==========================================
==========================================
[[[3/28/2017 5:23:14 AM]]]
------------------------------------------
Battery Information [PASS2_2ND_CAP]
------------------------------------------
   Status: AC Mode
   Power : 100 %
==========================================
==========================================
[[[3/28/2017 5:34:00 AM]]]
------------------------------------------
Battery Information [PASS3]
------------------------------------------
   Status: AC Mode
   Power : 100 %
==========================================
==========================================
[[[3/28/2017 5:34:50 AM]]]
------------------------------------------
Battery Information [PASS3_LOGOUT]
------------------------------------------
   Status: AC Mode
   Power : 100 %
==========================================
==========================================
[[[3/28/2017 5:36:01 AM]]]
------------------------------------------
Battery Information [PASS3_LOGOUT]
------------------------------------------
   Status: AC Mode
   Power : 100 %
==========================================
