2017-03-27 12:53:57, Info                  DISM   PID=1108 TID=1780 Scratch directory set to 'C:\Users\ADMINI~1\AppData\Local\Temp\'. - CDISMManager::put_ScratchDir
2017-03-27 12:53:57, Info                  DISM   PID=1108 TID=1780 DismCore.dll version: 10.0.14393.0 - CDISMManager::FinalConstruct
2017-03-27 12:53:57, Info                  DISM   Try to initialize Panther logging 1 times, last error: 0x0
2017-03-27 12:53:57, Info                  DISM   PID=1108 TID=1780 Successfully loaded the ImageSession at "C:\windows\System32\Dism" - CDISMManager::LoadLocalImageSession
2017-03-27 12:53:57, Info                  DISM   Try to initialize Panther logging 1 times, last error: 0x0
2017-03-27 12:53:57, Info                  DISM   DISM Provider Store: PID=1108 TID=1780 Found and Initialized the DISM Logger. - CDISMProviderStore::Internal_InitializeLogger
2017-03-27 12:53:57, Info                  DISM   DISM Provider Store: PID=1108 TID=1780 Failed to get and initialize the PE Provider.  Continuing by assuming that it is not a WinPE image. - CDISMProviderStore::Final_OnConnect
2017-03-27 12:53:57, Info                  DISM   DISM Provider Store: PID=1108 TID=1780 Finished initializing the Provider Map. - CDISMProviderStore::Final_OnConnect
2017-03-27 12:53:57, Info                  DISM   DISM Provider Store: PID=1108 TID=1780 Getting Provider DISMLogger - CDISMProviderStore::GetProvider
2017-03-27 12:53:57, Info                  DISM   DISM Provider Store: PID=1108 TID=1780 Provider has previously been initialized.  Returning the existing instance. - CDISMProviderStore::Internal_GetProvider
2017-03-27 12:53:57, Info                  DISM   Try to initialize Panther logging 1 times, last error: 0x0
2017-03-27 12:53:57, Info                  DISM   DISM Provider Store: PID=1108 TID=1780 Getting Provider DISMLogger - CDISMProviderStore::GetProvider
2017-03-27 12:53:57, Info                  DISM   DISM Provider Store: PID=1108 TID=1780 Provider has previously been initialized.  Returning the existing instance. - CDISMProviderStore::Internal_GetProvider
2017-03-27 12:53:57, Info                  DISM   DISM Manager: PID=1108 TID=1780 Successfully created the local image session and provider store. - CDISMManager::CreateLocalImageSession
2017-03-27 12:53:57, Info                  DISM   DISM Provider Store: PID=1108 TID=1780 Getting Provider DISMLogger - CDISMProviderStore::GetProvider
2017-03-27 12:53:57, Info                  DISM   DISM Provider Store: PID=1108 TID=1780 Provider has previously been initialized.  Returning the existing instance. - CDISMProviderStore::Internal_GetProvider
2017-03-27 12:53:57, Info                  DISM   DISM.EXE: 
2017-03-27 12:53:57, Info                  DISM   DISM.EXE: <----- Starting Dism.exe session ----->
2017-03-27 12:53:57, Info                  DISM   DISM.EXE: 
2017-03-27 12:53:57, Info                  DISM   DISM.EXE: Host machine information: OS Version=10.0.14393, Running architecture=amd64, Number of processors=4
2017-03-27 12:53:57, Info                  DISM   DISM.EXE: Dism.exe version: 10.0.14393.0
2017-03-27 12:53:57, Info                  DISM   DISM.EXE: Executing command line: DISM.exe  /Online /Cleanup-Image /StartComponentCleanup /ResetBase /NoRestart /LogPath=C:\System.sav\Logs\ClnWinSxS_PreClean.EUE.log
2017-03-27 12:53:57, Info                  DISM   DISM Provider Store: PID=1108 TID=1780 Getting Provider FolderManager - CDISMProviderStore::GetProvider
2017-03-27 12:53:57, Info                  DISM   DISM Provider Store: PID=1108 TID=1780 Provider has not previously been encountered.  Attempting to initialize the provider. - CDISMProviderStore::Internal_GetProvider
2017-03-27 12:53:57, Info                  DISM   DISM Provider Store: PID=1108 TID=1780 Loading Provider from location C:\windows\System32\Dism\FolderProvider.dll - CDISMProviderStore::Internal_GetProvider
2017-03-27 12:53:57, Info                  DISM   DISM Provider Store: PID=1108 TID=1780 Connecting to the provider located at C:\windows\System32\Dism\FolderProvider.dll. - CDISMProviderStore::Internal_LoadProvider
2017-03-27 12:53:57, Info                  DISM   DISM Manager: PID=1108 TID=1780 physical location path: C:\ - CDISMManager::CreateImageSession
2017-03-27 12:53:57, Info                  DISM   DISM Manager: PID=1108 TID=1780 Event name for current DISM session is Global\{E4270EAF-327D-47E0-AD1B-54DF0B7513C6} - CDISMManager::CheckSessionAndLock
2017-03-27 12:53:57, Info                  DISM   DISM Manager: PID=1108 TID=1780 Create session event 0x180 for current DISM session and event name is Global\{E4270EAF-327D-47E0-AD1B-54DF0B7513C6}  - CDISMManager::CheckSessionAndLock
2017-03-27 12:53:57, Info                  DISM   DISM Manager: PID=1108 TID=1780 Copying DISM from "C:\windows\System32\Dism" - CDISMManager::CreateImageSessionFromLocation
2017-03-27 12:53:57, Info                  DISM   DISM Manager: PID=1108 TID=1780 Successfully loaded the ImageSession at "C:\Users\ADMINI~1\AppData\Local\Temp\B687E1B4-593F-485A-9015-DD4432A24D60" - CDISMManager::LoadRemoteImageSession
2017-03-27 12:53:57, Info                  DISM   DISM Image Session: PID=4156 TID=4692 Instantiating the Provider Store. - CDISMImageSession::get_ProviderStore
2017-03-27 12:53:57, Info                  DISM   DISM Provider Store: PID=4156 TID=4692 Initializing a provider store for the IMAGE session type. - CDISMProviderStore::Final_OnConnect
2017-03-27 12:53:57, Info                  DISM   DISM Provider Store: PID=4156 TID=4692 Provider has not previously been encountered.  Attempting to initialize the provider. - CDISMProviderStore::Internal_GetProvider
2017-03-27 12:53:57, Info                  DISM   DISM Provider Store: PID=4156 TID=4692 Loading Provider from location C:\Users\ADMINI~1\AppData\Local\Temp\B687E1B4-593F-485A-9015-DD4432A24D60\OSProvider.dll - CDISMProviderStore::Internal_GetProvider
2017-03-27 12:53:57, Info                  DISM   DISM Provider Store: PID=4156 TID=4692 Connecting to the provider located at C:\Users\ADMINI~1\AppData\Local\Temp\B687E1B4-593F-485A-9015-DD4432A24D60\OSProvider.dll. - CDISMProviderStore::Internal_LoadProvider
2017-03-27 12:53:57, Info                  DISM   DISM OS Provider: PID=4156 TID=4692 Defaulting SystemPath to C:\ - CDISMOSServiceManager::Final_OnConnect
2017-03-27 12:53:57, Info                  DISM   DISM OS Provider: PID=4156 TID=4692 Defaulting Windows folder to C:\Windows - CDISMOSServiceManager::Final_OnConnect
2017-03-27 12:53:57, Info                  DISM   DISM OS Provider: PID=4156 TID=4692 Host OS verion is 10.0 - CDISMOSServiceManager::SetDllSearchPath
2017-03-27 12:53:57, Warning               DISM   DISM OS Provider: PID=4156 TID=4692 Unable to set the DLL search path to the servicing stack folder. C:\Windows may not point to a valid Windows folder. - CDISMOSServiceManager::Final_OnConnect
2017-03-27 12:53:57, Info                  DISM   DISM Provider Store: PID=4156 TID=4692 Attempting to initialize the logger from the Image Session. - CDISMProviderStore::Final_OnConnect
2017-03-27 12:53:57, Info                  DISM   DISM Provider Store: PID=4156 TID=4692 Provider has not previously been encountered.  Attempting to initialize the provider. - CDISMProviderStore::Internal_GetProvider
2017-03-27 12:53:57, Info                  DISM   DISM Provider Store: PID=4156 TID=4692 Loading Provider from location C:\Users\ADMINI~1\AppData\Local\Temp\B687E1B4-593F-485A-9015-DD4432A24D60\LogProvider.dll - CDISMProviderStore::Internal_GetProvider
2017-03-27 12:53:57, Info                  DISM   DISM Provider Store: PID=4156 TID=4692 Connecting to the provider located at C:\Users\ADMINI~1\AppData\Local\Temp\B687E1B4-593F-485A-9015-DD4432A24D60\LogProvider.dll. - CDISMProviderStore::Internal_LoadProvider
2017-03-27 12:53:57, Info                  DISM   Try to initialize Panther logging 1 times, last error: 0x0
2017-03-27 12:53:57, Info                  DISM   DISM Provider Store: PID=4156 TID=4692 Found and Initialized the DISM Logger. - CDISMProviderStore::Internal_InitializeLogger
2017-03-27 12:53:57, Info                  DISM   DISM Provider Store: PID=4156 TID=4692 Provider has not previously been encountered.  Attempting to initialize the provider. - CDISMProviderStore::Internal_GetProvider
2017-03-27 12:53:57, Info                  DISM   DISM Provider Store: PID=4156 TID=4692 Loading Provider from location C:\Users\ADMINI~1\AppData\Local\Temp\B687E1B4-593F-485A-9015-DD4432A24D60\PEProvider.dll - CDISMProviderStore::Internal_GetProvider
2017-03-27 12:53:57, Warning               DISM   DISM Provider Store: PID=4156 TID=4692 Failed to Load the provider: C:\Users\ADMINI~1\AppData\Local\Temp\B687E1B4-593F-485A-9015-DD4432A24D60\PEProvider.dll. - CDISMProviderStore::Internal_GetProvider(hr:0x8007007e)
2017-03-27 12:53:57, Info                  DISM   DISM Provider Store: PID=4156 TID=4692 Failed to get and initialize the PE Provider.  Continuing by assuming that it is not a WinPE image. - CDISMProviderStore::Final_OnConnect
2017-03-27 12:53:57, Info                  DISM   DISM Provider Store: PID=4156 TID=4692 Finished initializing the Provider Map. - CDISMProviderStore::Final_OnConnect
2017-03-27 12:53:57, Info                  DISM   DISM Provider Store: PID=4156 TID=4692 Getting Provider DISMLogger - CDISMProviderStore::GetProvider
2017-03-27 12:53:57, Info                  DISM   DISM Provider Store: PID=4156 TID=4692 Provider has previously been initialized.  Returning the existing instance. - CDISMProviderStore::Internal_GetProvider
2017-03-27 12:53:57, Info                  DISM   Try to initialize Panther logging 1 times, last error: 0x0
2017-03-27 12:53:57, Info                  DISM   Try to initialize Panther logging 1 times, last error: 0x0
2017-03-27 12:53:57, Info                  DISM   DISM Manager: PID=1108 TID=1780 Image session successfully loaded from the temporary location: C:\Users\ADMINI~1\AppData\Local\Temp\B687E1B4-593F-485A-9015-DD4432A24D60 - CDISMManager::CreateImageSession
2017-03-27 12:53:57, Info                  DISM   DISM Provider Store: PID=4156 TID=4692 Getting Provider OSServices - CDISMProviderStore::GetProvider
2017-03-27 12:53:57, Info                  DISM   DISM Provider Store: PID=4156 TID=4692 Provider has previously been initialized.  Returning the existing instance. - CDISMProviderStore::Internal_GetProvider
2017-03-27 12:53:57, Info                  DISM   DISM.EXE: Target image information: OS Version=10.0.14393.0, Image architecture=amd64
2017-03-27 12:53:57, Info                  DISM   DISM Provider Store: PID=4156 TID=4692 Getting the collection of providers from an image provider store type. - CDISMProviderStore::GetProviderCollection
2017-03-27 12:53:57, Info                  DISM   DISM Provider Store: PID=4156 TID=4692 Provider has not previously been encountered.  Attempting to initialize the provider. - CDISMProviderStore::Internal_GetProvider
2017-03-27 12:53:57, Info                  DISM   DISM Provider Store: PID=4156 TID=4692 Loading Provider from location C:\Users\ADMINI~1\AppData\Local\Temp\B687E1B4-593F-485A-9015-DD4432A24D60\CbsProvider.dll - CDISMProviderStore::Internal_GetProvider
2017-03-27 12:53:57, Info                  DISM   DISM Provider Store: PID=4156 TID=4692 Connecting to the provider located at C:\Users\ADMINI~1\AppData\Local\Temp\B687E1B4-593F-485A-9015-DD4432A24D60\CbsProvider.dll. - CDISMProviderStore::Internal_LoadProvider
2017-03-27 12:53:57, Info                  DISM   DISM Provider Store: PID=4156 TID=4692 Encountered a servicing provider, performing additional servicing initializations. - CDISMProviderStore::Internal_LoadProvider
2017-03-27 12:53:57, Info                  DISM   DISM Package Manager: PID=4156 TID=4692 Finished initializing the CbsConUI Handler. - CCbsConUIHandler::Initialize
2017-03-27 12:53:58, Info                  DISM   DISM Package Manager: PID=4156 TID=4692 CBS is being initialized for online use. More information about CBS actions can be located at: %windir%\logs\cbs\cbs.log - CDISMPackageManager::Initialize
2017-03-27 12:54:01, Info                  DISM   DISM Package Manager: PID=4156 TID=4692 Loaded servicing stack for online use only. - CDISMPackageManager::RefreshInstanceAndLock
2017-03-27 12:54:01, Info                  DISM   DISM Provider Store: PID=4156 TID=4692 Provider has not previously been encountered.  Attempting to initialize the provider. - CDISMProviderStore::Internal_GetProvider
2017-03-27 12:54:01, Info                  DISM   DISM Provider Store: PID=4156 TID=4692 Loading Provider from location C:\Users\ADMINI~1\AppData\Local\Temp\B687E1B4-593F-485A-9015-DD4432A24D60\MsiProvider.dll - CDISMProviderStore::Internal_GetProvider
2017-03-27 12:54:01, Info                  DISM   DISM Provider Store: PID=4156 TID=4692 Connecting to the provider located at C:\Users\ADMINI~1\AppData\Local\Temp\B687E1B4-593F-485A-9015-DD4432A24D60\MsiProvider.dll. - CDISMProviderStore::Internal_LoadProvider
2017-03-27 12:54:01, Info                  DISM   DISM Provider Store: PID=4156 TID=4692 Encountered a servicing provider, performing additional servicing initializations. - CDISMProviderStore::Internal_LoadProvider
2017-03-27 12:54:01, Info                  DISM   DISM Provider Store: PID=4156 TID=4692 Provider has not previously been encountered.  Attempting to initialize the provider. - CDISMProviderStore::Internal_GetProvider
2017-03-27 12:54:01, Info                  DISM   DISM Provider Store: PID=4156 TID=4692 Loading Provider from location C:\Users\ADMINI~1\AppData\Local\Temp\B687E1B4-593F-485A-9015-DD4432A24D60\IntlProvider.dll - CDISMProviderStore::Internal_GetProvider
2017-03-27 12:54:01, Info                  DISM   DISM Provider Store: PID=4156 TID=4692 Connecting to the provider located at C:\Users\ADMINI~1\AppData\Local\Temp\B687E1B4-593F-485A-9015-DD4432A24D60\IntlProvider.dll. - CDISMProviderStore::Internal_LoadProvider
2017-03-27 12:54:01, Info                  DISM   DISM Provider Store: PID=4156 TID=4692 Encountered a servicing provider, performing additional servicing initializations. - CDISMProviderStore::Internal_LoadProvider
2017-03-27 12:54:01, Info                  DISM   DISM Provider Store: PID=4156 TID=4692 Provider has not previously been encountered.  Attempting to initialize the provider. - CDISMProviderStore::Internal_GetProvider
2017-03-27 12:54:01, Info                  DISM   DISM Provider Store: PID=4156 TID=4692 Loading Provider from location C:\Users\ADMINI~1\AppData\Local\Temp\B687E1B4-593F-485A-9015-DD4432A24D60\IBSProvider.dll - CDISMProviderStore::Internal_GetProvider
2017-03-27 12:54:01, Info                  DISM   DISM Provider Store: PID=4156 TID=4692 Connecting to the provider located at C:\Users\ADMINI~1\AppData\Local\Temp\B687E1B4-593F-485A-9015-DD4432A24D60\IBSProvider.dll. - CDISMProviderStore::Internal_LoadProvider
2017-03-27 12:54:01, Info                  DISM   DISM Provider Store: PID=4156 TID=4692 Encountered a servicing provider, performing additional servicing initializations. - CDISMProviderStore::Internal_LoadProvider
2017-03-27 12:54:01, Info                  DISM   DISM Provider Store: PID=4156 TID=4692 Provider has not previously been encountered.  Attempting to initialize the provider. - CDISMProviderStore::Internal_GetProvider
2017-03-27 12:54:01, Info                  DISM   DISM Provider Store: PID=4156 TID=4692 Loading Provider from location C:\Users\ADMINI~1\AppData\Local\Temp\B687E1B4-593F-485A-9015-DD4432A24D60\DmiProvider.dll - CDISMProviderStore::Internal_GetProvider
2017-03-27 12:54:01, Info                  DISM   DISM Provider Store: PID=4156 TID=4692 Connecting to the provider located at C:\Users\ADMINI~1\AppData\Local\Temp\B687E1B4-593F-485A-9015-DD4432A24D60\DmiProvider.dll. - CDISMProviderStore::Internal_LoadProvider
2017-03-27 12:54:01, Info                  DISM   DISM Provider Store: PID=4156 TID=4692 Encountered a servicing provider, performing additional servicing initializations. - CDISMProviderStore::Internal_LoadProvider
2017-03-27 12:54:01, Info                  DISM   DISM OS Provider: PID=4156 TID=4692 Successfully loaded the hive. - CDISMOSServiceManager::DetermineBootDrive
2017-03-27 12:54:01, Info                  DISM   DISM Driver Manager: PID=4156 TID=4692 Further logs for driver related operations can be found in the target operating system at %WINDIR%\inf\setupapi.offline.log - CDriverManager::Initialize
2017-03-27 12:54:01, Info                  DISM   DISM Provider Store: PID=4156 TID=4692 Provider has not previously been encountered.  Attempting to initialize the provider. - CDISMProviderStore::Internal_GetProvider
2017-03-27 12:54:01, Info                  DISM   DISM Provider Store: PID=4156 TID=4692 Loading Provider from location C:\Users\ADMINI~1\AppData\Local\Temp\B687E1B4-593F-485A-9015-DD4432A24D60\UnattendProvider.dll - CDISMProviderStore::Internal_GetProvider
2017-03-27 12:54:01, Info                  DISM   DISM Provider Store: PID=4156 TID=4692 Connecting to the provider located at C:\Users\ADMINI~1\AppData\Local\Temp\B687E1B4-593F-485A-9015-DD4432A24D60\UnattendProvider.dll. - CDISMProviderStore::Internal_LoadProvider
2017-03-27 12:54:01, Info                  DISM   DISM Provider Store: PID=4156 TID=4692 Encountered a servicing provider, performing additional servicing initializations. - CDISMProviderStore::Internal_LoadProvider
2017-03-27 12:54:01, Info                  DISM   DISM Provider Store: PID=4156 TID=4692 Provider has not previously been encountered.  Attempting to initialize the provider. - CDISMProviderStore::Internal_GetProvider
2017-03-27 12:54:01, Info                  DISM   DISM Provider Store: PID=4156 TID=4692 Loading Provider from location C:\Users\ADMINI~1\AppData\Local\Temp\B687E1B4-593F-485A-9015-DD4432A24D60\SmiProvider.dll - CDISMProviderStore::Internal_GetProvider
2017-03-27 12:54:01, Info                  DISM   DISM Provider Store: PID=4156 TID=4692 Connecting to the provider located at C:\Users\ADMINI~1\AppData\Local\Temp\B687E1B4-593F-485A-9015-DD4432A24D60\SmiProvider.dll. - CDISMProviderStore::Internal_LoadProvider
2017-03-27 12:54:01, Info                  DISM   DISM Provider Store: PID=4156 TID=4692 Encountered a servicing provider, performing additional servicing initializations. - CDISMProviderStore::Internal_LoadProvider
2017-03-27 12:54:01, Info                  DISM   DISM Provider Store: PID=4156 TID=4692 Provider has not previously been encountered.  Attempting to initialize the provider. - CDISMProviderStore::Internal_GetProvider
2017-03-27 12:54:01, Info                  DISM   DISM Provider Store: PID=4156 TID=4692 Loading Provider from location C:\Users\ADMINI~1\AppData\Local\Temp\B687E1B4-593F-485A-9015-DD4432A24D60\EmbeddedProvider.dll - CDISMProviderStore::Internal_GetProvider
2017-03-27 12:54:01, Warning               DISM   DISM Provider Store: PID=4156 TID=4692 Failed to Load the provider: C:\Users\ADMINI~1\AppData\Local\Temp\B687E1B4-593F-485A-9015-DD4432A24D60\EmbeddedProvider.dll. - CDISMProviderStore::Internal_GetProvider(hr:0x8007007e)
2017-03-27 12:54:01, Info                  DISM   DISM Provider Store: PID=4156 TID=4692 Provider has not previously been encountered.  Attempting to initialize the provider. - CDISMProviderStore::Internal_GetProvider
2017-03-27 12:54:01, Info                  DISM   DISM Provider Store: PID=4156 TID=4692 Loading Provider from location C:\Users\ADMINI~1\AppData\Local\Temp\B687E1B4-593F-485A-9015-DD4432A24D60\AppxProvider.dll - CDISMProviderStore::Internal_GetProvider
2017-03-27 12:54:01, Info                  DISM   DISM Provider Store: PID=4156 TID=4692 Connecting to the provider located at C:\Users\ADMINI~1\AppData\Local\Temp\B687E1B4-593F-485A-9015-DD4432A24D60\AppxProvider.dll. - CDISMProviderStore::Internal_LoadProvider
2017-03-27 12:54:01, Info                  DISM   DISM Provider Store: PID=4156 TID=4692 Encountered a servicing provider, performing additional servicing initializations. - CDISMProviderStore::Internal_LoadProvider
2017-03-27 12:54:01, Info                  DISM   DISM Provider Store: PID=4156 TID=4692 Provider has not previously been encountered.  Attempting to initialize the provider. - CDISMProviderStore::Internal_GetProvider
2017-03-27 12:54:01, Info                  DISM   DISM Provider Store: PID=4156 TID=4692 Loading Provider from location C:\Users\ADMINI~1\AppData\Local\Temp\B687E1B4-593F-485A-9015-DD4432A24D60\ProvProvider.dll - CDISMProviderStore::Internal_GetProvider
2017-03-27 12:54:01, Info                  DISM   DISM Provider Store: PID=4156 TID=4692 Connecting to the provider located at C:\Users\ADMINI~1\AppData\Local\Temp\B687E1B4-593F-485A-9015-DD4432A24D60\ProvProvider.dll. - CDISMProviderStore::Internal_LoadProvider
2017-03-27 12:54:01, Info                  DISM   DISM Provider Store: PID=4156 TID=4692 Encountered a servicing provider, performing additional servicing initializations. - CDISMProviderStore::Internal_LoadProvider
2017-03-27 12:54:01, Info                  DISM   DISM Provider Store: PID=4156 TID=4692 Provider has not previously been encountered.  Attempting to initialize the provider. - CDISMProviderStore::Internal_GetProvider
2017-03-27 12:54:01, Info                  DISM   DISM Provider Store: PID=4156 TID=4692 Loading Provider from location C:\Users\ADMINI~1\AppData\Local\Temp\B687E1B4-593F-485A-9015-DD4432A24D60\AssocProvider.dll - CDISMProviderStore::Internal_GetProvider
2017-03-27 12:54:01, Info                  DISM   DISM Provider Store: PID=4156 TID=4692 Connecting to the provider located at C:\Users\ADMINI~1\AppData\Local\Temp\B687E1B4-593F-485A-9015-DD4432A24D60\AssocProvider.dll. - CDISMProviderStore::Internal_LoadProvider
2017-03-27 12:54:01, Info                  DISM   DISM Provider Store: PID=4156 TID=4692 Encountered a servicing provider, performing additional servicing initializations. - CDISMProviderStore::Internal_LoadProvider
2017-03-27 12:54:01, Info                  DISM   DISM Provider Store: PID=4156 TID=4692 Provider has not previously been encountered.  Attempting to initialize the provider. - CDISMProviderStore::Internal_GetProvider
2017-03-27 12:54:01, Info                  DISM   DISM Provider Store: PID=4156 TID=4692 Loading Provider from location C:\Users\ADMINI~1\AppData\Local\Temp\B687E1B4-593F-485A-9015-DD4432A24D60\GenericProvider.dll - CDISMProviderStore::Internal_GetProvider
2017-03-27 12:54:01, Info                  DISM   DISM Provider Store: PID=4156 TID=4692 Connecting to the provider located at C:\Users\ADMINI~1\AppData\Local\Temp\B687E1B4-593F-485A-9015-DD4432A24D60\GenericProvider.dll. - CDISMProviderStore::Internal_LoadProvider
2017-03-27 12:54:01, Info                  DISM   DISM Provider Store: PID=4156 TID=4692 Encountered a servicing provider, performing additional servicing initializations. - CDISMProviderStore::Internal_LoadProvider
2017-03-27 12:54:01, Info                  DISM   DISM Provider Store: PID=4156 TID=4692 Provider has not previously been encountered.  Attempting to initialize the provider. - CDISMProviderStore::Internal_GetProvider
2017-03-27 12:54:01, Info                  DISM   DISM Provider Store: PID=4156 TID=4692 Loading Provider from location C:\Users\ADMINI~1\AppData\Local\Temp\B687E1B4-593F-485A-9015-DD4432A24D60\OfflineSetupProvider.dll - CDISMProviderStore::Internal_GetProvider
2017-03-27 12:54:01, Info                  DISM   DISM Provider Store: PID=4156 TID=4692 Connecting to the provider located at C:\Users\ADMINI~1\AppData\Local\Temp\B687E1B4-593F-485A-9015-DD4432A24D60\OfflineSetupProvider.dll. - CDISMProviderStore::Internal_LoadProvider
2017-03-27 12:54:01, Info                  DISM   DISM Provider Store: PID=4156 TID=4692 Encountered a servicing provider, performing additional servicing initializations. - CDISMProviderStore::Internal_LoadProvider
2017-03-27 12:54:01, Info                  DISM   DISM Provider Store: PID=4156 TID=4692 Provider has not previously been encountered.  Attempting to initialize the provider. - CDISMProviderStore::Internal_GetProvider
2017-03-27 12:54:01, Info                  DISM   DISM Provider Store: PID=4156 TID=4692 Loading Provider from location C:\Users\ADMINI~1\AppData\Local\Temp\B687E1B4-593F-485A-9015-DD4432A24D60\TransmogProvider.dll - CDISMProviderStore::Internal_GetProvider
2017-03-27 12:54:01, Info                  DISM   DISM Provider Store: PID=4156 TID=4692 Connecting to the provider located at C:\Users\ADMINI~1\AppData\Local\Temp\B687E1B4-593F-485A-9015-DD4432A24D60\TransmogProvider.dll. - CDISMProviderStore::Internal_LoadProvider
2017-03-27 12:54:01, Info                  DISM   DISM Provider Store: PID=4156 TID=4692 Encountered a servicing provider, performing additional servicing initializations. - CDISMProviderStore::Internal_LoadProvider
2017-03-27 12:54:01, Info                  DISM   DISM Transmog Provider: PID=4156 TID=4692 Current image session is [ONLINE] - CTransmogManager::GetMode
2017-03-27 12:54:01, Info                  DISM   DISM Transmog Provider: PID=4156 TID=4692 Audit Mode: [Yes] - CTransmogManager::Initialize
2017-03-27 12:54:01, Info                  DISM   DISM Transmog Provider: PID=4156 TID=4692 GetProductType: ProductType = [WinNT] - CTransmogManager::GetProductType
2017-03-27 12:54:01, Info                  DISM   DISM Transmog Provider: PID=4156 TID=4692 Product Type: [WinNT] - CTransmogManager::Initialize
2017-03-27 12:54:01, Info                  DISM   DISM Transmog Provider: PID=4156 TID=4692 Product Type ServerNT : [No] - CTransmogManager::Initialize
2017-03-27 12:54:01, Info                  DISM   DISM.EXE: Got the collection of providers. Now enumerating them to build the command table.
2017-03-27 12:54:01, Info                  DISM   DISM.EXE: Attempting to add the commands from provider: DISM Log Provider
2017-03-27 12:54:01, Info                  DISM   DISM.EXE: Attempting to add the commands from provider: OSServices
2017-03-27 12:54:01, Info                  DISM   DISM.EXE: Attempting to add the commands from provider: DISM Package Manager
2017-03-27 12:54:01, Info                  DISM   DISM.EXE: Succesfully registered commands for the provider: DISM Package Manager.
2017-03-27 12:54:01, Info                  DISM   DISM.EXE: Attempting to add the commands from provider: MsiManager
2017-03-27 12:54:01, Info                  DISM   DISM.EXE: Succesfully registered commands for the provider: MsiManager.
2017-03-27 12:54:01, Info                  DISM   DISM.EXE: Attempting to add the commands from provider: IntlManager
2017-03-27 12:54:01, Info                  DISM   DISM.EXE: Succesfully registered commands for the provider: IntlManager.
2017-03-27 12:54:01, Info                  DISM   DISM.EXE: Attempting to add the commands from provider: IBSManager
2017-03-27 12:54:01, Info                  DISM   DISM.EXE: Attempting to add the commands from provider: DriverManager
2017-03-27 12:54:01, Info                  DISM   DISM.EXE: Succesfully registered commands for the provider: DriverManager.
2017-03-27 12:54:01, Info                  DISM   DISM.EXE: Attempting to add the commands from provider: DISM Unattend Manager
2017-03-27 12:54:01, Info                  DISM   DISM.EXE: Succesfully registered commands for the provider: DISM Unattend Manager.
2017-03-27 12:54:01, Info                  DISM   DISM.EXE: Attempting to add the commands from provider: SmiManager
2017-03-27 12:54:01, Info                  DISM   DISM.EXE: Attempting to add the commands from provider: AppxManager
2017-03-27 12:54:01, Info                  DISM   DISM.EXE: Succesfully registered commands for the provider: AppxManager.
2017-03-27 12:54:01, Info                  DISM   DISM.EXE: Attempting to add the commands from provider: ProvManager
2017-03-27 12:54:01, Info                  DISM   DISM.EXE: Succesfully registered commands for the provider: ProvManager.
2017-03-27 12:54:01, Info                  DISM   DISM.EXE: Attempting to add the commands from provider: AssocManager
2017-03-27 12:54:01, Info                  DISM   DISM.EXE: Succesfully registered commands for the provider: AssocManager.
2017-03-27 12:54:01, Info                  DISM   DISM.EXE: Attempting to add the commands from provider: GenericManager
2017-03-27 12:54:01, Info                  DISM   DISM.EXE: Succesfully registered commands for the provider: GenericManager.
2017-03-27 12:54:01, Info                  DISM   DISM.EXE: Attempting to add the commands from provider: OfflineSetupManager
2017-03-27 12:54:01, Info                  DISM   DISM.EXE: Succesfully registered commands for the provider: OfflineSetupManager.
2017-03-27 12:54:01, Info                  DISM   DISM.EXE: Attempting to add the commands from provider: Edition Manager
2017-03-27 12:54:01, Info                  DISM   DISM.EXE: Succesfully registered commands for the provider: Edition Manager.
2017-03-27 12:54:01, Info                  DISM   DISM Provider Store: PID=4156 TID=4692 Getting Provider DISM Package Manager - CDISMProviderStore::GetProvider
2017-03-27 12:54:01, Info                  DISM   DISM Provider Store: PID=4156 TID=4692 Provider has previously been initialized.  Returning the existing instance. - CDISMProviderStore::Internal_GetProvider
2017-03-27 12:54:01, Info                  DISM   DISM Package Manager: PID=4156 TID=4692 Processing the top level command token(cleanup-image). - CPackageManagerCLIHandler::Private_ValidateCmdLine
2017-03-27 12:54:01, Info                  DISM   DISM Package Manager: PID=4156 TID=4692 Attempting to route to appropriate command handler. - CPackageManagerCLIHandler::ExecuteCmdLine
2017-03-27 12:54:01, Info                  DISM   DISM Package Manager: PID=4156 TID=4692 Routing the command... - CPackageManagerCLIHandler::ExecuteCmdLine
2017-03-27 12:54:01, Info                  DISM   DISM Package Manager: PID=4156 TID=4692 CBS session options=0x10400100! - CDISMPackageManager::Internal_Finalize
2017-03-27 13:47:27, Info                  DISM   DISM Package Manager: PID=4156 TID=4692 DISM has detected a DISM component change. Requesting a shutdown. - CDISMPackageManager::Internal_Finalize
2017-03-27 13:47:27, Info                  DISM   DISM Image Session: PID=4156 TID=4692 The image session needs to be closed and re-opened before any servicing operations can be performed. - CDISMImageSession::put_ImageState
2017-03-27 13:47:27, Info                  DISM   DISM Provider Store: PID=4156 TID=4692 Found the OSServices.  Waiting to finalize it until all other providers are unloaded. - CDISMProviderStore::Final_OnDisconnect
2017-03-27 13:47:27, Info                  DISM   DISM Provider Store: PID=4156 TID=4692 Found the OSServices.  Waiting to finalize it until all other providers are unloaded. - CDISMProviderStore::Final_OnDisconnect
2017-03-27 13:47:27, Info                  DISM   DISM Provider Store: PID=4156 TID=4692 Found the PE Provider.  Waiting to finalize it until all other providers are unloaded. - CDISMProviderStore::Final_OnDisconnect
2017-03-27 13:47:27, Info                  DISM   DISM Provider Store: PID=4156 TID=4692 Finalizing the servicing provider(DISM Package Manager) - CDISMProviderStore::Internal_DisconnectProvider
2017-03-27 13:47:27, Info                  DISM   DISM Package Manager: PID=4156 TID=4692 Finalizing CBS core. - CDISMPackageManager::Finalize
2017-03-27 13:47:27, Info                  DISM   DISM Provider Store: PID=4156 TID=4692 Disconnecting Provider: DISM Package Manager - CDISMProviderStore::Internal_DisconnectProvider
2017-03-27 13:47:27, Info                  DISM   DISM Provider Store: PID=4156 TID=4692 Finalizing the servicing provider(MsiManager) - CDISMProviderStore::Internal_DisconnectProvider
2017-03-27 13:47:27, Info                  DISM   DISM Provider Store: PID=4156 TID=4692 Disconnecting Provider: MsiManager - CDISMProviderStore::Internal_DisconnectProvider
2017-03-27 13:47:27, Info                  DISM   DISM Provider Store: PID=4156 TID=4692 Finalizing the servicing provider(IntlManager) - CDISMProviderStore::Internal_DisconnectProvider
2017-03-27 13:47:27, Info                  DISM   DISM Provider Store: PID=4156 TID=4692 Disconnecting Provider: IntlManager - CDISMProviderStore::Internal_DisconnectProvider
2017-03-27 13:47:27, Info                  DISM   DISM Provider Store: PID=4156 TID=4692 Finalizing the servicing provider(IBSManager) - CDISMProviderStore::Internal_DisconnectProvider
2017-03-27 13:47:27, Info                  DISM   DISM Provider Store: PID=4156 TID=4692 Disconnecting Provider: IBSManager - CDISMProviderStore::Internal_DisconnectProvider
2017-03-27 13:47:27, Info                  DISM   DISM Provider Store: PID=4156 TID=4692 Finalizing the servicing provider(DriverManager) - CDISMProviderStore::Internal_DisconnectProvider
2017-03-27 13:47:27, Info                  DISM   DISM Provider Store: PID=4156 TID=4692 Disconnecting Provider: DriverManager - CDISMProviderStore::Internal_DisconnectProvider
2017-03-27 13:47:27, Info                  DISM   DISM Provider Store: PID=4156 TID=4692 Finalizing the servicing provider(DISM Unattend Manager) - CDISMProviderStore::Internal_DisconnectProvider
2017-03-27 13:47:27, Info                  DISM   DISM Provider Store: PID=4156 TID=4692 Disconnecting Provider: DISM Unattend Manager - CDISMProviderStore::Internal_DisconnectProvider
2017-03-27 13:47:27, Info                  DISM   DISM Provider Store: PID=4156 TID=4692 Finalizing the servicing provider(SmiManager) - CDISMProviderStore::Internal_DisconnectProvider
2017-03-27 13:47:27, Info                  DISM   DISM Provider Store: PID=4156 TID=4692 Disconnecting Provider: SmiManager - CDISMProviderStore::Internal_DisconnectProvider
2017-03-27 13:47:27, Info                  DISM   DISM Provider Store: PID=4156 TID=4692 Finalizing the servicing provider(AppxManager) - CDISMProviderStore::Internal_DisconnectProvider
2017-03-27 13:47:27, Info                  DISM   DISM Provider Store: PID=4156 TID=4692 Disconnecting Provider: AppxManager - CDISMProviderStore::Internal_DisconnectProvider
2017-03-27 13:47:27, Info                  DISM   DISM Provider Store: PID=4156 TID=4692 Finalizing the servicing provider(ProvManager) - CDISMProviderStore::Internal_DisconnectProvider
2017-03-27 13:47:27, Info                  DISM   DISM Provider Store: PID=4156 TID=4692 Disconnecting Provider: ProvManager - CDISMProviderStore::Internal_DisconnectProvider
2017-03-27 13:47:27, Info                  DISM   DISM Provider Store: PID=4156 TID=4692 Finalizing the servicing provider(AssocManager) - CDISMProviderStore::Internal_DisconnectProvider
2017-03-27 13:47:27, Info                  DISM   DISM Provider Store: PID=4156 TID=4692 Disconnecting Provider: AssocManager - CDISMProviderStore::Internal_DisconnectProvider
2017-03-27 13:47:27, Info                  DISM   DISM Provider Store: PID=4156 TID=4692 Finalizing the servicing provider(GenericManager) - CDISMProviderStore::Internal_DisconnectProvider
2017-03-27 13:47:27, Info                  DISM   DISM Provider Store: PID=4156 TID=4692 Disconnecting Provider: GenericManager - CDISMProviderStore::Internal_DisconnectProvider
2017-03-27 13:47:27, Info                  DISM   DISM Provider Store: PID=4156 TID=4692 Finalizing the servicing provider(OfflineSetupManager) - CDISMProviderStore::Internal_DisconnectProvider
2017-03-27 13:47:27, Info                  DISM   DISM Provider Store: PID=4156 TID=4692 Disconnecting Provider: OfflineSetupManager - CDISMProviderStore::Internal_DisconnectProvider
2017-03-27 13:47:27, Info                  DISM   DISM Provider Store: PID=4156 TID=4692 Finalizing the servicing provider(Edition Manager) - CDISMProviderStore::Internal_DisconnectProvider
2017-03-27 13:47:27, Info                  DISM   DISM Provider Store: PID=4156 TID=4692 Disconnecting Provider: Edition Manager - CDISMProviderStore::Internal_DisconnectProvider
2017-03-27 13:47:27, Info                  DISM   DISM Provider Store: PID=4156 TID=4692 Releasing the local reference to OSServices. - CDISMProviderStore::Internal_DisconnectProvider
2017-03-27 13:47:27, Info                  DISM   DISM Provider Store: PID=4156 TID=4692 Disconnecting Provider: OSServices - CDISMProviderStore::Internal_DisconnectProvider
2017-03-27 13:47:27, Info                  DISM   DISM Provider Store: PID=4156 TID=4692 Releasing the local reference to DISMLogger.  Stop logging. - CDISMProviderStore::Internal_DisconnectProvider
2017-03-27 13:47:27, Info                  DISM   DISM Manager: PID=1108 TID=1780 Closing session event handle 0x180 - CDISMManager::CloseImageSession
2017-03-27 13:47:27, Info                  DISM   DISM.EXE: Image session has been closed. Reboot required=no.
2017-03-27 13:47:27, Info                  DISM   DISM.EXE: 
2017-03-27 13:47:27, Info                  DISM   DISM.EXE: <----- Ending Dism.exe session ----->
2017-03-27 13:47:27, Info                  DISM   DISM.EXE: 
2017-03-27 13:47:27, Info                  DISM   DISM Provider Store: PID=1108 TID=1780 Found the OSServices.  Waiting to finalize it until all other providers are unloaded. - CDISMProviderStore::Final_OnDisconnect
2017-03-27 13:47:27, Info                  DISM   DISM Provider Store: PID=1108 TID=1780 Disconnecting Provider: FolderManager - CDISMProviderStore::Internal_DisconnectProvider
2017-03-27 13:47:27, Info                  DISM   DISM Provider Store: PID=1108 TID=1780 Releasing the local reference to DISMLogger.  Stop logging. - CDISMProviderStore::Internal_DisconnectProvider
