2017-03-28 04:28:28, Info                  DISM   PID=7528 TID=7428 Scratch directory set to 'C:\Users\ADMINI~1\AppData\Local\Temp\'. - CDISMManager::put_ScratchDir
2017-03-28 04:28:28, Info                  DISM   PID=7528 TID=7428 DismCore.dll version: 10.0.14393.0 - CDISMManager::FinalConstruct
2017-03-28 04:28:28, Info                  DISM   Try to initialize Panther logging 1 times, last error: 0x0
2017-03-28 04:28:28, Info                  DISM   PID=7528 TID=7428 Successfully loaded the ImageSession at "C:\windows\System32\Dism" - CDISMManager::LoadLocalImageSession
2017-03-28 04:28:28, Info                  DISM   Try to initialize Panther logging 1 times, last error: 0x0
2017-03-28 04:28:28, Info                  DISM   DISM Provider Store: PID=7528 TID=7428 Found and Initialized the DISM Logger. - CDISMProviderStore::Internal_InitializeLogger
2017-03-28 04:28:28, Info                  DISM   DISM Provider Store: PID=7528 TID=7428 Failed to get and initialize the PE Provider.  Continuing by assuming that it is not a WinPE image. - CDISMProviderStore::Final_OnConnect
2017-03-28 04:28:28, Info                  DISM   DISM Provider Store: PID=7528 TID=7428 Finished initializing the Provider Map. - CDISMProviderStore::Final_OnConnect
2017-03-28 04:28:28, Info                  DISM   DISM Provider Store: PID=7528 TID=7428 Getting Provider DISMLogger - CDISMProviderStore::GetProvider
2017-03-28 04:28:28, Info                  DISM   DISM Provider Store: PID=7528 TID=7428 Provider has previously been initialized.  Returning the existing instance. - CDISMProviderStore::Internal_GetProvider
2017-03-28 04:28:28, Info                  DISM   Try to initialize Panther logging 1 times, last error: 0x0
2017-03-28 04:28:28, Info                  DISM   DISM Provider Store: PID=7528 TID=7428 Getting Provider DISMLogger - CDISMProviderStore::GetProvider
2017-03-28 04:28:28, Info                  DISM   DISM Provider Store: PID=7528 TID=7428 Provider has previously been initialized.  Returning the existing instance. - CDISMProviderStore::Internal_GetProvider
2017-03-28 04:28:28, Info                  DISM   DISM Manager: PID=7528 TID=7428 Successfully created the local image session and provider store. - CDISMManager::CreateLocalImageSession
2017-03-28 04:28:28, Info                  DISM   DISM Provider Store: PID=7528 TID=7428 Getting Provider DISMLogger - CDISMProviderStore::GetProvider
2017-03-28 04:28:28, Info                  DISM   DISM Provider Store: PID=7528 TID=7428 Provider has previously been initialized.  Returning the existing instance. - CDISMProviderStore::Internal_GetProvider
2017-03-28 04:28:28, Info                  DISM   DISM.EXE: 
2017-03-28 04:28:28, Info                  DISM   DISM.EXE: <----- Starting Dism.exe session ----->
2017-03-28 04:28:28, Info                  DISM   DISM.EXE: 
2017-03-28 04:28:28, Info                  DISM   DISM.EXE: Host machine information: OS Version=10.0.14393, Running architecture=amd64, Number of processors=4
2017-03-28 04:28:28, Info                  DISM   DISM.EXE: Dism.exe version: 10.0.14393.0
2017-03-28 04:28:28, Info                  DISM   DISM.EXE: Executing command line: DISM.exe  /Online /Add-ProvisionedAppxPackage /PackagePath:c:\SWSETUP\APP\Applications\HP\HPJumpSta_PPSCB2\1.1.165.0\src\Metro\02a9740a9d164dfb98b5e7ba7e8ddf40.appxbundle /LogPath:c:\system.sav\logs\HPJumpStartDISM.log /LicensePath:c:\SWSETUP\APP\Applications\HP\HPJumpSta_PPSCB2\1.1.165.0\src\Metro\02a9740a9d164dfb98b5e7ba7e8ddf40_License1.xml /dependencypackagepath:c:\SWSETUP\APP\Applications\HP\HPJumpSta_PPSCB2\1.1.165.0\src\Metro\Microsoft.NET.Native.Framework.1.2_1.2.23231.0_x64__8wekyb3d8bbwe.appx /dependencypackagepath:c:\SWSETUP\APP\Applications\HP\HPJumpSta_PPSCB2\1.1.165.0\src\Metro\Microsoft.NET.Native.Framework.1.2_1.2.23231.0_x86__8wekyb3d8bbwe.appx /dependencypackagepath:c:\SWSETUP\APP\Applications\HP\HPJumpSta_PPSCB2\1.1.165.0\src\Metro\Microsoft.NET.Native.Runtime.1.1_1.1.23406.0_x64__8wekyb3d8bbwe.appx /dependencypackagepath:c:\SWSETUP\APP\Applications\HP\HPJumpSta_PPSCB2\1.1.165.0\src\Metro\Microsoft.NET.Native.Runtime.1.1_1.1.23406.0_x86__8wekyb3d8bbwe.appx  /dependencypackagepath:c:\SWSETUP\APP\Applications\HP\HPJumpSta_PPSCB2\1.1.165.0\src\Metro\Microsoft.VCLibs.140.00_14.0.24123.0_x64__8wekyb3d8bbwe.appx  /dependencypackagepath:c:\SWSETUP\APP\Applications\HP\HPJumpSta_PPSCB2\1.1.165.0\src\Metro\Microsoft.VCLibs.140.00_14.0.24123.0_x86__8wekyb3d8bbwe.appx
2017-03-28 04:28:28, Info                  DISM   DISM Provider Store: PID=7528 TID=7428 Getting Provider FolderManager - CDISMProviderStore::GetProvider
2017-03-28 04:28:28, Info                  DISM   DISM Provider Store: PID=7528 TID=7428 Provider has not previously been encountered.  Attempting to initialize the provider. - CDISMProviderStore::Internal_GetProvider
2017-03-28 04:28:28, Info                  DISM   DISM Provider Store: PID=7528 TID=7428 Loading Provider from location C:\windows\System32\Dism\FolderProvider.dll - CDISMProviderStore::Internal_GetProvider
2017-03-28 04:28:28, Info                  DISM   DISM Provider Store: PID=7528 TID=7428 Connecting to the provider located at C:\windows\System32\Dism\FolderProvider.dll. - CDISMProviderStore::Internal_LoadProvider
2017-03-28 04:28:28, Info                  DISM   DISM Manager: PID=7528 TID=7428 physical location path: C:\ - CDISMManager::CreateImageSession
2017-03-28 04:28:28, Info                  DISM   DISM Manager: PID=7528 TID=7428 Event name for current DISM session is Global\{1FF701B8-A178-4118-8A99-A07A753FEAC0} - CDISMManager::CheckSessionAndLock
2017-03-28 04:28:28, Info                  DISM   DISM Manager: PID=7528 TID=7428 Create session event 0x16c for current DISM session and event name is Global\{1FF701B8-A178-4118-8A99-A07A753FEAC0}  - CDISMManager::CheckSessionAndLock
2017-03-28 04:28:28, Info                  DISM   DISM Manager: PID=7528 TID=7428 Copying DISM from "C:\windows\System32\Dism" - CDISMManager::CreateImageSessionFromLocation
2017-03-28 04:28:28, Info                  DISM   DISM Manager: PID=7528 TID=7428 Successfully loaded the ImageSession at "C:\Users\ADMINI~1\AppData\Local\Temp\FA5A2ECF-3058-4D95-9C30-3D6782AB8A3F" - CDISMManager::LoadRemoteImageSession
2017-03-28 04:28:28, Info                  DISM   DISM Image Session: PID=2484 TID=5004 Instantiating the Provider Store. - CDISMImageSession::get_ProviderStore
2017-03-28 04:28:28, Info                  DISM   DISM Provider Store: PID=2484 TID=5004 Initializing a provider store for the IMAGE session type. - CDISMProviderStore::Final_OnConnect
2017-03-28 04:28:28, Info                  DISM   DISM Provider Store: PID=2484 TID=5004 Provider has not previously been encountered.  Attempting to initialize the provider. - CDISMProviderStore::Internal_GetProvider
2017-03-28 04:28:28, Info                  DISM   DISM Provider Store: PID=2484 TID=5004 Loading Provider from location C:\Users\ADMINI~1\AppData\Local\Temp\FA5A2ECF-3058-4D95-9C30-3D6782AB8A3F\OSProvider.dll - CDISMProviderStore::Internal_GetProvider
2017-03-28 04:28:28, Info                  DISM   DISM Provider Store: PID=2484 TID=5004 Connecting to the provider located at C:\Users\ADMINI~1\AppData\Local\Temp\FA5A2ECF-3058-4D95-9C30-3D6782AB8A3F\OSProvider.dll. - CDISMProviderStore::Internal_LoadProvider
2017-03-28 04:28:28, Info                  DISM   DISM OS Provider: PID=2484 TID=5004 Defaulting SystemPath to C:\ - CDISMOSServiceManager::Final_OnConnect
2017-03-28 04:28:28, Info                  DISM   DISM OS Provider: PID=2484 TID=5004 Defaulting Windows folder to C:\Windows - CDISMOSServiceManager::Final_OnConnect
2017-03-28 04:28:28, Info                  DISM   DISM OS Provider: PID=2484 TID=5004 Host OS verion is 10.0 - CDISMOSServiceManager::SetDllSearchPath
2017-03-28 04:28:28, Warning               DISM   DISM OS Provider: PID=2484 TID=5004 Unable to set the DLL search path to the servicing stack folder. C:\Windows may not point to a valid Windows folder. - CDISMOSServiceManager::Final_OnConnect
2017-03-28 04:28:28, Info                  DISM   DISM Provider Store: PID=2484 TID=5004 Attempting to initialize the logger from the Image Session. - CDISMProviderStore::Final_OnConnect
2017-03-28 04:28:28, Info                  DISM   DISM Provider Store: PID=2484 TID=5004 Provider has not previously been encountered.  Attempting to initialize the provider. - CDISMProviderStore::Internal_GetProvider
2017-03-28 04:28:28, Info                  DISM   DISM Provider Store: PID=2484 TID=5004 Loading Provider from location C:\Users\ADMINI~1\AppData\Local\Temp\FA5A2ECF-3058-4D95-9C30-3D6782AB8A3F\LogProvider.dll - CDISMProviderStore::Internal_GetProvider
2017-03-28 04:28:28, Info                  DISM   DISM Provider Store: PID=2484 TID=5004 Connecting to the provider located at C:\Users\ADMINI~1\AppData\Local\Temp\FA5A2ECF-3058-4D95-9C30-3D6782AB8A3F\LogProvider.dll. - CDISMProviderStore::Internal_LoadProvider
2017-03-28 04:28:28, Info                  DISM   Try to initialize Panther logging 1 times, last error: 0x0
2017-03-28 04:28:28, Info                  DISM   DISM Provider Store: PID=2484 TID=5004 Found and Initialized the DISM Logger. - CDISMProviderStore::Internal_InitializeLogger
2017-03-28 04:28:28, Info                  DISM   DISM Provider Store: PID=2484 TID=5004 Provider has not previously been encountered.  Attempting to initialize the provider. - CDISMProviderStore::Internal_GetProvider
2017-03-28 04:28:28, Info                  DISM   DISM Provider Store: PID=2484 TID=5004 Loading Provider from location C:\Users\ADMINI~1\AppData\Local\Temp\FA5A2ECF-3058-4D95-9C30-3D6782AB8A3F\PEProvider.dll - CDISMProviderStore::Internal_GetProvider
2017-03-28 04:28:28, Warning               DISM   DISM Provider Store: PID=2484 TID=5004 Failed to Load the provider: C:\Users\ADMINI~1\AppData\Local\Temp\FA5A2ECF-3058-4D95-9C30-3D6782AB8A3F\PEProvider.dll. - CDISMProviderStore::Internal_GetProvider(hr:0x8007007e)
2017-03-28 04:28:28, Info                  DISM   DISM Provider Store: PID=2484 TID=5004 Failed to get and initialize the PE Provider.  Continuing by assuming that it is not a WinPE image. - CDISMProviderStore::Final_OnConnect
2017-03-28 04:28:28, Info                  DISM   DISM Provider Store: PID=2484 TID=5004 Finished initializing the Provider Map. - CDISMProviderStore::Final_OnConnect
2017-03-28 04:28:28, Info                  DISM   DISM Provider Store: PID=2484 TID=5004 Getting Provider DISMLogger - CDISMProviderStore::GetProvider
2017-03-28 04:28:28, Info                  DISM   DISM Provider Store: PID=2484 TID=5004 Provider has previously been initialized.  Returning the existing instance. - CDISMProviderStore::Internal_GetProvider
2017-03-28 04:28:28, Info                  DISM   Try to initialize Panther logging 1 times, last error: 0x0
2017-03-28 04:28:28, Info                  DISM   Try to initialize Panther logging 1 times, last error: 0x0
2017-03-28 04:28:28, Info                  DISM   DISM Manager: PID=7528 TID=7428 Image session successfully loaded from the temporary location: C:\Users\ADMINI~1\AppData\Local\Temp\FA5A2ECF-3058-4D95-9C30-3D6782AB8A3F - CDISMManager::CreateImageSession
2017-03-28 04:28:28, Info                  DISM   DISM Provider Store: PID=2484 TID=5004 Getting Provider OSServices - CDISMProviderStore::GetProvider
2017-03-28 04:28:28, Info                  DISM   DISM Provider Store: PID=2484 TID=5004 Provider has previously been initialized.  Returning the existing instance. - CDISMProviderStore::Internal_GetProvider
2017-03-28 04:28:29, Info                  DISM   DISM.EXE: Target image information: OS Version=10.0.14393.0, Image architecture=amd64
2017-03-28 04:28:29, Info                  DISM   DISM Provider Store: PID=2484 TID=5004 Getting the collection of providers from an image provider store type. - CDISMProviderStore::GetProviderCollection
2017-03-28 04:28:29, Info                  DISM   DISM Provider Store: PID=2484 TID=5004 Provider has not previously been encountered.  Attempting to initialize the provider. - CDISMProviderStore::Internal_GetProvider
2017-03-28 04:28:29, Info                  DISM   DISM Provider Store: PID=2484 TID=5004 Loading Provider from location C:\Users\ADMINI~1\AppData\Local\Temp\FA5A2ECF-3058-4D95-9C30-3D6782AB8A3F\CbsProvider.dll - CDISMProviderStore::Internal_GetProvider
2017-03-28 04:28:29, Info                  DISM   DISM Provider Store: PID=2484 TID=5004 Connecting to the provider located at C:\Users\ADMINI~1\AppData\Local\Temp\FA5A2ECF-3058-4D95-9C30-3D6782AB8A3F\CbsProvider.dll. - CDISMProviderStore::Internal_LoadProvider
2017-03-28 04:28:29, Info                  DISM   DISM Provider Store: PID=2484 TID=5004 Encountered a servicing provider, performing additional servicing initializations. - CDISMProviderStore::Internal_LoadProvider
2017-03-28 04:28:29, Info                  DISM   DISM Package Manager: PID=2484 TID=5004 Finished initializing the CbsConUI Handler. - CCbsConUIHandler::Initialize
2017-03-28 04:28:29, Info                  DISM   DISM Package Manager: PID=2484 TID=5004 CBS is being initialized for online use. More information about CBS actions can be located at: %windir%\logs\cbs\cbs.log - CDISMPackageManager::Initialize
2017-03-28 04:28:29, Info                  DISM   DISM Package Manager: PID=2484 TID=5004 Loaded servicing stack for online use only. - CDISMPackageManager::RefreshInstanceAndLock
2017-03-28 04:28:29, Info                  DISM   DISM Provider Store: PID=2484 TID=5004 Provider has not previously been encountered.  Attempting to initialize the provider. - CDISMProviderStore::Internal_GetProvider
2017-03-28 04:28:29, Info                  DISM   DISM Provider Store: PID=2484 TID=5004 Loading Provider from location C:\Users\ADMINI~1\AppData\Local\Temp\FA5A2ECF-3058-4D95-9C30-3D6782AB8A3F\MsiProvider.dll - CDISMProviderStore::Internal_GetProvider
2017-03-28 04:28:29, Info                  DISM   DISM Provider Store: PID=2484 TID=5004 Connecting to the provider located at C:\Users\ADMINI~1\AppData\Local\Temp\FA5A2ECF-3058-4D95-9C30-3D6782AB8A3F\MsiProvider.dll. - CDISMProviderStore::Internal_LoadProvider
2017-03-28 04:28:29, Info                  DISM   DISM Provider Store: PID=2484 TID=5004 Encountered a servicing provider, performing additional servicing initializations. - CDISMProviderStore::Internal_LoadProvider
2017-03-28 04:28:29, Info                  DISM   DISM Provider Store: PID=2484 TID=5004 Provider has not previously been encountered.  Attempting to initialize the provider. - CDISMProviderStore::Internal_GetProvider
2017-03-28 04:28:29, Info                  DISM   DISM Provider Store: PID=2484 TID=5004 Loading Provider from location C:\Users\ADMINI~1\AppData\Local\Temp\FA5A2ECF-3058-4D95-9C30-3D6782AB8A3F\IntlProvider.dll - CDISMProviderStore::Internal_GetProvider
2017-03-28 04:28:29, Info                  DISM   DISM Provider Store: PID=2484 TID=5004 Connecting to the provider located at C:\Users\ADMINI~1\AppData\Local\Temp\FA5A2ECF-3058-4D95-9C30-3D6782AB8A3F\IntlProvider.dll. - CDISMProviderStore::Internal_LoadProvider
2017-03-28 04:28:29, Info                  DISM   DISM Provider Store: PID=2484 TID=5004 Encountered a servicing provider, performing additional servicing initializations. - CDISMProviderStore::Internal_LoadProvider
2017-03-28 04:28:29, Info                  DISM   DISM Provider Store: PID=2484 TID=5004 Provider has not previously been encountered.  Attempting to initialize the provider. - CDISMProviderStore::Internal_GetProvider
2017-03-28 04:28:29, Info                  DISM   DISM Provider Store: PID=2484 TID=5004 Loading Provider from location C:\Users\ADMINI~1\AppData\Local\Temp\FA5A2ECF-3058-4D95-9C30-3D6782AB8A3F\IBSProvider.dll - CDISMProviderStore::Internal_GetProvider
2017-03-28 04:28:29, Info                  DISM   DISM Provider Store: PID=2484 TID=5004 Connecting to the provider located at C:\Users\ADMINI~1\AppData\Local\Temp\FA5A2ECF-3058-4D95-9C30-3D6782AB8A3F\IBSProvider.dll. - CDISMProviderStore::Internal_LoadProvider
2017-03-28 04:28:29, Info                  DISM   DISM Provider Store: PID=2484 TID=5004 Encountered a servicing provider, performing additional servicing initializations. - CDISMProviderStore::Internal_LoadProvider
2017-03-28 04:28:29, Info                  DISM   DISM Provider Store: PID=2484 TID=5004 Provider has not previously been encountered.  Attempting to initialize the provider. - CDISMProviderStore::Internal_GetProvider
2017-03-28 04:28:29, Info                  DISM   DISM Provider Store: PID=2484 TID=5004 Loading Provider from location C:\Users\ADMINI~1\AppData\Local\Temp\FA5A2ECF-3058-4D95-9C30-3D6782AB8A3F\DmiProvider.dll - CDISMProviderStore::Internal_GetProvider
2017-03-28 04:28:29, Info                  DISM   DISM Provider Store: PID=2484 TID=5004 Connecting to the provider located at C:\Users\ADMINI~1\AppData\Local\Temp\FA5A2ECF-3058-4D95-9C30-3D6782AB8A3F\DmiProvider.dll. - CDISMProviderStore::Internal_LoadProvider
2017-03-28 04:28:29, Info                  DISM   DISM Provider Store: PID=2484 TID=5004 Encountered a servicing provider, performing additional servicing initializations. - CDISMProviderStore::Internal_LoadProvider
2017-03-28 04:28:29, Info                  DISM   DISM OS Provider: PID=2484 TID=5004 Successfully loaded the hive. - CDISMOSServiceManager::DetermineBootDrive
2017-03-28 04:28:29, Info                  DISM   DISM Driver Manager: PID=2484 TID=5004 Further logs for driver related operations can be found in the target operating system at %WINDIR%\inf\setupapi.offline.log - CDriverManager::Initialize
2017-03-28 04:28:29, Info                  DISM   DISM Provider Store: PID=2484 TID=5004 Provider has not previously been encountered.  Attempting to initialize the provider. - CDISMProviderStore::Internal_GetProvider
2017-03-28 04:28:29, Info                  DISM   DISM Provider Store: PID=2484 TID=5004 Loading Provider from location C:\Users\ADMINI~1\AppData\Local\Temp\FA5A2ECF-3058-4D95-9C30-3D6782AB8A3F\UnattendProvider.dll - CDISMProviderStore::Internal_GetProvider
2017-03-28 04:28:29, Info                  DISM   DISM Provider Store: PID=2484 TID=5004 Connecting to the provider located at C:\Users\ADMINI~1\AppData\Local\Temp\FA5A2ECF-3058-4D95-9C30-3D6782AB8A3F\UnattendProvider.dll. - CDISMProviderStore::Internal_LoadProvider
2017-03-28 04:28:29, Info                  DISM   DISM Provider Store: PID=2484 TID=5004 Encountered a servicing provider, performing additional servicing initializations. - CDISMProviderStore::Internal_LoadProvider
2017-03-28 04:28:29, Info                  DISM   DISM Provider Store: PID=2484 TID=5004 Provider has not previously been encountered.  Attempting to initialize the provider. - CDISMProviderStore::Internal_GetProvider
2017-03-28 04:28:29, Info                  DISM   DISM Provider Store: PID=2484 TID=5004 Loading Provider from location C:\Users\ADMINI~1\AppData\Local\Temp\FA5A2ECF-3058-4D95-9C30-3D6782AB8A3F\SmiProvider.dll - CDISMProviderStore::Internal_GetProvider
2017-03-28 04:28:29, Info                  DISM   DISM Provider Store: PID=2484 TID=5004 Connecting to the provider located at C:\Users\ADMINI~1\AppData\Local\Temp\FA5A2ECF-3058-4D95-9C30-3D6782AB8A3F\SmiProvider.dll. - CDISMProviderStore::Internal_LoadProvider
2017-03-28 04:28:29, Info                  DISM   DISM Provider Store: PID=2484 TID=5004 Encountered a servicing provider, performing additional servicing initializations. - CDISMProviderStore::Internal_LoadProvider
2017-03-28 04:28:29, Info                  DISM   DISM Provider Store: PID=2484 TID=5004 Provider has not previously been encountered.  Attempting to initialize the provider. - CDISMProviderStore::Internal_GetProvider
2017-03-28 04:28:29, Info                  DISM   DISM Provider Store: PID=2484 TID=5004 Loading Provider from location C:\Users\ADMINI~1\AppData\Local\Temp\FA5A2ECF-3058-4D95-9C30-3D6782AB8A3F\EmbeddedProvider.dll - CDISMProviderStore::Internal_GetProvider
2017-03-28 04:28:29, Warning               DISM   DISM Provider Store: PID=2484 TID=5004 Failed to Load the provider: C:\Users\ADMINI~1\AppData\Local\Temp\FA5A2ECF-3058-4D95-9C30-3D6782AB8A3F\EmbeddedProvider.dll. - CDISMProviderStore::Internal_GetProvider(hr:0x8007007e)
2017-03-28 04:28:29, Info                  DISM   DISM Provider Store: PID=2484 TID=5004 Provider has not previously been encountered.  Attempting to initialize the provider. - CDISMProviderStore::Internal_GetProvider
2017-03-28 04:28:29, Info                  DISM   DISM Provider Store: PID=2484 TID=5004 Loading Provider from location C:\Users\ADMINI~1\AppData\Local\Temp\FA5A2ECF-3058-4D95-9C30-3D6782AB8A3F\AppxProvider.dll - CDISMProviderStore::Internal_GetProvider
2017-03-28 04:28:29, Info                  DISM   DISM Provider Store: PID=2484 TID=5004 Connecting to the provider located at C:\Users\ADMINI~1\AppData\Local\Temp\FA5A2ECF-3058-4D95-9C30-3D6782AB8A3F\AppxProvider.dll. - CDISMProviderStore::Internal_LoadProvider
2017-03-28 04:28:29, Info                  DISM   DISM Provider Store: PID=2484 TID=5004 Encountered a servicing provider, performing additional servicing initializations. - CDISMProviderStore::Internal_LoadProvider
2017-03-28 04:28:29, Info                  DISM   DISM Provider Store: PID=2484 TID=5004 Provider has not previously been encountered.  Attempting to initialize the provider. - CDISMProviderStore::Internal_GetProvider
2017-03-28 04:28:29, Info                  DISM   DISM Provider Store: PID=2484 TID=5004 Loading Provider from location C:\Users\ADMINI~1\AppData\Local\Temp\FA5A2ECF-3058-4D95-9C30-3D6782AB8A3F\ProvProvider.dll - CDISMProviderStore::Internal_GetProvider
2017-03-28 04:28:29, Info                  DISM   DISM Provider Store: PID=2484 TID=5004 Connecting to the provider located at C:\Users\ADMINI~1\AppData\Local\Temp\FA5A2ECF-3058-4D95-9C30-3D6782AB8A3F\ProvProvider.dll. - CDISMProviderStore::Internal_LoadProvider
2017-03-28 04:28:29, Info                  DISM   DISM Provider Store: PID=2484 TID=5004 Encountered a servicing provider, performing additional servicing initializations. - CDISMProviderStore::Internal_LoadProvider
2017-03-28 04:28:29, Info                  DISM   DISM Provider Store: PID=2484 TID=5004 Provider has not previously been encountered.  Attempting to initialize the provider. - CDISMProviderStore::Internal_GetProvider
2017-03-28 04:28:29, Info                  DISM   DISM Provider Store: PID=2484 TID=5004 Loading Provider from location C:\Users\ADMINI~1\AppData\Local\Temp\FA5A2ECF-3058-4D95-9C30-3D6782AB8A3F\AssocProvider.dll - CDISMProviderStore::Internal_GetProvider
2017-03-28 04:28:29, Info                  DISM   DISM Provider Store: PID=2484 TID=5004 Connecting to the provider located at C:\Users\ADMINI~1\AppData\Local\Temp\FA5A2ECF-3058-4D95-9C30-3D6782AB8A3F\AssocProvider.dll. - CDISMProviderStore::Internal_LoadProvider
2017-03-28 04:28:29, Info                  DISM   DISM Provider Store: PID=2484 TID=5004 Encountered a servicing provider, performing additional servicing initializations. - CDISMProviderStore::Internal_LoadProvider
2017-03-28 04:28:29, Info                  DISM   DISM Provider Store: PID=2484 TID=5004 Provider has not previously been encountered.  Attempting to initialize the provider. - CDISMProviderStore::Internal_GetProvider
2017-03-28 04:28:29, Info                  DISM   DISM Provider Store: PID=2484 TID=5004 Loading Provider from location C:\Users\ADMINI~1\AppData\Local\Temp\FA5A2ECF-3058-4D95-9C30-3D6782AB8A3F\GenericProvider.dll - CDISMProviderStore::Internal_GetProvider
2017-03-28 04:28:29, Info                  DISM   DISM Provider Store: PID=2484 TID=5004 Connecting to the provider located at C:\Users\ADMINI~1\AppData\Local\Temp\FA5A2ECF-3058-4D95-9C30-3D6782AB8A3F\GenericProvider.dll. - CDISMProviderStore::Internal_LoadProvider
2017-03-28 04:28:29, Info                  DISM   DISM Provider Store: PID=2484 TID=5004 Encountered a servicing provider, performing additional servicing initializations. - CDISMProviderStore::Internal_LoadProvider
2017-03-28 04:28:29, Info                  DISM   DISM Provider Store: PID=2484 TID=5004 Provider has not previously been encountered.  Attempting to initialize the provider. - CDISMProviderStore::Internal_GetProvider
2017-03-28 04:28:29, Info                  DISM   DISM Provider Store: PID=2484 TID=5004 Loading Provider from location C:\Users\ADMINI~1\AppData\Local\Temp\FA5A2ECF-3058-4D95-9C30-3D6782AB8A3F\OfflineSetupProvider.dll - CDISMProviderStore::Internal_GetProvider
2017-03-28 04:28:29, Info                  DISM   DISM Provider Store: PID=2484 TID=5004 Connecting to the provider located at C:\Users\ADMINI~1\AppData\Local\Temp\FA5A2ECF-3058-4D95-9C30-3D6782AB8A3F\OfflineSetupProvider.dll. - CDISMProviderStore::Internal_LoadProvider
2017-03-28 04:28:29, Info                  DISM   DISM Provider Store: PID=2484 TID=5004 Encountered a servicing provider, performing additional servicing initializations. - CDISMProviderStore::Internal_LoadProvider
2017-03-28 04:28:29, Info                  DISM   DISM Provider Store: PID=2484 TID=5004 Provider has not previously been encountered.  Attempting to initialize the provider. - CDISMProviderStore::Internal_GetProvider
2017-03-28 04:28:29, Info                  DISM   DISM Provider Store: PID=2484 TID=5004 Loading Provider from location C:\Users\ADMINI~1\AppData\Local\Temp\FA5A2ECF-3058-4D95-9C30-3D6782AB8A3F\TransmogProvider.dll - CDISMProviderStore::Internal_GetProvider
2017-03-28 04:28:29, Info                  DISM   DISM Provider Store: PID=2484 TID=5004 Connecting to the provider located at C:\Users\ADMINI~1\AppData\Local\Temp\FA5A2ECF-3058-4D95-9C30-3D6782AB8A3F\TransmogProvider.dll. - CDISMProviderStore::Internal_LoadProvider
2017-03-28 04:28:29, Info                  DISM   DISM Provider Store: PID=2484 TID=5004 Encountered a servicing provider, performing additional servicing initializations. - CDISMProviderStore::Internal_LoadProvider
2017-03-28 04:28:29, Info                  DISM   DISM Transmog Provider: PID=2484 TID=5004 Current image session is [ONLINE] - CTransmogManager::GetMode
2017-03-28 04:28:29, Info                  DISM   DISM Transmog Provider: PID=2484 TID=5004 Audit Mode: [Yes] - CTransmogManager::Initialize
2017-03-28 04:28:29, Info                  DISM   DISM Transmog Provider: PID=2484 TID=5004 GetProductType: ProductType = [WinNT] - CTransmogManager::GetProductType
2017-03-28 04:28:29, Info                  DISM   DISM Transmog Provider: PID=2484 TID=5004 Product Type: [WinNT] - CTransmogManager::Initialize
2017-03-28 04:28:29, Info                  DISM   DISM Transmog Provider: PID=2484 TID=5004 Product Type ServerNT : [No] - CTransmogManager::Initialize
2017-03-28 04:28:29, Info                  DISM   DISM.EXE: Got the collection of providers. Now enumerating them to build the command table.
2017-03-28 04:28:29, Info                  DISM   DISM.EXE: Attempting to add the commands from provider: DISM Log Provider
2017-03-28 04:28:29, Info                  DISM   DISM.EXE: Attempting to add the commands from provider: OSServices
2017-03-28 04:28:29, Info                  DISM   DISM.EXE: Attempting to add the commands from provider: DISM Package Manager
2017-03-28 04:28:29, Info                  DISM   DISM.EXE: Succesfully registered commands for the provider: DISM Package Manager.
2017-03-28 04:28:29, Info                  DISM   DISM.EXE: Attempting to add the commands from provider: MsiManager
2017-03-28 04:28:29, Info                  DISM   DISM.EXE: Succesfully registered commands for the provider: MsiManager.
2017-03-28 04:28:29, Info                  DISM   DISM.EXE: Attempting to add the commands from provider: IntlManager
2017-03-28 04:28:29, Info                  DISM   DISM.EXE: Succesfully registered commands for the provider: IntlManager.
2017-03-28 04:28:29, Info                  DISM   DISM.EXE: Attempting to add the commands from provider: IBSManager
2017-03-28 04:28:29, Info                  DISM   DISM.EXE: Attempting to add the commands from provider: DriverManager
2017-03-28 04:28:29, Info                  DISM   DISM.EXE: Succesfully registered commands for the provider: DriverManager.
2017-03-28 04:28:29, Info                  DISM   DISM.EXE: Attempting to add the commands from provider: DISM Unattend Manager
2017-03-28 04:28:29, Info                  DISM   DISM.EXE: Succesfully registered commands for the provider: DISM Unattend Manager.
2017-03-28 04:28:29, Info                  DISM   DISM.EXE: Attempting to add the commands from provider: SmiManager
2017-03-28 04:28:29, Info                  DISM   DISM.EXE: Attempting to add the commands from provider: AppxManager
2017-03-28 04:28:29, Info                  DISM   DISM.EXE: Succesfully registered commands for the provider: AppxManager.
2017-03-28 04:28:29, Info                  DISM   DISM.EXE: Attempting to add the commands from provider: ProvManager
2017-03-28 04:28:29, Info                  DISM   DISM.EXE: Succesfully registered commands for the provider: ProvManager.
2017-03-28 04:28:29, Info                  DISM   DISM.EXE: Attempting to add the commands from provider: AssocManager
2017-03-28 04:28:29, Info                  DISM   DISM.EXE: Succesfully registered commands for the provider: AssocManager.
2017-03-28 04:28:29, Info                  DISM   DISM.EXE: Attempting to add the commands from provider: GenericManager
2017-03-28 04:28:29, Info                  DISM   DISM.EXE: Succesfully registered commands for the provider: GenericManager.
2017-03-28 04:28:29, Info                  DISM   DISM.EXE: Attempting to add the commands from provider: OfflineSetupManager
2017-03-28 04:28:29, Info                  DISM   DISM.EXE: Succesfully registered commands for the provider: OfflineSetupManager.
2017-03-28 04:28:29, Info                  DISM   DISM.EXE: Attempting to add the commands from provider: Edition Manager
2017-03-28 04:28:29, Info                  DISM   DISM.EXE: Succesfully registered commands for the provider: Edition Manager.
2017-03-28 04:28:29, Info                  DISM   DISM Provider Store: PID=2484 TID=5004 Getting Provider AppxManager - CDISMProviderStore::GetProvider
2017-03-28 04:28:29, Info                  DISM   DISM Provider Store: PID=2484 TID=5004 Provider has previously been initialized.  Returning the existing instance. - CDISMProviderStore::Internal_GetProvider
2017-03-28 04:28:29, Info                  DISM   DISM Appx Provider: PID=2484 TID=5004 Creating provisioning request. - CAppxManager::AddAllUserAppxPackage
2017-03-28 04:28:29, Info                  DISM   DISM Appx Provider: PID=2484 TID=5004 Adding main package to provisioning request. - CAppxManager::AddAllUserAppxPackage
2017-03-28 04:28:29, Info                  DISM   DISM Appx Provider: PID=2484 TID=5004 File could not be read as an .Appx package, trying to read file as an .AppxBundle... - CPackageAdapter::CreateFromPath
2017-03-28 04:28:29, Info                  DISM   DISM Appx Provider: PID=2484 TID=5004 Found a main package: AD2F1837.HPJumpStart_1.1.165.0_neutral_~_v10z8vjag6ke6 - CDismRequest::GetMainPackage
2017-03-28 04:28:29, Info                  DISM   DISM Appx Provider: PID=2484 TID=5004 Adding: en-US as applicable language. - CDismContext::AvailableOSLangPacks
2017-03-28 04:28:32, Info                  DISM   DISM Appx Provider: PID=2484 TID=5004 Found a main package: AD2F1837.HPJumpStart_1.1.165.0_x86__v10z8vjag6ke6 - CDismRequest::GetMainPackage
2017-03-28 04:28:32, Info                  DISM   DISM Appx Provider: PID=2484 TID=5004 Found a main package: AD2F1837.HPJumpStart_1.1.165.0_x64__v10z8vjag6ke6 - CDismRequest::GetMainPackage
2017-03-28 04:28:32, Info                  DISM   DISM Appx Provider: PID=2484 TID=5004 Code integrity footprint file not found for package AD2F1837.HPJumpStart_1.1.165.0_neutral_split.scale-100_v10z8vjag6ke6. - PackageMonikerToPayload::CreateForPackageReader
2017-03-28 04:28:33, Info                  DISM   DISM Appx Provider: PID=2484 TID=5004 Code integrity footprint file not found for package AD2F1837.HPJumpStart_1.1.165.0_neutral_split.scale-125_v10z8vjag6ke6. - PackageMonikerToPayload::CreateForPackageReader
2017-03-28 04:28:33, Info                  DISM   DISM Appx Provider: PID=2484 TID=5004 Package 'AD2F1837.HPJumpStart_1.1.165.0_neutral_split.scale-150_v10z8vjag6ke6' excluded as not applicable. - PackageSource::IsPackageApplicable
2017-03-28 04:28:33, Info                  DISM   DISM Appx Provider: PID=2484 TID=5004 Package 'AD2F1837.HPJumpStart_1.1.165.0_neutral_split.scale-400_v10z8vjag6ke6' excluded as not applicable. - PackageSource::IsPackageApplicable
2017-03-28 04:28:33, Info                  DISM   DISM Appx Provider: PID=2484 TID=5004 Adding dependencies to provisioning request. - CAppxManager::AddAllUserAppxPackage
2017-03-28 04:28:33, Info                  DISM   DISM Appx Provider: PID=2484 TID=5004 Provisioning request. - CAppxManager::AddAllUserAppxPackage
2017-03-28 04:28:46, Info                  DISM   DISM Appx Provider: PID=2484 TID=5004 Finalizing changes... - CAppxManager::AddAllUserAppxPackage
2017-03-28 04:28:46, Info                  DISM   DISM Provider Store: PID=2484 TID=5004 Found the OSServices.  Waiting to finalize it until all other providers are unloaded. - CDISMProviderStore::Final_OnDisconnect
2017-03-28 04:28:46, Info                  DISM   DISM Provider Store: PID=2484 TID=5004 Found the OSServices.  Waiting to finalize it until all other providers are unloaded. - CDISMProviderStore::Final_OnDisconnect
2017-03-28 04:28:46, Info                  DISM   DISM Provider Store: PID=2484 TID=5004 Found the PE Provider.  Waiting to finalize it until all other providers are unloaded. - CDISMProviderStore::Final_OnDisconnect
2017-03-28 04:28:46, Info                  DISM   DISM Provider Store: PID=2484 TID=5004 Finalizing the servicing provider(DISM Package Manager) - CDISMProviderStore::Internal_DisconnectProvider
2017-03-28 04:28:46, Info                  DISM   DISM Package Manager: PID=2484 TID=5004 Finalizing CBS core. - CDISMPackageManager::Finalize
2017-03-28 04:28:46, Info                  DISM   DISM Provider Store: PID=2484 TID=5004 Disconnecting Provider: DISM Package Manager - CDISMProviderStore::Internal_DisconnectProvider
2017-03-28 04:28:46, Info                  DISM   DISM Provider Store: PID=2484 TID=5004 Finalizing the servicing provider(MsiManager) - CDISMProviderStore::Internal_DisconnectProvider
2017-03-28 04:28:46, Info                  DISM   DISM Provider Store: PID=2484 TID=5004 Disconnecting Provider: MsiManager - CDISMProviderStore::Internal_DisconnectProvider
2017-03-28 04:28:46, Info                  DISM   DISM Provider Store: PID=2484 TID=5004 Finalizing the servicing provider(IntlManager) - CDISMProviderStore::Internal_DisconnectProvider
2017-03-28 04:28:46, Info                  DISM   DISM Provider Store: PID=2484 TID=5004 Disconnecting Provider: IntlManager - CDISMProviderStore::Internal_DisconnectProvider
2017-03-28 04:28:46, Info                  DISM   DISM Provider Store: PID=2484 TID=5004 Finalizing the servicing provider(IBSManager) - CDISMProviderStore::Internal_DisconnectProvider
2017-03-28 04:28:46, Info                  DISM   DISM Provider Store: PID=2484 TID=5004 Disconnecting Provider: IBSManager - CDISMProviderStore::Internal_DisconnectProvider
2017-03-28 04:28:46, Info                  DISM   DISM Provider Store: PID=2484 TID=5004 Finalizing the servicing provider(DriverManager) - CDISMProviderStore::Internal_DisconnectProvider
2017-03-28 04:28:46, Info                  DISM   DISM Provider Store: PID=2484 TID=5004 Disconnecting Provider: DriverManager - CDISMProviderStore::Internal_DisconnectProvider
2017-03-28 04:28:46, Info                  DISM   DISM Provider Store: PID=2484 TID=5004 Finalizing the servicing provider(DISM Unattend Manager) - CDISMProviderStore::Internal_DisconnectProvider
2017-03-28 04:28:46, Info                  DISM   DISM Provider Store: PID=2484 TID=5004 Disconnecting Provider: DISM Unattend Manager - CDISMProviderStore::Internal_DisconnectProvider
2017-03-28 04:28:46, Info                  DISM   DISM Provider Store: PID=2484 TID=5004 Finalizing the servicing provider(SmiManager) - CDISMProviderStore::Internal_DisconnectProvider
2017-03-28 04:28:46, Info                  DISM   DISM Provider Store: PID=2484 TID=5004 Disconnecting Provider: SmiManager - CDISMProviderStore::Internal_DisconnectProvider
2017-03-28 04:28:46, Info                  DISM   DISM Provider Store: PID=2484 TID=5004 Finalizing the servicing provider(AppxManager) - CDISMProviderStore::Internal_DisconnectProvider
2017-03-28 04:28:46, Info                  DISM   DISM Provider Store: PID=2484 TID=5004 Disconnecting Provider: AppxManager - CDISMProviderStore::Internal_DisconnectProvider
2017-03-28 04:28:46, Info                  DISM   DISM Provider Store: PID=2484 TID=5004 Finalizing the servicing provider(ProvManager) - CDISMProviderStore::Internal_DisconnectProvider
2017-03-28 04:28:46, Info                  DISM   DISM Provider Store: PID=2484 TID=5004 Disconnecting Provider: ProvManager - CDISMProviderStore::Internal_DisconnectProvider
2017-03-28 04:28:46, Info                  DISM   DISM Provider Store: PID=2484 TID=5004 Finalizing the servicing provider(AssocManager) - CDISMProviderStore::Internal_DisconnectProvider
2017-03-28 04:28:46, Info                  DISM   DISM Provider Store: PID=2484 TID=5004 Disconnecting Provider: AssocManager - CDISMProviderStore::Internal_DisconnectProvider
2017-03-28 04:28:46, Info                  DISM   DISM Provider Store: PID=2484 TID=5004 Finalizing the servicing provider(GenericManager) - CDISMProviderStore::Internal_DisconnectProvider
2017-03-28 04:28:46, Info                  DISM   DISM Provider Store: PID=2484 TID=5004 Disconnecting Provider: GenericManager - CDISMProviderStore::Internal_DisconnectProvider
2017-03-28 04:28:46, Info                  DISM   DISM Provider Store: PID=2484 TID=5004 Finalizing the servicing provider(OfflineSetupManager) - CDISMProviderStore::Internal_DisconnectProvider
2017-03-28 04:28:46, Info                  DISM   DISM Provider Store: PID=2484 TID=5004 Disconnecting Provider: OfflineSetupManager - CDISMProviderStore::Internal_DisconnectProvider
2017-03-28 04:28:46, Info                  DISM   DISM Provider Store: PID=2484 TID=5004 Finalizing the servicing provider(Edition Manager) - CDISMProviderStore::Internal_DisconnectProvider
2017-03-28 04:28:46, Info                  DISM   DISM Provider Store: PID=2484 TID=5004 Disconnecting Provider: Edition Manager - CDISMProviderStore::Internal_DisconnectProvider
2017-03-28 04:28:46, Info                  DISM   DISM Provider Store: PID=2484 TID=5004 Releasing the local reference to OSServices. - CDISMProviderStore::Internal_DisconnectProvider
2017-03-28 04:28:46, Info                  DISM   DISM Provider Store: PID=2484 TID=5004 Disconnecting Provider: OSServices - CDISMProviderStore::Internal_DisconnectProvider
2017-03-28 04:28:46, Info                  DISM   DISM Provider Store: PID=2484 TID=5004 Releasing the local reference to DISMLogger.  Stop logging. - CDISMProviderStore::Internal_DisconnectProvider
2017-03-28 04:28:46, Info                  DISM   DISM Manager: PID=7528 TID=7428 Closing session event handle 0x16c - CDISMManager::CloseImageSession
2017-03-28 04:28:47, Info                  DISM   DISM.EXE: Image session has been closed. Reboot required=no.
2017-03-28 04:28:47, Info                  DISM   DISM.EXE: 
2017-03-28 04:28:47, Info                  DISM   DISM.EXE: <----- Ending Dism.exe session ----->
2017-03-28 04:28:47, Info                  DISM   DISM.EXE: 
2017-03-28 04:28:47, Info                  DISM   DISM Provider Store: PID=7528 TID=7428 Found the OSServices.  Waiting to finalize it until all other providers are unloaded. - CDISMProviderStore::Final_OnDisconnect
2017-03-28 04:28:47, Info                  DISM   DISM Provider Store: PID=7528 TID=7428 Disconnecting Provider: FolderManager - CDISMProviderStore::Internal_DisconnectProvider
2017-03-28 04:28:47, Info                  DISM   DISM Provider Store: PID=7528 TID=7428 Releasing the local reference to DISMLogger.  Stop logging. - CDISMProviderStore::Internal_DisconnectProvider
