
Memory 3547 MB
Executing on .\IEHome_WizInstaller.ini on Monday, March 27, 2017 at 12:37:52 PM for en_us

Creating IEHome http://www.bing.com?pc=HCTE in the RegFile C:\hp\HPQware\browser\Default\IE.reg
Creating IEHome http://hp17win10.msn.com/?pc=HCTE in the RegFile C:\hp\HPQWARE\browser\EN_US\IE.reg
Creating IEHome http://hp17win10.msn.com/?pc=HCTE in the RegFile C:\hp\HPQWARE\browser\ES_US\IE.reg
Creating IEHome http://hp17win10.msn.com/?pc=HCTE in the RegFile C:\hp\HPQWARE\browser\EN_GB\IE.reg
Creating IEHome http://hp17win10.msn.com/?pc=HCTE in the RegFile C:\hp\HPQWARE\browser\EN_PK\IE.reg
Creating IEHome http://hp17win10.msn.com/?pc=HCTE in the RegFile C:\hp\HPQWARE\browser\FR_FR\IE.reg
Creating IEHome http://hp17win10.msn.com/?pc=HCTE in the RegFile C:\hp\HPQWARE\browser\DE_DE\IE.reg
Creating IEHome http://hp17win10.msn.com/?pc=HCTE in the RegFile C:\hp\HPQWARE\browser\DE_AT\IE.reg
Creating IEHome http://hp17win10.msn.com/?pc=HCTE in the RegFile C:\hp\HPQWARE\browser\NL_BE\IE.reg
Creating IEHome http://hp17win10.msn.com/?pc=HCTE in the RegFile C:\hp\HPQWARE\browser\FR_BE\IE.reg
Creating IEHome http://hp17win10.msn.com/?pc=HCTE in the RegFile C:\hp\HPQWARE\browser\PT_BR\IE.reg
Creating IEHome http://hp17win10.msn.com/?pc=HCTE in the RegFile C:\hp\HPQWARE\browser\EN_CA\IE.reg
Creating IEHome http://hp17win10.msn.com/?pc=HCTE in the RegFile C:\hp\HPQWARE\browser\FR_CA\IE.reg
Creating IEHome http://hp17win10.msn.com/?pc=HCTE in the RegFile C:\hp\HPQWARE\browser\DA_DK\IE.reg
Creating IEHome http://hp17win10.msn.com/?pc=HCTE in the RegFile C:\hp\HPQWARE\browser\IT_IT\IE.reg
Creating IEHome http://hp17win10.msn.com/?pc=HCTE in the RegFile C:\hp\HPQWARE\browser\JA_JP\IE.reg
Creating IEHome http://hp17win10.msn.com/?pc=HCTE in the RegFile C:\hp\HPQWARE\browser\NL_NL\IE.reg
Creating IEHome http://hp17win10.msn.com/?pc=HCTE in the RegFile C:\hp\HPQWARE\browser\NB_NO\IE.reg
Creating IEHome http://hp17win10.msn.com/?pc=HCTE in the RegFile C:\hp\HPQWARE\browser\ES_ES\IE.reg
Creating IEHome http://hp17win10.msn.com/?pc=HCTE in the RegFile C:\hp\HPQWARE\browser\CA_ES\IE.reg
Creating IEHome http://hp17win10.msn.com/?pc=HCTE in the RegFile C:\hp\HPQWARE\browser\GL_ES\IE.reg
Creating IEHome http://hp17win10.msn.com/?pc=HCTE in the RegFile C:\hp\HPQWARE\browser\EU_ES\IE.reg
Creating IEHome http://hp17win10.msn.com/?pc=HCTE in the RegFile C:\hp\HPQWARE\browser\SV_SE\IE.reg
Creating IEHome http://hp17win10.msn.com/?pc=HCTE in the RegFile C:\hp\HPQWARE\browser\DE_CH\IE.reg
Creating IEHome http://hp17win10.msn.com/?pc=HCTE in the RegFile C:\hp\HPQWARE\browser\FR_CH\IE.reg
Creating IEHome http://hp17win10.msn.com/?pc=HCTE in the RegFile C:\hp\HPQWARE\browser\EN_AE\IE.reg
Creating IEHome http://hp17win10.msn.com/?pc=HCTE in the RegFile C:\hp\HPQWARE\browser\EN_IQ\IE.reg
Creating IEHome http://hp17win10.msn.com/?pc=HCTE in the RegFile C:\hp\HPQWARE\browser\EN_LY\IE.reg
Creating IEHome http://hp17win10.msn.com/?pc=HCTE in the RegFile C:\hp\HPQWARE\browser\EN_BH\IE.reg
Creating IEHome http://hp17win10.msn.com/?pc=HCTE in the RegFile C:\hp\HPQWARE\browser\EN_EG\IE.reg
Creating IEHome http://hp17win10.msn.com/?pc=HCTE in the RegFile C:\hp\HPQWARE\browser\EN_JO\IE.reg
Creating IEHome http://hp17win10.msn.com/?pc=HCTE in the RegFile C:\hp\HPQWARE\browser\EN_KW\IE.reg
Creating IEHome http://hp17win10.msn.com/?pc=HCTE in the RegFile C:\hp\HPQWARE\browser\EN_LB\IE.reg
Creating IEHome http://hp17win10.msn.com/?pc=HCTE in the RegFile C:\hp\HPQWARE\browser\EN_OM\IE.reg
Creating IEHome http://hp17win10.msn.com/?pc=HCTE in the RegFile C:\hp\HPQWARE\browser\EN_QA\IE.reg
Creating IEHome http://hp17win10.msn.com/?pc=HCTE in the RegFile C:\hp\HPQWARE\browser\EN_SA\IE.reg
Creating IEHome http://hp17win10.msn.com/?pc=HCTE in the RegFile C:\hp\HPQWARE\browser\EN_YE\IE.reg
Creating IEHome http://hp17win10.msn.com/?pc=HCTE in the RegFile C:\hp\HPQWARE\browser\AR_AE\IE.reg
Creating IEHome http://hp17win10.msn.com/?pc=HCTE in the RegFile C:\hp\HPQWARE\browser\AR_IQ\IE.reg
Creating IEHome http://hp17win10.msn.com/?pc=HCTE in the RegFile C:\hp\HPQWARE\browser\AR_BH\IE.reg
Creating IEHome http://hp17win10.msn.com/?pc=HCTE in the RegFile C:\hp\HPQWARE\browser\AR_EG\IE.reg
Creating IEHome http://hp17win10.msn.com/?pc=HCTE in the RegFile C:\hp\HPQWARE\browser\AR_JO\IE.reg
Creating IEHome http://hp17win10.msn.com/?pc=HCTE in the RegFile C:\hp\HPQWARE\browser\AR_KW\IE.reg
Creating IEHome http://hp17win10.msn.com/?pc=HCTE in the RegFile C:\hp\HPQWARE\browser\AR_LB\IE.reg
Creating IEHome http://hp17win10.msn.com/?pc=HCTE in the RegFile C:\hp\HPQWARE\browser\AR_OM\IE.reg
Creating IEHome http://hp17win10.msn.com/?pc=HCTE in the RegFile C:\hp\HPQWARE\browser\AR_QA\IE.reg
Creating IEHome http://hp17win10.msn.com/?pc=HCTE in the RegFile C:\hp\HPQWARE\browser\AR_SA\IE.reg
Creating IEHome http://hp17win10.msn.com/?pc=HCTE in the RegFile C:\hp\HPQWARE\browser\AR_YE\IE.reg
Creating IEHome http://hp17win10.msn.com/?pc=HCTE in the RegFile C:\hp\HPQWARE\browser\EN_AU\IE.reg
Creating IEHome http://hp17win10.msn.com/?pc=HCTE in the RegFile C:\hp\HPQWARE\browser\EN_NZ\IE.reg
Creating IEHome http://hp17win10.msn.com/?pc=HCTE in the RegFile C:\hp\HPQWARE\browser\ZH_CN\IE.reg
Creating IEHome http://hp17win10.msn.com/?pc=HCTE in the RegFile C:\hp\HPQWARE\browser\ES_MX\IE.reg
Creating IEHome http://hp17win10.msn.com/?pc=HCTE in the RegFile C:\hp\HPQWARE\browser\FR_TN\IE.reg
Creating IEHome http://hp17win10.msn.com/?pc=HCTE in the RegFile C:\hp\HPQWARE\browser\FR_LY\IE.reg
Creating IEHome http://hp17win10.msn.com/?pc=HCTE in the RegFile C:\hp\HPQWARE\browser\FR_MA\IE.reg
Creating IEHome http://hp17win10.msn.com/?pc=HCTE in the RegFile C:\hp\HPQWARE\browser\FR_DZ\IE.reg
Creating IEHome http://hp17win10.msn.com/?pc=HCTE in the RegFile C:\hp\HPQWARE\browser\FR_NE\IE.reg
Creating IEHome http://hp17win10.msn.com/?pc=HCTE in the RegFile C:\hp\HPQWARE\browser\AR_TN\IE.reg
Creating IEHome http://hp17win10.msn.com/?pc=HCTE in the RegFile C:\hp\HPQWARE\browser\AR_LY\IE.reg
Creating IEHome http://hp17win10.msn.com/?pc=HCTE in the RegFile C:\hp\HPQWARE\browser\AR_MA\IE.reg
Creating IEHome http://hp17win10.msn.com/?pc=HCTE in the RegFile C:\hp\HPQWARE\browser\AR_DZ\IE.reg
Creating IEHome http://hp17win10.msn.com/?pc=HCTE in the RegFile C:\hp\HPQWARE\browser\ES_AR\IE.reg
Creating IEHome http://hp17win10.msn.com/?pc=HCTE in the RegFile C:\hp\HPQWARE\browser\ES_CL\IE.reg
Creating IEHome http://hp17win10.msn.com/?pc=HCTE in the RegFile C:\hp\HPQWARE\browser\ES_CO\IE.reg
Creating IEHome http://hp17win10.msn.com/?pc=HCTE in the RegFile C:\hp\HPQWARE\browser\ES_CR\IE.reg
Creating IEHome http://hp17win10.msn.com/?pc=HCTE in the RegFile C:\hp\HPQWARE\browser\FI_FI\IE.reg
Creating IEHome http://hp17win10.msn.com/?pc=HCTE in the RegFile C:\hp\HPQWARE\browser\HU_HU\IE.reg
Creating IEHome http://hp17win10.msn.com/?pc=HCTE in the RegFile C:\hp\HPQWARE\browser\EL_GR\IE.reg
Creating IEHome http://hp17win10.msn.com/?pc=HCTE in the RegFile C:\hp\HPQWARE\browser\ZH_HK\IE.reg
Creating IEHome http://hp17win10.msn.com/?pc=HCTE in the RegFile C:\hp\HPQWARE\browser\EN_IN\IE.reg
Creating IEHome http://hp17win10.msn.com/?pc=HCTE in the RegFile C:\hp\HPQWARE\browser\EN_IE\IE.reg
Creating IEHome http://hp17win10.msn.com/?pc=HCTE in the RegFile C:\hp\HPQWARE\browser\EN_ID\IE.reg
Creating IEHome http://hp17win10.msn.com/?pc=HCTE in the RegFile C:\hp\HPQWARE\browser\HE_IL\IE.reg
Creating IEHome http://hp17win10.msn.com/?pc=HCTE in the RegFile C:\hp\HPQWARE\browser\KO_KR\IE.reg
Creating IEHome http://hp17win10.msn.com/?pc=HCTE in the RegFile C:\hp\HPQWARE\browser\EN_MY\IE.reg
Creating IEHome http://hp17win10.msn.com/?pc=HCTE in the RegFile C:\hp\HPQWARE\browser\EN_PH\IE.reg
Creating IEHome http://hp17win10.msn.com/?pc=HCTE in the RegFile C:\hp\HPQWARE\browser\ES_PE\IE.reg
Creating IEHome http://hp17win10.msn.com/?pc=HCTE in the RegFile C:\hp\HPQWARE\browser\PT_PT\IE.reg
Creating IEHome http://hp17win10.msn.com/?pc=HCTE in the RegFile C:\hp\HPQWARE\browser\RU_RU\IE.reg
Creating IEHome http://hp17win10.msn.com/?pc=HCTE in the RegFile C:\hp\HPQWARE\browser\EN_SG\IE.reg
Creating IEHome http://hp17win10.msn.com/?pc=HCTE in the RegFile C:\hp\HPQWARE\browser\ZH_SG\IE.reg
Creating IEHome http://hp17win10.msn.com/?pc=HCTE in the RegFile C:\hp\HPQWARE\browser\EN_ZA\IE.reg
Creating IEHome http://hp17win10.msn.com/?pc=HCTE in the RegFile C:\hp\HPQWARE\browser\ZH_TW\IE.reg
Creating IEHome http://hp17win10.msn.com/?pc=HCTE in the RegFile C:\hp\HPQWARE\browser\TH_TH\IE.reg
Creating IEHome http://hp17win10.msn.com/?pc=HCTE in the RegFile C:\hp\HPQWARE\browser\TR_TR\IE.reg
Creating IEHome http://hp17win10.msn.com/?pc=HCTE in the RegFile C:\hp\HPQWARE\browser\ES_VE\IE.reg
Creating IEHome http://hp17win10.msn.com/?pc=HCTE in the RegFile C:\hp\HPQWARE\browser\ES_BO\IE.reg
Creating IEHome http://hp17win10.msn.com/?pc=HCTE in the RegFile C:\hp\HPQWARE\browser\ES_DO\IE.reg
Creating IEHome http://hp17win10.msn.com/?pc=HCTE in the RegFile C:\hp\HPQWARE\browser\ES_EC\IE.reg
Creating IEHome http://hp17win10.msn.com/?pc=HCTE in the RegFile C:\hp\HPQWARE\browser\ES_GT\IE.reg
Creating IEHome http://hp17win10.msn.com/?pc=HCTE in the RegFile C:\hp\HPQWARE\browser\ES_HN\IE.reg
Creating IEHome http://hp17win10.msn.com/?pc=HCTE in the RegFile C:\hp\HPQWARE\browser\ES_NI\IE.reg
Creating IEHome http://hp17win10.msn.com/?pc=HCTE in the RegFile C:\hp\HPQWARE\browser\ES_PA\IE.reg
Creating IEHome http://hp17win10.msn.com/?pc=HCTE in the RegFile C:\hp\HPQWARE\browser\ES_PY\IE.reg
Creating IEHome http://hp17win10.msn.com/?pc=HCTE in the RegFile C:\hp\HPQWARE\browser\ES_SV\IE.reg
Creating IEHome http://hp17win10.msn.com/?pc=HCTE in the RegFile C:\hp\HPQWARE\browser\ES_UY\IE.reg
Creating IEHome http://hp17win10.msn.com/?pc=HCTE in the RegFile C:\hp\HPQWARE\browser\ES_AN\IE.reg
Creating IEHome http://hp17win10.msn.com/?pc=HCTE in the RegFile C:\hp\HPQWARE\browser\ES_AW\IE.reg
Creating IEHome http://hp17win10.msn.com/?pc=HCTE in the RegFile C:\hp\HPQWARE\browser\ES_GF\IE.reg
Creating IEHome http://hp17win10.msn.com/?pc=HCTE in the RegFile C:\hp\HPQWARE\browser\ES_GP\IE.reg
Creating IEHome http://hp17win10.msn.com/?pc=HCTE in the RegFile C:\hp\HPQWARE\browser\ES_HT\IE.reg
Creating IEHome http://hp17win10.msn.com/?pc=HCTE in the RegFile C:\hp\HPQWARE\browser\ES_MQ\IE.reg
Creating IEHome http://hp17win10.msn.com/?pc=HCTE in the RegFile C:\hp\HPQWARE\browser\ES_SR\IE.reg
Creating IEHome http://hp17win10.msn.com/?pc=HCTE in the RegFile C:\hp\HPQWARE\browser\PL_PL\IE.reg
Creating IEHome http://hp17win10.msn.com/?pc=HCTE in the RegFile C:\hp\HPQWARE\browser\EN_NG\IE.reg
Creating IEHome http://hp17win10.msn.com/?pc=HCTE in the RegFile C:\hp\HPQWARE\browser\EN_KE\IE.reg
Wizinstaller Instance ID	 : {D19BFA90-EF3F-4B94-AF12-CB42BD6830E2}
Init	 : 62
Action	 : 656
Uninit	 : 32
