[11:54:52.84] ["C:\system.sav\logs\PINPROC\CheckDMIINI.cmd.log"] will be logged into [C:\system.sav\Logs\PEProcess.log] as well... 
[11:54:53.85] ["C:\system.sav\logs\PINPROC\044_Get_WDT_CONFIG.cmd.log"] will be logged into [C:\system.sav\Logs\PEProcess.log] as well... 
[11:54:54.09] ["C:\system.sav\logs\PINPROC\045_CHK_OS_Deliv.cmd.log"] will be logged into [C:\system.sav\Logs\PEProcess.log] as well... 
[11:54:55.61] ["C:\system.sav\logs\PINPROC\050_INIT_for_GMPP.cmd.log"] will be logged into [C:\system.sav\Logs\PEProcess.log] as well... 
[11:54:55.80] ["C:\system.sav\logs\PINPROC\100_DATA_Get_Master_Info.cmd.log"] will be logged into [C:\system.sav\Logs\PEProcess.log] as well... 
[11:54:57.28] ["C:\system.sav\logs\PINPROC\110_CHK_CPQDL_DPS_Delivs.cmd.log"] will be logged into [C:\system.sav\Logs\PEProcess.log] as well... 
[11:55:01.04] ["C:\system.sav\logs\PINPROC\150_PROC_ML.cmd.log"] will be logged into [C:\system.sav\Logs\PEProcess.log] as well... 
[11:55:01.33] ["C:\system.sav\logs\PINPROC\200_DATA_Deliv_Size.cmd.log"] will be logged into [C:\system.sav\Logs\PEProcess.log] as well... 
[11:55:05.81] ["C:\system.sav\logs\PINPROC\250_CHK_BuildID_in_ML.cmd.log"] will be logged into [C:\system.sav\Logs\PEProcess.log] as well... 
[11:55:05.99] ["C:\system.sav\logs\PINPROC\ChkBIDFBP1.bat.log"] will be logged into [C:\system.sav\Logs\PEProcess.log] as well... 
[11:55:06.44] ["C:\system.sav\logs\PINPROC\300_PROC_DevMode.cmd.log"] will be logged into [C:\system.sav\Logs\PEProcess.log] as well... 
[11:55:06.97] ["C:\system.sav\logs\PINPROC\400_PROC_Clean_RelDoc.cmd.log"] will be logged into [C:\system.sav\Logs\PEProcess.log] as well... 
[11:55:07.27] ["C:\system.sav\logs\PINPROC\410_PROC_China_For_W81.cmd.log"] will be logged into [C:\system.sav\Logs\PEProcess.log] as well... 
[11:55:07.41] ["C:\system.sav\logs\PINPROC\411_PROC_China_For_W10.cmd.log"] will be logged into [C:\system.sav\Logs\PEProcess.log] as well... 
[11:55:07.56] ["C:\system.sav\logs\PINPROC\420_CHK_Num_of_OS_Deliv.cmd.log"] will be logged into [C:\system.sav\Logs\PEProcess.log] as well... 
[11:55:07.75] ["C:\system.sav\logs\PINPROC\430_PROC_Twk_4_SmallStorage.cmd.log"] will be logged into [C:\system.sav\Logs\PEProcess.log] as well... 
[11:55:07.92] ["C:\system.sav\logs\PINPROC\430_PROC_Twk_4_SmallStorage2.cmd.log"] will be logged into [C:\system.sav\Logs\PEProcess.log] as well... 
[11:55:08.14] ["C:\system.sav\logs\PINPROC\440_PROC_Twk_By_Owner.cmd.log"] will be logged into [C:\system.sav\Logs\PEProcess.log] as well... 
[11:55:20.63] ["C:\system.sav\logs\PINPROC\450_PROC_Check_Clean.cmd.log"] will be logged into [C:\system.sav\Logs\PEProcess.log] as well... 
[11:55:20.88] ["C:\system.sav\logs\PINPROC\451_PROC_CleanImage.cmd.log"] will be logged into [C:\system.sav\Logs\PEProcess.log] as well... 
[11:55:21.07] ["C:\system.sav\logs\PINPROC\500_DT_pre_filter.cmd.log"] will be logged into [C:\system.sav\Logs\PEProcess.log] as well... 
[11:55:21.19] ["C:\system.sav\logs\PINPROC\550_PROC_MSSign.cmd.log"] will be logged into [C:\system.sav\Logs\PEProcess.log] as well... 
[11:55:25.08] ["C:\system.sav\logs\PINPROC\570_PROC_Filter_OptCode.cmd.log"] will be logged into [C:\system.sav\Logs\PEProcess.log] as well... 
[11:55:39.43] ["C:\system.sav\logs\PINPROC\580_PROC_FilterDriver_by_CPU.cmd.log"] will be logged into [C:\system.sav\Logs\PEProcess.log] as well... 
[11:55:39.96] ["C:\system.sav\logs\PINPROC\600_PROC_Generate_InfoBOM.cmd.log"] will be logged into [C:\system.sav\Logs\PEProcess.log] as well... 
[11:55:51.62] ["C:\system.sav\logs\PINPROC\610_PROC_Copy_DPS_File.cmd.log"] will be logged into [C:\system.sav\Logs\PEProcess.log] as well... 
[11:55:51.81] ["C:\system.sav\logs\PINPROC\700_PROC_Prepare_PASS2_Deliv.cmd.log"] will be logged into [C:\system.sav\Logs\PEProcess.log] as well... 
[11:55:55.81] ["C:\system.sav\logs\PINPROC\800_PROC_Move_SelectBlk.cmd.log"] will be logged into [C:\system.sav\Logs\PEProcess.log] as well... 
[11:57:35.12] ["C:\system.sav\logs\PINPROC\0_ChkFB.cmd.log"] will be logged into [C:\system.sav\Logs\PEProcess.log] as well... 
[11:57:35.30] ["C:\system.sav\logs\PINPROC\0_GMMode.cmd.log"] will be logged into [C:\system.sav\Logs\PEProcess.log] as well... 
[11:57:35.56] ["C:\system.sav\logs\PINPROC\Cleanup.cmd.log"] will be logged into [C:\system.sav\Logs\PEProcess.log] as well... 
[11:57:35.77] ["C:\system.sav\logs\PINPROC\CopyFBI.cmd.log"] will be logged into [C:\system.sav\Logs\PEProcess.log] as well... 
[11:57:36.05] ["C:\system.sav\logs\PINPROC\CopyPINAddOn.cmd.log"] will be logged into [C:\system.sav\Logs\PEProcess.log] as well... 
[11:57:36.48] ["C:\system.sav\logs\PINPROC\CustomINI.cmd.log"] will be logged into [C:\system.sav\Logs\PEProcess.log] as well... 
[11:57:37.04] ["C:\system.sav\logs\PINPROC\DATACOLL.cmd.log"] will be logged into [C:\system.sav\Logs\PEProcess.log] as well... 
[11:57:37.21] ["C:\system.sav\logs\PINPROC\DetHALPIN0.cmd.log"] will be logged into [C:\system.sav\Logs\PEProcess.log] as well... 
[11:57:37.54] ["C:\system.sav\logs\\DetHALPIN3.cmd.log"] will be logged into [C:\system.sav\Logs\PEProcess.log] as well... 
[11:57:38.21] ["C:\system.sav\logs\PINPROC\EnableUSBDbg.cmd.log"] will be logged into [C:\system.sav\Logs\PEProcess.log] as well... 
[11:57:38.34] ["C:\system.sav\logs\PINPROC\GetATFPMName.cmd.log"] will be logged into [C:\system.sav\Logs\PEProcess.log] as well... 
[11:57:38.54] ["C:\system.sav\logs\PINPROC\GetMLPre.cmd.log"] will be logged into [C:\system.sav\Logs\PEProcess.log] as well... 
[11:57:38.76] ["C:\system.sav\logs\PINPROC\GetN_CRM.cmd.log"] will be logged into [C:\system.sav\Logs\PEProcess.log] as well... 
[11:57:38.99] ["C:\system.sav\logs\PINPROC\GetOPTCODE.cmd.log"] will be logged into [C:\system.sav\Logs\PEProcess.log] as well... 
[11:57:39.21] ["C:\system.sav\logs\PINPROC\GetWPOffset.cmd.log"] will be logged into [C:\system.sav\Logs\PEProcess.log] as well... 
[11:57:39.60] ["C:\system.sav\logs\PINPROC\RMROOTML.cmd.log"] will be logged into [C:\system.sav\Logs\PEProcess.log] as well... 
[11:57:39.77] ["C:\system.sav\logs\PINPROC\SkipTOut.cmd.log"] will be logged into [C:\system.sav\Logs\PEProcess.log] as well... 
[11:57:39.97] ["C:\system.sav\logs\PINPROC\ZBackup.cmd.log"] will be logged into [C:\system.sav\Logs\PEProcess.log] as well... 
[11:57:40.13] ["C:\system.sav\logs\PINPROC\ZCleanImageList.cmd.log"] will be logged into [C:\system.sav\Logs\PEProcess.log] as well... 
[11:57:40.30] ["C:\system.sav\logs\PINPROC\ZCopyDskStyleScr.cmd.log"] will be logged into [C:\system.sav\Logs\PEProcess.log] as well... 
[11:58:44.34] ["C:\system.sav\logs\PINPROC\CreateNOSDV.cmd.log"] will be logged into [C:\system.sav\logs\PINPROC\UNBUNDLE_COMMON.log] as well... 
[11:58:48.15] ["C:\system.sav\logs\PINPROC\ExtendMSCU.cmd.log"] will be logged into [C:\system.sav\logs\PINPROC\UNBUNDLE_COMMON.log] as well... 
[12:00:00.60] ["C:\system.sav\logs\OSEnh\LP_FOD_Supp.cmd.log"] will be logged into [C:\system.sav\logs\PINPROC\UNBUNDLE_COMMON.log] as well... 
[12:00:59.79] ["C:\system.sav\logs\PINPROC\ChkMPM.cmd.log"] will be logged into [C:\system.sav\logs\PINPROC\UNBUNDLE_COMMON.log] as well... 
[12:01:08.39] ["C:\system.sav\logs\PINPROC\ClrBiosKey.cmd.log"] will be logged into [C:\system.sav\logs\PINPROC\UNBUNDLE_COMMON.log] as well... 
[12:02:03.98] ["C:\system.sav\logs\PINPROC\ChkBiosKey.cmd.log"] will be logged into [C:\system.sav\logs\PINPROC\UNBUNDLE_COMMON.log] as well... 
[12:02:29.56] ["C:\system.sav\logs\PINPROC\PF4WPE.cmd.log"] will be logged into [C:\system.sav\logs\PINPROC\UNBUNDLE_COMMON.log] as well... 
[12:02:38.92] ["C:\system.sav\logs\PINPROC\apply.cmd.log"] will be logged into [C:\system.sav\logs\PINPROC\UNBUNDLE_COMMON.log] as well... 
[12:06:17.66] ["C:\system.sav\logs\PINPROC\Find4QFEPreReq.cmd.log"] will be logged into [C:\system.sav\logs\PINPROC\UNBUNDLE_COMMON.log] as well... 
[12:06:34.62] ["C:\system.sav\logs\PINPROC\CreateESP.cmd.log"] will be logged into [C:\system.sav\logs\PINPROC\UNBUNDLE_COMMON.log] as well... 
[12:06:43.30] ["C:\system.sav\logs\PINPROC\InactiveSP.cmd.log"] will be logged into [C:\system.sav\logs\PINPROC\UNBUNDLE_COMMON.log] as well... 
[12:06:43.45] ["C:\system.sav\logs\PINPROC\InactiveSP.cmd.log"] will be logged into [C:\system.sav\logs\PINPROC\PASS1_PROC.log] as well... 
[12:06:55.59] ["C:\system.sav\logs\PINPROC\GetOSInfo.cmd.log"] will be logged into [C:\system.sav\logs\PINPROC\UNBUNDLE_COMMON.log] as well... 
[12:15:03.34] ["C:\system.sav\logs\PINPROC\DisableSR.cmd.log"] will be logged into [C:\system.sav\logs\PINPROC\UNBUNDLE_COMMON.log] as well... 
[12:15:09.54] ["C:\system.sav\logs\PINPROC\Find4QFE.cmd.log"] will be logged into [C:\system.sav\logs\PINPROC\UNBUNDLE_COMMON.log] as well... 
[12:22:56.52] ["C:\system.sav\logs\PINPROC\HOOKFBI.cmd.log"] will be logged into [C:\system.sav\logs\PINPROC\UNBUNDLE_COMMON.log] as well... 
[12:23:00.29] ["C:\system.sav\logs\PINPROC\ActiveSP.cmd.log"] will be logged into [C:\system.sav\logs\PINPROC\UNBUNDLE_COMMON.log] as well... 
[12:23:00.43] ["C:\system.sav\logs\PINPROC\ActiveSP.cmd.log"] will be logged into [C:\system.sav\logs\PINPROC\PASS1_PROC.log] as well... 
[12:28:29.15] ["C:\system.sav\logs\PINPROC\DelPF4WPE.cmd.log"] will be logged into [C:\system.sav\logs\PINPROC\UNBUNDLE_COMMON.log] as well... 
[12:30:24.04] ["C:\system.sav\logs\OSEnh\MS_StartAPP_Resource.cmd.log"] will be logged into [C:\system.sav\logs\PINPROC\UNBUNDLE_COMMON.log] as well... 
[13:57:59.82] ["C:\system.sav\logs\PINPROC\CheckFailureFlags.cmd.log"] will be logged into [C:\system.sav\logs\PINPROC\UNBUNDLE_COMMON.log] as well... 
[14:00:26.00] ["C:\system.sav\logs\PINPROC\InactiveSP.cmd.log"] will be logged into [C:\system.sav\logs\PINPROC\UNBUNDLE_COMMON.log] as well... 
[14:00:26.27] ["C:\system.sav\logs\PINPROC\InactiveSP.cmd.log"] will be logged into [C:\system.sav\logs\PINPROC\PASS1_PROC.log] as well... 
[14:01:34.37] ["C:\system.sav\logs\PINPROC\UHOOKFBI.cmd.log"] will be logged into [C:\system.sav\logs\PINPROC\UNBUNDLE_COMMON.log] as well... 
[14:02:11.43] ["C:\system.sav\logs\PINPROC\ChkError.cmd.log"] will be logged into [C:\system.sav\logs\PINPROC\UNBUNDLE_COMMON.log] as well... 
[14:02:16.02] [C:\system.sav\Logs\CheckLog\ChkErr_PASS1_Before_Capture_Index_2_and_3.log] will be logged into [C:\system.sav\logs\PINPROC\PASS1_PROC.log] as well... 
[14:12:17.22] ["C:\system.sav\logs\PINPROC\ChkIndex.cmd.log"] will be logged into [C:\system.sav\logs\PINPROC\UNBUNDLE_COMMON.log] as well... 
[14:12:17.72] ["C:\system.sav\logs\PINPROC\ChkError.cmd.log"] will be logged into [C:\system.sav\logs\PINPROC\UNBUNDLE_COMMON.log] as well... 
[14:12:22.49] [C:\system.sav\Logs\CheckLog\ChkErr_PASS1_1stGS_CHECK.log] will be logged into [C:\system.sav\logs\PINPROC\PASS1_PROC.log] as well... 
[14:12:24.46] ["C:\system.sav\logs\PINPROC\ListBTO.cmd.log"] will be logged into [C:\system.sav\logs\PINPROC\UNBUNDLE_COMMON.log] as well... 
[14:13:34.91] ["C:\system.sav\logs\PINPROC\CheckDMIINI.cmd.log"] will be logged into [C:\system.sav\Logs\PEProcess.log] as well... 
[14:13:36.06] ["C:\system.sav\logs\PINPROC\090_PROC_RCTO_Img.cmd.log"] will be logged into [C:\system.sav\Logs\PEProcess.log] as well... 
[14:13:36.22] ["C:\system.sav\logs\PINPROC\100_DATA_Get_Target_Info.cmd.log"] will be logged into [C:\system.sav\Logs\PEProcess.log] as well... 
[14:13:37.73] ["C:\system.sav\logs\PINPROC\110_PROC_BACKUP_P1_LOG.cmd.log"] will be logged into [C:\system.sav\Logs\PEProcess.log] as well... 
[14:13:37.93] ["C:\system.sav\logs\PINPROC\120_PROC_GET_PE_DRV_LTR.cmd.log"] will be logged into [C:\system.sav\Logs\PEProcess.log] as well... 
[14:13:38.15] ["C:\system.sav\logs\PINPROC\200_PROC_FIND_ORDER_PO.cmd.log"] will be logged into [C:\system.sav\Logs\PEProcess.log] as well... 
[14:13:38.48] ["C:\system.sav\logs\PINPROC\GetOrderPO.cmd.log"] will be logged into [C:\system.sav\Logs\PEProcess.log] as well... 
[14:13:39.53] ["C:\system.sav\logs\PINPROC\ChkSWPO.cmd.log"] will be logged into [C:\system.sav\Logs\PEProcess.log] as well... 
[14:13:40.03] ["C:\system.sav\logs\PINPROC\250_CHK_BuildID_in_ML.cmd.log"] will be logged into [C:\system.sav\Logs\PEProcess.log] as well... 
[14:13:40.22] ["C:\system.sav\logs\PINPROC\ChkBIDFBP2.cmd.log"] will be logged into [C:\system.sav\Logs\PEProcess.log] as well... 
[14:13:40.61] ["C:\system.sav\logs\PINPROC\400_PROC_Query_PnPID.cmd.log"] will be logged into [C:\system.sav\Logs\PEProcess.log] as well... 
[14:13:41.87] ["C:\system.sav\logs\PINPROC\500_PROC_Filter_PnPIDs.cmd.log"] will be logged into [C:\system.sav\Logs\PEProcess.log] as well... 
[14:13:43.11] ["C:\system.sav\logs\PINPROC\510_PROC_Filter_FBs.cmd.log"] will be logged into [C:\system.sav\Logs\PEProcess.log] as well... 
[14:13:44.25] ["C:\system.sav\logs\PINPROC\520_PROC_Filter_MIR.cmd.log"] will be logged into [C:\system.sav\Logs\PEProcess.log] as well... 
[14:13:44.43] ["C:\system.sav\logs\PINPROC\600_PROC_RCTO.cmd.log"] will be logged into [C:\system.sav\Logs\PEProcess.log] as well... 
[14:13:44.60] ["C:\system.sav\logs\PINPROC\800_PROC_Move_SelectBlk.cmd.log"] will be logged into [C:\system.sav\Logs\PEProcess.log] as well... 
[14:14:19.14] ["C:\system.sav\logs\PINPROC\0_ChkFB.cmd.log"] will be logged into [C:\system.sav\Logs\PEProcess.log] as well... 
[14:14:19.31] [c:\system.sav\Exclude\Logs\PINPROC\DATACOLL.log] will be logged into [C:\system.sav\Logs\PEProcess.log] as well... 
[14:14:24.02] ["C:\system.sav\logs\PINPROC\0_PnPID.cmd.log"] will be logged into [C:\system.sav\Logs\PEProcess.log] as well... 
[14:14:25.03] ["C:\system.sav\logs\PINPROC\ChkOA3.cmd.log"] will be logged into [C:\system.sav\Logs\PEProcess.log] as well... 
[14:14:25.48] ["C:\system.sav\logs\PINPROC\ChkPnP.cmd.log"] will be logged into [C:\system.sav\Logs\PEProcess.log] as well... 
[14:14:25.70] ["C:\system.sav\logs\PINPROC\ChkWPOffset.cmd.log"] will be logged into [C:\system.sav\Logs\PEProcess.log] as well... 
[14:14:26.14] ["C:\system.sav\logs\PINPROC\Cleanup.cmd.log"] will be logged into [C:\system.sav\Logs\PEProcess.log] as well... 
[14:14:26.36] [c:\system.sav\Exclude\Logs\PINPROC\ExtraTarget.cmd.log] will be logged into [C:\system.sav\Logs\PEProcess.log] as well... 
[14:14:28.09] ["C:\system.sav\logs\PINPROC\FBILog.cmd.log"] will be logged into [C:\system.sav\Logs\PEProcess.log] as well... 
[14:14:29.00] ["C:\system.sav\logs\PINPROC\PrepHWD.cmd.log"] will be logged into [C:\system.sav\Logs\PEProcess.log] as well... 
[14:14:29.41] ["C:\system.sav\logs\PINPROC\ZZClean.cmd.log"] will be logged into [C:\system.sav\Logs\PEProcess.log] as well... 
[14:14:54.65] ["C:\system.sav\logs\PINPROC\FU_FixUP.cmd.log"] will be logged into [C:\system.sav\logs\PINPROC\PASS2_PROC.log] as well... 
[14:14:54.83] ["C:\system.sav\logs\PINPROC\FU_FixUP.cmd.log"] will be logged into [C:\system.sav\logs\PINPROC\PASS2_PROC.log] as well... 
[14:15:05.34] ["C:\system.sav\logs\PINPROC\ChkMPM.cmd.log"] will be logged into [C:\system.sav\logs\PINPROC\UNBUNDLE_COMMON.log] as well... 
[14:15:14.52] ["C:\system.sav\logs\PINPROC\ClrBiosKey.cmd.log"] will be logged into [C:\system.sav\logs\PINPROC\UNBUNDLE_COMMON.log] as well... 
[14:15:19.45] ["C:\system.sav\logs\PINPROC\FormatDsk.cmd.log"] will be logged into [C:\system.sav\logs\PINPROC\UNBUNDLE_COMMON.log] as well... 
[14:15:30.55] ["C:\system.sav\logs\PINPROC\LoadBiosKey.cmd.log"] will be logged into [C:\system.sav\logs\PINPROC\UNBUNDLE_COMMON.log] as well... 
[14:15:42.32] ["C:\system.sav\logs\PINPROC\EnableSB.cmd.log"] will be logged into [C:\system.sav\logs\PINPROC\UNBUNDLE_COMMON.log] as well... 
[14:15:56.95] ["C:\system.sav\logs\PINPROC\CreateE.cmd.log"] will be logged into [C:\system.sav\logs\PINPROC\UNBUNDLE_COMMON.log] as well... 
[14:16:06.46] ["C:\system.sav\logs\PINPROC\InactiveSP.cmd.log"] will be logged into [C:\system.sav\logs\PINPROC\UNBUNDLE_COMMON.log] as well... 
[14:16:06.62] ["C:\system.sav\logs\PINPROC\InactiveSP.cmd.log"] will be logged into [C:\system.sav\logs\PINPROC\PASS2_PROC.log] as well... 
[14:16:15.59] ["C:\system.sav\logs\PINPROC\Partition.cmd.log"] will be logged into [C:\system.sav\logs\PINPROC\UNBUNDLE_COMMON.log] as well... 
[14:22:49.48] ["C:\system.sav\logs\PINPROC\PushbackBP.cmd.log"] will be logged into [C:\system.sav\logs\PINPROC\UNBUNDLE_COMMON.log] as well... 
[14:23:09.25] ["C:\system.sav\logs\PINPROC\SSRDTwks.cmd.log"] will be logged into [C:\system.sav\logs\PINPROC\UNBUNDLE_COMMON.log] as well... 
[14:23:12.58] ["C:\system.sav\logs\PINPROC\PF4WPE.cmd.log"] will be logged into [C:\system.sav\logs\PINPROC\UNBUNDLE_COMMON.log] as well... 
[14:23:15.89] ["C:\system.sav\logs\PINPROC\1SngleOS.cmd.log"] will be logged into [C:\system.sav\Logs\PINPROC\UpgOS.log] as well... 
[14:26:57.46] ["C:\system.sav\logs\PINPROC\SKUDef.cmd.log"] will be logged into [C:\system.sav\logs\PINPROC\UNBUNDLE_COMMON.log] as well... 
[14:27:15.50] ["C:\system.sav\logs\PINPROC\RSTPrep.cmd.log"] will be logged into [C:\system.sav\logs\PINPROC\UNBUNDLE_COMMON.log] as well... 
[14:27:40.33] ["C:\system.sav\logs\PINPROC\DeviceForm.cmd.log"] will be logged into [C:\system.sav\logs\PINPROC\UNBUNDLE_COMMON.log] as well... 
[14:27:44.26] ["C:\system.sav\logs\PINPROC\FFSPrep.cmd.log"] will be logged into [C:\system.sav\logs\PINPROC\UNBUNDLE_COMMON.log] as well... 
[14:27:55.20] ["C:\system.sav\logs\PINPROC\Find4QFE.cmd.log"] will be logged into [C:\system.sav\logs\PINPROC\UNBUNDLE_COMMON.log] as well... 
[14:28:10.99] ["C:\system.sav\logs\OSEnh\HPEULA_Alignment.cmd.log"] will be logged into [C:\system.sav\logs\PINPROC\UNBUNDLE_COMMON.log] as well... 
[14:28:19.68] ["C:\system.sav\logs\PINPROC\ChkError.cmd.log"] will be logged into [C:\system.sav\logs\PINPROC\UNBUNDLE_COMMON.log] as well... 
[14:28:24.45] ["C:\system.sav\logs\PINPROC\ResetLoc.cmd.log"] will be logged into [C:\system.sav\logs\PINPROC\UNBUNDLE_COMMON.log] as well... 
[14:28:30.39] ["C:\system.sav\logs\PINPROC\ActiveSP.cmd.log"] will be logged into [C:\system.sav\logs\PINPROC\UNBUNDLE_COMMON.log] as well... 
[14:28:30.53] ["C:\system.sav\logs\PINPROC\ActiveSP.cmd.log"] will be logged into [C:\system.sav\logs\PINPROC\PASS2_PROC.log] as well... 
[14:28:39.38] ["C:\system.sav\logs\PINPROC\DumpBCD.cmd.log"] will be logged into [C:\system.sav\logs\PINPROC\UNBUNDLE_COMMON.log] as well... 
[ 4:20:02.69] ["C:\system.sav\logs\PINPROC\DumpBCD.cmd.log"] will be logged into [C:\system.sav\logs\PINPROC\UNBUNDLE_COMMON.log] as well... 
[ 4:20:11.45] ["C:\system.sav\logs\PINPROC\ChkBiosKey.cmd.log"] will be logged into [C:\system.sav\logs\PINPROC\UNBUNDLE_COMMON.log] as well... 
[ 4:20:29.41] ["C:\system.sav\logs\PINPROC\DumpBCD.cmd.log"] will be logged into [C:\system.sav\logs\PINPROC\UNBUNDLE_COMMON.log] as well... 
[ 4:20:33.82] ["C:\system.sav\logs\PINPROC\DelPF4WPE.cmd.log"] will be logged into [C:\system.sav\logs\PINPROC\UNBUNDLE_COMMON.log] as well... 
[ 4:20:36.61] ["C:\system.sav\logs\PINPROC\ExtMSC.cmd.log"] will be logged into [C:\system.sav\logs\PINPROC\UNBUNDLE_COMMON.log] as well... 
[ 4:20:38.15] ["C:\system.sav\logs\PINPROC\PreBBV1Cln.cmd.log"] will be logged into [C:\system.sav\logs\PINPROC\UNBUNDLE_COMMON.log] as well... 
[ 4:31:40.80] ["C:\system.sav\logs\PINPROC\PreBBV2.cmd.log"] will be logged into [C:\system.sav\logs\PINPROC\UNBUNDLE_COMMON.log] as well... 
[ 4:31:42.41] ["C:\system.sav\logs\PINPROC\PreBBV2.cmd.log"] will be logged into [C:\system.sav\logs\PINPROC\PASS2_PROC.log] as well... 
[ 4:31:55.74] ["C:\system.sav\logs\PINPROC\ExtMSC.cmd.log"] will be logged into [C:\system.sav\logs\PINPROC\UNBUNDLE_COMMON.log] as well... 
[ 4:37:41.71] ["C:\system.sav\logs\PINPROC\OA3OptInfo.cmd.log"] will be logged into [C:\system.sav\logs\PINPROC\UNBUNDLE_COMMON.log] as well... 
[ 4:37:48.59] ["C:\system.sav\logs\PINPROC\UpdModel.cmd.log"] will be logged into [C:\system.sav\logs\PINPROC\UNBUNDLE_COMMON.log] as well... 
[ 4:37:54.91] ["C:\system.sav\logs\PINPROC\BBV2_EUE.cmd.log"] will be logged into [C:\system.sav\logs\PINPROC\UNBUNDLE_COMMON.log] as well... 
[ 4:45:59.12] ["C:\system.sav\logs\PINPROC\PostPININST_BBV.cmd.log"] will be logged into [C:\system.sav\logs\PINPROC\UNBUNDLE_COMMON.log] as well... 
[ 4:50:40.66] ["C:\system.sav\logs\PINPROC\ChkError.cmd.log"] will be logged into [C:\system.sav\logs\PINPROC\UNBUNDLE_COMMON.log] as well... 
[ 4:50:52.05] [C:\system.sav\Logs\CheckLog\ChkErr_PASS2_BBVClean.log] will be logged into [C:\system.sav\logs\PINPROC\PASS2_PROC.log] as well... 
[ 4:51:54.11] ["C:\system.sav\logs\PINPROC\defkey.cmd.log"] will be logged into [C:\system.sav\logs\PINPROC\UNBUNDLE_COMMON.log] as well... 
[ 4:52:53.40] ["C:\system.sav\logs\PINPROC\InactiveSP.cmd.log"] will be logged into [C:\system.sav\logs\PINPROC\UNBUNDLE_COMMON.log] as well... 
[ 4:52:53.83] ["C:\system.sav\logs\PINPROC\InactiveSP.cmd.log"] will be logged into [C:\system.sav\logs\PINPROC\PASS2_PROC.log] as well... 
[ 5:21:07.34] ["C:\system.sav\logs\PINPROC\UHOOKFBI.cmd.log"] will be logged into [C:\system.sav\logs\PINPROC\UNBUNDLE_COMMON.log] as well... 
[ 5:21:16.37] ["C:\system.sav\logs\PINPROC\CLNB42NDC.cmd.log"] will be logged into [C:\system.sav\logs\PINPROC\UNBUNDLE_COMMON.log] as well... 
[ 5:22:26.79] ["C:\system.sav\logs\PINPROC\ChkError.cmd.log"] will be logged into [C:\system.sav\logs\PINPROC\UNBUNDLE_COMMON.log] as well... 
[ 5:22:37.81] [C:\system.sav\Logs\CheckLog\ChkErr_PASS2_PRE_2NDCAP.log] will be logged into [C:\system.sav\logs\PINPROC\PASS2_PROC.log] as well... 
[ 5:23:00.54] ["C:\system.sav\logs\PINPROC\ActiveSP.cmd.log"] will be logged into [C:\system.sav\logs\PINPROC\UNBUNDLE_COMMON.log] as well... 
[ 5:23:00.75] ["C:\system.sav\logs\PINPROC\ActiveSP.cmd.log"] will be logged into [C:\system.sav\logs\PINPROC\PASS2_PROC.log] as well... 
[ 5:23:16.41] ["C:\system.sav\logs\PINPROC\DumpBCD.cmd.log"] will be logged into [C:\system.sav\logs\PINPROC\UNBUNDLE_COMMON.log] as well... 
[ 5:28:22.30] ["C:\system.sav\logs\PINPROC\OSGUID.cmd.log"] will be logged into [C:\system.sav\logs\PINPROC\UNBUNDLE_COMMON.log] as well... 
[ 5:31:24.89] ["C:\system.sav\logs\PINPROC\DisOSKonSTDNB.cmd.log"] will be logged into [C:\system.sav\logs\PINPROC\UNBUNDLE_COMMON.log] as well... 
[ 5:31:48.05] ["C:\system.sav\logs\PINPROC\DumpCBCD.cmd.log"] will be logged into [C:\system.sav\logs\PINPROC\UNBUNDLE_COMMON.log] as well... 
[ 5:31:54.13] ["C:\system.sav\logs\PINPROC\SetTo0.cmd.log"] will be logged into [C:\system.sav\logs\PINPROC\UNBUNDLE_COMMON.log] as well... 
[ 5:32:04.62] ["C:\system.sav\logs\PINPROC\OA3Proc.cmd.log"] will be logged into [C:\system.sav\logs\PINPROC\UNBUNDLE_COMMON.log] as well... 
[ 5:34:00.57] ["C:\system.sav\logs\PINPROC\InactiveSP.cmd.log"] will be logged into [C:\System.sav\Logs\OA3RPT.log] as well... 
[ 5:34:00.94] ["C:\system.sav\logs\PINPROC\InactiveSP.cmd.log"] will be logged into [C:\System.sav\Logs\OA3RPT.log] as well... 
[ 5:34:49.63] ["C:\system.sav\logs\PINPROC\Logout.cmd.log"] will be logged into [C:\system.sav\logs\PINPROC\UNBUNDLE_COMMON.log] as well... 
[ 5:34:50.96] ["C:\system.sav\logs\PINPROC\Logout.cmd.log"] will be logged into [C:\system.sav\logs\PINPROC\UNBUNDLE_COMMON.log] as well... 
[ 5:35:08.44] ["C:\system.sav\logs\PINPROC\Logout.cmd.log"] will be logged into [C:\system.sav\logs\PINPROC\UNBUNDLE_COMMON.log] as well... 
[ 5:35:25.36] ["C:\system.sav\logs\PINPROC\Logout.cmd.log"] will be logged into [C:\system.sav\logs\PINPROC\UNBUNDLE_COMMON.log] as well... 
[ 5:35:35.50] [C:\system.sav\Logs\CheckLog\ChkErr_PASS3_LOGOUT.log] will be logged into [C:\system.sav\logs\PINPROC\PASS3_PROC.log] as well... 
[ 5:35:40.28] ["C:\system.sav\logs\PINPROC\Logout.cmd.log"] will be logged into [C:\system.sav\logs\PINPROC\UNBUNDLE_COMMON.log] as well... 
[ 5:35:40.50] ["C:\system.sav\logs\PINPROC\Logout.cmd.log"] will be logged into [C:\system.sav\logs\PINPROC\PASS3_PROC.log] as well... 
[ 5:35:43.80] ["C:\system.sav\logs\PINPROC\Logout.cmd.log"] will be logged into [C:\system.sav\logs\PINPROC\UNBUNDLE_COMMON.log] as well... 
[ 5:35:48.22] ["C:\system.sav\logs\PINPROC\Logout.cmd.log"] will be logged into [C:\system.sav\logs\PINPROC\UNBUNDLE_COMMON.log] as well... 
[ 5:35:48.97] ["C:\system.sav\logs\PINPROC\Logout.cmd.log"] will be logged into [C:\system.sav\logs\PINPROC\UNBUNDLE_COMMON.log] as well... 
[ 5:35:49.00] ["C:\system.sav\logs\PINPROC\Logout.cmd.log"] will be logged into [C:\system.sav\logs\PINPROC\UNBUNDLE_COMMON.log] as well... 
