
Firmware Boot Manager
---------------------
identifier              {fwbootmgr}
displayorder            {f5661e32-133a-11e7-9176-705a0f8492be}
                        {f5661e2d-133a-11e7-9176-705a0f8492be}
                        {f5661e2e-133a-11e7-9176-705a0f8492be}
timeout                 0

Windows Boot Manager
--------------------
identifier              {bootmgr}
device                  partition=S:
path                    \EFI\Microsoft\Boot\bootmgfw.efi
description             Windows Boot Manager
locale                  en-US
inherit                 {globalsettings}
default                 {default}
resumeobject            {f5661e2b-133a-11e7-9176-705a0f8492be}
displayorder            {default}
                        {f5661e2c-133a-11e7-9176-705a0f8492be}
toolsdisplayorder       {memdiag}
timeout                 2

Firmware Application (101fffff)
-------------------------------
identifier              {f5661e2d-133a-11e7-9176-705a0f8492be}
description             USB Drive (UEFI)

Firmware Application (101fffff)
-------------------------------
identifier              {f5661e2e-133a-11e7-9176-705a0f8492be}
description             Internal CD/DVD ROM Drive (UEFI)

Firmware Application (101fffff)
-------------------------------
identifier              {f5661e2f-133a-11e7-9176-705a0f8492be}
description             Internal Hard Disk or Solid State Disk

Firmware Application (101fffff)
-------------------------------
identifier              {f5661e30-133a-11e7-9176-705a0f8492be}
description             Internal Hard Disk or Solid State Disk

Firmware Application (101fffff)
-------------------------------
identifier              {f5661e31-133a-11e7-9176-705a0f8492be}
description             Internal Hard Disk or Solid State Disk

Firmware Application (101fffff)
-------------------------------
identifier              {f5661e32-133a-11e7-9176-705a0f8492be}
description             Internal Hard Disk or Solid State Disk

Firmware Application (101fffff)
-------------------------------
identifier              {f5661e33-133a-11e7-9176-705a0f8492be}
description             Internal Hard Disk or Solid State Disk

Firmware Application (101fffff)
-------------------------------
identifier              {f5661e34-133a-11e7-9176-705a0f8492be}
description             Internal Hard Disk or Solid State Disk

Firmware Application (101fffff)
-------------------------------
identifier              {f5661e35-133a-11e7-9176-705a0f8492be}
description             Internal Hard Disk or Solid State Disk

Firmware Application (101fffff)
-------------------------------
identifier              {f5661e36-133a-11e7-9176-705a0f8492be}
description             Internal Hard Disk or Solid State Disk

Firmware Application (101fffff)
-------------------------------
identifier              {f5661e37-133a-11e7-9176-705a0f8492be}
description             Internal Hard Disk or Solid State Disk

Firmware Application (101fffff)
-------------------------------
identifier              {f5661e38-133a-11e7-9176-705a0f8492be}
description             Internal Hard Disk or Solid State Disk

Firmware Application (101fffff)
-------------------------------
identifier              {f5661e39-133a-11e7-9176-705a0f8492be}
description             Internal Hard Disk or Solid State Disk

Firmware Application (101fffff)
-------------------------------
identifier              {f5661e3a-133a-11e7-9176-705a0f8492be}
description             Internal Hard Disk or Solid State Disk

Firmware Application (101fffff)
-------------------------------
identifier              {f5661e3b-133a-11e7-9176-705a0f8492be}
description             Internal Hard Disk or Solid State Disk

Firmware Application (101fffff)
-------------------------------
identifier              {f5661e3c-133a-11e7-9176-705a0f8492be}
description             Internal Hard Disk or Solid State Disk

Firmware Application (101fffff)
-------------------------------
identifier              {f5661e3d-133a-11e7-9176-705a0f8492be}
description             Internal Hard Disk or Solid State Disk

Firmware Application (101fffff)
-------------------------------
identifier              {f5661e3e-133a-11e7-9176-705a0f8492be}
description             Internal Hard Disk or Solid State Disk

Firmware Application (101fffff)
-------------------------------
identifier              {f5661e3f-133a-11e7-9176-705a0f8492be}
description             Internal Hard Disk or Solid State Disk

Firmware Application (101fffff)
-------------------------------
identifier              {f5661e40-133a-11e7-9176-705a0f8492be}
description             Internal Hard Disk or Solid State Disk

Firmware Application (101fffff)
-------------------------------
identifier              {f5661e41-133a-11e7-9176-705a0f8492be}
description             Internal Hard Disk or Solid State Disk

Firmware Application (101fffff)
-------------------------------
identifier              {f5661e42-133a-11e7-9176-705a0f8492be}
description             Internal Hard Disk or Solid State Disk

Firmware Application (101fffff)
-------------------------------
identifier              {f5661e43-133a-11e7-9176-705a0f8492be}
description             Internal Hard Disk or Solid State Disk

Firmware Application (101fffff)
-------------------------------
identifier              {f5661e44-133a-11e7-9176-705a0f8492be}
description             Internal Hard Disk or Solid State Disk

Firmware Application (101fffff)
-------------------------------
identifier              {f5661e45-133a-11e7-9176-705a0f8492be}
description             Internal Hard Disk or Solid State Disk

Firmware Application (101fffff)
-------------------------------
identifier              {f5661e46-133a-11e7-9176-705a0f8492be}
description             Internal Hard Disk or Solid State Disk

Firmware Application (101fffff)
-------------------------------
identifier              {f5661e47-133a-11e7-9176-705a0f8492be}
description             Internal Hard Disk or Solid State Disk

Firmware Application (101fffff)
-------------------------------
identifier              {f5661e48-133a-11e7-9176-705a0f8492be}
description             Internal Hard Disk or Solid State Disk

Firmware Application (101fffff)
-------------------------------
identifier              {f5661e49-133a-11e7-9176-705a0f8492be}
description             Internal Hard Disk or Solid State Disk

Firmware Application (101fffff)
-------------------------------
identifier              {f5661e4a-133a-11e7-9176-705a0f8492be}
description             Internal Hard Disk or Solid State Disk

Firmware Application (101fffff)
-------------------------------
identifier              {f5661e4b-133a-11e7-9176-705a0f8492be}
description             Internal Hard Disk or Solid State Disk

Firmware Application (101fffff)
-------------------------------
identifier              {f5661e4c-133a-11e7-9176-705a0f8492be}
description             Internal Hard Disk or Solid State Disk

Firmware Application (101fffff)
-------------------------------
identifier              {f5661e4d-133a-11e7-9176-705a0f8492be}
description             Internal Hard Disk or Solid State Disk

Firmware Application (101fffff)
-------------------------------
identifier              {f5661e4e-133a-11e7-9176-705a0f8492be}
description             Internal Hard Disk or Solid State Disk

Firmware Application (101fffff)
-------------------------------
identifier              {f5661e4f-133a-11e7-9176-705a0f8492be}
description             Internal Hard Disk or Solid State Disk

Firmware Application (101fffff)
-------------------------------
identifier              {f5661e50-133a-11e7-9176-705a0f8492be}
description             Internal Hard Disk or Solid State Disk

Firmware Application (101fffff)
-------------------------------
identifier              {f5661e51-133a-11e7-9176-705a0f8492be}
description             Internal Hard Disk or Solid State Disk

Firmware Application (101fffff)
-------------------------------
identifier              {f5661e52-133a-11e7-9176-705a0f8492be}
description             Internal Hard Disk or Solid State Disk

Firmware Application (101fffff)
-------------------------------
identifier              {f5661e53-133a-11e7-9176-705a0f8492be}
description             Internal Hard Disk or Solid State Disk

Firmware Application (101fffff)
-------------------------------
identifier              {f5661e54-133a-11e7-9176-705a0f8492be}
description             Internal Hard Disk or Solid State Disk

Firmware Application (101fffff)
-------------------------------
identifier              {f5661e55-133a-11e7-9176-705a0f8492be}
description             Internal Hard Disk or Solid State Disk

Firmware Application (101fffff)
-------------------------------
identifier              {f5661e56-133a-11e7-9176-705a0f8492be}
description             Internal Hard Disk or Solid State Disk

Firmware Application (101fffff)
-------------------------------
identifier              {f5661e57-133a-11e7-9176-705a0f8492be}
description             Internal Hard Disk or Solid State Disk

Firmware Application (101fffff)
-------------------------------
identifier              {f5661e58-133a-11e7-9176-705a0f8492be}
description             Internal Hard Disk or Solid State Disk

Firmware Application (101fffff)
-------------------------------
identifier              {f5661e59-133a-11e7-9176-705a0f8492be}
description             Internal Hard Disk or Solid State Disk

Firmware Application (101fffff)
-------------------------------
identifier              {f5661e5a-133a-11e7-9176-705a0f8492be}
description             Internal Hard Disk or Solid State Disk

Firmware Application (101fffff)
-------------------------------
identifier              {f5661e5b-133a-11e7-9176-705a0f8492be}
description             Internal Hard Disk or Solid State Disk

Firmware Application (101fffff)
-------------------------------
identifier              {f5661e5c-133a-11e7-9176-705a0f8492be}
description             Internal Hard Disk or Solid State Disk

Firmware Application (101fffff)
-------------------------------
identifier              {f5661e5d-133a-11e7-9176-705a0f8492be}
description             Internal Hard Disk or Solid State Disk

Firmware Application (101fffff)
-------------------------------
identifier              {f5661e5e-133a-11e7-9176-705a0f8492be}
description             Internal Hard Disk or Solid State Disk

Firmware Application (101fffff)
-------------------------------
identifier              {f5661e5f-133a-11e7-9176-705a0f8492be}
description             Internal Hard Disk or Solid State Disk

Firmware Application (101fffff)
-------------------------------
identifier              {f5661e60-133a-11e7-9176-705a0f8492be}
description             Internal Hard Disk or Solid State Disk

Firmware Application (101fffff)
-------------------------------
identifier              {f5661e61-133a-11e7-9176-705a0f8492be}
description             Internal Hard Disk or Solid State Disk

Firmware Application (101fffff)
-------------------------------
identifier              {f5661e62-133a-11e7-9176-705a0f8492be}
description             Internal Hard Disk or Solid State Disk

Firmware Application (101fffff)
-------------------------------
identifier              {f5661e63-133a-11e7-9176-705a0f8492be}
description             Internal Hard Disk or Solid State Disk

Firmware Application (101fffff)
-------------------------------
identifier              {f5661e64-133a-11e7-9176-705a0f8492be}
description             Internal Hard Disk or Solid State Disk

Firmware Application (101fffff)
-------------------------------
identifier              {f5661e65-133a-11e7-9176-705a0f8492be}
description             Internal Hard Disk or Solid State Disk

Firmware Application (101fffff)
-------------------------------
identifier              {f5661e66-133a-11e7-9176-705a0f8492be}
description             Internal Hard Disk or Solid State Disk

Firmware Application (101fffff)
-------------------------------
identifier              {f5661e67-133a-11e7-9176-705a0f8492be}
description             Internal Hard Disk or Solid State Disk

Firmware Application (101fffff)
-------------------------------
identifier              {f5661e68-133a-11e7-9176-705a0f8492be}
description             Internal Hard Disk or Solid State Disk

Firmware Application (101fffff)
-------------------------------
identifier              {f5661e69-133a-11e7-9176-705a0f8492be}
description             Internal Hard Disk or Solid State Disk

Firmware Application (101fffff)
-------------------------------
identifier              {f5661e6a-133a-11e7-9176-705a0f8492be}
description             Internal Hard Disk or Solid State Disk

Firmware Application (101fffff)
-------------------------------
identifier              {f5661e6b-133a-11e7-9176-705a0f8492be}
description             Internal Hard Disk or Solid State Disk

Firmware Application (101fffff)
-------------------------------
identifier              {f5661e6c-133a-11e7-9176-705a0f8492be}
description             Internal Hard Disk or Solid State Disk

Firmware Application (101fffff)
-------------------------------
identifier              {f5661e6d-133a-11e7-9176-705a0f8492be}
description             Internal Hard Disk or Solid State Disk

Firmware Application (101fffff)
-------------------------------
identifier              {f5661e6e-133a-11e7-9176-705a0f8492be}
description             Internal Hard Disk or Solid State Disk

Firmware Application (101fffff)
-------------------------------
identifier              {f5661e6f-133a-11e7-9176-705a0f8492be}
description             Internal Hard Disk or Solid State Disk

Firmware Application (101fffff)
-------------------------------
identifier              {f5661e70-133a-11e7-9176-705a0f8492be}
description             Internal Hard Disk or Solid State Disk

Firmware Application (101fffff)
-------------------------------
identifier              {f5661e71-133a-11e7-9176-705a0f8492be}
description             Internal Hard Disk or Solid State Disk

Firmware Application (101fffff)
-------------------------------
identifier              {f5661e72-133a-11e7-9176-705a0f8492be}
description             Internal Hard Disk or Solid State Disk

Firmware Application (101fffff)
-------------------------------
identifier              {f5661e73-133a-11e7-9176-705a0f8492be}
description             Internal Hard Disk or Solid State Disk

Firmware Application (101fffff)
-------------------------------
identifier              {f5661e74-133a-11e7-9176-705a0f8492be}
description             Internal Hard Disk or Solid State Disk

Firmware Application (101fffff)
-------------------------------
identifier              {f5661e75-133a-11e7-9176-705a0f8492be}
description             Internal Hard Disk or Solid State Disk

Firmware Application (101fffff)
-------------------------------
identifier              {f5661e76-133a-11e7-9176-705a0f8492be}
description             Internal Hard Disk or Solid State Disk

Firmware Application (101fffff)
-------------------------------
identifier              {f5661e77-133a-11e7-9176-705a0f8492be}
description             Internal Hard Disk or Solid State Disk

Firmware Application (101fffff)
-------------------------------
identifier              {f5661e78-133a-11e7-9176-705a0f8492be}
description             Internal Hard Disk or Solid State Disk

Firmware Application (101fffff)
-------------------------------
identifier              {f5661e79-133a-11e7-9176-705a0f8492be}
description             Internal Hard Disk or Solid State Disk

Firmware Application (101fffff)
-------------------------------
identifier              {f5661e7a-133a-11e7-9176-705a0f8492be}
description             Internal Hard Disk or Solid State Disk

Firmware Application (101fffff)
-------------------------------
identifier              {f5661e7b-133a-11e7-9176-705a0f8492be}
description             Internal Hard Disk or Solid State Disk

Firmware Application (101fffff)
-------------------------------
identifier              {f5661e7c-133a-11e7-9176-705a0f8492be}
description             Internal Hard Disk or Solid State Disk

Firmware Application (101fffff)
-------------------------------
identifier              {f5661e7d-133a-11e7-9176-705a0f8492be}
description             Internal Hard Disk or Solid State Disk

Firmware Application (101fffff)
-------------------------------
identifier              {f5661e7e-133a-11e7-9176-705a0f8492be}
description             Internal Hard Disk or Solid State Disk

Firmware Application (101fffff)
-------------------------------
identifier              {f5661e7f-133a-11e7-9176-705a0f8492be}
description             Internal Hard Disk or Solid State Disk

Firmware Application (101fffff)
-------------------------------
identifier              {f5661e80-133a-11e7-9176-705a0f8492be}
description             Internal Hard Disk or Solid State Disk

Firmware Application (101fffff)
-------------------------------
identifier              {f5661e81-133a-11e7-9176-705a0f8492be}
description             Internal Hard Disk or Solid State Disk

Firmware Application (101fffff)
-------------------------------
identifier              {f5661e82-133a-11e7-9176-705a0f8492be}
description             Internal Hard Disk or Solid State Disk

Firmware Application (101fffff)
-------------------------------
identifier              {f5661e83-133a-11e7-9176-705a0f8492be}
description             Internal Hard Disk or Solid State Disk

Firmware Application (101fffff)
-------------------------------
identifier              {f5661e84-133a-11e7-9176-705a0f8492be}
description             Internal Hard Disk or Solid State Disk

Firmware Application (101fffff)
-------------------------------
identifier              {f5661e85-133a-11e7-9176-705a0f8492be}
description             Internal Hard Disk or Solid State Disk

Firmware Application (101fffff)
-------------------------------
identifier              {f5661e86-133a-11e7-9176-705a0f8492be}
description             Internal Hard Disk or Solid State Disk

Firmware Application (101fffff)
-------------------------------
identifier              {f5661e87-133a-11e7-9176-705a0f8492be}
description             Internal Hard Disk or Solid State Disk

Firmware Application (101fffff)
-------------------------------
identifier              {f5661e88-133a-11e7-9176-705a0f8492be}
description             Internal Hard Disk or Solid State Disk

Firmware Application (101fffff)
-------------------------------
identifier              {f5661e89-133a-11e7-9176-705a0f8492be}
description             Internal Hard Disk or Solid State Disk

Firmware Application (101fffff)
-------------------------------
identifier              {f5661e8a-133a-11e7-9176-705a0f8492be}
description             Internal Hard Disk or Solid State Disk

Firmware Application (101fffff)
-------------------------------
identifier              {f5661e8b-133a-11e7-9176-705a0f8492be}
description             Internal Hard Disk or Solid State Disk

Firmware Application (101fffff)
-------------------------------
identifier              {f5661e8c-133a-11e7-9176-705a0f8492be}
description             Internal Hard Disk or Solid State Disk

Firmware Application (101fffff)
-------------------------------
identifier              {f5661e8d-133a-11e7-9176-705a0f8492be}
description             Internal Hard Disk or Solid State Disk

Firmware Application (101fffff)
-------------------------------
identifier              {f5661e8e-133a-11e7-9176-705a0f8492be}
description             Internal Hard Disk or Solid State Disk

Firmware Application (101fffff)
-------------------------------
identifier              {f5661e8f-133a-11e7-9176-705a0f8492be}
description             Internal Hard Disk or Solid State Disk

Firmware Application (101fffff)
-------------------------------
identifier              {f5661e90-133a-11e7-9176-705a0f8492be}
description             Internal Hard Disk or Solid State Disk

Firmware Application (101fffff)
-------------------------------
identifier              {f5661e91-133a-11e7-9176-705a0f8492be}
description             Internal Hard Disk or Solid State Disk

Firmware Application (101fffff)
-------------------------------
identifier              {f5661e92-133a-11e7-9176-705a0f8492be}
description             Internal Hard Disk or Solid State Disk

Firmware Application (101fffff)
-------------------------------
identifier              {f5661e93-133a-11e7-9176-705a0f8492be}
description             Internal Hard Disk or Solid State Disk

Firmware Application (101fffff)
-------------------------------
identifier              {f5661e94-133a-11e7-9176-705a0f8492be}
description             Internal Hard Disk or Solid State Disk

Firmware Application (101fffff)
-------------------------------
identifier              {f5661e95-133a-11e7-9176-705a0f8492be}
description             Internal Hard Disk or Solid State Disk

Firmware Application (101fffff)
-------------------------------
identifier              {f5661e96-133a-11e7-9176-705a0f8492be}
path                    \EFI\Microsoft\Boot\bootmgfw.efi
description             Windows Boot Manager

Firmware Application (101fffff)
-------------------------------
identifier              {f5661e97-133a-11e7-9176-705a0f8492be}
path                    \EFI\Microsoft\Boot\bootmgfw.efi
description             Windows Boot Manager

Firmware Application (101fffff)
-------------------------------
identifier              {f5661e98-133a-11e7-9176-705a0f8492be}
description             Internal Hard Disk or Solid State Disk

Firmware Application (101fffff)
-------------------------------
identifier              {f5661e9d-133a-11e7-9176-705a0f8492be}
path                    \EFI\Microsoft\Boot\bootmgfw.efi
description             Windows Boot Manager

Windows Boot Loader
-------------------
identifier              {default}
device                  ramdisk=[C:]\system.sav\WSDVTDC\boot.wim,{572bcd61-ffa7-11d9-aae0-0007e994107d}
path                    \windows\system32\boot\winload.efi
description             TDC - SDV (FILE)
osdevice                ramdisk=[C:]\system.sav\WSDVTDC\boot.wim,{572bcd61-ffa7-11d9-aae0-0007e994107d}
systemroot              \windows
detecthal               Yes
winpe                   Yes
ems                     Yes

Windows Boot Loader
-------------------
identifier              {f5661e2c-133a-11e7-9176-705a0f8492be}
device                  partition=C:
path                    \windows\system32\winload.efi
description             Windows 10
locale                  en-US
inherit                 {bootloadersettings}
recoverysequence        {f7e68e53-13b1-11e7-9450-48e24473c348}
recoveryenabled         Yes
isolatedcontext         Yes
allowedinmemorysettings 0x15000075
osdevice                partition=C:
systemroot              \windows
resumeobject            {f5661e2b-133a-11e7-9176-705a0f8492be}
nx                      OptIn
bootmenupolicy          Standard

Windows Boot Loader
-------------------
identifier              {f7e68e53-13b1-11e7-9450-48e24473c348}
device                  ramdisk=[\Device\HarddiskVolume5]\Recovery\WindowsRE\Winre.wim,{f7e68e54-13b1-11e7-9450-48e24473c348}
path                    \windows\system32\winload.efi
description             Windows Recovery Environment
locale                  en-US
inherit                 {bootloadersettings}
displaymessage          Recovery
osdevice                ramdisk=[\Device\HarddiskVolume5]\Recovery\WindowsRE\Winre.wim,{f7e68e54-13b1-11e7-9450-48e24473c348}
systemroot              \windows
nx                      OptIn
bootmenupolicy          Standard
winpe                   Yes

Resume from Hibernate
---------------------
identifier              {f5661e2b-133a-11e7-9176-705a0f8492be}
device                  partition=C:
path                    \windows\system32\winresume.efi
description             Windows Resume Application
locale                  en-US
inherit                 {resumeloadersettings}
recoverysequence        {f7e68e53-13b1-11e7-9450-48e24473c348}
recoveryenabled         Yes
isolatedcontext         Yes
allowedinmemorysettings 0x15000075
filedevice              partition=C:
filepath                \hiberfil.sys
bootmenupolicy          Standard
debugoptionenabled      No

Windows Memory Tester
---------------------
identifier              {memdiag}
device                  partition=S:
path                    \EFI\Microsoft\Boot\memtest.efi
description             Windows Memory Diagnostic
locale                  en-US
inherit                 {globalsettings}
badmemoryaccess         Yes

EMS Settings
------------
identifier              {emssettings}
bootems                 No

Debugger Settings
-----------------
identifier              {dbgsettings}
debugtype               Local

RAM Defects
-----------
identifier              {badmemory}

Global Settings
---------------
identifier              {globalsettings}
inherit                 {dbgsettings}
                        {emssettings}
                        {badmemory}

Boot Loader Settings
--------------------
identifier              {bootloadersettings}
inherit                 {globalsettings}
                        {hypervisorsettings}

Hypervisor Settings
-------------------
identifier              {hypervisorsettings}
hypervisordebugtype     Serial
hypervisordebugport     1
hypervisorbaudrate      115200

Resume Loader Settings
----------------------
identifier              {resumeloadersettings}
inherit                 {globalsettings}

Device options
--------------
identifier              {572bcd61-ffa7-11d9-aae0-0007e994107d}
description             PIN RAMDISK OPT
ramdisksdidevice        partition=C:
ramdisksdipath          \system.sav\WSDVTDC\boot.sdi

Device options
--------------
identifier              {f7e68e54-13b1-11e7-9450-48e24473c348}
description             Windows Recovery
ramdisksdidevice        partition=\Device\HarddiskVolume5
ramdisksdipath          \Recovery\WindowsRE\boot.sdi
