; Blk_117 [Amazon Metro]
; C:\SW\P00EYR.B2Z doesn't exist...
; Blk_118 [Amazon URL offers]
; C:\SW\P00KGG.B2Y doesn't exist...
; Blk_119 [Discover HP Touchpoint Manager - metro - cNB]
; C:\SW\P00HUY.B2N will be moved to [C:\SW2TMP]...
; Blk_120 [HP JumpStart]
; C:\SW\P00PSC.B2H will be moved to [C:\SW2TMP]...
; Blk_121 [HP School Pack - China]
; C:\SW\P00PU0.B2D doesn't exist...
; Blk_122 [HP Setup Integrated OOBE Win10]
; C:\SW\P00LMK.B2S will be moved to [C:\SW2TMP]...
; Blk_123 [McAfee Checkbox]
; C:\SW\P00LDM.B2G will be moved to [C:\SW2TMP]...
; Blk_124 [McAfee LiveSafe]
; C:\SW\P00NHP.B2U will be moved to [C:\SW2TMP]...
; Blk_125 [McAfee LiveSafe Install Rules Configuration]
; C:\SW\P00KTX.B2Q will be moved to [C:\SW2TMP]...
; Blk_126 [Microsoft Office Japan 2016 Premium for cNB/cDT]
; C:\SW\P00P6T.B2C doesn't exist...
; Blk_127 [Netflix-Metro]
; C:\SW\P00N20.B2L will be moved to [C:\SW2TMP]...
; Blk_128 [Priceline]
; C:\SW\P00N24.B2J will be moved to [C:\SW2TMP]...
; Blk_129 [Windows 10 Redstone1 Recovery Manager Installer - CPS]
; C:\SW\P00NZ8.B2D will be moved to [C:\SW2TMP]...
; -----------------------------------------------------
; [C:\SW\P00AQK.B2B] was not found...
; This deliverable is not for this image. SKIP.
; g_sFAILUREPath = [C:\SW\P00N89.B2K\SWSETUP\APP\Applications\HP\HPePrint_NN89B2\5.2.20454\FAILURE.FLG]
; g_sBTOPath     = [C:\SW\P00N89.B2K\SWSETUP\APP\Applications\HP\HPePrint_NN89B2\5.2.20454\P00N89B2.bto]
; g_sFAILUREPath = [C:\SW\P00GXS.B2Z\SWSETUP\APP\PreReq1\HP\HPSupport_GGXSB2\8.3.32.23\FAILURE.FLG]
; g_sBTOPath     = [C:\SW\P00GXS.B2Z\SWSETUP\APP\PreReq1\HP\HPSupport_GGXSB2\8.3.32.23\P00GXSB2.bto]
; g_sFAILUREPath = [C:\SW\P00LUT.B2X\SWSETUP\APP\Applications\HP\HPSureCon_LLUTB2\1.0.0.29\FAILURE.FLG]
; g_sBTOPath     = [C:\SW\P00LUT.B2X\SWSETUP\APP\Applications\HP\HPSureCon_LLUTB2\1.0.0.29\P00LUTB2.bto]
; g_sFAILUREPath = [C:\SW\P00NBC.B2J\SWSETUP\APP\Applications\HP\HPSystemE_NNBCB2\1.40\FAILURE.FLG]
; g_sBTOPath     = [C:\SW\P00NBC.B2J\SWSETUP\APP\Applications\HP\HPSystemE_NNBCB2\1.40\P00NBCB2.bto]
; g_sFAILUREPath = [C:\SW\P00PZG.B2D\SWSETUP\APP\PreReq1\HP\WWBTBHost_PPZGB2\3.16\FAILURE.FLG]
; g_sBTOPath     = [C:\SW\P00PZG.B2D\SWSETUP\APP\PreReq1\HP\WWBTBHost_PPZGB2\3.16\P00PZGB2.bto]
; Blk_136 [Cyberlink PowerDirector Desktop]
; C:\SW\P00PK5.B2G will be moved to [C:\SW2TMP]...
; Blk_137 [Energy Star]
; C:\SW\P006MA.B2P will be moved to [C:\SW2TMP]...
; Blk_138 [FP1.x - AMD High-Definition Graphics Driver-Fajita]
; C:\SW\P00Q5X.B2D will be moved to [C:\SW2TMP]...
; Blk_139 [FP1.x - AMD High-Definition Graphics Driver-Pita]
; C:\SW\P00PU2.B2G doesn't exist...
; Blk_140 [FP1.x - Elan Touchpad Driver]
; C:\SW\P00N4K.B2S will be moved to [C:\SW2TMP]...
; Blk_141 [FP1.x - Intel Chipset Installation Utility and Driver]
; C:\SW\P00N2H.B2D doesn't exist...
; Blk_142 [FP1.x - Intel Chipset Installation Utility and Driver - APL/KBL]
; C:\SW\P00NNH.B2L doesn't exist...
; Blk_143 [FP1.x - Intel Dynamic Platform and Thermal Framework Client Driver]
; C:\SW\P00N2L.B2F doesn't exist...
; Blk_144 [FP1.x - Intel Dynamic Platform and Thermal Framework Client Driver - APL]
; C:\SW\P00NNF.B2J doesn't exist...
; Blk_145 [FP1.x - Intel High-Definition (HD) Graphics Driver - APL]
; C:\SW\P00NNG.B2P doesn't exist...
; Blk_146 [FP1.x - Intel High-Definition (HD) Graphics Driver-BDW/SKL]
; C:\SW\P00N3A.B2P doesn't exist...
; Blk_147 [FP1.x - Intel High-Definition (HD) Graphics Driver-BSW]
; C:\SW\P00N48.B2T doesn't exist...
; Blk_148 [FP1.x - Intel High-Definition (HD) Graphics Driver-BTD]
; C:\SW\P00NN1.B2J doesn't exist...
; Blk_149 [FP1.x - Intel High-Definition (HD) Graphics Driver-KBL]
; C:\SW\P00NN9.B2U doesn't exist...
; Blk_150 [FP1.x - Intel Management Engine Interface (MEI) Driver]
; C:\SW\P00N2N.B2E doesn't exist...
; Blk_151 [FP1.x - Intel Management Engine Interface (MEI) Driver-KBL]
; C:\SW\P00NW3.B2H doesn't exist...
; Blk_152 [FP1.x - Intel Rapid Storage Technology Driver]
; C:\SW\P00N2P.B2C doesn't exist...
; Blk_153 [FP1.x - Intel Rapid Storage Technology Driver-KBL]
; C:\SW\P00NNB.B2L doesn't exist...
; Blk_154 [FP1.x - Intel Serial IO Driver - APL]
; C:\SW\P00NNK.B2G doesn't exist...
; Blk_155 [FP1.x - Intel Trusted Execution Engine Interface Driver]
; C:\SW\P00N49.B2B doesn't exist...
; Blk_156 [FP1.x - Intel Trusted Execution Engine Interface Driver - APL]
; C:\SW\P00NNJ.B2E doesn't exist...
; Blk_157 [FP1.x - Intel Trusted Execution Engine Interface Driver-BTD]
; C:\SW\P00NN2.B2C doesn't exist...
; Blk_158 [FP1.x - Realtek Card Reader Driver]
; C:\SW\P00N3D.B2M will be moved to [C:\SW2TMP]...
; Blk_159 [FP1.x - Realtek High-Definition (HD) Audio Driver]
; C:\SW\P00PWM.B2F will be moved to [C:\SW2TMP]...
; Blk_160 [FP1.x - Realtek Local Area Network (LAN) Driver-Win10]
; C:\SW\P00N3E.B2H will be moved to [C:\SW2TMP]...
; Blk_161 [HP PC Hardware Diagnostics UEFI]
; C:\SW\P00L6E.B2Q will be moved to [C:\SW2TMP]...
; Blk_162 [HP Wireless Button Driver for cNB]
; C:\SW\P009C2.B2T will be moved to [C:\SW2TMP]...
; Blk_163 [Intel Bluetooth Driver for Microsoft Windows 10]
; C:\SW\P00KY0.B2Z doesn't exist...
; Blk_164 [Intel WLAN Driver for Microsoft Windows 10]
; C:\SW\P00PWG.B2E doesn't exist...
; Blk_165 [Power Media Player]
; C:\SW\P00MGE.B2X will be moved to [C:\SW2TMP]...
; Blk_166 [Realtek RTL8723BE Bluetooth Driver for Microsoft Windows]
; C:\SW\P00Q9B.B2A doesn't exist...
; Blk_167 [Realtek RTL8723BE/RTL8188EE 802.11b/g/n Wireless LAN Drivers]
; C:\SW\P00PF9.B2E will be moved to [C:\SW2TMP]...
; Blk_168 [TFS - OCA Marker File - TDC]
; C:\SW\P00F6B.B2D will be moved to [C:\SW2TMP]...
