[11:57:33.41] --------------------------------------------------
[11:57:33.41]   This is the deliverable[s] list  
[11:57:33.41]   that the unbundle process move for PASS1 stage
[11:57:33.41] --------------------------------------------------

P00EDU-B2M = [Bing Search for IE11]
P00GXS-B2Z = [HP Support Assistant]
P00H08-B2U = [IE Home]
P00HV0-B2P = [Discover HP Touchpoint Manager - cNB]
P00J6J-B2K = [Preinstall Log Collector - CPS]
P00KFS-B2N = [HP UEFI BIOS Configuration Utility - CPS]
P00KH9-B2C = [Windows HP File Based Installer]
P00KSB-B2M = [Windows 10 System Default Settings - CPS]
P00LC7-B2C = [Windows 10 Preinstall Diagnostic Tools - CPS]
P00LEM-B2P = [Windows 10 DPK - CPS]
P00LEX-B2D = [Retail Demo - Video Attract Loop]
P00LUT-B2X = [HP Sure Connect]
P00N89-B2K = [HP ePrint]
P00NBC-B2J = [HP System Event Utility]
P00NC3-B2F = [HP Documentation 1613]
P00NDP-B2P = [Windows 10 PIN AddOn - CPS]
P00NEJ-B2E = [Windows 10 WDT SDV - CPS]
P00NGN-B2A = [Windows Big File Tweaks - CPS]
P00NQT-B2P = [Windows 10 Redstone 1 Base Image SL 64 Bit - CPS]
P00NYH-B2N = [Windows 10 RedStone 1 LP FOD Supplement - CPS]
P00NZ2-B2L = [Windows 10 RedStone 1 HP OS Enhancement - CPS]
P00P02-B2P = [Windows 10 Redstone1 Push Button Reset Recovery - CPS]
P00P03-B2N = [Windows 10 Redstone1 RE Recovery Manager Installer - CPS]
P00P12-B2P = [Microsoft Office 2016 and Office 365 for cNB/cDT - Install_Tool]
P00P5S-00E = [Microsoft Office 2016 and Office 365 for cNB/cDT]
P00P62-B2E = [Microsoft Office 2016 and Office 365 for cNB/cDT - Base_file]
P00P9V-B2V = [Windows 10 HP Image Enhancements - CPS]
P00P9Y-B2F = [Windows 10 Image Customization Tweaks - CPS]
P00PAB-B2V = [HP Orbit]
P00PC9-B2E = [Windows 10 RedStone 1 Regional Settings Flag - CPS]
P00PCB-B2C = [Windows 10 RedStone 1 HP EULA - CPS]
P00PL3-B2K = [HP Audio Switch]
P00PLJ-B2M = [HP Windows Image Diagnostic Tools - CPS]
P00PLU-B2K = [Windows 10 RedStone 1 MS Start App Resources - CPS]
P00PNH-B2X = [MS Windows PIN Process - CPS]
P00PPA-B2C = [Windows 10 Wallpaper - CPS]
P00PUF-B2G = [PF 1.x - Image Tweaks for Win10 RS1]
P00PUT-B2C = [DropBox]
P00PZG-B2D = [WW-BTB Host and ISP Stub]
