Component: Windows 10 Preinstall Diagnostic Tools - TDC 
Timing: FBI Fixups 
Valid brand name 
-------------------------------------------------------------- 

Component: Windows 10 Preinstall Diagnostic Tools - TDC 
Timing: FBI Fixups 
Pass clean image checking 
-------------------------------------------------------------- 

Component: Windows 10 Preinstall Diagnostic Tools - TDC 
Timing: FBI Fixups 
Matched OS SKU 
-------------------------------------------------------------- 

Component: Windows 10 Preinstall Diagnostic Tools - TDC 
Timing: FBI Fixups 
Matched system ID (81E5) 
-------------------------------------------------------------- 

Component: Windows 10 Preinstall Diagnostic Tools - TDC 
Timing: FBI Fixups 
Valid Win10 configuration 
-------------------------------------------------------------- 

Component: Windows 10 Preinstall Diagnostic Tools - TDC 
Timing: FactoryUpdate 
Valid brand name 
-------------------------------------------------------------- 

Component: Windows 10 Preinstall Diagnostic Tools - TDC 
Timing: FactoryUpdate 
Matched OS SKU 
-------------------------------------------------------------- 

Component: Windows 10 Preinstall Diagnostic Tools - TDC 
Timing: FactoryUpdate 
Matched system ID (81E5) 
-------------------------------------------------------------- 

Component: Windows 10 Preinstall Diagnostic Tools - TDC 
Timing: FactoryUpdate 
Valid Win10 configuration 
-------------------------------------------------------------- 

