Option Code Found: ACJ 
Start of running of 1RSF4FUS.vbs 
Delete Extra Orig folders
C:\HP\RSF4WIN\Orig
ACJ

C:\hp\RSF4WIN\Orig\A2N
Delete
C:\hp\RSF4WIN\Orig\AB0
Delete
C:\hp\RSF4WIN\Orig\AB1
Delete
C:\hp\RSF4WIN\Orig\AB2
Delete
C:\hp\RSF4WIN\Orig\AB4
Delete
C:\hp\RSF4WIN\Orig\AB5
Delete
C:\hp\RSF4WIN\Orig\AB6
Delete
C:\hp\RSF4WIN\Orig\AB7
Delete
C:\hp\RSF4WIN\Orig\AB8
Delete
C:\hp\RSF4WIN\Orig\AB9
Delete
C:\hp\RSF4WIN\Orig\ABA
Delete
C:\hp\RSF4WIN\Orig\ABB
Delete
C:\hp\RSF4WIN\Orig\ABC
Delete
C:\hp\RSF4WIN\Orig\ABD
Delete
C:\hp\RSF4WIN\Orig\ABE
Delete
C:\hp\RSF4WIN\Orig\ABF
Delete
C:\hp\RSF4WIN\Orig\ABG
Delete
C:\hp\RSF4WIN\Orig\ABH
Delete
C:\hp\RSF4WIN\Orig\ABJ
Delete
C:\hp\RSF4WIN\Orig\ABL
Delete
C:\hp\RSF4WIN\Orig\ABM
Delete
C:\hp\RSF4WIN\Orig\ABT
Delete
C:\hp\RSF4WIN\Orig\ABU
Delete
C:\hp\RSF4WIN\Orig\ABV
Delete
C:\hp\RSF4WIN\Orig\ABZ
Delete
C:\hp\RSF4WIN\Orig\AC4
Delete
C:\hp\RSF4WIN\Orig\AC8
Delete
C:\hp\RSF4WIN\Orig\ACB
Delete
C:\hp\RSF4WIN\Orig\ACF
Delete
C:\hp\RSF4WIN\Orig\ACH
Delete
C:\hp\RSF4WIN\Orig\ACJ
Don't Delete
C:\hp\RSF4WIN\Orig\ACQ
Delete
C:\hp\RSF4WIN\Orig\AKB
Delete
C:\hp\RSF4WIN\Orig\AKC
Delete
C:\hp\RSF4WIN\Orig\AKD
Delete
C:\hp\RSF4WIN\Orig\AKE
Delete
C:\hp\RSF4WIN\Orig\AKH
Delete
C:\hp\RSF4WIN\Orig\AKL
Delete
C:\hp\RSF4WIN\Orig\AKQ
Delete
C:\hp\RSF4WIN\Orig\AKS
Delete
C:\hp\RSF4WIN\Orig\AR6
Delete
C:\hp\RSF4WIN\Orig\B10
Delete
C:\hp\RSF4WIN\Orig\B13
Delete
C:\hp\RSF4WIN\Orig\B1A
Delete
C:\hp\RSF4WIN\Orig\B1F
Delete
C:\hp\RSF4WIN\Orig\B1Q
Delete
C:\hp\RSF4WIN\Orig\B1R
Delete
C:\hp\RSF4WIN\Orig\B1T
Delete
C:\hp\RSF4WIN\Orig\BCM
Delete
C:\hp\RSF4WIN\Orig\BED
Delete
C:\hp\RSF4WIN\Orig\BH4
Delete
C:\hp\RSF4WIN\Orig\BH5
Delete
C:\hp\RSF4WIN\Orig\UUF
Delete
C:\hp\RSF4WIN\Orig\UUG
Delete
C:\hp\RSF4WIN\Orig\UUH
Delete
C:\hp\RSF4WIN\Orig\UUW
Delete
C:\hp\RSF4WIN\Orig\UUZ
Delete

Delete Extra HIDBT folders
C:\HP\RSF4WIN\HIDBT

C:\hp\RSF4WIN\HIDBT\A2N
Delete
C:\hp\RSF4WIN\HIDBT\AB0
Delete
C:\hp\RSF4WIN\HIDBT\AB1
Delete
C:\hp\RSF4WIN\HIDBT\AB2
Delete
C:\hp\RSF4WIN\HIDBT\AB4
Delete
C:\hp\RSF4WIN\HIDBT\AB5
Delete
C:\hp\RSF4WIN\HIDBT\AB6
Delete
C:\hp\RSF4WIN\HIDBT\AB7
Delete
C:\hp\RSF4WIN\HIDBT\AB8
Delete
C:\hp\RSF4WIN\HIDBT\AB9
Delete
C:\hp\RSF4WIN\HIDBT\ABA
Delete
C:\hp\RSF4WIN\HIDBT\ABB
Delete
C:\hp\RSF4WIN\HIDBT\ABC
Delete
C:\hp\RSF4WIN\HIDBT\ABD
Delete
C:\hp\RSF4WIN\HIDBT\ABE
Delete
C:\hp\RSF4WIN\HIDBT\ABF
Delete
C:\hp\RSF4WIN\HIDBT\ABG
Delete
C:\hp\RSF4WIN\HIDBT\ABH
Delete
C:\hp\RSF4WIN\HIDBT\ABJ
Delete
C:\hp\RSF4WIN\HIDBT\ABL
Delete
C:\hp\RSF4WIN\HIDBT\ABM
Delete
C:\hp\RSF4WIN\HIDBT\ABT
Delete
C:\hp\RSF4WIN\HIDBT\ABU
Delete
C:\hp\RSF4WIN\HIDBT\ABV
Delete
C:\hp\RSF4WIN\HIDBT\ABZ
Delete
C:\hp\RSF4WIN\HIDBT\AC4
Delete
C:\hp\RSF4WIN\HIDBT\AC8
Delete
C:\hp\RSF4WIN\HIDBT\ACB
Delete
C:\hp\RSF4WIN\HIDBT\ACF
Delete
C:\hp\RSF4WIN\HIDBT\ACH
Delete
C:\hp\RSF4WIN\HIDBT\ACJ
Don't Delete
C:\hp\RSF4WIN\HIDBT\ACQ
Delete
C:\hp\RSF4WIN\HIDBT\AKB
Delete
C:\hp\RSF4WIN\HIDBT\AKC
Delete
C:\hp\RSF4WIN\HIDBT\AKD
Delete
C:\hp\RSF4WIN\HIDBT\AKE
Delete
C:\hp\RSF4WIN\HIDBT\AKH
Delete
C:\hp\RSF4WIN\HIDBT\AKL
Delete
C:\hp\RSF4WIN\HIDBT\AKQ
Delete
C:\hp\RSF4WIN\HIDBT\AKS
Delete
C:\hp\RSF4WIN\HIDBT\AR6
Delete
C:\hp\RSF4WIN\HIDBT\B10
Delete
C:\hp\RSF4WIN\HIDBT\B13
Delete
C:\hp\RSF4WIN\HIDBT\B1A
Delete
C:\hp\RSF4WIN\HIDBT\B1F
Delete
C:\hp\RSF4WIN\HIDBT\B1Q
Delete
C:\hp\RSF4WIN\HIDBT\B1R
Delete
C:\hp\RSF4WIN\HIDBT\B1T
Delete
C:\hp\RSF4WIN\HIDBT\BCM
Delete
C:\hp\RSF4WIN\HIDBT\BED
Delete
C:\hp\RSF4WIN\HIDBT\BH4
Delete
C:\hp\RSF4WIN\HIDBT\BH5
Delete
C:\hp\RSF4WIN\HIDBT\UUF
Delete
C:\hp\RSF4WIN\HIDBT\UUG
Delete
C:\hp\RSF4WIN\HIDBT\UUH
Delete
C:\hp\RSF4WIN\HIDBT\UUW
Delete
C:\hp\RSF4WIN\HIDBT\UUZ
Delete
End of running of 1RSF4FUS.vbs 
