

[11:57:45.77] UpdError.CMD : ==================================================
[11:57:45.77] UpdError.CMD : Run [UIADUMPT.exe /e:941 /Message:"entered pass1"]
Target device is [\\.\PHYSICALDRIVE0] is Fixed media.
 512 [Bytes/Sec]
 976773168 sectors
 Updated [C:\system.sav\WDT\Result.ini]....
 Updated [C:\system.sav\WDT\Result.ini]....
Wrote UIA error code(941)...
[11:57:45.82] UpdError.CMD : ErrorLevel=[0]
[11:57:45.83] UpdError.CMD : Run [OSChanger64.exe /ErrorNumber:941 /Message:"entered pass1"]
[11:57:45.89] UpdError.CMD : ==================================================


[11:57:59.32] UpdError.CMD : ==================================================
[11:57:59.32] UpdError.CMD : Run [UIADUMPT.exe /e:942 /Message:"error happened fixups - pass1"]
Target device is [\\.\PHYSICALDRIVE0] is Fixed media.
 512 [Bytes/Sec]
 976773168 sectors
 Updated [C:\system.sav\WDT\Result.ini]....
 Updated [C:\system.sav\WDT\Result.ini]....
Wrote UIA error code(942)...
[11:57:59.38] UpdError.CMD : ErrorLevel=[0]
[11:57:59.41] UpdError.CMD : Run [OSChanger64.exe /ErrorNumber:942 /Message:"error happened fixups - pass1"]
[11:57:59.60] UpdError.CMD : ==================================================


[12:02:34.60] UpdError.CMD : ==================================================
[12:02:34.60] UpdError.CMD : Run [UIADUMPT.exe /e:943 /Message:"error happened at init - pass1"]
Target device is [\\.\PHYSICALDRIVE0] is Fixed media.
 512 [Bytes/Sec]
 976773168 sectors
 Updated [C:\system.sav\WDT\Result.ini]....
 Updated [C:\system.sav\WDT\Result.ini]....
 Updated [C:\system.sav\Result.ini]....
 Updated [C:\system.sav\Result.ini]....
Wrote UIA error code(943)...
[12:02:34.78] UpdError.CMD : ErrorLevel=[0]
[12:02:34.81] UpdError.CMD : Run [OSChanger64.exe /ErrorNumber:943 /Message:"error happened at init - pass1"]
[12:02:35.09] UpdError.CMD : ==================================================


[12:06:20.71] UpdError.CMD : ==================================================
[12:06:20.73] UpdError.CMD : Run [UIADUMPT.exe /e:945 /Message:"error happened at preos - pass1"]
Target device is [\\.\PHYSICALDRIVE0] is Fixed media.
 512 [Bytes/Sec]
 976773168 sectors
 Updated [C:\system.sav\WDT\Result.ini]....
 Updated [C:\system.sav\WDT\Result.ini]....
 Updated [C:\system.sav\Result.ini]....
 Updated [C:\system.sav\Result.ini]....
Wrote UIA error code(945)...
[12:06:21.01] UpdError.CMD : ErrorLevel=[0]
[12:06:21.04] UpdError.CMD : Run [OSChanger64.exe /ErrorNumber:945 /Message:"error happened at preos - pass1"]
[12:06:21.32] UpdError.CMD : ==================================================


[12:28:15.69] UpdError.CMD : ==================================================
[12:28:15.82] UpdError.CMD : Run [UIADUMPT.exe /e:946 /Message:"Error happened at OSUpdate/Install - PASS1"]
Target device is [\\.\PHYSICALDRIVE0] is Fixed media.
 512 [Bytes/Sec]
 976773168 sectors
 Updated [C:\system.sav\WDT\Result.ini]....
 Updated [C:\system.sav\WDT\Result.ini]....
 Updated [C:\system.sav\Result.ini]....
 Updated [C:\system.sav\Result.ini]....
Wrote UIA error code(946)...
[12:28:17.74] UpdError.CMD : ErrorLevel=[0]
[12:28:17.75] UpdError.CMD : Run [OSChanger64.exe /ErrorNumber:946 /Message:"Error happened at OSUpdate/Install - PASS1"]
[12:28:18.74] UpdError.CMD : ==================================================


[14:01:40.40] UpdError.CMD : ==================================================
[14:01:40.42] UpdError.CMD : Run [UIADUMPT.exe /e:947 /Message:"error happened at the end of pass1"]
Target device is [\\.\PHYSICALDRIVE0] is Fixed media.
 512 [Bytes/Sec]
 976773168 sectors
 Updated [C:\system.sav\WDT\Result.ini]....
 Updated [C:\system.sav\WDT\Result.ini]....
 Updated [C:\system.sav\Result.ini]....
 Updated [C:\system.sav\Result.ini]....
Wrote UIA error code(947)...
[14:01:40.62] UpdError.CMD : ErrorLevel=[0]
[14:01:40.65] UpdError.CMD : Run [OSChanger64.exe /ErrorNumber:947 /Message:"error happened at the end of pass1"]
[14:01:40.93] UpdError.CMD : ==================================================


[14:03:22.14] UpdError.CMD : ==================================================
[14:03:22.16] UpdError.CMD : Run [UIADUMPT.exe /e:948 /Message:"error happened at capturing index3 - pass1"]
Target device is [\\.\PHYSICALDRIVE0] is Fixed media.
 512 [Bytes/Sec]
 976773168 sectors
 Updated [C:\system.sav\WDT\Result.ini]....
 Updated [C:\system.sav\WDT\Result.ini]....
 Updated [C:\system.sav\Result.ini]....
 Updated [C:\system.sav\Result.ini]....
Wrote UIA error code(948)...
[14:03:22.23] UpdError.CMD : ErrorLevel=[0]
[14:03:22.30] UpdError.CMD : Run [OSChanger64.exe /ErrorNumber:948 /Message:"error happened at capturing index3 - pass1"]
[14:03:22.53] UpdError.CMD : ==================================================


[14:12:16.37] UpdError.CMD : ==================================================
[14:12:16.37] UpdError.CMD : Run [UIADUMPT.exe /e:949 /Message:"Error happened at DiskUT.bto PASS1"]
Target device is [\\.\PHYSICALDRIVE0] is Fixed media.
 512 [Bytes/Sec]
 976773168 sectors
 Updated [C:\system.sav\WDT\Result.ini]....
 Updated [C:\system.sav\WDT\Result.ini]....
 Updated [C:\system.sav\Result.ini]....
 Updated [C:\system.sav\Result.ini]....
Wrote UIA error code(949)...
[14:12:16.52] UpdError.CMD : ErrorLevel=[0]
[14:12:16.56] UpdError.CMD : Run [OSChanger64.exe /ErrorNumber:949 /Message:"Error happened at DiskUT.bto PASS1"]
[14:12:16.84] UpdError.CMD : ==================================================


[14:13:28.45] UpdError.CMD : ==================================================
[14:13:28.45] UpdError.CMD : Run [UIADUMPT.exe /e:950 /Message:"Entered TDC DPS process at PASS2..."]
Target device is [\\.\PHYSICALDRIVE0] is Fixed media.
 512 [Bytes/Sec]
 976773168 sectors
 Updated [C:\system.sav\WDT\Result.ini]....
 Updated [C:\system.sav\WDT\Result.ini]....
 Updated [C:\system.sav\Result.ini]....
 Updated [C:\system.sav\Result.ini]....
Wrote UIA error code(950)...
[14:13:28.59] UpdError.CMD : ErrorLevel=[0]
[14:13:28.59] UpdError.CMD : Run [OSChanger64.exe /ErrorNumber:950 /Message:"Entered TDC DPS process at PASS2..."]
[14:13:28.76] UpdError.CMD : ==================================================


[14:14:36.20] UpdError.CMD : ==================================================
[14:14:36.22] UpdError.CMD : Run [UIADUMPT.exe /e:951 /Message:pass2_fixups]
Target device is [\\.\PHYSICALDRIVE0] is Fixed media.
 512 [Bytes/Sec]
 976773168 sectors
 Updated [C:\system.sav\WDT\Result.ini]....
 Updated [C:\system.sav\WDT\Result.ini]....
 Updated [C:\system.sav\Result.ini]....
 Updated [C:\system.sav\Result.ini]....
Wrote UIA error code(951)...
[14:14:36.28] UpdError.CMD : ErrorLevel=[0]
[14:14:36.33] UpdError.CMD : Run [OSChanger64.exe /ErrorNumber:951 /Message:pass2_fixups]
[14:14:36.50] UpdError.CMD : ==================================================


[14:28:48.57] UpdError.CMD : ==================================================
[14:28:48.59] UpdError.CMD : Run [UIADUMPT.exe /e:952 /Message:"finished - factory update phase"]
Target device is [\\.\PHYSICALDRIVE0] is Fixed media.
 512 [Bytes/Sec]
 976773168 sectors
 Updated [C:\system.sav\WDT\Result.ini]....
 Updated [C:\system.sav\WDT\Result.ini]....
 Updated [C:\system.sav\Result.ini]....
 Updated [C:\system.sav\Result.ini]....
Wrote UIA error code(952)...
[14:28:48.70] UpdError.CMD : ErrorLevel=[0]
[14:28:48.74] UpdError.CMD : Run [OSChanger64.exe /ErrorNumber:952 /Message:"finished - factory update phase"]
[14:28:49.01] UpdError.CMD : ==================================================


[ 4:19:57.22] UpdError.CMD : ==================================================
[ 4:19:57.26] UpdError.CMD : Run [UIADUMPT.exe /e:953 /Message:"PASS2_OSUPDATE_PI"]
Target device is [\\.\PHYSICALDRIVE0] is Fixed media.
 512 [Bytes/Sec]
 976773168 sectors
 Updated [C:\system.sav\WDT\Result.ini]....
 Updated [C:\system.sav\WDT\Result.ini]....
 Updated [C:\system.sav\Result.ini]....
 Updated [C:\system.sav\Result.ini]....
Wrote UIA error code(953)...
[ 4:19:57.94] UpdError.CMD : ErrorLevel=[0]
[ 4:19:58.01] UpdError.CMD : Run [OSChanger64.exe /ErrorNumber:953 /Message:"PASS2_OSUPDATE_PI"]
[ 4:19:58.47] UpdError.CMD : ==================================================


[ 4:31:41.22] UpdError.CMD : ==================================================
[ 4:31:41.22] UpdError.CMD : Run [UIADUMPT.exe /e:954 /Message:"PASS2_BBV2_PI"]
Target device is [\\.\PHYSICALDRIVE0] is Fixed media.
 512 [Bytes/Sec]
 976773168 sectors
 Updated [C:\system.sav\WDT\Result.ini]....
 Updated [C:\system.sav\WDT\Result.ini]....
 Updated [C:\system.sav\Result.ini]....
 Updated [C:\system.sav\Result.ini]....
Wrote UIA error code(954)...
[ 4:31:41.47] UpdError.CMD : ErrorLevel=[0]
[ 4:31:41.47] UpdError.CMD : Run [OSChanger64.exe /ErrorNumber:954 /Message:"PASS2_BBV2_PI"]
[ 4:31:41.76] UpdError.CMD : ==================================================


[ 4:45:59.43] UpdError.CMD : ==================================================
[ 4:45:59.43] UpdError.CMD : Run [UIADUMPT.exe /e:956 /Message:PASS2_PostBBV]
Target device is [\\.\PHYSICALDRIVE0] is Fixed media.
 512 [Bytes/Sec]
 976773168 sectors
 Updated [C:\system.sav\WDT\Result.ini]....
 Updated [C:\system.sav\WDT\Result.ini]....
 Updated [C:\system.sav\Result.ini]....
 Updated [C:\system.sav\Result.ini]....
Wrote UIA error code(956)...
[ 4:45:59.73] UpdError.CMD : ErrorLevel=[0]
[ 4:45:59.75] UpdError.CMD : Run [OSChanger64.exe /ErrorNumber:956 /Message:PASS2_PostBBV]
[ 4:46:00.23] UpdError.CMD : ==================================================


[ 4:50:39.32] UpdError.CMD : ==================================================
[ 4:50:39.34] UpdError.CMD : Run [UIADUMPT.exe /e:957 /Message:Started_BBVClean_phase_in_PASS2]
Target device is [\\.\PHYSICALDRIVE0] is Fixed media.
 512 [Bytes/Sec]
 976773168 sectors
 Updated [C:\system.sav\WDT\Result.ini]....
 Updated [C:\system.sav\WDT\Result.ini]....
 Updated [C:\system.sav\Result.ini]....
 Updated [C:\system.sav\Result.ini]....
Wrote UIA error code(957)...
[ 4:50:39.43] UpdError.CMD : ErrorLevel=[0]
[ 4:50:39.45] UpdError.CMD : Run [OSChanger64.exe /ErrorNumber:957 /Message:Started_BBVClean_phase_in_PASS2]
[ 4:50:39.59] UpdError.CMD : ==================================================


[ 5:20:59.59] UpdError.CMD : ==================================================
[ 5:20:59.59] UpdError.CMD : Run [UIADUMPT.exe /e:961 /Message:"Started_2nd_Capture_phase_in_PASS2"]
Target device is [\\.\PHYSICALDRIVE0] is Fixed media.
 512 [Bytes/Sec]
 976773168 sectors
 Updated [C:\system.sav\WDT\Result.ini]....
 Updated [C:\system.sav\WDT\Result.ini]....
 Updated [C:\system.sav\Result.ini]....
 Updated [C:\system.sav\Result.ini]....
Wrote UIA error code(961)...
[ 5:20:59.76] UpdError.CMD : ErrorLevel=[0]
[ 5:20:59.82] UpdError.CMD : Run [OSChanger64.exe /ErrorNumber:961 /Message:"Started_2nd_Capture_phase_in_PASS2"]
[ 5:21:00.18] UpdError.CMD : ==================================================


[ 5:23:10.46] UpdError.CMD : ==================================================
[ 5:23:10.46] UpdError.CMD : Run [UIADUMPT.exe /e:962 /Message:Completed_2ndCap_in_PASS2]
Target device is [\\.\PHYSICALDRIVE0] is Fixed media.
 512 [Bytes/Sec]
 976773168 sectors
 Updated [C:\system.sav\WDT\Result.ini]....
 Updated [C:\system.sav\WDT\Result.ini]....
 Updated [C:\system.sav\Result.ini]....
 Updated [C:\system.sav\Result.ini]....
Wrote UIA error code(962)...
[ 5:23:10.54] UpdError.CMD : ErrorLevel=[0]
[ 5:23:10.59] UpdError.CMD : Run [OSChanger64.exe /ErrorNumber:962 /Message:Completed_2ndCap_in_PASS2]
[ 5:23:10.82] UpdError.CMD : ==================================================


[ 5:28:20.84] UpdError.CMD : ==================================================
[ 5:28:20.84] UpdError.CMD : Run [UIADUMPT.exe /e:971 /Message:"Started - 2nd Specialize"]
Target device is [\\.\PHYSICALDRIVE0] is Fixed media.
 512 [Bytes/Sec]
 976773168 sectors
 Updated [C:\system.sav\WDT\Result.ini]....
 Updated [C:\system.sav\WDT\Result.ini]....
 Updated [C:\system.sav\Result.ini]....
 Updated [C:\system.sav\Result.ini]....
Wrote UIA error code(971)...
[ 5:28:21.01] UpdError.CMD : ErrorLevel=[0]
[ 5:28:21.02] UpdError.CMD : Run [OSChanger64.exe /ErrorNumber:971 /Message:"Started - 2nd Specialize"]
[ 5:28:21.26] UpdError.CMD : ==================================================


[ 5:32:04.88] UpdError.CMD : ==================================================
[ 5:32:04.88] UpdError.CMD : Run [UIADUMPT.exe /e:972 /Message:IN_OA3Proc_CMD]
Target device is [\\.\PHYSICALDRIVE0] is Fixed media.
 512 [Bytes/Sec]
 976773168 sectors
 Updated [C:\system.sav\WDT\Result.ini]....
 Updated [C:\system.sav\WDT\Result.ini]....
 Updated [C:\system.sav\Result.ini]....
 Updated [C:\system.sav\Result.ini]....
Wrote UIA error code(972)...
[ 5:32:05.10] UpdError.CMD : ErrorLevel=[0]
[ 5:32:05.12] UpdError.CMD : Run [OSChanger64.exe /ErrorNumber:972 /Message:IN_OA3Proc_CMD]
[ 5:32:05.30] UpdError.CMD : ==================================================


[ 5:33:14.81] UpdError.CMD : ==================================================
[ 5:33:14.81] UpdError.CMD : Run [UIADUMPT.exe /e:973 /Message:Unbundling]
Target device is [\\.\PHYSICALDRIVE0] is Fixed media.
 512 [Bytes/Sec]
 976773168 sectors
 Updated [C:\system.sav\WDT\Result.ini]....
 Updated [C:\system.sav\WDT\Result.ini]....
 Updated [C:\system.sav\Result.ini]....
 Updated [C:\system.sav\Result.ini]....
Wrote UIA error code(973)...
[ 5:33:15.03] UpdError.CMD : ErrorLevel=[0]
[ 5:33:15.05] UpdError.CMD : Run [OSChanger64.exe /ErrorNumber:973 /Message:Unbundling]
[ 5:33:15.31] UpdError.CMD : ==================================================


[ 5:34:49.80] UpdError.CMD : ==================================================
[ 5:34:49.80] UpdError.CMD : Run [UIADUMPT.exe /e:975 /Message:ENTERED_LOGOUT_PE]
Target device is [\\.\PHYSICALDRIVE0] is Fixed media.
 512 [Bytes/Sec]
 976773168 sectors
 Updated [C:\system.sav\WDT\Result.ini]....
 Updated [C:\system.sav\WDT\Result.ini]....
 Updated [C:\system.sav\Result.ini]....
 Updated [C:\system.sav\Result.ini]....
Wrote UIA error code(975)...
[ 5:34:49.96] UpdError.CMD : ErrorLevel=[0]
[ 5:34:49.98] UpdError.CMD : Run [OSChanger64.exe /ErrorNumber:975 /Message:ENTERED_LOGOUT_PE]
[ 5:34:50.16] UpdError.CMD : ==================================================


[ 5:36:01.37] UpdError.CMD : ==================================================
[ 5:36:01.37] UpdError.CMD : Run [UIADUMPT.exe /e:0 /Message:3PP_PHASE]
Target device is [\\.\PHYSICALDRIVE0] is Fixed media.
 512 [Bytes/Sec]
 976773168 sectors
 Updated [C:\system.sav\WDT\Result.ini]....
 Updated [C:\system.sav\WDT\Result.ini]....
 Updated [C:\system.sav\Result.ini]....
 Updated [C:\system.sav\Result.ini]....
Wrote UIA error code(0)...
[ 5:36:01.41] UpdError.CMD : ErrorLevel=[0]
[ 5:36:01.41] UpdError.CMD : Run [OSChanger64.exe /ErrorNumber:0 /Message:3PP_PHASE]
[ 5:36:01.51] UpdError.CMD : ==================================================
