[ 4:31:42.47] ************************************************** 
[ 4:31:42.52]  [C:\SYSTEM.SAV\ExitProc\ErrorChk\ChkError.cmd] has started... 
[ 4:31:42.54] -------------------------------------------------- 
[ 4:31:42.55]  Check SW Error... 
[ 4:31:42.57] -------------------------------------------------- 
[ 4:31:42.60]   
[ 4:31:42.62]  Create ["C:\system.sav\ChkError.cmd.FAILURE.flg"] file... 
[ 4:31:42.63]   
[ 4:31:42.65]  Logfile [C:\system.sav\Logs\CheckLog\ChkErr_PASS2_BBV1.log]... 
[ 4:31:42.66]   
[ 4:31:42.69]  Check 2nd parameter [PASS2AFTERBBV1] 
[ 4:31:42.71]   
[ 4:31:42.72]  Error Checking items : [MEMDUMP,APPSLOG,TIMEOUT] 
[ 4:31:42.76]  -------------------------------------------------- 
[ 4:31:42.77]  Checking : Memory Dump 
[ 4:31:42.79]    Could not find memory dump... 
[ 4:31:42.80]   
[ 4:31:42.82]  [DumpFile] 
[ 4:31:42.85]  Result=PASSED 
[ 4:31:42.87]  -------------------------------------------------- 
[ 4:31:42.88]  Checking : Apps' log 
[ 4:31:42.90]   
[ 4:31:45.76]  [AppsLog] 
[ 4:31:45.85]  Result=PASSED 
[ 4:31:45.99]  -------------------------------------------------- 
[ 4:31:46.10]  Checking : Timeout in INSTALL.log 
[ 4:31:46.21]   
[ 4:31:46.30]  Run [FIND.exe /I 'timeout with' C:\System.sav\Util\Install.log] 
[ 4:31:47.68]  Run [FIND.exe /I 'timeout wait' C:\System.sav\Util\Install.log] 
[ 4:31:48.05]   There is NO timeout in install.log file. 
[ 4:31:48.16]   
[ 4:31:48.27]  [TIMEOUT] 
[ 4:31:48.40]  Result=PASSED 
[ 4:31:48.54]   
[ 4:31:48.62]  -------------------------------------------------- 
[ 4:31:48.74]  Delete ["C:\system.sav\ChkError.cmd.FAILURE.flg"] since no error detected... 
[ 4:31:48.87]   
[ 4:31:48.96]    No SW issue found... 
[ 4:31:49.08]   
[ 4:31:49.18] -------------------------------------------------- 
[ 4:31:49.29]  [ChkError.cmd] has completed... 
[ 4:31:49.40] ************************************************** 
