[ 5:22:26.84] ************************************************** 
[ 5:22:26.86]  [C:\SYSTEM.SAV\ExitProc\ErrorChk\ChkError.cmd] has started... 
[ 5:22:26.87] -------------------------------------------------- 
[ 5:22:26.87]  Check SW Error... 
[ 5:22:26.89] -------------------------------------------------- 
[ 5:22:26.90]   
[ 5:22:26.92]  Create ["C:\system.sav\ChkError.cmd.FAILURE.flg"] file... 
[ 5:22:26.94]   
[ 5:22:26.94]  Logfile [C:\system.sav\Logs\CheckLog\ChkErr_PASS2_PRE_2NDCAP.log]... 
[ 5:22:26.95]   
[ 5:22:26.97]  Check 2nd parameter [PRE_2NDCAP] 
[ 5:22:26.98]   
[ 5:22:27.00]  Error Checking items : [MEMDUMP,APPSLOG,TIMEOUT,BADLINE,FAILUREFLG] 
[ 5:22:27.01]  -------------------------------------------------- 
[ 5:22:27.03]  Checking : Memory Dump 
[ 5:22:27.04]    Could not find memory dump... 
[ 5:22:27.06]   
[ 5:22:27.08]  [DumpFile] 
[ 5:22:27.09]  Result=PASSED 
[ 5:22:27.11]  -------------------------------------------------- 
[ 5:22:27.12]  Checking : Apps' log 
[ 5:22:27.12]   
[ 5:22:30.28]  [AppsLog] 
[ 5:22:30.55]  Result=PASSED 
[ 5:22:30.87]  -------------------------------------------------- 
[ 5:22:31.15]  Checking : Timeout in INSTALL.log 
[ 5:22:31.44]   
[ 5:22:31.75]  Run [FIND.exe /I 'timeout with' C:\System.sav\Util\Install.log] 
[ 5:22:35.03]  Run [FIND.exe /I 'timeout wait' C:\System.sav\Util\Install.log] 
[ 5:22:36.72]   There is NO timeout in install.log file. 
[ 5:22:36.75]   
[ 5:22:36.78]  [TIMEOUT] 
[ 5:22:36.81]  Result=PASSED 
[ 5:22:36.84]  -------------------------------------------------- 
[ 5:22:36.87]  Checking : Bad Line in INSTALL.log 
[ 5:22:36.90]   
[ 5:22:36.94]  Run [cscript.exe c:\System.sav\ExitProc\ErrorChk\BadLine.vbs] 
passed : DATA CORRUPTION
RESULT=PASSED

[ 5:22:37.45]   No BadLine in install.log file. 
[ 5:22:37.48]   
[ 5:22:37.51]  [BADLINE] 
[ 5:22:37.55]  Result=PASSED 
[ 5:22:37.58]  -------------------------------------------------- 
[ 5:22:37.61]  Checking : FAILURE.flg 
[ 5:22:37.86] ************************************************** 
[ 5:22:37.87]  [CheckFailureFlags.cmd] has started... 
[ 5:22:37.87] -------------------------------------------------- 
[ 5:22:37.89]  Check FAILURE.flg at [PASS2_PRE_2NDCAP] 
[ 5:22:37.90] -------------------------------------------------- 
[ 5:22:40.76]   
[ 5:22:40.78]  No FAILURE.flg was found in C:\SwSetup folder 
[ 5:22:40.80]   
 Volume in drive C is Windows
 Volume Serial Number is 7235-63EE

 Directory of c:\system.sav

03/27/2017  02:23 PM    <DIR>          2ndCap
03/28/2017  05:22 AM                46 ChkError.cmd.FAILURE.flg
10/21/2016  05:24 PM            80,477 CNB16WW3FPT601.ini
03/27/2017  12:06 PM    <DIR>          CONFIG
03/27/2017  03:08 AM             5,443 cpqdl.ini
03/27/2017  03:07 AM             2,774 CTO.TXT
03/27/2017  03:08 AM               173 CTOHW.TXT
03/27/2017  03:05 AM             8,051 D235641159F9_DPS
03/27/2017  01:39 AM               188 D235641159F9_DPS.hw
03/27/2017  01:39 AM               464 ELCOT245G5
03/27/2017  02:14 PM    <DIR>          EXCLUDE
03/28/2017  05:21 AM    <DIR>          ExitProc
03/27/2017  12:07 PM    <DIR>          fbi
03/28/2017  04:17 AM    <DIR>          Flags
03/27/2017  11:55 AM             5,466 Info.bom
03/28/2017  05:22 AM    <DIR>          logs
03/28/2017  05:22 AM    <DIR>          P2PP
05/27/1997  01:42 AM                46 REBOOT.ME
03/27/2017  01:00 PM               368 REGFLUSH.LOG
03/28/2017  05:20 AM               142 Result.ini
03/27/2017  11:37 AM    <DIR>          support
03/27/2017  12:58 PM           495,920 SYSINFO.LOG
03/28/2017  03:37 AM    <DIR>          WDT
03/27/2017  12:00 PM    <DIR>          WSDVTDC
              13 File(s)        599,558 bytes
              11 Dir(s)  460,210,405,376 bytes free
[ 5:22:40.83] -------------------------------------------------- 
[ 5:22:40.84]  [CheckFailureFlags.cmd] has completed... 
[ 5:22:40.84] ************************************************** 
[ 5:22:40.89]   
[ 5:22:40.92]  [FAILURE_FLAG] 
[ 5:22:40.97]  Result=PASSED 
[ 5:22:41.00]   
[ 5:22:41.03]  -------------------------------------------------- 
[ 5:22:41.05]  Delete ["C:\system.sav\ChkError.cmd.FAILURE.flg"] since no error detected... 
[ 5:22:41.09]   
[ 5:22:41.12]    No SW issue found... 
[ 5:22:41.15]   
[ 5:22:41.17] -------------------------------------------------- 
[ 5:22:41.20]  [ChkError.cmd] has completed... 
[ 5:22:41.23] ************************************************** 
