[14:12:17.75] ************************************************** 
[14:12:17.76]  [c:\SYSTEM.SAV\ExitProc\ErrorChk\ChkError.cmd] has started... 
[14:12:17.76] -------------------------------------------------- 
[14:12:17.78]  Check SW Error... 
[14:12:17.80] -------------------------------------------------- 
[14:12:17.80]   
[14:12:17.81]  Create ["C:\system.sav\ChkError.cmd.FAILURE.flg"] file... 
[14:12:17.83]   
[14:12:17.83]  Logfile [C:\system.sav\Logs\CheckLog\ChkErr_PASS1_1stGS_CHECK.log]... 
[14:12:17.84]   
[14:12:17.84]  Check 2nd parameter [PASS1GS] 
[14:12:17.86]   
[14:12:17.87]  Error Checking items : [MEMDUMP,APPSLOG,TIMEOUT,BADLINE,FAILUREFLG,RMFAIL] 
[14:12:17.89]  -------------------------------------------------- 
[14:12:17.89]  Checking : Memory Dump 
[14:12:17.91]    Could not find memory dump... 
[14:12:17.91]   
[14:12:17.92]  [DumpFile] 
[14:12:17.94]  Result=PASSED 
[14:12:17.95]  -------------------------------------------------- 
[14:12:17.95]  Checking : Apps' log 
[14:12:17.97]   
[14:12:18.86]  [AppsLog] 
[14:12:19.08]  Result=PASSED 
[14:12:19.36]  -------------------------------------------------- 
[14:12:19.59]  Checking : Timeout in INSTALL.log 
[14:12:19.83]   
[14:12:20.08]  Run [FIND.exe /I 'timeout with' C:\System.sav\Util\Install.log] 
[14:12:21.22]  Run [FIND.exe /I 'timeout wait' C:\System.sav\Util\Install.log] 
[14:12:21.83]   There is NO timeout in install.log file. 
[14:12:21.86]   
[14:12:21.88]  [TIMEOUT] 
[14:12:21.91]  Result=PASSED 
[14:12:21.93]  -------------------------------------------------- 
[14:12:21.96]  Checking : Bad Line in INSTALL.log 
[14:12:21.97]   
[14:12:22.00]  Run [cscript.exe c:\System.sav\ExitProc\ErrorChk\BadLine.vbs] 
passed : DATA CORRUPTION
RESULT=PASSED

[14:12:22.22]   No BadLine in install.log file. 
[14:12:22.24]   
[14:12:22.26]  [BADLINE] 
[14:12:22.29]  Result=PASSED 
[14:12:22.32]  -------------------------------------------------- 
[14:12:22.33]  Checking : FAILURE.flg 
[14:12:22.52] ************************************************** 
[14:12:22.54]  [CheckFailureFlags.cmd] has started... 
[14:12:22.54] -------------------------------------------------- 
[14:12:22.55]  Check FAILURE.flg at [PASS1_1stGS_CHECK] 
[14:12:22.57] -------------------------------------------------- 
[14:12:23.80]   
[14:12:23.80]  No FAILURE.flg was found in C:\SwSetup folder 
[14:12:23.82]   
 Volume in drive C has no label.
 Volume Serial Number is 7235-63EE

 Directory of c:\system.sav

03/27/2017  11:57 AM    <DIR>          2ndCap
03/27/2017  02:12 PM    <DIR>          bbv
03/27/2017  02:12 PM                46 ChkError.cmd.FAILURE.flg
10/21/2016  05:24 PM            80,477 CNB16WW3FPT601.ini
03/27/2017  12:06 PM    <DIR>          CONFIG
03/27/2017  03:08 AM             5,443 cpqdl.ini
03/27/2017  03:07 AM             2,774 CTO.TXT
03/27/2017  03:08 AM               173 CTOHW.TXT
03/27/2017  03:05 AM             8,051 D235641159F9_DPS
03/27/2017  01:39 AM               188 D235641159F9_DPS.hw
03/27/2017  01:39 AM               464 ELCOT245G5
03/27/2017  11:58 AM    <DIR>          EXCLUDE
03/27/2017  01:00 PM    <DIR>          ExitProc
03/27/2017  12:07 PM    <DIR>          FactoryUpdate
03/27/2017  12:07 PM    <DIR>          fbi
03/27/2017  02:12 PM    <DIR>          Flags
03/27/2017  11:55 AM             5,466 Info.bom
03/27/2017  02:12 PM    <DIR>          logs
03/27/2017  03:22 AM    <DIR>          P2PP
05/27/1997  01:42 AM                46 REBOOT.ME
03/27/2017  01:00 PM               368 REGFLUSH.LOG
03/27/2017  02:12 PM               142 Result.ini
03/27/2017  11:37 AM    <DIR>          support
03/27/2017  12:58 PM           495,920 SYSINFO.LOG
03/27/2017  02:03 PM    <DIR>          tweaks
03/27/2017  11:54 AM    <DIR>          WDT
03/27/2017  12:00 PM    <DIR>          WSDVTDC
              13 File(s)        599,558 bytes
              14 Dir(s)  53,608,677,376 bytes free
[14:12:23.84] -------------------------------------------------- 
[14:12:23.84]  [CheckFailureFlags.cmd] has completed... 
[14:12:23.85] ************************************************** 
[14:12:23.88]   
[14:12:23.90]  [FAILURE_FLAG] 
[14:12:23.93]  Result=PASSED 
[14:12:23.96]   
[14:12:23.99]  -------------------------------------------------- 
[14:12:24.01]  Delete ["C:\system.sav\ChkError.cmd.FAILURE.flg"] since no error detected... 
[14:12:24.04]   
[14:12:24.07]    No SW issue found... 
[14:12:24.09]   
[14:12:24.10] -------------------------------------------------- 
[14:12:24.13]  [ChkError.cmd] has completed... 
[14:12:24.15] ************************************************** 
