[14:02:11.46] ************************************************** 
[14:02:11.46]  [C:\SYSTEM.SAV\ExitProc\ErrorChk\ChkError.cmd] has started... 
[14:02:11.47] -------------------------------------------------- 
[14:02:11.47]  Check SW Error... 
[14:02:11.49] -------------------------------------------------- 
[14:02:11.50]   
[14:02:11.50]  Create ["C:\system.sav\ChkError.cmd.FAILURE.flg"] file... 
[14:02:11.52]   
[14:02:11.54]  Logfile [C:\system.sav\Logs\CheckLog\ChkErr_PASS1_Before_Capture_Index_2_and_3.log]... 
[14:02:11.54]   
[14:02:11.55]  Check 2nd parameter [PASS1B4CAP] 
[14:02:11.57]   
[14:02:11.58]  Error Checking items : [MEMDUMP,APPSLOG,TIMEOUT,BADLINE,FAILUREFLG] 
[14:02:11.58]  -------------------------------------------------- 
[14:02:11.60]  Checking : Memory Dump 
[14:02:11.61]    Could not find memory dump... 
[14:02:11.61]   
[14:02:11.63]  [DumpFile] 
[14:02:11.64]  Result=PASSED 
[14:02:11.66]  -------------------------------------------------- 
[14:02:11.66]  Checking : Apps' log 
[14:02:11.68]   
[14:02:12.62]  [AppsLog] 
[14:02:12.84]  Result=PASSED 
[14:02:13.09]  -------------------------------------------------- 
[14:02:13.30]  Checking : Timeout in INSTALL.log 
[14:02:13.52]   
[14:02:13.74]  Run [FIND.exe /I 'timeout with' C:\System.sav\Util\Install.log] 
[14:02:14.81]  Run [FIND.exe /I 'timeout wait' C:\System.sav\Util\Install.log] 
[14:02:15.37]   There is NO timeout in install.log file. 
[14:02:15.40]   
[14:02:15.42]  [TIMEOUT] 
[14:02:15.43]  Result=PASSED 
[14:02:15.47]  -------------------------------------------------- 
[14:02:15.48]  Checking : Bad Line in INSTALL.log 
[14:02:15.51]   
[14:02:15.53]  Run [cscript.exe c:\System.sav\ExitProc\ErrorChk\BadLine.vbs] 
passed : DATA CORRUPTION
RESULT=PASSED

[14:02:15.77]   No BadLine in install.log file. 
[14:02:15.79]   
[14:02:15.80]  [BADLINE] 
[14:02:15.83]  Result=PASSED 
[14:02:15.85]  -------------------------------------------------- 
[14:02:15.86]  Checking : FAILURE.flg 
[14:02:16.05] ************************************************** 
[14:02:16.07]  [CheckFailureFlags.cmd] has started... 
[14:02:16.08] -------------------------------------------------- 
[14:02:16.08]  Check FAILURE.flg at [PASS1_Before_Capture_Index_2_and_3] 
[14:02:16.10] -------------------------------------------------- 
[14:02:18.02]   
[14:02:18.02]  No FAILURE.flg was found in C:\SwSetup folder 
[14:02:18.04]   
 Volume in drive C has no label.
 Volume Serial Number is 7235-63EE

 Directory of c:\system.sav

03/27/2017  11:57 AM    <DIR>          2ndCap
03/27/2017  11:28 AM    <DIR>          bbv
03/27/2017  02:02 PM                46 ChkError.cmd.FAILURE.flg
10/21/2016  05:24 PM            80,477 CNB16WW3FPT601.ini
03/27/2017  12:06 PM    <DIR>          CONFIG
03/27/2017  03:08 AM             5,443 cpqdl.ini
03/27/2017  03:07 AM             2,774 CTO.TXT
03/27/2017  03:08 AM               173 CTOHW.TXT
03/27/2017  03:05 AM             8,051 D235641159F9_DPS
03/27/2017  01:39 AM               188 D235641159F9_DPS.hw
03/27/2017  01:39 AM               464 ELCOT245G5
03/27/2017  11:58 AM    <DIR>          EXCLUDE
03/27/2017  01:00 PM    <DIR>          ExitProc
03/27/2017  12:07 PM    <DIR>          FactoryUpdate
03/27/2017  12:07 PM    <DIR>          fbi
03/27/2017  11:37 AM    <DIR>          Flags
03/27/2017  11:55 AM             5,466 Info.bom
03/27/2017  12:59 PM    <DIR>          logs
03/27/2017  03:22 AM    <DIR>          P2PP
03/27/2017  12:58 PM               846 PREINCHK.log
05/27/1997  01:42 AM                46 REBOOT.ME
03/27/2017  01:00 PM               368 REGFLUSH.LOG
03/27/2017  02:01 PM               142 Result.ini
03/27/2017  02:02 PM    <DIR>          scripts
03/27/2017  11:37 AM    <DIR>          support
03/27/2017  12:58 PM           495,920 SYSINFO.LOG
03/27/2017  11:57 AM    <DIR>          tweaks
03/27/2017  11:54 AM    <DIR>          WDT
03/27/2017  12:00 PM    <DIR>          WSDVTDC
              14 File(s)        600,404 bytes
              15 Dir(s)  62,490,062,848 bytes free
[14:02:18.05] -------------------------------------------------- 
[14:02:18.07]  [CheckFailureFlags.cmd] has completed... 
[14:02:18.08] ************************************************** 
[14:02:18.10]   
[14:02:18.13]  [FAILURE_FLAG] 
[14:02:18.16]  Result=PASSED 
[14:02:18.18]   
[14:02:18.21]  -------------------------------------------------- 
[14:02:18.22]  Delete ["C:\system.sav\ChkError.cmd.FAILURE.flg"] since no error detected... 
[14:02:18.26]   
[14:02:18.27]    No SW issue found... 
[14:02:18.29]   
[14:02:18.32] -------------------------------------------------- 
[14:02:18.33]  [ChkError.cmd] has completed... 
[14:02:18.36] ************************************************** 
