Media Player Center.lnk
Messenger Center.lnk
Garage.Container.exe
HPOMENCont.exe
heaven.bat
valley.bat
Sense.exe
3dme.exe
madagascar_move_it.exe
HPThemeControl.exe
Fandor.exe
Intel RealSense F200 Launcher.exe
Intel RealSense R200 Launcher.exe
http://read.marvel.com
https://software.intel.com/pams/redirector.php
http://www.vudu.com
http://redirect.hp.com/svs/rdr?TYPE=4&tp=dticon&s=wmsnapfish&pf=cnnb
ActivateiPass.exe
{ED57344B-F697-4EA1-BCD2-155B91EA790F}
Star Wars{ASCII:153} Command Center.lnk
Star Wars{ASCII:153} Library.lnk
Star Wars{ASCII:153} Trailers.lnk
http://www.oculus.com/setup