WIN7_PUREOS
CDD4EEAE 6000AC7F 40C3802C 171E3014 8030C072
BE36A456 2FB2EE05 DBB3D323 23ADF445 084ED656
A4348915 9A520F0D 93D032CC AF37E7FE 20A8B419
7F88CD72 23F3C813 818C9946 14A89C99 FA3B5247
245C97DF 7514E7CF 2DF8BE72 AE957B9E 04741E85
18F7C1FC C3090203 FD5BAA2F 861A7549 76C8DD25
97817950 D81C9670 CC34D809 CF794431 367EF474
742C3192 E607E424 EB454954 2BE1BBC5 3E6174E2
4F655663 36DB6598 581D584A 596C8793 4D5F2AB4

WIN10TH2_PUREOS
CDD4EEAE 6000AC7F 40C3802C 171E3014 8030C072
BE36A456 2FB2EE05 DBB3D323 23ADF445 084ED656
A4348915 9A520F0D 93D032CC AF37E7FE 20A8B419
92B46C76 E13054E1 04F23051 7E6E504D 43AB10B5
8F43288A D272F310 3B6FB142 8485EA30 14C0BCFE
7F88CD72 23F3C813 818C9946 14A89C99 FA3B5247
3B1EFD3A 66EA28B1 66973947 03A72CA3 40A05BD5
245C97DF 7514E7CF 2DF8BE72 AE957B9E 04741E85
18F7C1FC C3090203 FD5BAA2F 861A7549 76C8DD25
742C3192 E607E424 EB454954 2BE1BBC5 3E6174E2
4F655663 36DB6598 581D584A 596C8793 4D5F2AB4

CYBERSECURITY_REVIEW_20151211
6252DC40 F71143A2 2FDE9EF7 348E0642 51B18118
DE28F4A4 FFE5B92F A3C503D1 A349A7F9 962A8212
3E2BF7F2 031B96F3 8CE6C4D8 A85D3E2D 58476A0F
3B1EFD3A 66EA28B1 66973947 03A72CA3 40A05BD5
8F43288A D272F310 3B6FB142 8485EA30 14C0BCFE
AFE5D244 A8D11942 30FF479F E2F897BB CD7A8CB4
0563B863 0D62D75A BBC8AB1E 4BDFB5A8 99B24D43
5FB7EE06 33E259DB AD0C4C9A E6D38F1A 61C7DC25
D23209AD 23D31423 2174E40D 7F9D6213 9786633A
B1BC968B D4F49D62 2AA89A81 F2150152 A41D829C
DE3F40BD 5093D39B 6C60F6DA BC076201 008976C9
5D003860 F002ED82 9DEAA418 68F78818 6D62127F
627F8D78 27656399 D27D7F90 44C9FEB3 F33EFA9A
91C6D6EE 3E8AC863 84E548C2 99295C75 6C817B81
02FAF3E2 91435468 60785769 4DF5E45B 68851868
E12DFB4B 41D7D9C3 2B30514B AC1D81D8 385E2D46
4EB6D578 499B1CCF 5F581EAD 56BE3D9B 6744A5E5
D23209AD 23D31423 2174E40D 7F9D6213 9786633A

CYBERSECURITY_REVIEW_20160114_GTE
97817950 D81C9670 CC34D809 CF794431 367EF474

TESTSIGNING_20160129
2BD63D28 D7BCD0E2 51195AEB 519243C1 3142EBC3
F8DB7E1C 16F1FFD4 AAAD4AAD 8DFF0F24 45184AEB

CYBERSECURITY_REVIEW_20160408_Starfield_Technologies
AD7E1C28 B064EF8F 60034020 14C3D0E3 370EB58A

CYBERSECURITY_REVIEW_20160416_IntelMEI
24319507 C219AA85 1A3E7598 FB81B236 8906D021

CYBERSECURITY_REVIEW_20160416_IntelRapidStorage
1874F7FE E9C459B9 FFDD67E8 8EFE3B41 8822B83A

CYBERSECURITY_REVIEW_20160614_THAWTE_PRIMARY_ROOT_CA_G3_WTGAMES
F18B538D 1BE903B6 A6F05643 5B171589 CAF36BF2

WIN10RS1_PUREOS
51501FBF CE69189D 609CFAF1 40C57675 5DCC1FDF

CEPS_REVIEW_20160826_ALTUS_LOCAL_ROOT
0D385447 74D74403 7E5814F5 F11C650D 07C53B21
