============RegionCode Mon 03/27/2017 12:37:32.69 ======================= 
LanguageCode=ACJ 
RegionCode=APJ 
============RegionCode Mon 03/27/2017 12:37:32.88 =======================
============BTBHostStart Mon 03/27/2017 12:37:32.88 ======================= 
3DWebcam=0
ADMINISTRATIVE TOOLS=C:\Users\Administrator\AppData\Roaming\Microsoft\Windows\Start Menu\Programs\Administrative Tools
ALLUSERSPROFILE=C:\ProgramData
APPDATA=C:\Users\Administrator\AppData\Roaming
ATF_HAL.64=1
ATF_OS.T=1
ATF_PALTc2=1
BatDesignCap=47520
BID=16WW3FPT601
bin=c:\hp\bin
block=c:\SWSETUP\APP\PreReq1\HP\WWBTBHost_PPZGB2\3.16\src\
Brand=HP
BrandName=HPB
Build ID=16WW3FPT601
BuildCycle=16
BuildID=16WW3FPT601#SACJ#DACJ
BuildIDCHK=16WW3FPT601#SACJ#DACJ
BuildProj=3FP
BuildType=WW
CACHE=C:\Users\Administrator\AppData\Local\Microsoft\Windows\INetCache
CC_BLK=1
CD BURNING=C:\Users\Administrator\AppData\Local\Microsoft\Windows\Burn\Burn
ChannelID=00
ChannelType=0
ChassisModel=0
ChassisSubType=0
ChassisType=3
COMMON ADMINISTRATIVE TOOLS=C:\ProgramData\Microsoft\Windows\Start Menu\Programs\Administrative Tools
COMMON APPDATA=C:\ProgramData
COMMON DESKTOP=C:\Users\Public\Desktop
COMMON DOCUMENTS=C:\Users\Public\Documents
COMMON PROGRAMS=C:\ProgramData\Microsoft\Windows\Start Menu\Programs
COMMON START MENU=C:\ProgramData\Microsoft\Windows\Start Menu
COMMON STARTUP=C:\ProgramData\Microsoft\Windows\Start Menu\Programs\StartUp
COMMON TEMPLATES=C:\ProgramData\Microsoft\Windows\Templates
COMMONMUSIC=C:\Users\Public\Music
COMMONPICTURES=C:\Users\Public\Pictures
CommonProgramFiles=C:\Program Files\Common Files
CommonProgramFiles(x86)=C:\Program Files (x86)\Common Files
CommonProgramW6432=C:\Program Files\Common Files
COMMONVIDEO=C:\Users\Public\Videos
Compact=0
COMPUTERNAME=WIN-SHHAUHQ7E8C
ComSpec=C:\windows\system32\cmd.exe
ConnectedStandby=0
COOKIES=C:\Users\Administrator\AppData\Local\Microsoft\Windows\INetCookies
CopyFiles=Copy_muidir
COUNTRY=United States
COUNTRYCODE=1
COUNTRYID=1
CPUBranding=0
CT.NB=1
CurrentInstanceGUID={ED89AF90-998F-4809-84AC-48CA09511F3E}
CYCLEAV=
DEFAULT FAVORITES=C:\Users\Default\Favorites
DEFAULT USER=C:\Users\Default
DemoApp=0
DESKTOP=C:\Users\Administrator\Desktop
devseller=NONX
Dock=-1
DPK=10
DPK_STR=1
DPK_W10=1
EnclosureType=0Ah(Notebook)
Estar=1
EStarLogoFlag=1
EXPANDEDLANGUAGE=English (United States)
Family=103C_5336AN G=N L=SMB B=HP S=245
FAST=1
FAVORITES=C:\Users\Administrator\Favorites
FBCHK=3X476b7J7M7W7zaBaQapaqauawbhbpbzcbdUdpdqek.he
FEATUREBYTE=3X476b7J7M7W7zaBaQapaqauawbhbpbzcbdUdpdqek.he
FeatureByteBrandName=HPB
FONTS=C:\windows\Fonts
FullProductName=HP 245 G5 Notebook PC
GAME_HDD=1
Goggle=0
GPT=1
Half-cover=0
HardwareType=Notebook
HISTORY=C:\Users\Administrator\AppData\Local\Microsoft\Windows\History
HOMEDRIVE=C:
HOMEPATH=\Users\Administrator
HPFamily=103C_5336AN G=N L=SMB B=HP S=245
iFFS=0
ImageIDFlag=0
ISOLANGCOUNTRYCODE=en_us
ISO_COUNTRY=US
ISO_COUNTRY3=USA
ISO_LG=en
ISO_UILG=en
ISO_UILG3=ENU
ISO_UILGCTRY=en-US
ISO_UILGCTRYLIST=en-US
IS_M30d=1
KeyboardFlag=0
KeyboardType=0
LANGUAGE=English
languagecode=ACJ
LG=English
LO.ACJ=1
LOCAL APPDATA=C:\Users\Administrator\AppData\Local
LOCALAPPDATA=C:\Users\Administrator\AppData\Local
LOGONSERVER=\\WIN-SHHAUHQ7E8C
logs=c:\system.sav\logs\BTBHost
LongBrandName=HPB
Manufacturer=HP
McAfeeFlag=1
McAfeeLength=0
MLBuildID=INVALID_VALUE
ModelNumber=245
MSOfficeFlag=0
MUIPACKS=1
MY DOCUMENTS=C:\Users\Administrator\Documents
MY MUSIC=C:\Users\Administrator\Music
MY PICTURES=C:\Users\Administrator\Pictures
MY VIDEO=C:\Users\Administrator\Videos
NaAc=1
NATIVELANGUAGE=English
NETHOOD=C:\Users\Administrator\AppData\Roaming\Microsoft\Windows\Network Shortcuts
NISFlag=8
NUMBER_OF_PROCESSORS=4
OA3=1
ODDConfigurationFlag=3
OEM LINKS=C:\ProgramData\OEM Links
OEMActivation21=1
OEMActivation30=1
OfficeSKUFlag=0
OLED=0
OnlineServices=Online Services
OS=MSV
OSHAL=64
OSName=Win8
OSSkuFlag=5
OSSubversionFlag=3
Path=C:\windows\system32;C:\windows;C:\windows\System32\Wbem;C:\windows\System32\WindowsPowerShell\v1.0\;C:\Users\Administrator\AppData\Local\Microsoft\WindowsApps;
PATHEXT=.COM;.EXE;.BAT;.CMD;.VBS;.VBE;.JS;.JSE;.WSF;.WSH;.MSC
PCBR.HP=1
PCBrand=Pavilion
pcseller=-1
Pen=0
PENINPUT=0
PERSONAL=C:\Users\Administrator\Documents
Platform=BNB
PlatformCode=AN
PN.ACJ=1
PremiumOfficeFlag=0
PRINTHOOD=C:\Users\Administrator\AppData\Roaming\Microsoft\Windows\Printer Shortcuts
PROCESSOR_ARCHITECTURE=AMD64
PROCESSOR_IDENTIFIER=AMD64 Family 22 Model 48 Stepping 1, AuthenticAMD
PROCESSOR_LEVEL=22
PROCESSOR_REVISION=3001
ProdNum=1ZX23PC#ACJ
ProductName=HP 245 G5 Notebook PC
ProductNumber=1ZX23PC#ACJ
ProgramData=C:\ProgramData
ProgramFiles=C:\Program Files
ProgramFiles(x86)=C:\Program Files (x86)
PROGRAMS=C:\Users\Administrator\AppData\Roaming\Microsoft\Windows\Start Menu\Programs
ProgramW6432=C:\Program Files
PROMPT=$P$G
PSModulePath=C:\Program Files\WindowsPowerShell\Modules;C:\windows\system32\WindowsPowerShell\v1.0\Modules
PUBLIC=C:\Users\Public
PWRCritical=7
PWRLow=12
PWRReserve=10
RECENT=C:\Users\Administrator\AppData\Roaming\Microsoft\Windows\Recent
RegionCode=APJ
release=171
RunFiles=SetEnvVars
R_STD=1
ScreenDiagonal=13.3
ScreenDiagonalEDID=13.94
ScreenHeight=173
ScreenResX=1366
ScreenResY=768
ScreenWidth=309
SEG.SBSO=1
Segment=SBSO
SENDTO=C:\Users\Administrator\AppData\Roaming\Microsoft\Windows\SendTo
SerialNum=D235641159
SerialNumber=D235641159
SESSIONNAME=Console
SKUNumber=1ZX23PC
SKUOptionConfig=ACJ
SL.MAI=1
SoftwareRegKey=SOFTWARE\Wow6432Node
SpecialEdition=00
START MENU=C:\Users\Administrator\AppData\Roaming\Microsoft\Windows\Start Menu
STARTUP=C:\Users\Administrator\AppData\Roaming\Microsoft\Windows\Start Menu\Programs\StartUp
SubBrand=HPB
SystemBoardProductId=81E5
SystemDrive=C:
SystemFamily=103C_5336AN
SystemGUID={c31f585d-4f40-4000-89f9-5b6c5bb1d1c3}
SystemID=81E5
SystemRoot=C:\windows
TEMP=C:\Users\Administrator\AppData\Local\Temp
TEMPLATES=C:\Users\Administrator\AppData\Roaming\Microsoft\Windows\Templates
TMP=C:\Users\Administrator\AppData\Local\Temp
TotalPhysicalMemory=3547
TOUCHCOUNT=0
TOUCHINPUT=0
TouchPanel=0
TVTUNER=0
USERDOMAIN=WIN-SHHAUHQ7E8C
USERDOMAIN_ROAMINGPROFILE=WIN-SHHAUHQ7E8C
USERNAME=Administrator
USERPROFILE=C:\Users\Administrator
util=c:\system.sav\util
VirtualReality=0
Vos.B=1
VTFlag=1
WallpaperFlag=01
Webcam=1
WebcamHid=0
WimBoot=0
WinConfigurationFlag=3
windir=C:\windows
WinOSBuild=9200
WinOSMajor=6
WinOSMinor=2
WinOSProductType=100
WinOSSPMajor=0
WinOSSPMinor=0
WINT_X=1
============BTBHostStart Mon 03/27/2017 12:37:32.89 =======================
